[ 2017-06-16T08:45:35+08:00 ] 127.0.0.1 /ok/servers/index.php/Api/User/Login
INFO: [ app_init ] --START--
INFO: Run Behavior\BuildLiteBehavior [ RunTime:0.000000s ]
INFO: [ app_init ] --END-- [ RunTime:0.004000s ]
INFO: [ app_begin ] --START--
INFO: Run Behavior\ReadHtmlCacheBehavior [ RunTime:0.002001s ]
INFO: [ app_begin ] --END-- [ RunTime:0.003001s ]
NOTIC: [8] Undefined index: user_token D:\phpStudy\WWW\ok\servers\Application\Api\Controller\PublicController.class.php 第 18 行.
SQL: SHOW COLUMNS FROM `sp_user` [ RunTime:0.0350s ]
SQL: SELECT `user_id`,`password`,`status`,`usertelno` FROM `sp_user` WHERE `usertelno` = '1' LIMIT 1   [ RunTime:0.0010s ]
NOTIC: [8] Undefined index: user_status D:\phpStudy\WWW\ok\servers\Application\Api\Controller\UserController.class.php 第 72 行.
ERR: Redis server went away

[ 2017-06-16T08:45:35+08:00 ] 127.0.0.1 /ok/servers/index.php/Api/B2b2cPrivate/GetUser?token_time=1497573935&token=065664cfa79e3c641cde68fe8e469017991b9bcfa5a2188620fc20f357168d25
INFO: [ app_init ] --START--
INFO: Run Behavior\BuildLiteBehavior [ RunTime:0.000000s ]
INFO: [ app_init ] --END-- [ RunTime:0.005000s ]
INFO: [ app_begin ] --START--
INFO: Run Behavior\ReadHtmlCacheBehavior [ RunTime:0.001000s ]
INFO: [ app_begin ] --END-- [ RunTime:0.003000s ]
NOTIC: [8] Undefined index: user_token D:\phpStudy\WWW\ok\servers\Application\Api\Controller\PrivateController.class.php 第 20 行.

[ 2017-06-16T08:45:36+08:00 ] 127.0.0.1 /ok/servers/index.php/Api/User/Login
INFO: [ app_init ] --START--
INFO: Run Behavior\BuildLiteBehavior [ RunTime:0.000000s ]
INFO: [ app_init ] --END-- [ RunTime:0.002000s ]
INFO: [ app_begin ] --START--
INFO: Run Behavior\ReadHtmlCacheBehavior [ RunTime:0.000000s ]
INFO: [ app_begin ] --END-- [ RunTime:0.002000s ]
NOTIC: [8] Undefined index: user_token D:\phpStudy\WWW\ok\servers\Application\Api\Controller\PublicController.class.php 第 18 行.
SQL: SHOW COLUMNS FROM `sp_user` [ RunTime:0.0040s ]
SQL: SELECT `user_id`,`password`,`status`,`usertelno` FROM `sp_user` WHERE `usertelno` = '1' LIMIT 1   [ RunTime:0.0000s ]
NOTIC: [8] Undefined index: user_status D:\phpStudy\WWW\ok\servers\Application\Api\Controller\UserController.class.php 第 72 行.
ERR: Redis server went away

[ 2017-06-16T08:45:36+08:00 ] 127.0.0.1 /ok/servers/index.php/Api/B2b2cPrivate/GetUser?token_time=1497573936&token=b845cf951fd3c1b6ac67b02bfb715f91f76e80d383e7c79c936d5d8da9d8751d
INFO: [ app_init ] --START--
INFO: Run Behavior\BuildLiteBehavior [ RunTime:0.000000s ]
INFO: [ app_init ] --END-- [ RunTime:0.002001s ]
INFO: [ app_begin ] --START--
INFO: Run Behavior\ReadHtmlCacheBehavior [ RunTime:0.001000s ]
INFO: [ app_begin ] --END-- [ RunTime:0.003000s ]
NOTIC: [8] Undefined index: user_token D:\phpStudy\WWW\ok\servers\Application\Api\Controller\PrivateController.class.php 第 20 行.

[ 2017-06-16T08:45:37+08:00 ] 127.0.0.1 /ok/servers/index.php/Api/B2b2cPublic/Demo?token_time=1497573937&token=9fcef884e9d4d619b8d065f84685732738c5f84049d24f6e7716ca2119cf8ebe
INFO: [ app_init ] --START--
INFO: Run Behavior\BuildLiteBehavior [ RunTime:0.001000s ]
INFO: [ app_init ] --END-- [ RunTime:0.002000s ]
INFO: [ app_begin ] --START--
INFO: Run Behavior\ReadHtmlCacheBehavior [ RunTime:0.001000s ]
INFO: [ app_begin ] --END-- [ RunTime:0.003000s ]
NOTIC: [8] Undefined index: user_token D:\phpStudy\WWW\ok\servers\Application\Api\Controller\PublicController.class.php 第 18 行.
ERR: 非法操作:Demo

[ 2017-06-16T08:45:37+08:00 ] 127.0.0.1 /ok/servers/index.php/Api/B2b2cPublic/IndexBanner?type=2&token_time=1497573937&token=72516340cdf2a94d6d9d0f7e75edcd309bcd3c5d9c5a39c185c91e5d841d1e4c
INFO: [ app_init ] --START--
INFO: Run Behavior\BuildLiteBehavior [ RunTime:0.001000s ]
INFO: [ app_init ] --END-- [ RunTime:0.002000s ]
INFO: [ app_begin ] --START--
INFO: Run Behavior\ReadHtmlCacheBehavior [ RunTime:0.001000s ]
INFO: [ app_begin ] --END-- [ RunTime:0.002000s ]
NOTIC: [8] Undefined index: user_token D:\phpStudy\WWW\ok\servers\Application\Api\Controller\PublicController.class.php 第 18 行.
ERR: 非法操作:IndexBanner

[ 2017-06-16T08:45:37+08:00 ] 127.0.0.1 /ok/servers/index.php/Api/B2b2cPublic/GetGoodsTypeList?token_time=1497573937&token=9fcef884e9d4d619b8d065f84685732738c5f84049d24f6e7716ca2119cf8ebe
INFO: [ app_init ] --START--
INFO: Run Behavior\BuildLiteBehavior [ RunTime:0.000000s ]
INFO: [ app_init ] --END-- [ RunTime:0.002000s ]
INFO: [ app_begin ] --START--
INFO: Run Behavior\ReadHtmlCacheBehavior [ RunTime:0.001000s ]
INFO: [ app_begin ] --END-- [ RunTime:0.003000s ]
NOTIC: [8] Undefined index: user_token D:\phpStudy\WWW\ok\servers\Application\Api\Controller\PublicController.class.php 第 18 行.
ERR: 非法操作:GetGoodsTypeList

[ 2017-06-16T08:45:37+08:00 ] 127.0.0.1 /ok/servers/index.php/Api/B2b2cPublic/GetGoodsByRecommendMobile?token_time=1497573937&token=9fcef884e9d4d619b8d065f84685732738c5f84049d24f6e7716ca2119cf8ebe
INFO: [ app_init ] --START--
INFO: Run Behavior\BuildLiteBehavior [ RunTime:0.001000s ]
INFO: [ app_init ] --END-- [ RunTime:0.001000s ]
INFO: [ app_begin ] --START--
INFO: Run Behavior\ReadHtmlCacheBehavior [ RunTime:0.001001s ]
INFO: [ app_begin ] --END-- [ RunTime:0.002001s ]
NOTIC: [8] Undefined index: user_token D:\phpStudy\WWW\ok\servers\Application\Api\Controller\PublicController.class.php 第 18 行.
ERR: 非法操作:GetGoodsByRecommendMobile

[ 2017-06-16T08:45:52+08:00 ] 127.0.0.1 /ok/servers/index.php/Api/User/Login
INFO: [ app_init ] --START--
INFO: Run Behavior\BuildLiteBehavior [ RunTime:0.000000s ]
INFO: [ app_init ] --END-- [ RunTime:0.002000s ]
INFO: [ app_begin ] --START--
INFO: Run Behavior\ReadHtmlCacheBehavior [ RunTime:0.001000s ]
INFO: [ app_begin ] --END-- [ RunTime:0.002000s ]
NOTIC: [8] Undefined index: user_token D:\phpStudy\WWW\ok\servers\Application\Api\Controller\PublicController.class.php 第 18 行.
SQL: SHOW COLUMNS FROM `sp_user` [ RunTime:0.0030s ]
SQL: SELECT `user_id`,`password`,`status`,`usertelno` FROM `sp_user` WHERE `usertelno` = '1' LIMIT 1   [ RunTime:0.0000s ]
NOTIC: [8] Undefined index: user_status D:\phpStudy\WWW\ok\servers\Application\Api\Controller\UserController.class.php 第 72 行.
ERR: Redis server went away

[ 2017-06-16T08:45:52+08:00 ] 127.0.0.1 /ok/servers/index.php/Api/B2b2cPrivate/GetUser?token_time=1497573952&token=becbdf01b35a43c534b00571220041774405474cd84c65e316fca92d19ed8b50
INFO: [ app_init ] --START--
INFO: Run Behavior\BuildLiteBehavior [ RunTime:0.001000s ]
INFO: [ app_init ] --END-- [ RunTime:0.003000s ]
INFO: [ app_begin ] --START--
INFO: Run Behavior\ReadHtmlCacheBehavior [ RunTime:0.001000s ]
INFO: [ app_begin ] --END-- [ RunTime:0.003000s ]
NOTIC: [8] Undefined index: user_token D:\phpStudy\WWW\ok\servers\Application\Api\Controller\PrivateController.class.php 第 20 行.

[ 2017-06-16T08:45:55+08:00 ] 127.0.0.1 /ok/servers/index.php/Api/B2b2cPublic/Demo?token_time=1497573955&token=f966bdb77e119f4596c0f1b7a59b231112ba50b6dbd6515aadb8a1672cd966c9
INFO: [ app_init ] --START--
INFO: Run Behavior\BuildLiteBehavior [ RunTime:0.001000s ]
INFO: [ app_init ] --END-- [ RunTime:0.001000s ]
INFO: [ app_begin ] --START--
INFO: Run Behavior\ReadHtmlCacheBehavior [ RunTime:0.001000s ]
INFO: [ app_begin ] --END-- [ RunTime:0.002000s ]
NOTIC: [8] Undefined index: user_token D:\phpStudy\WWW\ok\servers\Application\Api\Controller\PublicController.class.php 第 18 行.
ERR: 非法操作:Demo

[ 2017-06-16T08:45:55+08:00 ] 127.0.0.1 /ok/servers/index.php/Api/B2b2cPublic/IndexBanner?type=2&token_time=1497573955&token=9800ca9109f69ec0db56d4f79e17b10788bede6b76f769b814e29978c5f4e3a7
INFO: [ app_init ] --START--
INFO: Run Behavior\BuildLiteBehavior [ RunTime:0.000000s ]
INFO: [ app_init ] --END-- [ RunTime:0.002000s ]
INFO: [ app_begin ] --START--
INFO: Run Behavior\ReadHtmlCacheBehavior [ RunTime:0.001000s ]
INFO: [ app_begin ] --END-- [ RunTime:0.002000s ]
NOTIC: [8] Undefined index: user_token D:\phpStudy\WWW\ok\servers\Application\Api\Controller\PublicController.class.php 第 18 行.
ERR: 非法操作:IndexBanner

[ 2017-06-16T08:45:55+08:00 ] 127.0.0.1 /ok/servers/index.php/Api/B2b2cPublic/GetGoodsTypeList?token_time=1497573955&token=f966bdb77e119f4596c0f1b7a59b231112ba50b6dbd6515aadb8a1672cd966c9
INFO: [ app_init ] --START--
INFO: Run Behavior\BuildLiteBehavior [ RunTime:0.001000s ]
INFO: [ app_init ] --END-- [ RunTime:0.002000s ]
INFO: [ app_begin ] --START--
INFO: Run Behavior\ReadHtmlCacheBehavior [ RunTime:0.001001s ]
INFO: [ app_begin ] --END-- [ RunTime:0.002001s ]
NOTIC: [8] Undefined index: user_token D:\phpStudy\WWW\ok\servers\Application\Api\Controller\PublicController.class.php 第 18 行.
ERR: 非法操作:GetGoodsTypeList

[ 2017-06-16T08:45:55+08:00 ] 127.0.0.1 /ok/servers/index.php/Api/B2b2cPublic/GetGoodsByRecommendMobile?token_time=1497573955&token=f966bdb77e119f4596c0f1b7a59b231112ba50b6dbd6515aadb8a1672cd966c9
INFO: [ app_init ] --START--
INFO: Run Behavior\BuildLiteBehavior [ RunTime:0.000000s ]
INFO: [ app_init ] --END-- [ RunTime:0.002000s ]
INFO: [ app_begin ] --START--
INFO: Run Behavior\ReadHtmlCacheBehavior [ RunTime:0.002000s ]
INFO: [ app_begin ] --END-- [ RunTime:0.002000s ]
NOTIC: [8] Undefined index: user_token D:\phpStudy\WWW\ok\servers\Application\Api\Controller\PublicController.class.php 第 18 行.
ERR: 非法操作:GetGoodsByRecommendMobile

[ 2017-06-16T08:46:26+08:00 ] 127.0.0.1 /ok/servers/index.php/Api/User/Login
INFO: [ app_init ] --START--
INFO: Run Behavior\BuildLiteBehavior [ RunTime:0.001000s ]
INFO: [ app_init ] --END-- [ RunTime:0.002000s ]
INFO: [ app_begin ] --START--
INFO: Run Behavior\ReadHtmlCacheBehavior [ RunTime:0.001000s ]
INFO: [ app_begin ] --END-- [ RunTime:0.002000s ]
NOTIC: [8] Undefined index: user_token D:\phpStudy\WWW\ok\servers\Application\Api\Controller\PublicController.class.php 第 18 行.
SQL: SHOW COLUMNS FROM `sp_user` [ RunTime:0.0030s ]
SQL: SELECT `user_id`,`password`,`status`,`usertelno` FROM `sp_user` WHERE `usertelno` = '1' LIMIT 1   [ RunTime:0.0010s ]
NOTIC: [8] Undefined index: user_status D:\phpStudy\WWW\ok\servers\Application\Api\Controller\UserController.class.php 第 72 行.

[ 2017-06-16T08:46:26+08:00 ] 127.0.0.1 /ok/servers/index.php/Api/B2b2cPrivate/GetUser?user_token=f3e7dd4fb526c85db4b8330f66a93c9afc607d76558c3867ef90137b954a1f8d&token_time=1497573986&token=2669a5ebab7f36df3c3f77c0fa0c7b5feb9652c2306c239f62559422899473ad
INFO: [ app_init ] --START--
INFO: Run Behavior\BuildLiteBehavior [ RunTime:0.001000s ]
INFO: [ app_init ] --END-- [ RunTime:0.001000s ]
INFO: [ app_begin ] --START--
INFO: Run Behavior\ReadHtmlCacheBehavior [ RunTime:0.001000s ]
INFO: [ app_begin ] --END-- [ RunTime:0.003000s ]
SQL: SHOW COLUMNS FROM `sp_user` [ RunTime:0.0030s ]
SQL: SELECT * FROM `sp_user` WHERE `user_id` = 1 LIMIT 1   [ RunTime:0.0000s ]

[ 2017-06-16T08:46:28+08:00 ] 127.0.0.1 /ok/servers/index.php/Api/B2b2cPublic/Demo?token_time=1497573988&token=3c1b7771e7ffdea2742294d770dc0dadaf0db4857e873f01a1813c7025027b6f&user_token=f3e7dd4fb526c85db4b8330f66a93c9afc607d76558c3867ef90137b954a1f8d
INFO: [ app_init ] --START--
INFO: Run Behavior\BuildLiteBehavior [ RunTime:0.001000s ]
INFO: [ app_init ] --END-- [ RunTime:0.002000s ]
INFO: [ app_begin ] --START--
INFO: Run Behavior\ReadHtmlCacheBehavior [ RunTime:0.001000s ]
INFO: [ app_begin ] --END-- [ RunTime:0.002000s ]
ERR: 非法操作:Demo

[ 2017-06-16T08:46:28+08:00 ] 127.0.0.1 /ok/servers/index.php/Api/B2b2cPublic/IndexBanner?type=2&token_time=1497573988&token=d85e721bdd317f5e35faef6425d7c3dff5ec0a180b08c545043075f3ee56e9ec&user_token=f3e7dd4fb526c85db4b8330f66a93c9afc607d76558c3867ef90137b954a1f8d
INFO: [ app_init ] --START--
INFO: Run Behavior\BuildLiteBehavior [ RunTime:0.000000s ]
INFO: [ app_init ] --END-- [ RunTime:0.002000s ]
INFO: [ app_begin ] --START--
INFO: Run Behavior\ReadHtmlCacheBehavior [ RunTime:0.001000s ]
INFO: [ app_begin ] --END-- [ RunTime:0.003000s ]
ERR: 非法操作:IndexBanner

[ 2017-06-16T08:46:28+08:00 ] 127.0.0.1 /ok/servers/index.php/Api/B2b2cPublic/GetGoodsTypeList?token_time=1497573988&token=3c1b7771e7ffdea2742294d770dc0dadaf0db4857e873f01a1813c7025027b6f&user_token=f3e7dd4fb526c85db4b8330f66a93c9afc607d76558c3867ef90137b954a1f8d
INFO: [ app_init ] --START--
INFO: Run Behavior\BuildLiteBehavior [ RunTime:0.000000s ]
INFO: [ app_init ] --END-- [ RunTime:0.002000s ]
INFO: [ app_begin ] --START--
INFO: Run Behavior\ReadHtmlCacheBehavior [ RunTime:0.001000s ]
INFO: [ app_begin ] --END-- [ RunTime:0.002000s ]
ERR: 非法操作:GetGoodsTypeList

[ 2017-06-16T08:46:28+08:00 ] 127.0.0.1 /ok/servers/index.php/Api/B2b2cPublic/GetGoodsByRecommendMobile?token_time=1497573988&token=3c1b7771e7ffdea2742294d770dc0dadaf0db4857e873f01a1813c7025027b6f&user_token=f3e7dd4fb526c85db4b8330f66a93c9afc607d76558c3867ef90137b954a1f8d
INFO: [ app_init ] --START--
INFO: Run Behavior\BuildLiteBehavior [ RunTime:0.001000s ]
INFO: [ app_init ] --END-- [ RunTime:0.002000s ]
INFO: [ app_begin ] --START--
INFO: Run Behavior\ReadHtmlCacheBehavior [ RunTime:0.001000s ]
INFO: [ app_begin ] --END-- [ RunTime:0.002000s ]
ERR: 非法操作:GetGoodsByRecommendMobile

[ 2017-06-16T08:46:31+08:00 ] 127.0.0.1 /ok/servers/index.php/Api/Files/GetUrl
INFO: [ app_init ] --START--
INFO: Run Behavior\BuildLiteBehavior [ RunTime:0.001000s ]
INFO: [ app_init ] --END-- [ RunTime:0.001000s ]
INFO: [ app_begin ] --START--
INFO: Run Behavior\ReadHtmlCacheBehavior [ RunTime:0.001000s ]
INFO: [ app_begin ] --END-- [ RunTime:0.002000s ]
NOTIC: [8] Undefined index: user_token D:\phpStudy\WWW\ok\servers\Application\Api\Controller\PublicController.class.php 第 18 行.
SQL: SHOW COLUMNS FROM `sp_files` [ RunTime:0.0030s ]
SQL: SELECT `path`,`type`,`time` FROM `sp_files` WHERE `key` = '965b9a0bceb888f286a14bfe6d79f246d64ed2fa2d25d7c6cc5835ff7c808b4c' LIMIT 1   [ RunTime:0.0000s ]

[ 2017-06-16T08:46:31+08:00 ] 127.0.0.1 /ok/servers/index.php/Api/B2b2cPrivate/GetUserInfo?user_token=f3e7dd4fb526c85db4b8330f66a93c9afc607d76558c3867ef90137b954a1f8d&token_time=1497573991&token=e9f6849cb690d249902fdf48770ad72ecf3de555e549161b65f820dba9903244
INFO: [ app_init ] --START--
INFO: Run Behavior\BuildLiteBehavior [ RunTime:0.000000s ]
INFO: [ app_init ] --END-- [ RunTime:0.002000s ]
INFO: [ app_begin ] --START--
INFO: Run Behavior\ReadHtmlCacheBehavior [ RunTime:0.001000s ]
INFO: [ app_begin ] --END-- [ RunTime:0.003000s ]
SQL: SHOW COLUMNS FROM `sp_user_info` [ RunTime:0.0490s ]
SQL: SHOW COLUMNS FROM `sp_files` [ RunTime:0.0060s ]
SQL: SELECT * FROM `sp_files` WHERE `uid` = 1 LIMIT 1   [ RunTime:0.0010s ]
SQL: SELECT `info_id`,`user_id`,`info_nickname`,`info_realname`,`info_birthday`,`info_gender`,`info_portrait` FROM `sp_user_info` WHERE ( user_id ='1' ) LIMIT 1   [ RunTime:0.0010s ]

[ 2017-06-16T08:46:33+08:00 ] 127.0.0.1 /ok/servers/index.php/Api/Files/GetUrl
INFO: [ app_init ] --START--
INFO: Run Behavior\BuildLiteBehavior [ RunTime:0.000000s ]
INFO: [ app_init ] --END-- [ RunTime:0.002000s ]
INFO: [ app_begin ] --START--
INFO: Run Behavior\ReadHtmlCacheBehavior [ RunTime:0.001000s ]
INFO: [ app_begin ] --END-- [ RunTime:0.002000s ]
NOTIC: [8] Undefined index: user_token D:\phpStudy\WWW\ok\servers\Application\Api\Controller\PublicController.class.php 第 18 行.
SQL: SHOW COLUMNS FROM `sp_files` [ RunTime:0.0040s ]
SQL: SELECT `path`,`type`,`time` FROM `sp_files` WHERE `key` = '965b9a0bceb888f286a14bfe6d79f246d64ed2fa2d25d7c6cc5835ff7c808b4c' LIMIT 1   [ RunTime:0.0000s ]

[ 2017-06-16T08:46:33+08:00 ] 127.0.0.1 /ok/servers/index.php/Api/B2b2cPrivate/GetUserInfo?user_token=f3e7dd4fb526c85db4b8330f66a93c9afc607d76558c3867ef90137b954a1f8d&token_time=1497573993&token=8d58c9faedb9371fd5ce92014e353fcc606653ea9d90adc41bcce743ac4787f1
INFO: [ app_init ] --START--
INFO: Run Behavior\BuildLiteBehavior [ RunTime:0.000000s ]
INFO: [ app_init ] --END-- [ RunTime:0.002000s ]
INFO: [ app_begin ] --START--
INFO: Run Behavior\ReadHtmlCacheBehavior [ RunTime:0.001000s ]
INFO: [ app_begin ] --END-- [ RunTime:0.002000s ]
SQL: SHOW COLUMNS FROM `sp_user_info` [ RunTime:0.0030s ]
SQL: SHOW COLUMNS FROM `sp_files` [ RunTime:0.0030s ]
SQL: SELECT * FROM `sp_files` WHERE `uid` = 1 LIMIT 1   [ RunTime:0.0000s ]
SQL: SELECT `info_id`,`user_id`,`info_nickname`,`info_realname`,`info_birthday`,`info_gender`,`info_portrait` FROM `sp_user_info` WHERE ( user_id ='1' ) LIMIT 1   [ RunTime:0.0000s ]

[ 2017-06-16T08:47:05+08:00 ] 127.0.0.1 /ok/servers/index.php/Api/Files/GetUrl
INFO: [ app_init ] --START--
INFO: Run Behavior\BuildLiteBehavior [ RunTime:0.000000s ]
INFO: [ app_init ] --END-- [ RunTime:0.002000s ]
INFO: [ app_begin ] --START--
INFO: Run Behavior\ReadHtmlCacheBehavior [ RunTime:0.001000s ]
INFO: [ app_begin ] --END-- [ RunTime:0.002000s ]
NOTIC: [8] Undefined index: user_token D:\phpStudy\WWW\ok\servers\Application\Api\Controller\PublicController.class.php 第 18 行.
SQL: SHOW COLUMNS FROM `sp_files` [ RunTime:0.0030s ]
SQL: SELECT `path`,`type`,`time` FROM `sp_files` WHERE `key` = '965b9a0bceb888f286a14bfe6d79f246d64ed2fa2d25d7c6cc5835ff7c808b4c' LIMIT 1   [ RunTime:0.0010s ]

[ 2017-06-16T08:47:05+08:00 ] 127.0.0.1 /ok/servers/index.php/Api/B2b2cPrivate/GetUserInfo?user_token=f3e7dd4fb526c85db4b8330f66a93c9afc607d76558c3867ef90137b954a1f8d&token_time=1497574025&token=59665fac4038007a393290aa29a6558fe293b24d2897448d6af1ca3788d3a5f1
INFO: [ app_init ] --START--
INFO: Run Behavior\BuildLiteBehavior [ RunTime:0.000000s ]
INFO: [ app_init ] --END-- [ RunTime:0.002000s ]
INFO: [ app_begin ] --START--
INFO: Run Behavior\ReadHtmlCacheBehavior [ RunTime:0.001000s ]
INFO: [ app_begin ] --END-- [ RunTime:0.002000s ]
SQL: SHOW COLUMNS FROM `sp_user_info` [ RunTime:0.0030s ]
SQL: SHOW COLUMNS FROM `sp_files` [ RunTime:0.0020s ]
SQL: SELECT * FROM `sp_files` WHERE `uid` = 1 LIMIT 1   [ RunTime:0.0010s ]
SQL: SELECT `info_id`,`user_id`,`info_nickname`,`info_realname`,`info_birthday`,`info_gender`,`info_portrait` FROM `sp_user_info` WHERE ( user_id ='1' ) LIMIT 1   [ RunTime:0.0000s ]

[ 2017-06-16T08:47:09+08:00 ] 127.0.0.1 /ok/servers/index.php/Api/B2b2cPrivate/edit_gender
INFO: [ app_init ] --START--
INFO: Run Behavior\BuildLiteBehavior [ RunTime:0.000000s ]
INFO: [ app_init ] --END-- [ RunTime:0.002000s ]
INFO: [ app_begin ] --START--
INFO: Run Behavior\ReadHtmlCacheBehavior [ RunTime:0.001000s ]
INFO: [ app_begin ] --END-- [ RunTime:0.002000s ]
SQL: SHOW COLUMNS FROM `sp_user_info` [ RunTime:0.0030s ]
SQL: UPDATE `sp_user_info` SET `info_gender`='1' WHERE ( user_id ='1' ) [ RunTime:0.1040s ]

[ 2017-06-16T08:47:18+08:00 ] 127.0.0.1 /ok/servers/index.php/Api/B2b2cPrivate/edit_gender
INFO: [ app_init ] --START--
INFO: Run Behavior\BuildLiteBehavior [ RunTime:0.000000s ]
INFO: [ app_init ] --END-- [ RunTime:0.002000s ]
INFO: [ app_begin ] --START--
INFO: Run Behavior\ReadHtmlCacheBehavior [ RunTime:0.001000s ]
INFO: [ app_begin ] --END-- [ RunTime:0.002000s ]
SQL: SHOW COLUMNS FROM `sp_user_info` [ RunTime:0.0030s ]
SQL: UPDATE `sp_user_info` SET `info_gender`='0' WHERE ( user_id ='1' ) [ RunTime:0.0630s ]

[ 2017-06-16T08:47:26+08:00 ] 127.0.0.1 /ok/servers/index.php/Api/B2b2cPrivate/edit_gender
INFO: [ app_init ] --START--
INFO: Run Behavior\BuildLiteBehavior [ RunTime:0.000000s ]
INFO: [ app_init ] --END-- [ RunTime:0.001000s ]
INFO: [ app_begin ] --START--
INFO: Run Behavior\ReadHtmlCacheBehavior [ RunTime:0.001000s ]
INFO: [ app_begin ] --END-- [ RunTime:0.002000s ]
SQL: SHOW COLUMNS FROM `sp_user_info` [ RunTime:0.0030s ]
SQL: UPDATE `sp_user_info` SET `info_gender`='1' WHERE ( user_id ='1' ) [ RunTime:0.0820s ]

[ 2017-06-16T09:01:35+08:00 ] 127.0.0.1 /ok/servers/index.php/Api/Files/GetUrl
INFO: [ app_init ] --START--
INFO: Run Behavior\BuildLiteBehavior [ RunTime:0.000000s ]
INFO: [ app_init ] --END-- [ RunTime:0.002000s ]
INFO: [ app_begin ] --START--
INFO: Run Behavior\ReadHtmlCacheBehavior [ RunTime:0.001000s ]
INFO: [ app_begin ] --END-- [ RunTime:0.002000s ]
NOTIC: [8] Undefined index: user_token D:\phpStudy\WWW\ok\servers\Application\Api\Controller\PublicController.class.php 第 18 行.
SQL: SHOW COLUMNS FROM `sp_files` [ RunTime:0.0030s ]
SQL: SELECT `path`,`type`,`time` FROM `sp_files` WHERE `key` = '965b9a0bceb888f286a14bfe6d79f246d64ed2fa2d25d7c6cc5835ff7c808b4c' LIMIT 1   [ RunTime:0.0010s ]

[ 2017-06-16T09:01:35+08:00 ] 127.0.0.1 /ok/servers/index.php/Api/B2b2cPrivate/GetUserInfo?user_token=a5ef1693896fd1d18e4529a4a85cc0597a2848684dd11f1ef7496cb6f24305f7&token_time=1497574894&token=1f2ef6dad937acbcf25e8c3909bfcc3e272174fb2668e6d168a3c776b7748d6b
INFO: [ app_init ] --START--
INFO: Run Behavior\BuildLiteBehavior [ RunTime:0.000000s ]
INFO: [ app_init ] --END-- [ RunTime:0.001001s ]
INFO: [ app_begin ] --START--
INFO: Run Behavior\ReadHtmlCacheBehavior [ RunTime:0.002000s ]
INFO: [ app_begin ] --END-- [ RunTime:0.002000s ]
SQL: SHOW COLUMNS FROM `sp_user_info` [ RunTime:0.0030s ]
SQL: SHOW COLUMNS FROM `sp_files` [ RunTime:0.0030s ]
SQL: SELECT * FROM `sp_files` WHERE `uid` = 1 LIMIT 1   [ RunTime:0.0010s ]
SQL: SELECT `info_id`,`user_id`,`info_nickname`,`info_realname`,`info_birthday`,`info_gender`,`info_portrait`,`info_tel` FROM `sp_user_info` WHERE ( user_id ='1' ) LIMIT 1   [ RunTime:0.0010s ]

