[ 2017-06-15T09:56:47+08:00 ] 127.0.0.1 /oks/servers/index.php/Api/User/Login
INFO: [ app_init ] --START--
INFO: Run Behavior\BuildLiteBehavior [ RunTime:0.001000s ]
INFO: [ app_init ] --END-- [ RunTime:0.002000s ]
INFO: [ app_begin ] --START--
INFO: Run Behavior\ReadHtmlCacheBehavior [ RunTime:0.002000s ]
INFO: [ app_begin ] --END-- [ RunTime:0.002000s ]
NOTIC: [8] Undefined index: user_token D:\phpStudy\WWW\oks\servers\Application\Api\Controller\PublicController.class.php 第 18 行.
SQL: SHOW COLUMNS FROM `sp_user` [ RunTime:0.0300s ]
SQL: SELECT `user_id`,`password`,`status`,`usertelno` FROM `sp_user` WHERE `usertelno` = '1' LIMIT 1   [ RunTime:0.0010s ]
NOTIC: [8] Undefined index: user_status D:\phpStudy\WWW\oks\servers\Application\Api\Controller\UserController.class.php 第 72 行.
ERR: Redis server went away

[ 2017-06-15T09:56:47+08:00 ] 127.0.0.1 /oks/servers/index.php/Api/B2b2cPrivate/GetUser?token_time=1497491807&token=75b3bd33d1c72f8aa1ec8e7ae9cd28d11e10c001a716e8d438044f93339a462d
INFO: [ app_init ] --START--
INFO: Run Behavior\BuildLiteBehavior [ RunTime:0.000000s ]
INFO: [ app_init ] --END-- [ RunTime:0.002000s ]
INFO: [ app_begin ] --START--
INFO: Run Behavior\ReadHtmlCacheBehavior [ RunTime:0.001000s ]
INFO: [ app_begin ] --END-- [ RunTime:0.003000s ]
NOTIC: [8] Undefined index: user_token D:\phpStudy\WWW\oks\servers\Application\Api\Controller\PrivateController.class.php 第 20 行.

[ 2017-06-15T09:56:49+08:00 ] 127.0.0.1 /oks/servers/index.php/Api/B2b2cPublic/Demo?token_time=1497491809&token=e4b13f8b09e9b69ea6112f77e1961b0877c26f79ec5531ac96298810eb78ae9d
INFO: [ app_init ] --START--
INFO: Run Behavior\BuildLiteBehavior [ RunTime:0.001000s ]
INFO: [ app_init ] --END-- [ RunTime:0.003000s ]
INFO: [ app_begin ] --START--
INFO: Run Behavior\ReadHtmlCacheBehavior [ RunTime:0.002000s ]
INFO: [ app_begin ] --END-- [ RunTime:0.003000s ]
NOTIC: [8] Undefined index: user_token D:\phpStudy\WWW\oks\servers\Application\Api\Controller\PublicController.class.php 第 18 行.
ERR: 非法操作:Demo

[ 2017-06-15T09:56:49+08:00 ] 127.0.0.1 /oks/servers/index.php/Api/B2b2cPublic/IndexBanner?type=2&token_time=1497491809&token=1118d42ebe3b020dc8c54676cecdc1274192ebf0641b9173e89a8bb2a4c201b0
INFO: [ app_init ] --START--
INFO: Run Behavior\BuildLiteBehavior [ RunTime:0.000000s ]
INFO: [ app_init ] --END-- [ RunTime:0.002001s ]
INFO: [ app_begin ] --START--
INFO: Run Behavior\ReadHtmlCacheBehavior [ RunTime:0.001000s ]
INFO: [ app_begin ] --END-- [ RunTime:0.002000s ]
NOTIC: [8] Undefined index: user_token D:\phpStudy\WWW\oks\servers\Application\Api\Controller\PublicController.class.php 第 18 行.
ERR: 非法操作:IndexBanner

[ 2017-06-15T09:56:49+08:00 ] 127.0.0.1 /oks/servers/index.php/Api/B2b2cPublic/GetGoodsTypeList?token_time=1497491809&token=e4b13f8b09e9b69ea6112f77e1961b0877c26f79ec5531ac96298810eb78ae9d
INFO: [ app_init ] --START--
INFO: Run Behavior\BuildLiteBehavior [ RunTime:0.001000s ]
INFO: [ app_init ] --END-- [ RunTime:0.002000s ]
INFO: [ app_begin ] --START--
INFO: Run Behavior\ReadHtmlCacheBehavior [ RunTime:0.001000s ]
INFO: [ app_begin ] --END-- [ RunTime:0.003000s ]
NOTIC: [8] Undefined index: user_token D:\phpStudy\WWW\oks\servers\Application\Api\Controller\PublicController.class.php 第 18 行.
ERR: 非法操作:GetGoodsTypeList

[ 2017-06-15T09:56:49+08:00 ] 127.0.0.1 /oks/servers/index.php/Api/B2b2cPublic/GetGoodsByRecommendMobile?token_time=1497491809&token=e4b13f8b09e9b69ea6112f77e1961b0877c26f79ec5531ac96298810eb78ae9d
INFO: [ app_init ] --START--
INFO: Run Behavior\BuildLiteBehavior [ RunTime:0.000000s ]
INFO: [ app_init ] --END-- [ RunTime:0.002000s ]
INFO: [ app_begin ] --START--
INFO: Run Behavior\ReadHtmlCacheBehavior [ RunTime:0.001000s ]
INFO: [ app_begin ] --END-- [ RunTime:0.002001s ]
NOTIC: [8] Undefined index: user_token D:\phpStudy\WWW\oks\servers\Application\Api\Controller\PublicController.class.php 第 18 行.
ERR: 非法操作:GetGoodsByRecommendMobile

[ 2017-06-15T09:56:54+08:00 ] 127.0.0.1 /oks/servers/index.php/Api/B2b2cPrivate/GetUserInfo?token_time=1497491813&token=0ee2ee47537b94d82c8a4716f356dd884af24fbeb98993f3898076050d5807fc
INFO: [ app_init ] --START--
INFO: Run Behavior\BuildLiteBehavior [ RunTime:0.000000s ]
INFO: [ app_init ] --END-- [ RunTime:0.002000s ]
INFO: [ app_begin ] --START--
INFO: Run Behavior\ReadHtmlCacheBehavior [ RunTime:0.002000s ]
INFO: [ app_begin ] --END-- [ RunTime:0.002000s ]
NOTIC: [8] Undefined index: user_token D:\phpStudy\WWW\oks\servers\Application\Api\Controller\PrivateController.class.php 第 20 行.

[ 2017-06-15T09:57:13+08:00 ] 127.0.0.1 /oks/servers/index.php/Api/B2b2cPrivate/GetUserInfo?token_time=1497491832&token=6484af489a2ac0b3eaf996bd20cce54f65cf4a8c99f344a0d05143229ad04c06
INFO: [ app_init ] --START--
INFO: Run Behavior\BuildLiteBehavior [ RunTime:0.001000s ]
INFO: [ app_init ] --END-- [ RunTime:0.002000s ]
INFO: [ app_begin ] --START--
INFO: Run Behavior\ReadHtmlCacheBehavior [ RunTime:0.001000s ]
INFO: [ app_begin ] --END-- [ RunTime:0.003000s ]
NOTIC: [8] Undefined index: user_token D:\phpStudy\WWW\oks\servers\Application\Api\Controller\PrivateController.class.php 第 20 行.

[ 2017-06-15T09:57:16+08:00 ] 127.0.0.1 /oks/servers/index.php/Api/B2b2cPrivate/GetUserInfo?token_time=1497491836&token=a131c726009a89bc04b5050b3a51a4734cbb5decb412ef35b057f7262d76834b
INFO: [ app_init ] --START--
INFO: Run Behavior\BuildLiteBehavior [ RunTime:0.000000s ]
INFO: [ app_init ] --END-- [ RunTime:0.002000s ]
INFO: [ app_begin ] --START--
INFO: Run Behavior\ReadHtmlCacheBehavior [ RunTime:0.001000s ]
INFO: [ app_begin ] --END-- [ RunTime:0.003000s ]
NOTIC: [8] Undefined index: user_token D:\phpStudy\WWW\oks\servers\Application\Api\Controller\PrivateController.class.php 第 20 行.

[ 2017-06-15T09:57:19+08:00 ] 127.0.0.1 /oks/servers/index.php/Api/B2b2cPrivate/GetUserInfo?token_time=1497491839&token=1a117bd9491dcfc2dc8e9c8c2594bd82cb3c908547cd9f8c41211c7d29bc2f52
INFO: [ app_init ] --START--
INFO: Run Behavior\BuildLiteBehavior [ RunTime:0.000000s ]
INFO: [ app_init ] --END-- [ RunTime:0.002000s ]
INFO: [ app_begin ] --START--
INFO: Run Behavior\ReadHtmlCacheBehavior [ RunTime:0.001000s ]
INFO: [ app_begin ] --END-- [ RunTime:0.003000s ]
NOTIC: [8] Undefined index: user_token D:\phpStudy\WWW\oks\servers\Application\Api\Controller\PrivateController.class.php 第 20 行.

[ 2017-06-15T09:57:22+08:00 ] 127.0.0.1 /oks/servers/index.php/Api/B2b2cPrivate/GetUserInfo?token_time=1497491842&token=5e7706b56d361038427aefff7f061d18d6bbf30226933585f5c6947f36276443
INFO: [ app_init ] --START--
INFO: Run Behavior\BuildLiteBehavior [ RunTime:0.001000s ]
INFO: [ app_init ] --END-- [ RunTime:0.002000s ]
INFO: [ app_begin ] --START--
INFO: Run Behavior\ReadHtmlCacheBehavior [ RunTime:0.001000s ]
INFO: [ app_begin ] --END-- [ RunTime:0.003000s ]
NOTIC: [8] Undefined index: user_token D:\phpStudy\WWW\oks\servers\Application\Api\Controller\PrivateController.class.php 第 20 行.

[ 2017-06-15T09:57:26+08:00 ] 127.0.0.1 /oks/servers/index.php/Api/B2b2cPrivate/GetUserInfo?token_time=1497491846&token=e77f314e782ace5c2fce99bb68e571abc0d66e3c14901032c4ce58057ccad99f
INFO: [ app_init ] --START--
INFO: Run Behavior\BuildLiteBehavior [ RunTime:0.001000s ]
INFO: [ app_init ] --END-- [ RunTime:0.002001s ]
INFO: [ app_begin ] --START--
INFO: Run Behavior\ReadHtmlCacheBehavior [ RunTime:0.002001s ]
INFO: [ app_begin ] --END-- [ RunTime:0.003001s ]
NOTIC: [8] Undefined index: user_token D:\phpStudy\WWW\oks\servers\Application\Api\Controller\PrivateController.class.php 第 20 行.

[ 2017-06-15T09:57:29+08:00 ] 127.0.0.1 /oks/servers/index.php/Api/B2b2cPrivate/GetUserInfo?token_time=1497491849&token=73e026878dd374e2da8f8df3cfd7fe321c5da23460d5f5677d77f44ed550e3e3
INFO: [ app_init ] --START--
INFO: Run Behavior\BuildLiteBehavior [ RunTime:0.001000s ]
INFO: [ app_init ] --END-- [ RunTime:0.003000s ]
INFO: [ app_begin ] --START--
INFO: Run Behavior\ReadHtmlCacheBehavior [ RunTime:0.002000s ]
INFO: [ app_begin ] --END-- [ RunTime:0.002000s ]
NOTIC: [8] Undefined index: user_token D:\phpStudy\WWW\oks\servers\Application\Api\Controller\PrivateController.class.php 第 20 行.

[ 2017-06-15T09:57:32+08:00 ] 127.0.0.1 /oks/servers/index.php/Api/B2b2cPrivate/GetUserInfo?token_time=1497491852&token=e7516e2d30b2402be2a1517d534c0fcb6a6dec6372b2db1dda400341b8b78ab5
INFO: [ app_init ] --START--
INFO: Run Behavior\BuildLiteBehavior [ RunTime:0.000000s ]
INFO: [ app_init ] --END-- [ RunTime:0.002001s ]
INFO: [ app_begin ] --START--
INFO: Run Behavior\ReadHtmlCacheBehavior [ RunTime:0.002001s ]
INFO: [ app_begin ] --END-- [ RunTime:0.004001s ]
NOTIC: [8] Undefined index: user_token D:\phpStudy\WWW\oks\servers\Application\Api\Controller\PrivateController.class.php 第 20 行.

[ 2017-06-15T09:57:35+08:00 ] 127.0.0.1 /oks/servers/index.php/Api/B2b2cPrivate/GetUserInfo?token_time=1497491855&token=1b9f9625ff3a8a6057c3d8f145d80b4335ee2d41ebc37024de211d139d86c3ff
INFO: [ app_init ] --START--
INFO: Run Behavior\BuildLiteBehavior [ RunTime:0.000000s ]
INFO: [ app_init ] --END-- [ RunTime:0.002000s ]
INFO: [ app_begin ] --START--
INFO: Run Behavior\ReadHtmlCacheBehavior [ RunTime:0.002000s ]
INFO: [ app_begin ] --END-- [ RunTime:0.002000s ]
NOTIC: [8] Undefined index: user_token D:\phpStudy\WWW\oks\servers\Application\Api\Controller\PrivateController.class.php 第 20 行.

[ 2017-06-15T09:57:39+08:00 ] 127.0.0.1 /oks/servers/index.php/Api/B2b2cPrivate/GetUserInfo?token_time=1497491859&token=f6ed8da25ee4a6d9ff45dc08203ae4a2508b683c2224f04cf4a595d54a774e27
INFO: [ app_init ] --START--
INFO: Run Behavior\BuildLiteBehavior [ RunTime:0.000000s ]
INFO: [ app_init ] --END-- [ RunTime:0.002001s ]
INFO: [ app_begin ] --START--
INFO: Run Behavior\ReadHtmlCacheBehavior [ RunTime:0.001000s ]
INFO: [ app_begin ] --END-- [ RunTime:0.003000s ]
NOTIC: [8] Undefined index: user_token D:\phpStudy\WWW\oks\servers\Application\Api\Controller\PrivateController.class.php 第 20 行.

[ 2017-06-15T09:57:42+08:00 ] 127.0.0.1 /oks/servers/index.php/Api/B2b2cPrivate/GetUserInfo?token_time=1497491862&token=0001318055ad9667c0159526b2c3964da0d65a4c484e86784a97f96fdc4c6ae2
INFO: [ app_init ] --START--
INFO: Run Behavior\BuildLiteBehavior [ RunTime:0.000000s ]
INFO: [ app_init ] --END-- [ RunTime:0.003000s ]
INFO: [ app_begin ] --START--
INFO: Run Behavior\ReadHtmlCacheBehavior [ RunTime:0.002000s ]
INFO: [ app_begin ] --END-- [ RunTime:0.002000s ]
NOTIC: [8] Undefined index: user_token D:\phpStudy\WWW\oks\servers\Application\Api\Controller\PrivateController.class.php 第 20 行.

[ 2017-06-15T09:57:45+08:00 ] 127.0.0.1 /oks/servers/index.php/Api/B2b2cPrivate/GetUserInfo?token_time=1497491865&token=1631756a617bb8941e95d6258e3fa5be776f96c4dc1f2c5549caa86115b0d2df
INFO: [ app_init ] --START--
INFO: Run Behavior\BuildLiteBehavior [ RunTime:0.000000s ]
INFO: [ app_init ] --END-- [ RunTime:0.002000s ]
INFO: [ app_begin ] --START--
INFO: Run Behavior\ReadHtmlCacheBehavior [ RunTime:0.002000s ]
INFO: [ app_begin ] --END-- [ RunTime:0.003000s ]
NOTIC: [8] Undefined index: user_token D:\phpStudy\WWW\oks\servers\Application\Api\Controller\PrivateController.class.php 第 20 行.

[ 2017-06-15T09:57:48+08:00 ] 127.0.0.1 /oks/servers/index.php/Api/B2b2cPrivate/GetUserInfo?token_time=1497491868&token=9eaf18ce6b0f85fb8601000875d86a30af484ff13f4f693f26db9f27abb36ae3
INFO: [ app_init ] --START--
INFO: Run Behavior\BuildLiteBehavior [ RunTime:0.001000s ]
INFO: [ app_init ] --END-- [ RunTime:0.002000s ]
INFO: [ app_begin ] --START--
INFO: Run Behavior\ReadHtmlCacheBehavior [ RunTime:0.001000s ]
INFO: [ app_begin ] --END-- [ RunTime:0.003000s ]
NOTIC: [8] Undefined index: user_token D:\phpStudy\WWW\oks\servers\Application\Api\Controller\PrivateController.class.php 第 20 行.

[ 2017-06-15T09:57:52+08:00 ] 127.0.0.1 /oks/servers/index.php/Api/B2b2cPrivate/GetUserInfo?token_time=1497491872&token=8140280124cf8e4df5ef240f807a3d7cc7d4192cc586c8d8aa385cc734dc815c
INFO: [ app_init ] --START--
INFO: Run Behavior\BuildLiteBehavior [ RunTime:0.001000s ]
INFO: [ app_init ] --END-- [ RunTime:0.003000s ]
INFO: [ app_begin ] --START--
INFO: Run Behavior\ReadHtmlCacheBehavior [ RunTime:0.002000s ]
INFO: [ app_begin ] --END-- [ RunTime:0.004000s ]
NOTIC: [8] Undefined index: user_token D:\phpStudy\WWW\oks\servers\Application\Api\Controller\PrivateController.class.php 第 20 行.

[ 2017-06-15T09:57:55+08:00 ] 127.0.0.1 /oks/servers/index.php/Api/B2b2cPrivate/GetUserInfo?token_time=1497491875&token=6404efe499775c8bf1467d129046f3dc0b674e22f9f9272f3667d496874a4775
INFO: [ app_init ] --START--
INFO: Run Behavior\BuildLiteBehavior [ RunTime:0.000000s ]
INFO: [ app_init ] --END-- [ RunTime:0.002000s ]
INFO: [ app_begin ] --START--
INFO: Run Behavior\ReadHtmlCacheBehavior [ RunTime:0.001000s ]
INFO: [ app_begin ] --END-- [ RunTime:0.003000s ]
NOTIC: [8] Undefined index: user_token D:\phpStudy\WWW\oks\servers\Application\Api\Controller\PrivateController.class.php 第 20 行.

[ 2017-06-15T09:57:58+08:00 ] 127.0.0.1 /oks/servers/index.php/Api/B2b2cPrivate/GetUserInfo?token_time=1497491878&token=93caacd6c233ee8daa2c8a5888b960012468c236cd586d69de6566e3c0ed8d30
INFO: [ app_init ] --START--
INFO: Run Behavior\BuildLiteBehavior [ RunTime:0.000000s ]
INFO: [ app_init ] --END-- [ RunTime:0.002000s ]
INFO: [ app_begin ] --START--
INFO: Run Behavior\ReadHtmlCacheBehavior [ RunTime:0.002000s ]
INFO: [ app_begin ] --END-- [ RunTime:0.002000s ]
NOTIC: [8] Undefined index: user_token D:\phpStudy\WWW\oks\servers\Application\Api\Controller\PrivateController.class.php 第 20 行.

[ 2017-06-15T09:58:01+08:00 ] 127.0.0.1 /oks/servers/index.php/Api/B2b2cPrivate/GetUserInfo?token_time=1497491881&token=665d2c27cb745798bf9f13e15df0c9ec6e70e5ad04d5851e79284376dcf783b8
INFO: [ app_init ] --START--
INFO: Run Behavior\BuildLiteBehavior [ RunTime:0.000000s ]
INFO: [ app_init ] --END-- [ RunTime:0.002000s ]
INFO: [ app_begin ] --START--
INFO: Run Behavior\ReadHtmlCacheBehavior [ RunTime:0.002000s ]
INFO: [ app_begin ] --END-- [ RunTime:0.003001s ]
NOTIC: [8] Undefined index: user_token D:\phpStudy\WWW\oks\servers\Application\Api\Controller\PrivateController.class.php 第 20 行.

[ 2017-06-15T09:58:05+08:00 ] 127.0.0.1 /oks/servers/index.php/Api/B2b2cPrivate/GetUserInfo?token_time=1497491885&token=17d0b5411e52e7afcbd1b1e6975cee6792224795c01b0f94d426429dc60c47c2
INFO: [ app_init ] --START--
INFO: Run Behavior\BuildLiteBehavior [ RunTime:0.000000s ]
INFO: [ app_init ] --END-- [ RunTime:0.002000s ]
INFO: [ app_begin ] --START--
INFO: Run Behavior\ReadHtmlCacheBehavior [ RunTime:0.002001s ]
INFO: [ app_begin ] --END-- [ RunTime:0.002001s ]
NOTIC: [8] Undefined index: user_token D:\phpStudy\WWW\oks\servers\Application\Api\Controller\PrivateController.class.php 第 20 行.

[ 2017-06-15T09:58:08+08:00 ] 127.0.0.1 /oks/servers/index.php/Api/B2b2cPrivate/GetUserInfo?token_time=1497491888&token=27f30b5dd92e55b32510011c7b7efdf3f299bdf9420420aeb579d48bbb16ef7c
INFO: [ app_init ] --START--
INFO: Run Behavior\BuildLiteBehavior [ RunTime:0.000000s ]
INFO: [ app_init ] --END-- [ RunTime:0.002001s ]
INFO: [ app_begin ] --START--
INFO: Run Behavior\ReadHtmlCacheBehavior [ RunTime:0.001000s ]
INFO: [ app_begin ] --END-- [ RunTime:0.003000s ]
NOTIC: [8] Undefined index: user_token D:\phpStudy\WWW\oks\servers\Application\Api\Controller\PrivateController.class.php 第 20 行.

[ 2017-06-15T09:58:14+08:00 ] 127.0.0.1 /oks/servers/index.php/Api/B2b2cPrivate/GetUserInfo?token_time=1497491894&token=e46bbf770067738d590dbae0967d62d5018ef99fb592304d276de4f15bde6c39
INFO: [ app_init ] --START--
INFO: Run Behavior\BuildLiteBehavior [ RunTime:0.000000s ]
INFO: [ app_init ] --END-- [ RunTime:0.002000s ]
INFO: [ app_begin ] --START--
INFO: Run Behavior\ReadHtmlCacheBehavior [ RunTime:0.001001s ]
INFO: [ app_begin ] --END-- [ RunTime:0.003001s ]
NOTIC: [8] Undefined index: user_token D:\phpStudy\WWW\oks\servers\Application\Api\Controller\PrivateController.class.php 第 20 行.

[ 2017-06-15T09:58:24+08:00 ] 127.0.0.1 /oks/servers/index.php/Api/B2b2cPrivate/GetUserInfo?token_time=1497491904&token=db1c00f25b38112d2605d282e0caaebf006af835a302877a92789c2eae9b1063
INFO: [ app_init ] --START--
INFO: Run Behavior\BuildLiteBehavior [ RunTime:0.000000s ]
INFO: [ app_init ] --END-- [ RunTime:0.002000s ]
INFO: [ app_begin ] --START--
INFO: Run Behavior\ReadHtmlCacheBehavior [ RunTime:0.001000s ]
INFO: [ app_begin ] --END-- [ RunTime:0.003000s ]
NOTIC: [8] Undefined index: user_token D:\phpStudy\WWW\oks\servers\Application\Api\Controller\PrivateController.class.php 第 20 行.

[ 2017-06-15T09:58:30+08:00 ] 127.0.0.1 /oks/servers/index.php/Api/B2b2cPrivate/GetUserInfo?token_time=1497491910&token=34bda9c674b661b0e04bab1ff91276a6133cb90e37420144d4e439e3ea9ed511
INFO: [ app_init ] --START--
INFO: Run Behavior\BuildLiteBehavior [ RunTime:0.000000s ]
INFO: [ app_init ] --END-- [ RunTime:0.002000s ]
INFO: [ app_begin ] --START--
INFO: Run Behavior\ReadHtmlCacheBehavior [ RunTime:0.001000s ]
INFO: [ app_begin ] --END-- [ RunTime:0.003000s ]
NOTIC: [8] Undefined index: user_token D:\phpStudy\WWW\oks\servers\Application\Api\Controller\PrivateController.class.php 第 20 行.

[ 2017-06-15T09:58:31+08:00 ] 127.0.0.1 /oks/servers/index.php/Api/B2b2cPrivate/GetUserInfo?token_time=1497491911&token=c8c2407b3dcaaa3670de3d6d4540e261f93d20f0ec62521e4feefd2f24b79c5b
INFO: [ app_init ] --START--
INFO: Run Behavior\BuildLiteBehavior [ RunTime:0.000000s ]
INFO: [ app_init ] --END-- [ RunTime:0.002000s ]
INFO: [ app_begin ] --START--
INFO: Run Behavior\ReadHtmlCacheBehavior [ RunTime:0.002000s ]
INFO: [ app_begin ] --END-- [ RunTime:0.002000s ]
NOTIC: [8] Undefined index: user_token D:\phpStudy\WWW\oks\servers\Application\Api\Controller\PrivateController.class.php 第 20 行.

[ 2017-06-15T09:58:37+08:00 ] 127.0.0.1 /oks/servers/index.php/Api/B2b2cPrivate/GetUserInfo?token_time=1497491917&token=23ca316fd8e420e6c8e151c17fbb007d821cf7d34cbef897456bf32342ef3f7d
INFO: [ app_init ] --START--
INFO: Run Behavior\BuildLiteBehavior [ RunTime:0.000000s ]
INFO: [ app_init ] --END-- [ RunTime:0.002000s ]
INFO: [ app_begin ] --START--
INFO: Run Behavior\ReadHtmlCacheBehavior [ RunTime:0.001000s ]
INFO: [ app_begin ] --END-- [ RunTime:0.003001s ]
NOTIC: [8] Undefined index: user_token D:\phpStudy\WWW\oks\servers\Application\Api\Controller\PrivateController.class.php 第 20 行.

[ 2017-06-15T09:58:44+08:00 ] 127.0.0.1 /oks/servers/index.php/Api/B2b2cPrivate/GetUserInfo?token_time=1497491924&token=480cfdcca2a226ad7dd7897283e75505924c652f6a451747093442ba0df74f84
INFO: [ app_init ] --START--
INFO: Run Behavior\BuildLiteBehavior [ RunTime:0.000000s ]
INFO: [ app_init ] --END-- [ RunTime:0.002000s ]
INFO: [ app_begin ] --START--
INFO: Run Behavior\ReadHtmlCacheBehavior [ RunTime:0.001000s ]
INFO: [ app_begin ] --END-- [ RunTime:0.002000s ]
NOTIC: [8] Undefined index: user_token D:\phpStudy\WWW\oks\servers\Application\Api\Controller\PrivateController.class.php 第 20 行.

[ 2017-06-15T09:58:50+08:00 ] 127.0.0.1 /oks/servers/index.php/Api/B2b2cPrivate/GetUserInfo?token_time=1497491930&token=d33959017c3b3651a9e4b523d1fc75e767fa3bbcaceed270635356169572af8b
INFO: [ app_init ] --START--
INFO: Run Behavior\BuildLiteBehavior [ RunTime:0.000000s ]
INFO: [ app_init ] --END-- [ RunTime:0.002000s ]
INFO: [ app_begin ] --START--
INFO: Run Behavior\ReadHtmlCacheBehavior [ RunTime:0.001000s ]
INFO: [ app_begin ] --END-- [ RunTime:0.003000s ]
NOTIC: [8] Undefined index: user_token D:\phpStudy\WWW\oks\servers\Application\Api\Controller\PrivateController.class.php 第 20 行.

[ 2017-06-15T09:58:52+08:00 ] 127.0.0.1 /oks/servers/index.php/Api/B2b2cPrivate/GetUserInfo?token_time=1497491932&token=58a4f19a42f4f6cc4938089ebe060e673f3276bfdf39581fc75cc059300fb94d
INFO: [ app_init ] --START--
INFO: Run Behavior\BuildLiteBehavior [ RunTime:0.001000s ]
INFO: [ app_init ] --END-- [ RunTime:0.002001s ]
INFO: [ app_begin ] --START--
INFO: Run Behavior\ReadHtmlCacheBehavior [ RunTime:0.001000s ]
INFO: [ app_begin ] --END-- [ RunTime:0.003001s ]
NOTIC: [8] Undefined index: user_token D:\phpStudy\WWW\oks\servers\Application\Api\Controller\PrivateController.class.php 第 20 行.

[ 2017-06-15T09:59:06+08:00 ] 127.0.0.1 /oks/servers/index.php/Api/B2b2cPrivate/GetUserInfo?token_time=1497491946&token=6eda82b695ff02b8d6bfff37b3df8d53bcebe4ec8a41003fa94d826f20dc1613
INFO: [ app_init ] --START--
INFO: Run Behavior\BuildLiteBehavior [ RunTime:0.000000s ]
INFO: [ app_init ] --END-- [ RunTime:0.002000s ]
INFO: [ app_begin ] --START--
INFO: Run Behavior\ReadHtmlCacheBehavior [ RunTime:0.001000s ]
INFO: [ app_begin ] --END-- [ RunTime:0.003000s ]
NOTIC: [8] Undefined index: user_token D:\phpStudy\WWW\oks\servers\Application\Api\Controller\PrivateController.class.php 第 20 行.

[ 2017-06-15T09:59:52+08:00 ] 127.0.0.1 /oks/servers/index.php/Api/
INFO: [ app_init ] --START--
INFO: Run Behavior\BuildLiteBehavior [ RunTime:0.001000s ]
INFO: [ app_init ] --END-- [ RunTime:0.002000s ]
INFO: [ app_begin ] --START--
INFO: Run Behavior\ReadHtmlCacheBehavior [ RunTime:0.001000s ]
INFO: [ app_begin ] --END-- [ RunTime:0.002000s ]
ERR: 无法加载控制器:Index

[ 2017-06-15T10:00:00+08:00 ] 127.0.0.1 /oks/servers/index.php/Api/user/
INFO: [ app_init ] --START--
INFO: Run Behavior\BuildLiteBehavior [ RunTime:0.000000s ]
INFO: [ app_init ] --END-- [ RunTime:0.003000s ]
INFO: [ app_begin ] --START--
INFO: Run Behavior\ReadHtmlCacheBehavior [ RunTime:0.002000s ]
INFO: [ app_begin ] --END-- [ RunTime:0.004000s ]
NOTIC: [8] Undefined index: token D:\phpStudy\WWW\oks\servers\Application\Api\Controller\PublicController.class.php 第 17 行.
NOTIC: [8] Undefined index: user_token D:\phpStudy\WWW\oks\servers\Application\Api\Controller\PublicController.class.php 第 18 行.

[ 2017-06-15T10:10:38+08:00 ] 127.0.0.1 /oks/servers/index.php/Api/User/Login
INFO: [ app_init ] --START--
INFO: Run Behavior\BuildLiteBehavior [ RunTime:0.000000s ]
INFO: [ app_init ] --END-- [ RunTime:0.002000s ]
INFO: [ app_begin ] --START--
INFO: Run Behavior\ReadHtmlCacheBehavior [ RunTime:0.001000s ]
INFO: [ app_begin ] --END-- [ RunTime:0.003000s ]
SQL: SHOW COLUMNS FROM `sp_user` [ RunTime:0.0030s ]
SQL: SELECT `user_id`,`password`,`status`,`usertelno` FROM `sp_user` WHERE `usertelno` = '1' LIMIT 1   [ RunTime:0.0010s ]
NOTIC: [8] Undefined index: user_status D:\phpStudy\WWW\oks\servers\Application\Api\Controller\UserController.class.php 第 72 行.

[ 2017-06-15T10:10:38+08:00 ] 127.0.0.1 /oks/servers/index.php/Api/B2b2cPrivate/GetUser?user_token=e16d6b85594c1131d196aa88cf4626db728485901597bd67ecacc1ae1103245f&token_time=1497492638&token=5aba56992f56c6e0b7961f0375f2673a2ffdadab6e04f5736293b3ad83a8fdde
INFO: [ app_init ] --START--
INFO: Run Behavior\BuildLiteBehavior [ RunTime:0.000000s ]
INFO: [ app_init ] --END-- [ RunTime:0.002000s ]
INFO: [ app_begin ] --START--
INFO: Run Behavior\ReadHtmlCacheBehavior [ RunTime:0.001001s ]
INFO: [ app_begin ] --END-- [ RunTime:0.003001s ]
SQL: SHOW COLUMNS FROM `sp_user` [ RunTime:0.0030s ]
SQL: SELECT * FROM `sp_user` WHERE ( user_id ='1' ) LIMIT 1   [ RunTime:0.0010s ]

[ 2017-06-15T10:10:40+08:00 ] 127.0.0.1 /oks/servers/index.php/Api/B2b2cPublic/Demo?token_time=1497492640&token=ff708dcfbfbc56a02c6940f20020821ed9da00f85dcee1f4eb150b258382e47c&user_token=e16d6b85594c1131d196aa88cf4626db728485901597bd67ecacc1ae1103245f
INFO: [ app_init ] --START--
INFO: Run Behavior\BuildLiteBehavior [ RunTime:0.000000s ]
INFO: [ app_init ] --END-- [ RunTime:0.003000s ]
INFO: [ app_begin ] --START--
INFO: Run Behavior\ReadHtmlCacheBehavior [ RunTime:0.001000s ]
INFO: [ app_begin ] --END-- [ RunTime:0.003000s ]
ERR: 非法操作:Demo

[ 2017-06-15T10:10:40+08:00 ] 127.0.0.1 /oks/servers/index.php/Api/B2b2cPublic/IndexBanner?type=2&token_time=1497492640&token=6e65f9f577f07a9056c8a0f18dc89ee2355923aa47ac66bed3f404f926132493&user_token=e16d6b85594c1131d196aa88cf4626db728485901597bd67ecacc1ae1103245f
INFO: [ app_init ] --START--
INFO: Run Behavior\BuildLiteBehavior [ RunTime:0.000000s ]
INFO: [ app_init ] --END-- [ RunTime:0.002000s ]
INFO: [ app_begin ] --START--
INFO: Run Behavior\ReadHtmlCacheBehavior [ RunTime:0.001000s ]
INFO: [ app_begin ] --END-- [ RunTime:0.003001s ]
ERR: 非法操作:IndexBanner

[ 2017-06-15T10:10:40+08:00 ] 127.0.0.1 /oks/servers/index.php/Api/B2b2cPublic/GetGoodsTypeList?token_time=1497492640&token=ff708dcfbfbc56a02c6940f20020821ed9da00f85dcee1f4eb150b258382e47c&user_token=e16d6b85594c1131d196aa88cf4626db728485901597bd67ecacc1ae1103245f
INFO: [ app_init ] --START--
INFO: Run Behavior\BuildLiteBehavior [ RunTime:0.000000s ]
INFO: [ app_init ] --END-- [ RunTime:0.002000s ]
INFO: [ app_begin ] --START--
INFO: Run Behavior\ReadHtmlCacheBehavior [ RunTime:0.001000s ]
INFO: [ app_begin ] --END-- [ RunTime:0.003000s ]
ERR: 非法操作:GetGoodsTypeList

[ 2017-06-15T10:10:40+08:00 ] 127.0.0.1 /oks/servers/index.php/Api/B2b2cPublic/GetGoodsByRecommendMobile?token_time=1497492640&token=ff708dcfbfbc56a02c6940f20020821ed9da00f85dcee1f4eb150b258382e47c&user_token=e16d6b85594c1131d196aa88cf4626db728485901597bd67ecacc1ae1103245f
INFO: [ app_init ] --START--
INFO: Run Behavior\BuildLiteBehavior [ RunTime:0.001000s ]
INFO: [ app_init ] --END-- [ RunTime:0.001000s ]
INFO: [ app_begin ] --START--
INFO: Run Behavior\ReadHtmlCacheBehavior [ RunTime:0.001000s ]
INFO: [ app_begin ] --END-- [ RunTime:0.003000s ]
ERR: 非法操作:GetGoodsByRecommendMobile

[ 2017-06-15T10:10:44+08:00 ] 127.0.0.1 /oks/servers/index.php/Api/B2b2cPrivate/GetUserInfo?user_token=e16d6b85594c1131d196aa88cf4626db728485901597bd67ecacc1ae1103245f&token_time=1497492644&token=65cc6cadf3b12ffd343ef7307b88e21a1d0ef2933939f34c26c3b1de34fcfacf
INFO: [ app_init ] --START--
INFO: Run Behavior\BuildLiteBehavior [ RunTime:0.000000s ]
INFO: [ app_init ] --END-- [ RunTime:0.002000s ]
INFO: [ app_begin ] --START--
INFO: Run Behavior\ReadHtmlCacheBehavior [ RunTime:0.001000s ]
INFO: [ app_begin ] --END-- [ RunTime:0.002000s ]
SQL: SHOW COLUMNS FROM `sp_user_info` [ RunTime:0.0030s ]
SQL: SELECT `info_id`,`user_id`,`info_nickname`,`info_realname`,`info_birthday`,`info_gender`,`info_portrait` FROM `sp_user_info` WHERE ( user_id ='1' ) LIMIT 1   [ RunTime:0.0010s ]

[ 2017-06-15T10:10:45+08:00 ] 127.0.0.1 /oks/servers/index.php/Api/B2b2cPrivate/GetUserInfo?user_token=e16d6b85594c1131d196aa88cf4626db728485901597bd67ecacc1ae1103245f&token_time=1497492645&token=b8b992fea49a49f588f3c6c68f4ddfe52459a19e6bb92e5b0300dc2c5d63859a
INFO: [ app_init ] --START--
INFO: Run Behavior\BuildLiteBehavior [ RunTime:0.000000s ]
INFO: [ app_init ] --END-- [ RunTime:0.002001s ]
INFO: [ app_begin ] --START--
INFO: Run Behavior\ReadHtmlCacheBehavior [ RunTime:0.001000s ]
INFO: [ app_begin ] --END-- [ RunTime:0.002000s ]
SQL: SHOW COLUMNS FROM `sp_user_info` [ RunTime:0.0030s ]
SQL: SELECT `info_id`,`user_id`,`info_nickname`,`info_realname`,`info_birthday`,`info_gender`,`info_portrait` FROM `sp_user_info` WHERE ( user_id ='1' ) LIMIT 1   [ RunTime:0.0010s ]

