[ 2017-06-17T10:58:17+08:00 ] 127.0.0.1 /ok/servers/index.php/Admin
INFO: [ app_init ] --START--
INFO: Run Behavior\BuildLiteBehavior [ RunTime:0.000000s ]
INFO: [ app_init ] --END-- [ RunTime:0.001000s ]
INFO: [ app_begin ] --START--
INFO: Run Behavior\ReadHtmlCacheBehavior [ RunTime:0.001000s ]
INFO: [ app_begin ] --END-- [ RunTime:0.001000s ]

[ 2017-06-17T10:58:17+08:00 ] 127.0.0.1 /ok/servers/index.php/Admin/Public/login
INFO: [ app_init ] --START--
INFO: Run Behavior\BuildLiteBehavior [ RunTime:0.000000s ]
INFO: [ app_init ] --END-- [ RunTime:0.001000s ]
INFO: [ app_begin ] --START--
INFO: Run Behavior\ReadHtmlCacheBehavior [ RunTime:0.001000s ]
INFO: [ app_begin ] --END-- [ RunTime:0.002000s ]
INFO: [ view_parse ] --START--
INFO: [ template_filter ] --START--
INFO: Run Behavior\ContentReplaceBehavior [ RunTime:0.001000s ]
INFO: [ template_filter ] --END-- [ RunTime:0.001000s ]
INFO: Run Behavior\ParseTemplateBehavior [ RunTime:0.019001s ]
INFO: [ view_parse ] --END-- [ RunTime:0.019001s ]
INFO: [ view_filter ] --START--
INFO: Run Behavior\WriteHtmlCacheBehavior [ RunTime:0.001000s ]
INFO: [ view_filter ] --END-- [ RunTime:0.001000s ]
INFO: [ app_end ] --START--
INFO: Run Behavior\ShowPageTraceBehavior [ RunTime:0.000000s ]
INFO: [ app_end ] --END-- [ RunTime:0.002000s ]

[ 2017-06-17T10:58:22+08:00 ] 127.0.0.1 /ok/servers/index.php/Admin/public/dologin
INFO: [ app_init ] --START--
INFO: Run Behavior\BuildLiteBehavior [ RunTime:0.000000s ]
INFO: [ app_init ] --END-- [ RunTime:0.001000s ]
INFO: [ app_begin ] --START--
INFO: Run Behavior\ReadHtmlCacheBehavior [ RunTime:0.001000s ]
INFO: [ app_begin ] --END-- [ RunTime:0.002000s ]
SQL: SHOW COLUMNS FROM `sp_users` [ RunTime:0.0320s ]
SQL: SELECT * FROM `sp_users` WHERE `user_login` = 'admin' LIMIT 1   [ RunTime:0.0020s ]
NOTIC: [8] Undefined index: org_id D:\phpStudy\WWW\ok\servers\Application\Admin\Controller\PublicController.class.php 第 76 行.
NOTIC: [8] Undefined index: org_id D:\phpStudy\WWW\ok\servers\Application\Admin\Controller\PublicController.class.php 第 77 行.
NOTIC: [8] Undefined index: org_id D:\phpStudy\WWW\ok\servers\Application\Admin\Controller\PublicController.class.php 第 79 行.
SQL: UPDATE `sp_users` SET `school_id`='0',`user_login`='admin',`user_pass`='21232f297a57a5a743894a0e4a801fc3',`user_nicename`='超级管理员',`user_email`='admin@163.com',`last_login_ip`='127.0.0.1',`last_login_time`='2017-06-17 10:58:21',`create_time`='2014-07-18 08:53:31',`user_activation_key`='',`user_status`='1',`role_id`='-1' WHERE `id` = 1 [ RunTime:0.0020s ]
INFO: [ view_parse ] --START--
INFO: [ template_filter ] --START--
INFO: Run Behavior\ContentReplaceBehavior [ RunTime:0.001000s ]
INFO: [ template_filter ] --END-- [ RunTime:0.001000s ]
INFO: Run Behavior\ParseTemplateBehavior [ RunTime:0.014001s ]
INFO: [ view_parse ] --END-- [ RunTime:0.016001s ]
INFO: [ view_filter ] --START--
INFO: Run Behavior\WriteHtmlCacheBehavior [ RunTime:0.001000s ]
INFO: [ view_filter ] --END-- [ RunTime:0.003000s ]
INFO: [ app_end ] --START--
INFO: Run Behavior\ShowPageTraceBehavior [ RunTime:0.001000s ]
INFO: [ app_end ] --END-- [ RunTime:0.001000s ]

[ 2017-06-17T10:58:23+08:00 ] 127.0.0.1 /ok/servers/index.php/Admin/Index/index
INFO: [ app_init ] --START--
INFO: Run Behavior\BuildLiteBehavior [ RunTime:0.000000s ]
INFO: [ app_init ] --END-- [ RunTime:0.003000s ]
INFO: [ app_begin ] --START--
INFO: Run Behavior\ReadHtmlCacheBehavior [ RunTime:0.001000s ]
INFO: [ app_begin ] --END-- [ RunTime:0.002000s ]
SQL: SHOW COLUMNS FROM `sp_users` [ RunTime:0.0430s ]
SQL: SELECT * FROM `sp_users` WHERE `id` = 1 LIMIT 1   [ RunTime:0.0010s ]
SQL: SHOW COLUMNS FROM `sp_menu` [ RunTime:0.0320s ]
SQL: SELECT * FROM `sp_menu` WHERE `parentid` = 0 AND `status` = 1 ORDER BY `listorder` DESC  [ RunTime:0.0030s ]
SQL: SELECT * FROM `sp_menu` WHERE `parentid` = 239 AND `status` = 1 ORDER BY `listorder` DESC  [ RunTime:0.0010s ]
SQL: SELECT * FROM `sp_menu` WHERE `parentid` = 252 AND `status` = 1 ORDER BY `listorder` DESC  [ RunTime:0.0010s ]
SQL: SELECT * FROM `sp_menu` WHERE `parentid` = 253 AND `status` = 1 ORDER BY `listorder` DESC  [ RunTime:0.0010s ]
NOTIC: [8] Undefined variable: ret D:\phpStudy\WWW\ok\servers\Application\Admin\Model\MenuModel.class.php 第 176 行.
SQL: SELECT * FROM `sp_menu` WHERE `parentid` = 254 AND `status` = 1 ORDER BY `listorder` DESC  [ RunTime:0.0010s ]
NOTIC: [8] Undefined variable: ret D:\phpStudy\WWW\ok\servers\Application\Admin\Model\MenuModel.class.php 第 176 行.
SQL: SELECT * FROM `sp_menu` WHERE `parentid` = 286 AND `status` = 1 ORDER BY `listorder` DESC  [ RunTime:0.0020s ]
SQL: SELECT * FROM `sp_menu` WHERE `parentid` = 290 AND `status` = 1 ORDER BY `listorder` DESC  [ RunTime:0.0020s ]
SQL: SELECT * FROM `sp_menu` WHERE `parentid` = 291 AND `status` = 1 ORDER BY `listorder` DESC  [ RunTime:0.0020s ]
SQL: SELECT * FROM `sp_menu` WHERE `parentid` = 463 AND `status` = 1 ORDER BY `listorder` DESC  [ RunTime:0.0010s ]
NOTIC: [8] Undefined variable: ret D:\phpStudy\WWW\ok\servers\Application\Admin\Model\MenuModel.class.php 第 176 行.
SQL: SELECT * FROM `sp_menu` WHERE `parentid` = 462 AND `status` = 1 ORDER BY `listorder` DESC  [ RunTime:0.0010s ]
NOTIC: [8] Undefined variable: ret D:\phpStudy\WWW\ok\servers\Application\Admin\Model\MenuModel.class.php 第 176 行.
SQL: SELECT * FROM `sp_menu` WHERE `parentid` = 292 AND `status` = 1 ORDER BY `listorder` DESC  [ RunTime:0.0020s ]
NOTIC: [8] Undefined variable: ret D:\phpStudy\WWW\ok\servers\Application\Admin\Model\MenuModel.class.php 第 176 行.
SQL: SELECT * FROM `sp_menu` WHERE `parentid` = 293 AND `status` = 1 ORDER BY `listorder` DESC  [ RunTime:0.0010s ]
SQL: SELECT * FROM `sp_menu` WHERE `parentid` = 297 AND `status` = 1 ORDER BY `listorder` DESC  [ RunTime:0.0010s ]
NOTIC: [8] Undefined variable: ret D:\phpStudy\WWW\ok\servers\Application\Admin\Model\MenuModel.class.php 第 176 行.
SQL: SELECT * FROM `sp_menu` WHERE `parentid` = 553 AND `status` = 1 ORDER BY `listorder` DESC  [ RunTime:0.0010s ]
SQL: SELECT * FROM `sp_menu` WHERE `parentid` = 554 AND `status` = 1 ORDER BY `listorder` DESC  [ RunTime:0.0010s ]
NOTIC: [8] Undefined variable: ret D:\phpStudy\WWW\ok\servers\Application\Admin\Model\MenuModel.class.php 第 176 行.
SQL: SELECT * FROM `sp_menu` WHERE `parentid` = 556 AND `status` = 1 ORDER BY `listorder` DESC  [ RunTime:0.0020s ]
NOTIC: [8] Undefined variable: ret D:\phpStudy\WWW\ok\servers\Application\Admin\Model\MenuModel.class.php 第 176 行.
SQL: SELECT * FROM `sp_menu` WHERE `parentid` = 561 AND `status` = 1 ORDER BY `listorder` DESC  [ RunTime:0.0010s ]
NOTIC: [8] Undefined variable: ret D:\phpStudy\WWW\ok\servers\Application\Admin\Model\MenuModel.class.php 第 176 行.
SQL: SELECT * FROM `sp_menu` WHERE `parentid` = 552 AND `status` = 1 ORDER BY `listorder` DESC  [ RunTime:0.0010s ]
NOTIC: [8] Undefined variable: ret D:\phpStudy\WWW\ok\servers\Application\Admin\Model\MenuModel.class.php 第 176 行.
SQL: SELECT * FROM `sp_menu` WHERE `parentid` = 557 AND `status` = 1 ORDER BY `listorder` DESC  [ RunTime:0.0010s ]
NOTIC: [8] Undefined variable: ret D:\phpStudy\WWW\ok\servers\Application\Admin\Model\MenuModel.class.php 第 176 行.
SQL: SELECT * FROM `sp_menu` WHERE `parentid` = 558 AND `status` = 1 ORDER BY `listorder` DESC  [ RunTime:0.0010s ]
SQL: SELECT * FROM `sp_menu` WHERE `parentid` = 559 AND `status` = 1 ORDER BY `listorder` DESC  [ RunTime:0.0010s ]
NOTIC: [8] Undefined variable: ret D:\phpStudy\WWW\ok\servers\Application\Admin\Model\MenuModel.class.php 第 176 行.
SQL: SELECT * FROM `sp_menu` WHERE `parentid` = 560 AND `status` = 1 ORDER BY `listorder` DESC  [ RunTime:0.0010s ]
NOTIC: [8] Undefined variable: ret D:\phpStudy\WWW\ok\servers\Application\Admin\Model\MenuModel.class.php 第 176 行.
SQL: SELECT * FROM `sp_menu` WHERE `parentid` = 562 AND `status` = 1 ORDER BY `listorder` DESC  [ RunTime:0.0010s ]
NOTIC: [8] Undefined variable: ret D:\phpStudy\WWW\ok\servers\Application\Admin\Model\MenuModel.class.php 第 176 行.
SQL: SELECT * FROM `sp_menu` WHERE `parentid` = 563 AND `status` = 1 ORDER BY `listorder` DESC  [ RunTime:0.0010s ]
SQL: SELECT * FROM `sp_menu` WHERE `parentid` = 564 AND `status` = 1 ORDER BY `listorder` DESC  [ RunTime:0.0010s ]
NOTIC: [8] Undefined variable: ret D:\phpStudy\WWW\ok\servers\Application\Admin\Model\MenuModel.class.php 第 176 行.
SQL: SELECT * FROM `sp_menu` WHERE `parentid` = 565 AND `status` = 1 ORDER BY `listorder` DESC  [ RunTime:0.0010s ]
NOTIC: [8] Undefined variable: ret D:\phpStudy\WWW\ok\servers\Application\Admin\Model\MenuModel.class.php 第 176 行.
INFO: [ view_parse ] --START--
INFO: [ template_filter ] --START--
INFO: Run Behavior\ContentReplaceBehavior [ RunTime:0.001000s ]
INFO: [ template_filter ] --END-- [ RunTime:0.001000s ]
INFO: Run Behavior\ParseTemplateBehavior [ RunTime:0.055004s ]
INFO: [ view_parse ] --END-- [ RunTime:0.056004s ]
INFO: [ view_filter ] --START--
INFO: Run Behavior\WriteHtmlCacheBehavior [ RunTime:0.000000s ]
INFO: [ view_filter ] --END-- [ RunTime:0.002000s ]
INFO: [ app_end ] --START--
INFO: Run Behavior\ShowPageTraceBehavior [ RunTime:0.001000s ]
INFO: [ app_end ] --END-- [ RunTime:0.002000s ]

[ 2017-06-17T10:58:23+08:00 ] 127.0.0.1 /ok/servers/index.php/Admin/Index/info
INFO: [ app_init ] --START--
INFO: Run Behavior\BuildLiteBehavior [ RunTime:0.000000s ]
INFO: [ app_init ] --END-- [ RunTime:0.001001s ]
INFO: [ app_begin ] --START--
INFO: Run Behavior\ReadHtmlCacheBehavior [ RunTime:0.001000s ]
INFO: [ app_begin ] --END-- [ RunTime:0.001000s ]
SQL: SHOW COLUMNS FROM `sp_users` [ RunTime:0.0260s ]
SQL: SELECT * FROM `sp_users` WHERE `id` = 1 LIMIT 1   [ RunTime:0.0010s ]
INFO: [ app_end ] --START--
INFO: Run Behavior\ShowPageTraceBehavior [ RunTime:0.001000s ]
INFO: [ app_end ] --END-- [ RunTime:0.002001s ]

[ 2017-06-17T10:58:32+08:00 ] 127.0.0.1 /ok/servers/index.php/Admin/Carousel/Carousel_show/menuid/565
INFO: [ app_init ] --START--
INFO: Run Behavior\BuildLiteBehavior [ RunTime:0.000000s ]
INFO: [ app_init ] --END-- [ RunTime:0.002000s ]
INFO: [ app_begin ] --START--
INFO: Run Behavior\ReadHtmlCacheBehavior [ RunTime:0.001000s ]
INFO: [ app_begin ] --END-- [ RunTime:0.002000s ]
SQL: SHOW COLUMNS FROM `sp_users` [ RunTime:0.0310s ]
SQL: SELECT * FROM `sp_users` WHERE `id` = 1 LIMIT 1   [ RunTime:0.0010s ]
SQL: SHOW COLUMNS FROM `sp_carousel` [ RunTime:0.0230s ]
SQL: SELECT * FROM `sp_carousel` WHERE `carousel_status` > 0  [ RunTime:0.0010s ]
SQL: SELECT * FROM `sp_carousel` WHERE `carousel_status` > 0 LIMIT 0,3   [ RunTime:0.0010s ]
INFO: [ view_parse ] --START--
INFO: [ template_filter ] --START--
INFO: Run Behavior\ContentReplaceBehavior [ RunTime:0.000000s ]
INFO: [ template_filter ] --END-- [ RunTime:0.002000s ]
NOTIC: [8] Undefined index: brand_time D:\phpStudy\WWW\ok\servers\Application\Runtime\Cache\Admin\dfd396d28dc5adcabc3c141ca3f0b729.php 第 98 行.
INFO: Run Behavior\ParseTemplateBehavior [ RunTime:0.052003s ]
INFO: [ view_parse ] --END-- [ RunTime:0.053003s ]
INFO: [ view_filter ] --START--
INFO: Run Behavior\WriteHtmlCacheBehavior [ RunTime:0.000000s ]
INFO: [ view_filter ] --END-- [ RunTime:0.002000s ]
INFO: [ app_end ] --START--
INFO: Run Behavior\ShowPageTraceBehavior [ RunTime:0.001000s ]
INFO: [ app_end ] --END-- [ RunTime:0.001000s ]

[ 2017-06-17T10:58:34+08:00 ] 127.0.0.1 /ok/servers/index.php/Admin/Carousel/Carousel_add/menuid/564
INFO: [ app_init ] --START--
INFO: Run Behavior\BuildLiteBehavior [ RunTime:0.000000s ]
INFO: [ app_init ] --END-- [ RunTime:0.002000s ]
INFO: [ app_begin ] --START--
INFO: Run Behavior\ReadHtmlCacheBehavior [ RunTime:0.001000s ]
INFO: [ app_begin ] --END-- [ RunTime:0.001000s ]
SQL: SHOW COLUMNS FROM `sp_users` [ RunTime:0.0440s ]
SQL: SELECT * FROM `sp_users` WHERE `id` = 1 LIMIT 1   [ RunTime:0.0010s ]
SQL: SHOW COLUMNS FROM `sp_carousel` [ RunTime:0.0230s ]
INFO: [ view_parse ] --START--
INFO: [ template_filter ] --START--
INFO: Run Behavior\ContentReplaceBehavior [ RunTime:0.001000s ]
INFO: [ template_filter ] --END-- [ RunTime:0.003000s ]
INFO: Run Behavior\ParseTemplateBehavior [ RunTime:0.086005s ]
INFO: [ view_parse ] --END-- [ RunTime:0.087005s ]
INFO: [ view_filter ] --START--
INFO: Run Behavior\WriteHtmlCacheBehavior [ RunTime:0.001000s ]
INFO: [ view_filter ] --END-- [ RunTime:0.003000s ]
INFO: [ app_end ] --START--
INFO: Run Behavior\ShowPageTraceBehavior [ RunTime:0.001000s ]
INFO: [ app_end ] --END-- [ RunTime:0.003001s ]

[ 2017-06-17T10:58:52+08:00 ] 127.0.0.1 /ok/servers/index.php/Admin/Attr/attr_show/menuid/562
INFO: [ app_init ] --START--
INFO: Run Behavior\BuildLiteBehavior [ RunTime:0.000000s ]
INFO: [ app_init ] --END-- [ RunTime:0.001000s ]
INFO: [ app_begin ] --START--
INFO: Run Behavior\ReadHtmlCacheBehavior [ RunTime:0.001000s ]
INFO: [ app_begin ] --END-- [ RunTime:0.001000s ]
ERR: 无法加载控制器:Attr

[ 2017-06-17T10:58:58+08:00 ] 127.0.0.1 /ok/servers/index.php/Admin/Index/index
INFO: [ app_init ] --START--
INFO: Run Behavior\BuildLiteBehavior [ RunTime:0.000000s ]
INFO: [ app_init ] --END-- [ RunTime:0.003000s ]
INFO: [ app_begin ] --START--
INFO: Run Behavior\ReadHtmlCacheBehavior [ RunTime:0.002000s ]
INFO: [ app_begin ] --END-- [ RunTime:0.003001s ]
SQL: SHOW COLUMNS FROM `sp_users` [ RunTime:0.0430s ]
SQL: SELECT * FROM `sp_users` WHERE `id` = 1 LIMIT 1   [ RunTime:0.0020s ]
SQL: SHOW COLUMNS FROM `sp_menu` [ RunTime:0.0240s ]
SQL: SELECT * FROM `sp_menu` WHERE `parentid` = 0 AND `status` = 1 ORDER BY `listorder` DESC  [ RunTime:0.0040s ]
SQL: SELECT * FROM `sp_menu` WHERE `parentid` = 239 AND `status` = 1 ORDER BY `listorder` DESC  [ RunTime:0.0020s ]
SQL: SELECT * FROM `sp_menu` WHERE `parentid` = 252 AND `status` = 1 ORDER BY `listorder` DESC  [ RunTime:0.0020s ]
SQL: SELECT * FROM `sp_menu` WHERE `parentid` = 253 AND `status` = 1 ORDER BY `listorder` DESC  [ RunTime:0.0010s ]
NOTIC: [8] Undefined variable: ret D:\phpStudy\WWW\ok\servers\Application\Admin\Model\MenuModel.class.php 第 176 行.
SQL: SELECT * FROM `sp_menu` WHERE `parentid` = 254 AND `status` = 1 ORDER BY `listorder` DESC  [ RunTime:0.0010s ]
NOTIC: [8] Undefined variable: ret D:\phpStudy\WWW\ok\servers\Application\Admin\Model\MenuModel.class.php 第 176 行.
SQL: SELECT * FROM `sp_menu` WHERE `parentid` = 286 AND `status` = 1 ORDER BY `listorder` DESC  [ RunTime:0.0010s ]
SQL: SELECT * FROM `sp_menu` WHERE `parentid` = 290 AND `status` = 1 ORDER BY `listorder` DESC  [ RunTime:0.0010s ]
SQL: SELECT * FROM `sp_menu` WHERE `parentid` = 291 AND `status` = 1 ORDER BY `listorder` DESC  [ RunTime:0.0020s ]
SQL: SELECT * FROM `sp_menu` WHERE `parentid` = 463 AND `status` = 1 ORDER BY `listorder` DESC  [ RunTime:0.0010s ]
NOTIC: [8] Undefined variable: ret D:\phpStudy\WWW\ok\servers\Application\Admin\Model\MenuModel.class.php 第 176 行.
SQL: SELECT * FROM `sp_menu` WHERE `parentid` = 462 AND `status` = 1 ORDER BY `listorder` DESC  [ RunTime:0.0010s ]
NOTIC: [8] Undefined variable: ret D:\phpStudy\WWW\ok\servers\Application\Admin\Model\MenuModel.class.php 第 176 行.
SQL: SELECT * FROM `sp_menu` WHERE `parentid` = 292 AND `status` = 1 ORDER BY `listorder` DESC  [ RunTime:0.0020s ]
NOTIC: [8] Undefined variable: ret D:\phpStudy\WWW\ok\servers\Application\Admin\Model\MenuModel.class.php 第 176 行.
SQL: SELECT * FROM `sp_menu` WHERE `parentid` = 293 AND `status` = 1 ORDER BY `listorder` DESC  [ RunTime:0.0020s ]
SQL: SELECT * FROM `sp_menu` WHERE `parentid` = 297 AND `status` = 1 ORDER BY `listorder` DESC  [ RunTime:0.0010s ]
NOTIC: [8] Undefined variable: ret D:\phpStudy\WWW\ok\servers\Application\Admin\Model\MenuModel.class.php 第 176 行.
SQL: SELECT * FROM `sp_menu` WHERE `parentid` = 553 AND `status` = 1 ORDER BY `listorder` DESC  [ RunTime:0.0010s ]
SQL: SELECT * FROM `sp_menu` WHERE `parentid` = 554 AND `status` = 1 ORDER BY `listorder` DESC  [ RunTime:0.0010s ]
NOTIC: [8] Undefined variable: ret D:\phpStudy\WWW\ok\servers\Application\Admin\Model\MenuModel.class.php 第 176 行.
SQL: SELECT * FROM `sp_menu` WHERE `parentid` = 556 AND `status` = 1 ORDER BY `listorder` DESC  [ RunTime:0.0010s ]
NOTIC: [8] Undefined variable: ret D:\phpStudy\WWW\ok\servers\Application\Admin\Model\MenuModel.class.php 第 176 行.
SQL: SELECT * FROM `sp_menu` WHERE `parentid` = 561 AND `status` = 1 ORDER BY `listorder` DESC  [ RunTime:0.0010s ]
NOTIC: [8] Undefined variable: ret D:\phpStudy\WWW\ok\servers\Application\Admin\Model\MenuModel.class.php 第 176 行.
SQL: SELECT * FROM `sp_menu` WHERE `parentid` = 552 AND `status` = 1 ORDER BY `listorder` DESC  [ RunTime:0.0020s ]
NOTIC: [8] Undefined variable: ret D:\phpStudy\WWW\ok\servers\Application\Admin\Model\MenuModel.class.php 第 176 行.
SQL: SELECT * FROM `sp_menu` WHERE `parentid` = 557 AND `status` = 1 ORDER BY `listorder` DESC  [ RunTime:0.0010s ]
NOTIC: [8] Undefined variable: ret D:\phpStudy\WWW\ok\servers\Application\Admin\Model\MenuModel.class.php 第 176 行.
SQL: SELECT * FROM `sp_menu` WHERE `parentid` = 558 AND `status` = 1 ORDER BY `listorder` DESC  [ RunTime:0.0010s ]
SQL: SELECT * FROM `sp_menu` WHERE `parentid` = 559 AND `status` = 1 ORDER BY `listorder` DESC  [ RunTime:0.0010s ]
NOTIC: [8] Undefined variable: ret D:\phpStudy\WWW\ok\servers\Application\Admin\Model\MenuModel.class.php 第 176 行.
SQL: SELECT * FROM `sp_menu` WHERE `parentid` = 560 AND `status` = 1 ORDER BY `listorder` DESC  [ RunTime:0.0010s ]
NOTIC: [8] Undefined variable: ret D:\phpStudy\WWW\ok\servers\Application\Admin\Model\MenuModel.class.php 第 176 行.
SQL: SELECT * FROM `sp_menu` WHERE `parentid` = 562 AND `status` = 1 ORDER BY `listorder` DESC  [ RunTime:0.0010s ]
NOTIC: [8] Undefined variable: ret D:\phpStudy\WWW\ok\servers\Application\Admin\Model\MenuModel.class.php 第 176 行.
SQL: SELECT * FROM `sp_menu` WHERE `parentid` = 563 AND `status` = 1 ORDER BY `listorder` DESC  [ RunTime:0.0010s ]
SQL: SELECT * FROM `sp_menu` WHERE `parentid` = 564 AND `status` = 1 ORDER BY `listorder` DESC  [ RunTime:0.0020s ]
NOTIC: [8] Undefined variable: ret D:\phpStudy\WWW\ok\servers\Application\Admin\Model\MenuModel.class.php 第 176 行.
SQL: SELECT * FROM `sp_menu` WHERE `parentid` = 565 AND `status` = 1 ORDER BY `listorder` DESC  [ RunTime:0.0010s ]
NOTIC: [8] Undefined variable: ret D:\phpStudy\WWW\ok\servers\Application\Admin\Model\MenuModel.class.php 第 176 行.
INFO: [ view_parse ] --START--
INFO: [ template_filter ] --START--
INFO: Run Behavior\ContentReplaceBehavior [ RunTime:0.000000s ]
INFO: [ template_filter ] --END-- [ RunTime:0.002001s ]
INFO: Run Behavior\ParseTemplateBehavior [ RunTime:0.058003s ]
INFO: [ view_parse ] --END-- [ RunTime:0.059003s ]
INFO: [ view_filter ] --START--
INFO: Run Behavior\WriteHtmlCacheBehavior [ RunTime:0.001000s ]
INFO: [ view_filter ] --END-- [ RunTime:0.002000s ]
INFO: [ app_end ] --START--
INFO: Run Behavior\ShowPageTraceBehavior [ RunTime:0.001000s ]
INFO: [ app_end ] --END-- [ RunTime:0.002000s ]

[ 2017-06-17T10:58:58+08:00 ] 127.0.0.1 /ok/servers/index.php/Admin/Index/info
INFO: [ app_init ] --START--
INFO: Run Behavior\BuildLiteBehavior [ RunTime:0.000000s ]
INFO: [ app_init ] --END-- [ RunTime:0.001000s ]
INFO: [ app_begin ] --START--
INFO: Run Behavior\ReadHtmlCacheBehavior [ RunTime:0.001000s ]
INFO: [ app_begin ] --END-- [ RunTime:0.002001s ]
SQL: SHOW COLUMNS FROM `sp_users` [ RunTime:0.0440s ]
SQL: SELECT * FROM `sp_users` WHERE `id` = 1 LIMIT 1   [ RunTime:0.0010s ]
INFO: [ app_end ] --START--
INFO: Run Behavior\ShowPageTraceBehavior [ RunTime:0.001000s ]
INFO: [ app_end ] --END-- [ RunTime:0.002001s ]

[ 2017-06-17T10:59:01+08:00 ] 127.0.0.1 /ok/servers/index.php/Admin/Brand/add/menuid/559
INFO: [ app_init ] --START--
INFO: Run Behavior\BuildLiteBehavior [ RunTime:0.000000s ]
INFO: [ app_init ] --END-- [ RunTime:0.001000s ]
INFO: [ app_begin ] --START--
INFO: Run Behavior\ReadHtmlCacheBehavior [ RunTime:0.001000s ]
INFO: [ app_begin ] --END-- [ RunTime:0.002000s ]
NOTIC: [2048] Declaration of Admin\Controller\BrandController::show() should be compatible with Think\Controller::show($content, $charset = '', $contentType = '', $prefix = '') D:\phpStudy\WWW\ok\servers\Application\Admin\Controller\BrandController.class.php 第 7 行.
SQL: SHOW COLUMNS FROM `sp_users` [ RunTime:0.0450s ]
SQL: SELECT * FROM `sp_users` WHERE `id` = 1 LIMIT 1   [ RunTime:0.0010s ]
SQL: SHOW COLUMNS FROM `sp_brand` [ RunTime:0.0320s ]
SQL: SHOW COLUMNS FROM `sp_goods` [ RunTime:0.0230s ]
INFO: [ view_parse ] --START--
INFO: [ template_filter ] --START--
INFO: Run Behavior\ContentReplaceBehavior [ RunTime:0.001000s ]
INFO: [ template_filter ] --END-- [ RunTime:0.002000s ]
INFO: Run Behavior\ParseTemplateBehavior [ RunTime:0.043003s ]
INFO: [ view_parse ] --END-- [ RunTime:0.044003s ]
INFO: [ view_filter ] --START--
INFO: Run Behavior\WriteHtmlCacheBehavior [ RunTime:0.001000s ]
INFO: [ view_filter ] --END-- [ RunTime:0.001000s ]
INFO: [ app_end ] --START--
INFO: Run Behavior\ShowPageTraceBehavior [ RunTime:0.000000s ]
INFO: [ app_end ] --END-- [ RunTime:0.002000s ]

[ 2017-06-17T10:59:03+08:00 ] 127.0.0.1 /ok/servers/index.php/Admin/Brand/show/menuid/560
INFO: [ app_init ] --START--
INFO: Run Behavior\BuildLiteBehavior [ RunTime:0.000000s ]
INFO: [ app_init ] --END-- [ RunTime:0.001000s ]
INFO: [ app_begin ] --START--
INFO: Run Behavior\ReadHtmlCacheBehavior [ RunTime:0.002000s ]
INFO: [ app_begin ] --END-- [ RunTime:0.002000s ]
NOTIC: [2048] Declaration of Admin\Controller\BrandController::show() should be compatible with Think\Controller::show($content, $charset = '', $contentType = '', $prefix = '') D:\phpStudy\WWW\ok\servers\Application\Admin\Controller\BrandController.class.php 第 7 行.
SQL: SHOW COLUMNS FROM `sp_users` [ RunTime:0.0430s ]
SQL: SELECT * FROM `sp_users` WHERE `id` = 1 LIMIT 1   [ RunTime:0.0010s ]
SQL: SHOW COLUMNS FROM `sp_brand` [ RunTime:0.0230s ]
SQL: SHOW COLUMNS FROM `sp_goods` [ RunTime:0.0230s ]
SQL: SHOW COLUMNS FROM `sp_brand` [ RunTime:0.0160s ]
SQL: SELECT * FROM `sp_brand` WHERE ( brand_status > 0 )  [ RunTime:0.0030s ]
SQL: SELECT * FROM `sp_brand` WHERE ( brand_status > 0 ) LIMIT 0,3   [ RunTime:0.0020s ]
INFO: [ view_parse ] --START--
INFO: [ template_filter ] --START--
INFO: Run Behavior\ContentReplaceBehavior [ RunTime:0.001000s ]
INFO: [ template_filter ] --END-- [ RunTime:0.003000s ]
INFO: Run Behavior\ParseTemplateBehavior [ RunTime:0.096006s ]
INFO: [ view_parse ] --END-- [ RunTime:0.098006s ]
INFO: [ view_filter ] --START--
INFO: Run Behavior\WriteHtmlCacheBehavior [ RunTime:0.002000s ]
INFO: [ view_filter ] --END-- [ RunTime:0.003000s ]
INFO: [ app_end ] --START--
INFO: Run Behavior\ShowPageTraceBehavior [ RunTime:0.001000s ]
INFO: [ app_end ] --END-- [ RunTime:0.002000s ]

[ 2017-06-17T10:59:08+08:00 ] 127.0.0.1 /ok/servers/index.php/Admin/Goods/sort/menuid/557
INFO: [ app_init ] --START--
INFO: Run Behavior\BuildLiteBehavior [ RunTime:0.001000s ]
INFO: [ app_init ] --END-- [ RunTime:0.001000s ]
INFO: [ app_begin ] --START--
INFO: Run Behavior\ReadHtmlCacheBehavior [ RunTime:0.001000s ]
INFO: [ app_begin ] --END-- [ RunTime:0.002000s ]
ERR: 无法加载控制器:Goods

[ 2017-06-17T10:59:11+08:00 ] 127.0.0.1 /ok/servers/index.php/Admin/Index/index
INFO: [ app_init ] --START--
INFO: Run Behavior\BuildLiteBehavior [ RunTime:0.000000s ]
INFO: [ app_init ] --END-- [ RunTime:0.001000s ]
INFO: [ app_begin ] --START--
INFO: Run Behavior\ReadHtmlCacheBehavior [ RunTime:0.001000s ]
INFO: [ app_begin ] --END-- [ RunTime:0.001000s ]
SQL: SHOW COLUMNS FROM `sp_users` [ RunTime:0.0430s ]
SQL: SELECT * FROM `sp_users` WHERE `id` = 1 LIMIT 1   [ RunTime:0.0020s ]
SQL: SHOW COLUMNS FROM `sp_menu` [ RunTime:0.0240s ]
SQL: SELECT * FROM `sp_menu` WHERE `parentid` = 0 AND `status` = 1 ORDER BY `listorder` DESC  [ RunTime:0.0030s ]
SQL: SELECT * FROM `sp_menu` WHERE `parentid` = 239 AND `status` = 1 ORDER BY `listorder` DESC  [ RunTime:0.0020s ]
SQL: SELECT * FROM `sp_menu` WHERE `parentid` = 252 AND `status` = 1 ORDER BY `listorder` DESC  [ RunTime:0.0020s ]
SQL: SELECT * FROM `sp_menu` WHERE `parentid` = 253 AND `status` = 1 ORDER BY `listorder` DESC  [ RunTime:0.0010s ]
NOTIC: [8] Undefined variable: ret D:\phpStudy\WWW\ok\servers\Application\Admin\Model\MenuModel.class.php 第 176 行.
SQL: SELECT * FROM `sp_menu` WHERE `parentid` = 254 AND `status` = 1 ORDER BY `listorder` DESC  [ RunTime:0.0010s ]
NOTIC: [8] Undefined variable: ret D:\phpStudy\WWW\ok\servers\Application\Admin\Model\MenuModel.class.php 第 176 行.
SQL: SELECT * FROM `sp_menu` WHERE `parentid` = 286 AND `status` = 1 ORDER BY `listorder` DESC  [ RunTime:0.0020s ]
SQL: SELECT * FROM `sp_menu` WHERE `parentid` = 290 AND `status` = 1 ORDER BY `listorder` DESC  [ RunTime:0.0010s ]
SQL: SELECT * FROM `sp_menu` WHERE `parentid` = 291 AND `status` = 1 ORDER BY `listorder` DESC  [ RunTime:0.0010s ]
SQL: SELECT * FROM `sp_menu` WHERE `parentid` = 463 AND `status` = 1 ORDER BY `listorder` DESC  [ RunTime:0.0010s ]
NOTIC: [8] Undefined variable: ret D:\phpStudy\WWW\ok\servers\Application\Admin\Model\MenuModel.class.php 第 176 行.
SQL: SELECT * FROM `sp_menu` WHERE `parentid` = 462 AND `status` = 1 ORDER BY `listorder` DESC  [ RunTime:0.0010s ]
NOTIC: [8] Undefined variable: ret D:\phpStudy\WWW\ok\servers\Application\Admin\Model\MenuModel.class.php 第 176 行.
SQL: SELECT * FROM `sp_menu` WHERE `parentid` = 292 AND `status` = 1 ORDER BY `listorder` DESC  [ RunTime:0.0020s ]
NOTIC: [8] Undefined variable: ret D:\phpStudy\WWW\ok\servers\Application\Admin\Model\MenuModel.class.php 第 176 行.
SQL: SELECT * FROM `sp_menu` WHERE `parentid` = 293 AND `status` = 1 ORDER BY `listorder` DESC  [ RunTime:0.0010s ]
SQL: SELECT * FROM `sp_menu` WHERE `parentid` = 297 AND `status` = 1 ORDER BY `listorder` DESC  [ RunTime:0.0010s ]
NOTIC: [8] Undefined variable: ret D:\phpStudy\WWW\ok\servers\Application\Admin\Model\MenuModel.class.php 第 176 行.
SQL: SELECT * FROM `sp_menu` WHERE `parentid` = 553 AND `status` = 1 ORDER BY `listorder` DESC  [ RunTime:0.0010s ]
SQL: SELECT * FROM `sp_menu` WHERE `parentid` = 554 AND `status` = 1 ORDER BY `listorder` DESC  [ RunTime:0.0010s ]
NOTIC: [8] Undefined variable: ret D:\phpStudy\WWW\ok\servers\Application\Admin\Model\MenuModel.class.php 第 176 行.
SQL: SELECT * FROM `sp_menu` WHERE `parentid` = 556 AND `status` = 1 ORDER BY `listorder` DESC  [ RunTime:0.0010s ]
NOTIC: [8] Undefined variable: ret D:\phpStudy\WWW\ok\servers\Application\Admin\Model\MenuModel.class.php 第 176 行.
SQL: SELECT * FROM `sp_menu` WHERE `parentid` = 561 AND `status` = 1 ORDER BY `listorder` DESC  [ RunTime:0.0010s ]
NOTIC: [8] Undefined variable: ret D:\phpStudy\WWW\ok\servers\Application\Admin\Model\MenuModel.class.php 第 176 行.
SQL: SELECT * FROM `sp_menu` WHERE `parentid` = 552 AND `status` = 1 ORDER BY `listorder` DESC  [ RunTime:0.0010s ]
NOTIC: [8] Undefined variable: ret D:\phpStudy\WWW\ok\servers\Application\Admin\Model\MenuModel.class.php 第 176 行.
SQL: SELECT * FROM `sp_menu` WHERE `parentid` = 557 AND `status` = 1 ORDER BY `listorder` DESC  [ RunTime:0.0010s ]
NOTIC: [8] Undefined variable: ret D:\phpStudy\WWW\ok\servers\Application\Admin\Model\MenuModel.class.php 第 176 行.
SQL: SELECT * FROM `sp_menu` WHERE `parentid` = 558 AND `status` = 1 ORDER BY `listorder` DESC  [ RunTime:0.0010s ]
SQL: SELECT * FROM `sp_menu` WHERE `parentid` = 559 AND `status` = 1 ORDER BY `listorder` DESC  [ RunTime:0.0010s ]
NOTIC: [8] Undefined variable: ret D:\phpStudy\WWW\ok\servers\Application\Admin\Model\MenuModel.class.php 第 176 行.
SQL: SELECT * FROM `sp_menu` WHERE `parentid` = 560 AND `status` = 1 ORDER BY `listorder` DESC  [ RunTime:0.0010s ]
NOTIC: [8] Undefined variable: ret D:\phpStudy\WWW\ok\servers\Application\Admin\Model\MenuModel.class.php 第 176 行.
SQL: SELECT * FROM `sp_menu` WHERE `parentid` = 562 AND `status` = 1 ORDER BY `listorder` DESC  [ RunTime:0.0010s ]
NOTIC: [8] Undefined variable: ret D:\phpStudy\WWW\ok\servers\Application\Admin\Model\MenuModel.class.php 第 176 行.
SQL: SELECT * FROM `sp_menu` WHERE `parentid` = 563 AND `status` = 1 ORDER BY `listorder` DESC  [ RunTime:0.0010s ]
SQL: SELECT * FROM `sp_menu` WHERE `parentid` = 564 AND `status` = 1 ORDER BY `listorder` DESC  [ RunTime:0.0010s ]
NOTIC: [8] Undefined variable: ret D:\phpStudy\WWW\ok\servers\Application\Admin\Model\MenuModel.class.php 第 176 行.
SQL: SELECT * FROM `sp_menu` WHERE `parentid` = 565 AND `status` = 1 ORDER BY `listorder` DESC  [ RunTime:0.0020s ]
NOTIC: [8] Undefined variable: ret D:\phpStudy\WWW\ok\servers\Application\Admin\Model\MenuModel.class.php 第 176 行.
INFO: [ view_parse ] --START--
INFO: [ template_filter ] --START--
INFO: Run Behavior\ContentReplaceBehavior [ RunTime:0.000000s ]
INFO: [ template_filter ] --END-- [ RunTime:0.002001s ]
INFO: Run Behavior\ParseTemplateBehavior [ RunTime:0.053003s ]
INFO: [ view_parse ] --END-- [ RunTime:0.054003s ]
INFO: [ view_filter ] --START--
INFO: Run Behavior\WriteHtmlCacheBehavior [ RunTime:0.000000s ]
INFO: [ view_filter ] --END-- [ RunTime:0.002000s ]
INFO: [ app_end ] --START--
INFO: Run Behavior\ShowPageTraceBehavior [ RunTime:0.001000s ]
INFO: [ app_end ] --END-- [ RunTime:0.001000s ]

[ 2017-06-17T10:59:12+08:00 ] 127.0.0.1 /ok/servers/index.php/Admin/Index/info
INFO: [ app_init ] --START--
INFO: Run Behavior\BuildLiteBehavior [ RunTime:0.000000s ]
INFO: [ app_init ] --END-- [ RunTime:0.002000s ]
INFO: [ app_begin ] --START--
INFO: Run Behavior\ReadHtmlCacheBehavior [ RunTime:0.001000s ]
INFO: [ app_begin ] --END-- [ RunTime:0.001000s ]
SQL: SHOW COLUMNS FROM `sp_users` [ RunTime:0.0350s ]
SQL: SELECT * FROM `sp_users` WHERE `id` = 1 LIMIT 1   [ RunTime:0.0010s ]
INFO: [ app_end ] --START--
INFO: Run Behavior\ShowPageTraceBehavior [ RunTime:0.001000s ]
INFO: [ app_end ] --END-- [ RunTime:0.002000s ]

[ 2017-06-17T10:59:13+08:00 ] 127.0.0.1 /ok/servers/index.php/Admin/Order/shows/menuid/552
INFO: [ app_init ] --START--
INFO: Run Behavior\BuildLiteBehavior [ RunTime:0.000000s ]
INFO: [ app_init ] --END-- [ RunTime:0.001000s ]
INFO: [ app_begin ] --START--
INFO: Run Behavior\ReadHtmlCacheBehavior [ RunTime:0.001000s ]
INFO: [ app_begin ] --END-- [ RunTime:0.002000s ]
ERR: 无法加载控制器:Order

[ 2017-06-17T10:59:18+08:00 ] 127.0.0.1 /ok/servers/index.php/Admin/Type/type_index/menuid/561
INFO: [ app_init ] --START--
INFO: Run Behavior\BuildLiteBehavior [ RunTime:0.000000s ]
INFO: [ app_init ] --END-- [ RunTime:0.002000s ]
INFO: [ app_begin ] --START--
INFO: Run Behavior\ReadHtmlCacheBehavior [ RunTime:0.001000s ]
INFO: [ app_begin ] --END-- [ RunTime:0.002001s ]
ERR: 无法加载控制器:Type

[ 2017-06-17T10:59:21+08:00 ] 127.0.0.1 /ok/servers/index.php/Admin/Goods/add/menuid/554
INFO: [ app_init ] --START--
INFO: Run Behavior\BuildLiteBehavior [ RunTime:0.000000s ]
INFO: [ app_init ] --END-- [ RunTime:0.002000s ]
INFO: [ app_begin ] --START--
INFO: Run Behavior\ReadHtmlCacheBehavior [ RunTime:0.001000s ]
INFO: [ app_begin ] --END-- [ RunTime:0.002000s ]
ERR: 无法加载控制器:Goods

[ 2017-06-17T10:59:28+08:00 ] 127.0.0.1 /ok/servers/index.php/Admin/public/dologin
INFO: [ app_init ] --START--
INFO: Run Behavior\BuildLiteBehavior [ RunTime:0.000000s ]
INFO: [ app_init ] --END-- [ RunTime:0.001001s ]
INFO: [ app_begin ] --START--
INFO: Run Behavior\ReadHtmlCacheBehavior [ RunTime:0.001000s ]
INFO: [ app_begin ] --END-- [ RunTime:0.001000s ]
SQL: SHOW COLUMNS FROM `sp_users` [ RunTime:0.0420s ]
SQL: SELECT * FROM `sp_users` WHERE `user_login` = 'admin' LIMIT 1   [ RunTime:0.0020s ]
NOTIC: [8] Undefined index: org_id D:\phpStudy\WWW\ok\servers\Application\Admin\Controller\PublicController.class.php 第 76 行.
NOTIC: [8] Undefined index: org_id D:\phpStudy\WWW\ok\servers\Application\Admin\Controller\PublicController.class.php 第 77 行.
NOTIC: [8] Undefined index: org_id D:\phpStudy\WWW\ok\servers\Application\Admin\Controller\PublicController.class.php 第 79 行.
SQL: UPDATE `sp_users` SET `school_id`='0',`user_login`='admin',`user_pass`='21232f297a57a5a743894a0e4a801fc3',`user_nicename`='超级管理员',`user_email`='admin@163.com',`last_login_ip`='127.0.0.1',`last_login_time`='2017-06-17 10:59:28',`create_time`='2014-07-18 08:53:31',`user_activation_key`='',`user_status`='1',`role_id`='-1' WHERE `id` = 1 [ RunTime:0.0020s ]
INFO: [ view_parse ] --START--
INFO: [ template_filter ] --START--
INFO: Run Behavior\ContentReplaceBehavior [ RunTime:0.001000s ]
INFO: [ template_filter ] --END-- [ RunTime:0.001000s ]
INFO: Run Behavior\ParseTemplateBehavior [ RunTime:0.014001s ]
INFO: [ view_parse ] --END-- [ RunTime:0.015001s ]
INFO: [ view_filter ] --START--
INFO: Run Behavior\WriteHtmlCacheBehavior [ RunTime:0.000000s ]
INFO: [ view_filter ] --END-- [ RunTime:0.002000s ]
INFO: [ app_end ] --START--
INFO: Run Behavior\ShowPageTraceBehavior [ RunTime:0.001000s ]
INFO: [ app_end ] --END-- [ RunTime:0.001000s ]

[ 2017-06-17T10:59:30+08:00 ] 127.0.0.1 /ok/servers/index.php/Admin/Index/index
INFO: [ app_init ] --START--
INFO: Run Behavior\BuildLiteBehavior [ RunTime:0.001000s ]
INFO: [ app_init ] --END-- [ RunTime:0.002000s ]
INFO: [ app_begin ] --START--
INFO: Run Behavior\ReadHtmlCacheBehavior [ RunTime:0.001000s ]
INFO: [ app_begin ] --END-- [ RunTime:0.002000s ]
SQL: SHOW COLUMNS FROM `sp_users` [ RunTime:0.0430s ]
SQL: SELECT * FROM `sp_users` WHERE `id` = 1 LIMIT 1   [ RunTime:0.0010s ]
SQL: SHOW COLUMNS FROM `sp_menu` [ RunTime:0.0230s ]
SQL: SELECT * FROM `sp_menu` WHERE `parentid` = 0 AND `status` = 1 ORDER BY `listorder` DESC  [ RunTime:0.0030s ]
SQL: SELECT * FROM `sp_menu` WHERE `parentid` = 239 AND `status` = 1 ORDER BY `listorder` DESC  [ RunTime:0.0020s ]
SQL: SELECT * FROM `sp_menu` WHERE `parentid` = 252 AND `status` = 1 ORDER BY `listorder` DESC  [ RunTime:0.0010s ]
SQL: SELECT * FROM `sp_menu` WHERE `parentid` = 253 AND `status` = 1 ORDER BY `listorder` DESC  [ RunTime:0.0020s ]
NOTIC: [8] Undefined variable: ret D:\phpStudy\WWW\ok\servers\Application\Admin\Model\MenuModel.class.php 第 176 行.
SQL: SELECT * FROM `sp_menu` WHERE `parentid` = 254 AND `status` = 1 ORDER BY `listorder` DESC  [ RunTime:0.0010s ]
NOTIC: [8] Undefined variable: ret D:\phpStudy\WWW\ok\servers\Application\Admin\Model\MenuModel.class.php 第 176 行.
SQL: SELECT * FROM `sp_menu` WHERE `parentid` = 286 AND `status` = 1 ORDER BY `listorder` DESC  [ RunTime:0.0010s ]
SQL: SELECT * FROM `sp_menu` WHERE `parentid` = 290 AND `status` = 1 ORDER BY `listorder` DESC  [ RunTime:0.0010s ]
SQL: SELECT * FROM `sp_menu` WHERE `parentid` = 291 AND `status` = 1 ORDER BY `listorder` DESC  [ RunTime:0.0010s ]
SQL: SELECT * FROM `sp_menu` WHERE `parentid` = 463 AND `status` = 1 ORDER BY `listorder` DESC  [ RunTime:0.0010s ]
NOTIC: [8] Undefined variable: ret D:\phpStudy\WWW\ok\servers\Application\Admin\Model\MenuModel.class.php 第 176 行.
SQL: SELECT * FROM `sp_menu` WHERE `parentid` = 462 AND `status` = 1 ORDER BY `listorder` DESC  [ RunTime:0.0010s ]
NOTIC: [8] Undefined variable: ret D:\phpStudy\WWW\ok\servers\Application\Admin\Model\MenuModel.class.php 第 176 行.
SQL: SELECT * FROM `sp_menu` WHERE `parentid` = 292 AND `status` = 1 ORDER BY `listorder` DESC  [ RunTime:0.0010s ]
NOTIC: [8] Undefined variable: ret D:\phpStudy\WWW\ok\servers\Application\Admin\Model\MenuModel.class.php 第 176 行.
SQL: SELECT * FROM `sp_menu` WHERE `parentid` = 293 AND `status` = 1 ORDER BY `listorder` DESC  [ RunTime:0.0010s ]
SQL: SELECT * FROM `sp_menu` WHERE `parentid` = 297 AND `status` = 1 ORDER BY `listorder` DESC  [ RunTime:0.0010s ]
NOTIC: [8] Undefined variable: ret D:\phpStudy\WWW\ok\servers\Application\Admin\Model\MenuModel.class.php 第 176 行.
SQL: SELECT * FROM `sp_menu` WHERE `parentid` = 553 AND `status` = 1 ORDER BY `listorder` DESC  [ RunTime:0.0010s ]
SQL: SELECT * FROM `sp_menu` WHERE `parentid` = 554 AND `status` = 1 ORDER BY `listorder` DESC  [ RunTime:0.0010s ]
NOTIC: [8] Undefined variable: ret D:\phpStudy\WWW\ok\servers\Application\Admin\Model\MenuModel.class.php 第 176 行.
SQL: SELECT * FROM `sp_menu` WHERE `parentid` = 556 AND `status` = 1 ORDER BY `listorder` DESC  [ RunTime:0.0010s ]
NOTIC: [8] Undefined variable: ret D:\phpStudy\WWW\ok\servers\Application\Admin\Model\MenuModel.class.php 第 176 行.
SQL: SELECT * FROM `sp_menu` WHERE `parentid` = 561 AND `status` = 1 ORDER BY `listorder` DESC  [ RunTime:0.0010s ]
NOTIC: [8] Undefined variable: ret D:\phpStudy\WWW\ok\servers\Application\Admin\Model\MenuModel.class.php 第 176 行.
SQL: SELECT * FROM `sp_menu` WHERE `parentid` = 552 AND `status` = 1 ORDER BY `listorder` DESC  [ RunTime:0.0020s ]
NOTIC: [8] Undefined variable: ret D:\phpStudy\WWW\ok\servers\Application\Admin\Model\MenuModel.class.php 第 176 行.
SQL: SELECT * FROM `sp_menu` WHERE `parentid` = 557 AND `status` = 1 ORDER BY `listorder` DESC  [ RunTime:0.0010s ]
NOTIC: [8] Undefined variable: ret D:\phpStudy\WWW\ok\servers\Application\Admin\Model\MenuModel.class.php 第 176 行.
SQL: SELECT * FROM `sp_menu` WHERE `parentid` = 558 AND `status` = 1 ORDER BY `listorder` DESC  [ RunTime:0.0010s ]
SQL: SELECT * FROM `sp_menu` WHERE `parentid` = 559 AND `status` = 1 ORDER BY `listorder` DESC  [ RunTime:0.0010s ]
NOTIC: [8] Undefined variable: ret D:\phpStudy\WWW\ok\servers\Application\Admin\Model\MenuModel.class.php 第 176 行.
SQL: SELECT * FROM `sp_menu` WHERE `parentid` = 560 AND `status` = 1 ORDER BY `listorder` DESC  [ RunTime:0.0010s ]
NOTIC: [8] Undefined variable: ret D:\phpStudy\WWW\ok\servers\Application\Admin\Model\MenuModel.class.php 第 176 行.
SQL: SELECT * FROM `sp_menu` WHERE `parentid` = 562 AND `status` = 1 ORDER BY `listorder` DESC  [ RunTime:0.0010s ]
NOTIC: [8] Undefined variable: ret D:\phpStudy\WWW\ok\servers\Application\Admin\Model\MenuModel.class.php 第 176 行.
SQL: SELECT * FROM `sp_menu` WHERE `parentid` = 563 AND `status` = 1 ORDER BY `listorder` DESC  [ RunTime:0.0020s ]
SQL: SELECT * FROM `sp_menu` WHERE `parentid` = 564 AND `status` = 1 ORDER BY `listorder` DESC  [ RunTime:0.0010s ]
NOTIC: [8] Undefined variable: ret D:\phpStudy\WWW\ok\servers\Application\Admin\Model\MenuModel.class.php 第 176 行.
SQL: SELECT * FROM `sp_menu` WHERE `parentid` = 565 AND `status` = 1 ORDER BY `listorder` DESC  [ RunTime:0.0010s ]
NOTIC: [8] Undefined variable: ret D:\phpStudy\WWW\ok\servers\Application\Admin\Model\MenuModel.class.php 第 176 行.
INFO: [ view_parse ] --START--
INFO: [ template_filter ] --START--
INFO: Run Behavior\ContentReplaceBehavior [ RunTime:0.000000s ]
INFO: [ template_filter ] --END-- [ RunTime:0.002000s ]
INFO: Run Behavior\ParseTemplateBehavior [ RunTime:0.055003s ]
INFO: [ view_parse ] --END-- [ RunTime:0.055003s ]
INFO: [ view_filter ] --START--
INFO: Run Behavior\WriteHtmlCacheBehavior [ RunTime:0.001000s ]
INFO: [ view_filter ] --END-- [ RunTime:0.001000s ]
INFO: [ app_end ] --START--
INFO: Run Behavior\ShowPageTraceBehavior [ RunTime:0.000000s ]
INFO: [ app_end ] --END-- [ RunTime:0.002000s ]

[ 2017-06-17T10:59:30+08:00 ] 127.0.0.1 /ok/servers/index.php/Admin/Index/info
INFO: [ app_init ] --START--
INFO: Run Behavior\BuildLiteBehavior [ RunTime:0.001000s ]
INFO: [ app_init ] --END-- [ RunTime:0.001000s ]
INFO: [ app_begin ] --START--
INFO: Run Behavior\ReadHtmlCacheBehavior [ RunTime:0.001000s ]
INFO: [ app_begin ] --END-- [ RunTime:0.002000s ]
SQL: SHOW COLUMNS FROM `sp_users` [ RunTime:0.0270s ]
SQL: SELECT * FROM `sp_users` WHERE `id` = 1 LIMIT 1   [ RunTime:0.0010s ]
INFO: [ app_end ] --START--
INFO: Run Behavior\ShowPageTraceBehavior [ RunTime:0.000000s ]
INFO: [ app_end ] --END-- [ RunTime:0.002000s ]

[ 2017-06-17T10:59:36+08:00 ] 127.0.0.1 /ok/servers/index.php/Admin/Rbac/index/menuid/291
INFO: [ app_init ] --START--
INFO: Run Behavior\BuildLiteBehavior [ RunTime:0.000000s ]
INFO: [ app_init ] --END-- [ RunTime:0.001000s ]
INFO: [ app_begin ] --START--
INFO: Run Behavior\ReadHtmlCacheBehavior [ RunTime:0.001000s ]
INFO: [ app_begin ] --END-- [ RunTime:0.001000s ]
SQL: SHOW COLUMNS FROM `sp_users` [ RunTime:0.0430s ]
SQL: SELECT * FROM `sp_users` WHERE `id` = 1 LIMIT 1   [ RunTime:0.0020s ]
SQL: SHOW COLUMNS FROM `sp_role` [ RunTime:0.0540s ]
SQL: SELECT * FROM `sp_role` ORDER BY `listorder` asc,`id` DESC  [ RunTime:0.0010s ]
INFO: [ view_parse ] --START--
INFO: [ template_filter ] --START--
INFO: Run Behavior\ContentReplaceBehavior [ RunTime:0.001000s ]
INFO: [ template_filter ] --END-- [ RunTime:0.002000s ]
INFO: Run Behavior\ParseTemplateBehavior [ RunTime:0.091005s ]
INFO: [ view_parse ] --END-- [ RunTime:0.092005s ]
INFO: [ view_filter ] --START--
INFO: Run Behavior\WriteHtmlCacheBehavior [ RunTime:0.001000s ]
INFO: [ view_filter ] --END-- [ RunTime:0.001000s ]
INFO: [ app_end ] --START--
INFO: Run Behavior\ShowPageTraceBehavior [ RunTime:0.001001s ]
INFO: [ app_end ] --END-- [ RunTime:0.002001s ]

[ 2017-06-17T10:59:38+08:00 ] 127.0.0.1 /ok/servers/index.php/Admin/User/index/menuid/292
INFO: [ app_init ] --START--
INFO: Run Behavior\BuildLiteBehavior [ RunTime:0.000000s ]
INFO: [ app_init ] --END-- [ RunTime:0.002000s ]
INFO: [ app_begin ] --START--
INFO: Run Behavior\ReadHtmlCacheBehavior [ RunTime:0.001000s ]
INFO: [ app_begin ] --END-- [ RunTime:0.001000s ]
SQL: SHOW COLUMNS FROM `sp_users` [ RunTime:0.0440s ]
SQL: SELECT * FROM `sp_users` WHERE `id` = 1 LIMIT 1   [ RunTime:0.0010s ]
SQL: SHOW COLUMNS FROM `sp_role` [ RunTime:0.0230s ]
SQL: SHOW COLUMNS FROM `sp_users` [ RunTime:0.0150s ]
SQL: SELECT users.* FROM sp_users users WHERE `role_id` <> -1  [ RunTime:0.0020s ]
SQL: SELECT * FROM `sp_role`  [ RunTime:0.0010s ]
INFO: [ view_parse ] --START--
INFO: [ template_filter ] --START--
INFO: Run Behavior\ContentReplaceBehavior [ RunTime:0.000000s ]
INFO: [ template_filter ] --END-- [ RunTime:0.002000s ]
INFO: Run Behavior\ParseTemplateBehavior [ RunTime:0.086005s ]
INFO: [ view_parse ] --END-- [ RunTime:0.088005s ]
INFO: [ view_filter ] --START--
INFO: Run Behavior\WriteHtmlCacheBehavior [ RunTime:0.001000s ]
INFO: [ view_filter ] --END-- [ RunTime:0.002000s ]
INFO: [ app_end ] --START--
INFO: Run Behavior\ShowPageTraceBehavior [ RunTime:0.001000s ]
INFO: [ app_end ] --END-- [ RunTime:0.001000s ]

[ 2017-06-17T10:59:42+08:00 ] 127.0.0.1 /ok/servers/index.php/Admin/Index/index
INFO: [ app_init ] --START--
INFO: Run Behavior\BuildLiteBehavior [ RunTime:0.000000s ]
INFO: [ app_init ] --END-- [ RunTime:0.001000s ]
INFO: [ app_begin ] --START--
INFO: Run Behavior\ReadHtmlCacheBehavior [ RunTime:0.001000s ]
INFO: [ app_begin ] --END-- [ RunTime:0.002000s ]
SQL: SHOW COLUMNS FROM `sp_users` [ RunTime:0.0430s ]
SQL: SELECT * FROM `sp_users` WHERE `id` = 1 LIMIT 1   [ RunTime:0.0010s ]
SQL: SHOW COLUMNS FROM `sp_menu` [ RunTime:0.0240s ]
SQL: SELECT * FROM `sp_menu` WHERE `parentid` = 0 AND `status` = 1 ORDER BY `listorder` DESC  [ RunTime:0.0030s ]
SQL: SELECT * FROM `sp_menu` WHERE `parentid` = 239 AND `status` = 1 ORDER BY `listorder` DESC  [ RunTime:0.0020s ]
SQL: SELECT * FROM `sp_menu` WHERE `parentid` = 252 AND `status` = 1 ORDER BY `listorder` DESC  [ RunTime:0.0010s ]
SQL: SELECT * FROM `sp_menu` WHERE `parentid` = 253 AND `status` = 1 ORDER BY `listorder` DESC  [ RunTime:0.0010s ]
NOTIC: [8] Undefined variable: ret D:\phpStudy\WWW\ok\servers\Application\Admin\Model\MenuModel.class.php 第 176 行.
SQL: SELECT * FROM `sp_menu` WHERE `parentid` = 254 AND `status` = 1 ORDER BY `listorder` DESC  [ RunTime:0.0020s ]
NOTIC: [8] Undefined variable: ret D:\phpStudy\WWW\ok\servers\Application\Admin\Model\MenuModel.class.php 第 176 行.
SQL: SELECT * FROM `sp_menu` WHERE `parentid` = 286 AND `status` = 1 ORDER BY `listorder` DESC  [ RunTime:0.0010s ]
SQL: SELECT * FROM `sp_menu` WHERE `parentid` = 290 AND `status` = 1 ORDER BY `listorder` DESC  [ RunTime:0.0020s ]
SQL: SELECT * FROM `sp_menu` WHERE `parentid` = 291 AND `status` = 1 ORDER BY `listorder` DESC  [ RunTime:0.0010s ]
SQL: SELECT * FROM `sp_menu` WHERE `parentid` = 463 AND `status` = 1 ORDER BY `listorder` DESC  [ RunTime:0.0010s ]
NOTIC: [8] Undefined variable: ret D:\phpStudy\WWW\ok\servers\Application\Admin\Model\MenuModel.class.php 第 176 行.
SQL: SELECT * FROM `sp_menu` WHERE `parentid` = 462 AND `status` = 1 ORDER BY `listorder` DESC  [ RunTime:0.0020s ]
NOTIC: [8] Undefined variable: ret D:\phpStudy\WWW\ok\servers\Application\Admin\Model\MenuModel.class.php 第 176 行.
SQL: SELECT * FROM `sp_menu` WHERE `parentid` = 292 AND `status` = 1 ORDER BY `listorder` DESC  [ RunTime:0.0010s ]
NOTIC: [8] Undefined variable: ret D:\phpStudy\WWW\ok\servers\Application\Admin\Model\MenuModel.class.php 第 176 行.
SQL: SELECT * FROM `sp_menu` WHERE `parentid` = 293 AND `status` = 1 ORDER BY `listorder` DESC  [ RunTime:0.0010s ]
SQL: SELECT * FROM `sp_menu` WHERE `parentid` = 297 AND `status` = 1 ORDER BY `listorder` DESC  [ RunTime:0.0010s ]
NOTIC: [8] Undefined variable: ret D:\phpStudy\WWW\ok\servers\Application\Admin\Model\MenuModel.class.php 第 176 行.
SQL: SELECT * FROM `sp_menu` WHERE `parentid` = 553 AND `status` = 1 ORDER BY `listorder` DESC  [ RunTime:0.0010s ]
SQL: SELECT * FROM `sp_menu` WHERE `parentid` = 554 AND `status` = 1 ORDER BY `listorder` DESC  [ RunTime:0.0010s ]
NOTIC: [8] Undefined variable: ret D:\phpStudy\WWW\ok\servers\Application\Admin\Model\MenuModel.class.php 第 176 行.
SQL: SELECT * FROM `sp_menu` WHERE `parentid` = 556 AND `status` = 1 ORDER BY `listorder` DESC  [ RunTime:0.0010s ]
NOTIC: [8] Undefined variable: ret D:\phpStudy\WWW\ok\servers\Application\Admin\Model\MenuModel.class.php 第 176 行.
SQL: SELECT * FROM `sp_menu` WHERE `parentid` = 561 AND `status` = 1 ORDER BY `listorder` DESC  [ RunTime:0.0020s ]
NOTIC: [8] Undefined variable: ret D:\phpStudy\WWW\ok\servers\Application\Admin\Model\MenuModel.class.php 第 176 行.
SQL: SELECT * FROM `sp_menu` WHERE `parentid` = 552 AND `status` = 1 ORDER BY `listorder` DESC  [ RunTime:0.0010s ]
NOTIC: [8] Undefined variable: ret D:\phpStudy\WWW\ok\servers\Application\Admin\Model\MenuModel.class.php 第 176 行.
SQL: SELECT * FROM `sp_menu` WHERE `parentid` = 557 AND `status` = 1 ORDER BY `listorder` DESC  [ RunTime:0.0010s ]
NOTIC: [8] Undefined variable: ret D:\phpStudy\WWW\ok\servers\Application\Admin\Model\MenuModel.class.php 第 176 行.
SQL: SELECT * FROM `sp_menu` WHERE `parentid` = 558 AND `status` = 1 ORDER BY `listorder` DESC  [ RunTime:0.0010s ]
SQL: SELECT * FROM `sp_menu` WHERE `parentid` = 559 AND `status` = 1 ORDER BY `listorder` DESC  [ RunTime:0.0020s ]
NOTIC: [8] Undefined variable: ret D:\phpStudy\WWW\ok\servers\Application\Admin\Model\MenuModel.class.php 第 176 行.
SQL: SELECT * FROM `sp_menu` WHERE `parentid` = 560 AND `status` = 1 ORDER BY `listorder` DESC  [ RunTime:0.0020s ]
NOTIC: [8] Undefined variable: ret D:\phpStudy\WWW\ok\servers\Application\Admin\Model\MenuModel.class.php 第 176 行.
SQL: SELECT * FROM `sp_menu` WHERE `parentid` = 562 AND `status` = 1 ORDER BY `listorder` DESC  [ RunTime:0.0010s ]
NOTIC: [8] Undefined variable: ret D:\phpStudy\WWW\ok\servers\Application\Admin\Model\MenuModel.class.php 第 176 行.
SQL: SELECT * FROM `sp_menu` WHERE `parentid` = 563 AND `status` = 1 ORDER BY `listorder` DESC  [ RunTime:0.0010s ]
SQL: SELECT * FROM `sp_menu` WHERE `parentid` = 564 AND `status` = 1 ORDER BY `listorder` DESC  [ RunTime:0.0020s ]
NOTIC: [8] Undefined variable: ret D:\phpStudy\WWW\ok\servers\Application\Admin\Model\MenuModel.class.php 第 176 行.
SQL: SELECT * FROM `sp_menu` WHERE `parentid` = 565 AND `status` = 1 ORDER BY `listorder` DESC  [ RunTime:0.0010s ]
NOTIC: [8] Undefined variable: ret D:\phpStudy\WWW\ok\servers\Application\Admin\Model\MenuModel.class.php 第 176 行.
INFO: [ view_parse ] --START--
INFO: [ template_filter ] --START--
INFO: Run Behavior\ContentReplaceBehavior [ RunTime:0.000000s ]
INFO: [ template_filter ] --END-- [ RunTime:0.002000s ]
INFO: Run Behavior\ParseTemplateBehavior [ RunTime:0.057003s ]
INFO: [ view_parse ] --END-- [ RunTime:0.057003s ]
INFO: [ view_filter ] --START--
INFO: Run Behavior\WriteHtmlCacheBehavior [ RunTime:0.001000s ]
INFO: [ view_filter ] --END-- [ RunTime:0.001000s ]
INFO: [ app_end ] --START--
INFO: Run Behavior\ShowPageTraceBehavior [ RunTime:0.001000s ]
INFO: [ app_end ] --END-- [ RunTime:0.001000s ]

[ 2017-06-17T10:59:42+08:00 ] 127.0.0.1 /ok/servers/index.php/Admin/Index/info
INFO: [ app_init ] --START--
INFO: Run Behavior\BuildLiteBehavior [ RunTime:0.001000s ]
INFO: [ app_init ] --END-- [ RunTime:0.001000s ]
INFO: [ app_begin ] --START--
INFO: Run Behavior\ReadHtmlCacheBehavior [ RunTime:0.001000s ]
INFO: [ app_begin ] --END-- [ RunTime:0.002000s ]
SQL: SHOW COLUMNS FROM `sp_users` [ RunTime:0.0270s ]
SQL: SELECT * FROM `sp_users` WHERE `id` = 1 LIMIT 1   [ RunTime:0.0020s ]
INFO: [ app_end ] --START--
INFO: Run Behavior\ShowPageTraceBehavior [ RunTime:0.003001s ]
INFO: [ app_end ] --END-- [ RunTime:0.005001s ]

[ 2017-06-17T11:41:49+08:00 ] 127.0.0.1 /ok/servers/index.php/Admin/Index/index
INFO: [ app_init ] --START--
INFO: Run Behavior\BuildLiteBehavior [ RunTime:0.000000s ]
INFO: [ app_init ] --END-- [ RunTime:0.003000s ]
INFO: [ app_begin ] --START--
INFO: Run Behavior\ReadHtmlCacheBehavior [ RunTime:0.001000s ]
INFO: [ app_begin ] --END-- [ RunTime:0.002000s ]
SQL: SHOW COLUMNS FROM `sp_users` [ RunTime:0.0430s ]
SQL: SELECT * FROM `sp_users` WHERE `id` = 1 LIMIT 1   [ RunTime:0.0020s ]
SQL: SHOW COLUMNS FROM `sp_menu` [ RunTime:0.0230s ]
SQL: SELECT * FROM `sp_menu` WHERE `parentid` = 0 AND `status` = 1 ORDER BY `listorder` DESC  [ RunTime:0.0030s ]
SQL: SELECT * FROM `sp_menu` WHERE `parentid` = 239 AND `status` = 1 ORDER BY `listorder` DESC  [ RunTime:0.0010s ]
SQL: SELECT * FROM `sp_menu` WHERE `parentid` = 252 AND `status` = 1 ORDER BY `listorder` DESC  [ RunTime:0.0010s ]
SQL: SELECT * FROM `sp_menu` WHERE `parentid` = 253 AND `status` = 1 ORDER BY `listorder` DESC  [ RunTime:0.0020s ]
NOTIC: [8] Undefined variable: ret D:\phpStudy\WWW\ok\servers\Application\Admin\Model\MenuModel.class.php 第 176 行.
SQL: SELECT * FROM `sp_menu` WHERE `parentid` = 254 AND `status` = 1 ORDER BY `listorder` DESC  [ RunTime:0.0020s ]
NOTIC: [8] Undefined variable: ret D:\phpStudy\WWW\ok\servers\Application\Admin\Model\MenuModel.class.php 第 176 行.
SQL: SELECT * FROM `sp_menu` WHERE `parentid` = 286 AND `status` = 1 ORDER BY `listorder` DESC  [ RunTime:0.0010s ]
SQL: SELECT * FROM `sp_menu` WHERE `parentid` = 290 AND `status` = 1 ORDER BY `listorder` DESC  [ RunTime:0.0020s ]
SQL: SELECT * FROM `sp_menu` WHERE `parentid` = 291 AND `status` = 1 ORDER BY `listorder` DESC  [ RunTime:0.0010s ]
SQL: SELECT * FROM `sp_menu` WHERE `parentid` = 463 AND `status` = 1 ORDER BY `listorder` DESC  [ RunTime:0.0010s ]
NOTIC: [8] Undefined variable: ret D:\phpStudy\WWW\ok\servers\Application\Admin\Model\MenuModel.class.php 第 176 行.
SQL: SELECT * FROM `sp_menu` WHERE `parentid` = 462 AND `status` = 1 ORDER BY `listorder` DESC  [ RunTime:0.0010s ]
NOTIC: [8] Undefined variable: ret D:\phpStudy\WWW\ok\servers\Application\Admin\Model\MenuModel.class.php 第 176 行.
SQL: SELECT * FROM `sp_menu` WHERE `parentid` = 292 AND `status` = 1 ORDER BY `listorder` DESC  [ RunTime:0.0010s ]
NOTIC: [8] Undefined variable: ret D:\phpStudy\WWW\ok\servers\Application\Admin\Model\MenuModel.class.php 第 176 行.
SQL: SELECT * FROM `sp_menu` WHERE `parentid` = 293 AND `status` = 1 ORDER BY `listorder` DESC  [ RunTime:0.0010s ]
SQL: SELECT * FROM `sp_menu` WHERE `parentid` = 297 AND `status` = 1 ORDER BY `listorder` DESC  [ RunTime:0.0010s ]
NOTIC: [8] Undefined variable: ret D:\phpStudy\WWW\ok\servers\Application\Admin\Model\MenuModel.class.php 第 176 行.
SQL: SELECT * FROM `sp_menu` WHERE `parentid` = 553 AND `status` = 1 ORDER BY `listorder` DESC  [ RunTime:0.0010s ]
SQL: SELECT * FROM `sp_menu` WHERE `parentid` = 554 AND `status` = 1 ORDER BY `listorder` DESC  [ RunTime:0.0020s ]
NOTIC: [8] Undefined variable: ret D:\phpStudy\WWW\ok\servers\Application\Admin\Model\MenuModel.class.php 第 176 行.
SQL: SELECT * FROM `sp_menu` WHERE `parentid` = 556 AND `status` = 1 ORDER BY `listorder` DESC  [ RunTime:0.0010s ]
NOTIC: [8] Undefined variable: ret D:\phpStudy\WWW\ok\servers\Application\Admin\Model\MenuModel.class.php 第 176 行.
SQL: SELECT * FROM `sp_menu` WHERE `parentid` = 561 AND `status` = 1 ORDER BY `listorder` DESC  [ RunTime:0.0020s ]
NOTIC: [8] Undefined variable: ret D:\phpStudy\WWW\ok\servers\Application\Admin\Model\MenuModel.class.php 第 176 行.
SQL: SELECT * FROM `sp_menu` WHERE `parentid` = 552 AND `status` = 1 ORDER BY `listorder` DESC  [ RunTime:0.0010s ]
NOTIC: [8] Undefined variable: ret D:\phpStudy\WWW\ok\servers\Application\Admin\Model\MenuModel.class.php 第 176 行.
SQL: SELECT * FROM `sp_menu` WHERE `parentid` = 557 AND `status` = 1 ORDER BY `listorder` DESC  [ RunTime:0.0010s ]
NOTIC: [8] Undefined variable: ret D:\phpStudy\WWW\ok\servers\Application\Admin\Model\MenuModel.class.php 第 176 行.
SQL: SELECT * FROM `sp_menu` WHERE `parentid` = 558 AND `status` = 1 ORDER BY `listorder` DESC  [ RunTime:0.0010s ]
SQL: SELECT * FROM `sp_menu` WHERE `parentid` = 559 AND `status` = 1 ORDER BY `listorder` DESC  [ RunTime:0.0010s ]
NOTIC: [8] Undefined variable: ret D:\phpStudy\WWW\ok\servers\Application\Admin\Model\MenuModel.class.php 第 176 行.
SQL: SELECT * FROM `sp_menu` WHERE `parentid` = 560 AND `status` = 1 ORDER BY `listorder` DESC  [ RunTime:0.0010s ]
NOTIC: [8] Undefined variable: ret D:\phpStudy\WWW\ok\servers\Application\Admin\Model\MenuModel.class.php 第 176 行.
SQL: SELECT * FROM `sp_menu` WHERE `parentid` = 562 AND `status` = 1 ORDER BY `listorder` DESC  [ RunTime:0.0010s ]
NOTIC: [8] Undefined variable: ret D:\phpStudy\WWW\ok\servers\Application\Admin\Model\MenuModel.class.php 第 176 行.
SQL: SELECT * FROM `sp_menu` WHERE `parentid` = 563 AND `status` = 1 ORDER BY `listorder` DESC  [ RunTime:0.0020s ]
SQL: SELECT * FROM `sp_menu` WHERE `parentid` = 564 AND `status` = 1 ORDER BY `listorder` DESC  [ RunTime:0.0010s ]
NOTIC: [8] Undefined variable: ret D:\phpStudy\WWW\ok\servers\Application\Admin\Model\MenuModel.class.php 第 176 行.
SQL: SELECT * FROM `sp_menu` WHERE `parentid` = 565 AND `status` = 1 ORDER BY `listorder` DESC  [ RunTime:0.0020s ]
NOTIC: [8] Undefined variable: ret D:\phpStudy\WWW\ok\servers\Application\Admin\Model\MenuModel.class.php 第 176 行.
INFO: [ view_parse ] --START--
INFO: [ template_filter ] --START--
INFO: Run Behavior\ContentReplaceBehavior [ RunTime:0.000000s ]
INFO: [ template_filter ] --END-- [ RunTime:0.002000s ]
INFO: Run Behavior\ParseTemplateBehavior [ RunTime:0.055003s ]
INFO: [ view_parse ] --END-- [ RunTime:0.057004s ]
INFO: [ view_filter ] --START--
INFO: Run Behavior\WriteHtmlCacheBehavior [ RunTime:0.001000s ]
INFO: [ view_filter ] --END-- [ RunTime:0.002000s ]
INFO: [ app_end ] --START--
INFO: Run Behavior\ShowPageTraceBehavior [ RunTime:0.001000s ]
INFO: [ app_end ] --END-- [ RunTime:0.001000s ]

[ 2017-06-17T11:41:50+08:00 ] 127.0.0.1 /ok/servers/index.php/Admin/Index/info
INFO: [ app_init ] --START--
INFO: Run Behavior\BuildLiteBehavior [ RunTime:0.001000s ]
INFO: [ app_init ] --END-- [ RunTime:0.001000s ]
INFO: [ app_begin ] --START--
INFO: Run Behavior\ReadHtmlCacheBehavior [ RunTime:0.000000s ]
INFO: [ app_begin ] --END-- [ RunTime:0.002000s ]
SQL: SHOW COLUMNS FROM `sp_users` [ RunTime:0.0420s ]
SQL: SELECT * FROM `sp_users` WHERE `id` = 1 LIMIT 1   [ RunTime:0.0020s ]
INFO: [ app_end ] --START--
INFO: Run Behavior\ShowPageTraceBehavior [ RunTime:0.000000s ]
INFO: [ app_end ] --END-- [ RunTime:0.002000s ]

[ 2017-06-17T11:41:52+08:00 ] 127.0.0.1 /ok/servers/index.php/Admin/Order/shows/menuid/552
INFO: [ app_init ] --START--
INFO: Run Behavior\BuildLiteBehavior [ RunTime:0.000000s ]
INFO: [ app_init ] --END-- [ RunTime:0.001000s ]
INFO: [ app_begin ] --START--
INFO: Run Behavior\ReadHtmlCacheBehavior [ RunTime:0.001000s ]
INFO: [ app_begin ] --END-- [ RunTime:0.001000s ]
SQL: SHOW COLUMNS FROM `sp_users` [ RunTime:0.0430s ]
SQL: SELECT * FROM `sp_users` WHERE `id` = 1 LIMIT 1   [ RunTime:0.0010s ]
SQL: SHOW COLUMNS FROM `sp_order` [ RunTime:0.0170s ]
SQL: SELECT * FROM `sp_order` WHERE ( addtime>=1497024000 )  [ RunTime:0.0010s ]
SQL: SHOW COLUMNS FROM `sp_user` [ RunTime:0.0160s ]
SQL: SELECT `user_id`,`usertelno` FROM `sp_user`  [ RunTime:0.0010s ]
INFO: [ view_parse ] --START--
INFO: [ template_filter ] --START--
INFO: Run Behavior\ContentReplaceBehavior [ RunTime:0.001001s ]
INFO: [ template_filter ] --END-- [ RunTime:0.001001s ]
INFO: Run Behavior\ParseTemplateBehavior [ RunTime:0.035002s ]
INFO: [ view_parse ] --END-- [ RunTime:0.035002s ]
INFO: [ view_filter ] --START--
INFO: Run Behavior\WriteHtmlCacheBehavior [ RunTime:0.001000s ]
INFO: [ view_filter ] --END-- [ RunTime:0.001000s ]
INFO: [ app_end ] --START--
INFO: Run Behavior\ShowPageTraceBehavior [ RunTime:0.001000s ]
INFO: [ app_end ] --END-- [ RunTime:0.001000s ]

[ 2017-06-17T11:42:30+08:00 ] 127.0.0.1 /ok/servers/index.php/Admin/Index/index
INFO: [ app_init ] --START--
INFO: Run Behavior\BuildLiteBehavior [ RunTime:0.001000s ]
INFO: [ app_init ] --END-- [ RunTime:0.001000s ]
INFO: [ app_begin ] --START--
INFO: Run Behavior\ReadHtmlCacheBehavior [ RunTime:0.001000s ]
INFO: [ app_begin ] --END-- [ RunTime:0.002000s ]
SQL: SHOW COLUMNS FROM `sp_users` [ RunTime:0.0430s ]
SQL: SELECT * FROM `sp_users` WHERE `id` = 1 LIMIT 1   [ RunTime:0.0010s ]
SQL: SHOW COLUMNS FROM `sp_menu` [ RunTime:0.0230s ]
SQL: SELECT * FROM `sp_menu` WHERE `parentid` = 0 AND `status` = 1 ORDER BY `listorder` DESC  [ RunTime:0.0030s ]
SQL: SELECT * FROM `sp_menu` WHERE `parentid` = 239 AND `status` = 1 ORDER BY `listorder` DESC  [ RunTime:0.0010s ]
SQL: SELECT * FROM `sp_menu` WHERE `parentid` = 252 AND `status` = 1 ORDER BY `listorder` DESC  [ RunTime:0.0020s ]
SQL: SELECT * FROM `sp_menu` WHERE `parentid` = 253 AND `status` = 1 ORDER BY `listorder` DESC  [ RunTime:0.0010s ]
NOTIC: [8] Undefined variable: ret D:\phpStudy\WWW\ok\servers\Application\Admin\Model\MenuModel.class.php 第 176 行.
SQL: SELECT * FROM `sp_menu` WHERE `parentid` = 254 AND `status` = 1 ORDER BY `listorder` DESC  [ RunTime:0.0010s ]
NOTIC: [8] Undefined variable: ret D:\phpStudy\WWW\ok\servers\Application\Admin\Model\MenuModel.class.php 第 176 行.
SQL: SELECT * FROM `sp_menu` WHERE `parentid` = 286 AND `status` = 1 ORDER BY `listorder` DESC  [ RunTime:0.0010s ]
SQL: SELECT * FROM `sp_menu` WHERE `parentid` = 290 AND `status` = 1 ORDER BY `listorder` DESC  [ RunTime:0.0010s ]
SQL: SELECT * FROM `sp_menu` WHERE `parentid` = 291 AND `status` = 1 ORDER BY `listorder` DESC  [ RunTime:0.0010s ]
SQL: SELECT * FROM `sp_menu` WHERE `parentid` = 463 AND `status` = 1 ORDER BY `listorder` DESC  [ RunTime:0.0010s ]
NOTIC: [8] Undefined variable: ret D:\phpStudy\WWW\ok\servers\Application\Admin\Model\MenuModel.class.php 第 176 行.
SQL: SELECT * FROM `sp_menu` WHERE `parentid` = 462 AND `status` = 1 ORDER BY `listorder` DESC  [ RunTime:0.0010s ]
NOTIC: [8] Undefined variable: ret D:\phpStudy\WWW\ok\servers\Application\Admin\Model\MenuModel.class.php 第 176 行.
SQL: SELECT * FROM `sp_menu` WHERE `parentid` = 292 AND `status` = 1 ORDER BY `listorder` DESC  [ RunTime:0.0010s ]
NOTIC: [8] Undefined variable: ret D:\phpStudy\WWW\ok\servers\Application\Admin\Model\MenuModel.class.php 第 176 行.
SQL: SELECT * FROM `sp_menu` WHERE `parentid` = 293 AND `status` = 1 ORDER BY `listorder` DESC  [ RunTime:0.0020s ]
SQL: SELECT * FROM `sp_menu` WHERE `parentid` = 297 AND `status` = 1 ORDER BY `listorder` DESC  [ RunTime:0.0010s ]
NOTIC: [8] Undefined variable: ret D:\phpStudy\WWW\ok\servers\Application\Admin\Model\MenuModel.class.php 第 176 行.
SQL: SELECT * FROM `sp_menu` WHERE `parentid` = 553 AND `status` = 1 ORDER BY `listorder` DESC  [ RunTime:0.0010s ]
SQL: SELECT * FROM `sp_menu` WHERE `parentid` = 554 AND `status` = 1 ORDER BY `listorder` DESC  [ RunTime:0.0010s ]
NOTIC: [8] Undefined variable: ret D:\phpStudy\WWW\ok\servers\Application\Admin\Model\MenuModel.class.php 第 176 行.
SQL: SELECT * FROM `sp_menu` WHERE `parentid` = 556 AND `status` = 1 ORDER BY `listorder` DESC  [ RunTime:0.0020s ]
NOTIC: [8] Undefined variable: ret D:\phpStudy\WWW\ok\servers\Application\Admin\Model\MenuModel.class.php 第 176 行.
SQL: SELECT * FROM `sp_menu` WHERE `parentid` = 561 AND `status` = 1 ORDER BY `listorder` DESC  [ RunTime:0.0010s ]
NOTIC: [8] Undefined variable: ret D:\phpStudy\WWW\ok\servers\Application\Admin\Model\MenuModel.class.php 第 176 行.
SQL: SELECT * FROM `sp_menu` WHERE `parentid` = 552 AND `status` = 1 ORDER BY `listorder` DESC  [ RunTime:0.0020s ]
NOTIC: [8] Undefined variable: ret D:\phpStudy\WWW\ok\servers\Application\Admin\Model\MenuModel.class.php 第 176 行.
SQL: SELECT * FROM `sp_menu` WHERE `parentid` = 557 AND `status` = 1 ORDER BY `listorder` DESC  [ RunTime:0.0010s ]
NOTIC: [8] Undefined variable: ret D:\phpStudy\WWW\ok\servers\Application\Admin\Model\MenuModel.class.php 第 176 行.
SQL: SELECT * FROM `sp_menu` WHERE `parentid` = 558 AND `status` = 1 ORDER BY `listorder` DESC  [ RunTime:0.0010s ]
SQL: SELECT * FROM `sp_menu` WHERE `parentid` = 559 AND `status` = 1 ORDER BY `listorder` DESC  [ RunTime:0.0010s ]
NOTIC: [8] Undefined variable: ret D:\phpStudy\WWW\ok\servers\Application\Admin\Model\MenuModel.class.php 第 176 行.
SQL: SELECT * FROM `sp_menu` WHERE `parentid` = 560 AND `status` = 1 ORDER BY `listorder` DESC  [ RunTime:0.0010s ]
NOTIC: [8] Undefined variable: ret D:\phpStudy\WWW\ok\servers\Application\Admin\Model\MenuModel.class.php 第 176 行.
SQL: SELECT * FROM `sp_menu` WHERE `parentid` = 562 AND `status` = 1 ORDER BY `listorder` DESC  [ RunTime:0.0010s ]
NOTIC: [8] Undefined variable: ret D:\phpStudy\WWW\ok\servers\Application\Admin\Model\MenuModel.class.php 第 176 行.
SQL: SELECT * FROM `sp_menu` WHERE `parentid` = 563 AND `status` = 1 ORDER BY `listorder` DESC  [ RunTime:0.0010s ]
SQL: SELECT * FROM `sp_menu` WHERE `parentid` = 564 AND `status` = 1 ORDER BY `listorder` DESC  [ RunTime:0.0010s ]
NOTIC: [8] Undefined variable: ret D:\phpStudy\WWW\ok\servers\Application\Admin\Model\MenuModel.class.php 第 176 行.
SQL: SELECT * FROM `sp_menu` WHERE `parentid` = 565 AND `status` = 1 ORDER BY `listorder` DESC  [ RunTime:0.0010s ]
NOTIC: [8] Undefined variable: ret D:\phpStudy\WWW\ok\servers\Application\Admin\Model\MenuModel.class.php 第 176 行.
INFO: [ view_parse ] --START--
INFO: [ template_filter ] --START--
INFO: Run Behavior\ContentReplaceBehavior [ RunTime:0.000000s ]
INFO: [ template_filter ] --END-- [ RunTime:0.002000s ]
INFO: Run Behavior\ParseTemplateBehavior [ RunTime:0.056003s ]
INFO: [ view_parse ] --END-- [ RunTime:0.057003s ]
INFO: [ view_filter ] --START--
INFO: Run Behavior\WriteHtmlCacheBehavior [ RunTime:0.001000s ]
INFO: [ view_filter ] --END-- [ RunTime:0.001000s ]
INFO: [ app_end ] --START--
INFO: Run Behavior\ShowPageTraceBehavior [ RunTime:0.000000s ]
INFO: [ app_end ] --END-- [ RunTime:0.002000s ]

[ 2017-06-17T11:42:30+08:00 ] 127.0.0.1 /ok/servers/index.php/Admin/Index/info
INFO: [ app_init ] --START--
INFO: Run Behavior\BuildLiteBehavior [ RunTime:0.000000s ]
INFO: [ app_init ] --END-- [ RunTime:0.002000s ]
INFO: [ app_begin ] --START--
INFO: Run Behavior\ReadHtmlCacheBehavior [ RunTime:0.001000s ]
INFO: [ app_begin ] --END-- [ RunTime:0.001000s ]
SQL: SHOW COLUMNS FROM `sp_users` [ RunTime:0.0280s ]
SQL: SELECT * FROM `sp_users` WHERE `id` = 1 LIMIT 1   [ RunTime:0.0010s ]
INFO: [ app_end ] --START--
INFO: Run Behavior\ShowPageTraceBehavior [ RunTime:0.001000s ]
INFO: [ app_end ] --END-- [ RunTime:0.001000s ]

[ 2017-06-17T11:42:33+08:00 ] 127.0.0.1 /ok/servers/index.php/Admin/Order/shows/menuid/552
INFO: [ app_init ] --START--
INFO: Run Behavior\BuildLiteBehavior [ RunTime:0.000000s ]
INFO: [ app_init ] --END-- [ RunTime:0.002000s ]
INFO: [ app_begin ] --START--
INFO: Run Behavior\ReadHtmlCacheBehavior [ RunTime:0.001000s ]
INFO: [ app_begin ] --END-- [ RunTime:0.002000s ]
SQL: SHOW COLUMNS FROM `sp_users` [ RunTime:0.0450s ]
SQL: SELECT * FROM `sp_users` WHERE `id` = 1 LIMIT 1   [ RunTime:0.0010s ]
SQL: SHOW COLUMNS FROM `sp_order` [ RunTime:0.0310s ]
SQL: SELECT * FROM `sp_order` WHERE ( addtime>=1497024000 )  [ RunTime:0.0010s ]
SQL: SHOW COLUMNS FROM `sp_user` [ RunTime:0.0230s ]
SQL: SELECT `user_id`,`usertelno` FROM `sp_user`  [ RunTime:0.0010s ]
INFO: [ view_parse ] --START--
INFO: [ template_filter ] --START--
INFO: Run Behavior\ContentReplaceBehavior [ RunTime:0.000000s ]
INFO: [ template_filter ] --END-- [ RunTime:0.001000s ]
INFO: Run Behavior\ParseTemplateBehavior [ RunTime:0.031002s ]
INFO: [ view_parse ] --END-- [ RunTime:0.031002s ]
INFO: [ view_filter ] --START--
INFO: Run Behavior\WriteHtmlCacheBehavior [ RunTime:0.000000s ]
INFO: [ view_filter ] --END-- [ RunTime:0.002000s ]
INFO: [ app_end ] --START--
INFO: Run Behavior\ShowPageTraceBehavior [ RunTime:0.001000s ]
INFO: [ app_end ] --END-- [ RunTime:0.001000s ]

