[ 2017-06-12T20:55:36+08:00 ] 127.0.0.1 /servers/index.php/admin/public/index
INFO: [ app_init ] --START--
INFO: Run Behavior\BuildLiteBehavior [ RunTime:0.001000s ]
INFO: [ app_init ] --END-- [ RunTime:0.002000s ]
INFO: [ app_begin ] --START--
INFO: Run Behavior\ReadHtmlCacheBehavior [ RunTime:0.001000s ]
INFO: [ app_begin ] --END-- [ RunTime:0.002000s ]
ERR: 非法操作:index

[ 2017-06-12T20:59:06+08:00 ] 127.0.0.1 /servers/index.php/admin/public/login
INFO: [ app_init ] --START--
INFO: Run Behavior\BuildLiteBehavior [ RunTime:0.001000s ]
INFO: [ app_init ] --END-- [ RunTime:0.003000s ]
INFO: [ app_begin ] --START--
INFO: Run Behavior\ReadHtmlCacheBehavior [ RunTime:0.002000s ]
INFO: [ app_begin ] --END-- [ RunTime:0.002000s ]
INFO: [ view_parse ] --START--
INFO: [ template_filter ] --START--
INFO: Run Behavior\ContentReplaceBehavior [ RunTime:0.001000s ]
INFO: [ template_filter ] --END-- [ RunTime:0.002000s ]
NOTIC: [8] Undefined index: admin_username D:\phpStudy\WWW\servers\Application\Runtime\Cache\Admin\3c5566b2bfbf6ef00ac5366ba47246fe.php 第 55 行.
INFO: Run Behavior\ParseTemplateBehavior [ RunTime:0.072004s ]
INFO: [ view_parse ] --END-- [ RunTime:0.074004s ]
INFO: [ view_filter ] --START--
INFO: Run Behavior\WriteHtmlCacheBehavior [ RunTime:0.001000s ]
INFO: [ view_filter ] --END-- [ RunTime:0.002000s ]
INFO: [ app_end ] --START--
INFO: Run Behavior\ShowPageTraceBehavior [ RunTime:0.002000s ]
INFO: [ app_end ] --END-- [ RunTime:0.004001s ]

[ 2017-06-12T21:00:33+08:00 ] 127.0.0.1 /servers/index.php/Admin/public/dologin
INFO: [ app_init ] --START--
INFO: Run Behavior\BuildLiteBehavior [ RunTime:0.000000s ]
INFO: [ app_init ] --END-- [ RunTime:0.002000s ]
INFO: [ app_begin ] --START--
INFO: Run Behavior\ReadHtmlCacheBehavior [ RunTime:0.001000s ]
INFO: [ app_begin ] --END-- [ RunTime:0.002000s ]
ERR: SQLSTATE[HY000] [1045] Access denied for user 'root'@'localhost' (using password: NO)

[ 2017-06-12T21:01:55+08:00 ] 127.0.0.1 /servers/index.php/Admin/public/dologin
INFO: [ app_init ] --START--
INFO: Run Behavior\BuildLiteBehavior [ RunTime:0.000000s ]
INFO: [ app_init ] --END-- [ RunTime:0.003000s ]
INFO: [ app_begin ] --START--
INFO: Run Behavior\ReadHtmlCacheBehavior [ RunTime:0.001000s ]
INFO: [ app_begin ] --END-- [ RunTime:0.003000s ]
INFO: [ view_parse ] --START--
INFO: [ template_filter ] --START--
INFO: Run Behavior\ContentReplaceBehavior [ RunTime:0.001000s ]
INFO: [ template_filter ] --END-- [ RunTime:0.002000s ]
INFO: Run Behavior\ParseTemplateBehavior [ RunTime:0.038002s ]
INFO: [ view_parse ] --END-- [ RunTime:0.039002s ]
INFO: [ view_filter ] --START--
INFO: Run Behavior\WriteHtmlCacheBehavior [ RunTime:0.001000s ]
INFO: [ view_filter ] --END-- [ RunTime:0.002000s ]

[ 2017-06-12T21:02:09+08:00 ] 127.0.0.1 /servers/index.php/Admin/public/dologin
INFO: [ app_init ] --START--
INFO: Run Behavior\BuildLiteBehavior [ RunTime:0.001000s ]
INFO: [ app_init ] --END-- [ RunTime:0.001000s ]
INFO: [ app_begin ] --START--
INFO: Run Behavior\ReadHtmlCacheBehavior [ RunTime:0.001000s ]
INFO: [ app_begin ] --END-- [ RunTime:0.002000s ]
SQL: SHOW COLUMNS FROM `sp_users` [ RunTime:0.0180s ]
SQL: SELECT * FROM `sp_users` WHERE `user_login` = 'admin' LIMIT 1   [ RunTime:0.0020s ]
NOTIC: [8] Undefined index: org_id D:\phpStudy\WWW\servers\Application\Admin\Controller\PublicController.class.php 第 76 行.
NOTIC: [8] Undefined index: org_id D:\phpStudy\WWW\servers\Application\Admin\Controller\PublicController.class.php 第 77 行.
NOTIC: [8] Undefined index: org_id D:\phpStudy\WWW\servers\Application\Admin\Controller\PublicController.class.php 第 79 行.
SQL: UPDATE `sp_users` SET `school_id`='0',`user_login`='admin',`user_pass`='21232f297a57a5a743894a0e4a801fc3',`user_nicename`='超级管理员',`user_email`='admin@163.com',`last_login_ip`='127.0.0.1',`last_login_time`='2017-06-12 21:02:09',`create_time`='2014-07-18 08:53:31',`user_activation_key`='',`user_status`='1',`role_id`='-1' WHERE `id` = 1 [ RunTime:0.0020s ]
INFO: [ view_parse ] --START--
INFO: [ template_filter ] --START--
INFO: Run Behavior\ContentReplaceBehavior [ RunTime:0.000000s ]
INFO: [ template_filter ] --END-- [ RunTime:0.002000s ]
INFO: Run Behavior\ParseTemplateBehavior [ RunTime:0.018001s ]
INFO: [ view_parse ] --END-- [ RunTime:0.020001s ]
INFO: [ view_filter ] --START--
INFO: Run Behavior\WriteHtmlCacheBehavior [ RunTime:0.001000s ]
INFO: [ view_filter ] --END-- [ RunTime:0.002000s ]
INFO: [ app_end ] --START--
INFO: Run Behavior\ShowPageTraceBehavior [ RunTime:0.002001s ]
INFO: [ app_end ] --END-- [ RunTime:0.004001s ]

[ 2017-06-12T21:02:10+08:00 ] 127.0.0.1 /servers/index.php/Admin/Index/index
INFO: [ app_init ] --START--
INFO: Run Behavior\BuildLiteBehavior [ RunTime:0.000000s ]
INFO: [ app_init ] --END-- [ RunTime:0.002000s ]
INFO: [ app_begin ] --START--
INFO: Run Behavior\ReadHtmlCacheBehavior [ RunTime:0.001000s ]
INFO: [ app_begin ] --END-- [ RunTime:0.003000s ]
SQL: SHOW COLUMNS FROM `sp_users` [ RunTime:0.0320s ]
SQL: SELECT * FROM `sp_users` WHERE `id` = 1 LIMIT 1   [ RunTime:0.0020s ]
SQL: SHOW COLUMNS FROM `sp_menu` [ RunTime:0.0130s ]
SQL: SELECT * FROM `sp_menu` WHERE `parentid` = 0 AND `status` = 1 ORDER BY `listorder` DESC  [ RunTime:0.0020s ]
SQL: SELECT * FROM `sp_menu` WHERE `parentid` = 239 AND `status` = 1 ORDER BY `listorder` DESC  [ RunTime:0.0010s ]
SQL: SELECT * FROM `sp_menu` WHERE `parentid` = 252 AND `status` = 1 ORDER BY `listorder` DESC  [ RunTime:0.0020s ]
SQL: SELECT * FROM `sp_menu` WHERE `parentid` = 253 AND `status` = 1 ORDER BY `listorder` DESC  [ RunTime:0.0010s ]
NOTIC: [8] Undefined variable: ret D:\phpStudy\WWW\servers\Application\Admin\Model\MenuModel.class.php 第 176 行.
SQL: SELECT * FROM `sp_menu` WHERE `parentid` = 254 AND `status` = 1 ORDER BY `listorder` DESC  [ RunTime:0.0010s ]
NOTIC: [8] Undefined variable: ret D:\phpStudy\WWW\servers\Application\Admin\Model\MenuModel.class.php 第 176 行.
SQL: SELECT * FROM `sp_menu` WHERE `parentid` = 286 AND `status` = 1 ORDER BY `listorder` DESC  [ RunTime:0.0010s ]
SQL: SELECT * FROM `sp_menu` WHERE `parentid` = 290 AND `status` = 1 ORDER BY `listorder` DESC  [ RunTime:0.0010s ]
SQL: SELECT * FROM `sp_menu` WHERE `parentid` = 291 AND `status` = 1 ORDER BY `listorder` DESC  [ RunTime:0.0010s ]
SQL: SELECT * FROM `sp_menu` WHERE `parentid` = 463 AND `status` = 1 ORDER BY `listorder` DESC  [ RunTime:0.0020s ]
NOTIC: [8] Undefined variable: ret D:\phpStudy\WWW\servers\Application\Admin\Model\MenuModel.class.php 第 176 行.
SQL: SELECT * FROM `sp_menu` WHERE `parentid` = 462 AND `status` = 1 ORDER BY `listorder` DESC  [ RunTime:0.0010s ]
NOTIC: [8] Undefined variable: ret D:\phpStudy\WWW\servers\Application\Admin\Model\MenuModel.class.php 第 176 行.
SQL: SELECT * FROM `sp_menu` WHERE `parentid` = 292 AND `status` = 1 ORDER BY `listorder` DESC  [ RunTime:0.0010s ]
NOTIC: [8] Undefined variable: ret D:\phpStudy\WWW\servers\Application\Admin\Model\MenuModel.class.php 第 176 行.
SQL: SELECT * FROM `sp_menu` WHERE `parentid` = 293 AND `status` = 1 ORDER BY `listorder` DESC  [ RunTime:0.0020s ]
SQL: SELECT * FROM `sp_menu` WHERE `parentid` = 297 AND `status` = 1 ORDER BY `listorder` DESC  [ RunTime:0.0020s ]
NOTIC: [8] Undefined variable: ret D:\phpStudy\WWW\servers\Application\Admin\Model\MenuModel.class.php 第 176 行.
INFO: [ view_parse ] --START--
INFO: [ template_filter ] --START--
INFO: Run Behavior\ContentReplaceBehavior [ RunTime:0.001000s ]
INFO: [ template_filter ] --END-- [ RunTime:0.002000s ]
INFO: Run Behavior\ParseTemplateBehavior [ RunTime:0.111007s ]
INFO: [ view_parse ] --END-- [ RunTime:0.112007s ]
INFO: [ view_filter ] --START--
INFO: Run Behavior\WriteHtmlCacheBehavior [ RunTime:0.001000s ]
INFO: [ view_filter ] --END-- [ RunTime:0.003000s ]
INFO: [ app_end ] --START--
INFO: Run Behavior\ShowPageTraceBehavior [ RunTime:0.003000s ]
INFO: [ app_end ] --END-- [ RunTime:0.005000s ]

[ 2017-06-12T21:02:11+08:00 ] 127.0.0.1 /servers/index.php/Admin/Index/info
INFO: [ app_init ] --START--
INFO: Run Behavior\BuildLiteBehavior [ RunTime:0.000000s ]
INFO: [ app_init ] --END-- [ RunTime:0.002000s ]
INFO: [ app_begin ] --START--
INFO: Run Behavior\ReadHtmlCacheBehavior [ RunTime:0.002000s ]
INFO: [ app_begin ] --END-- [ RunTime:0.004000s ]
SQL: SHOW COLUMNS FROM `sp_users` [ RunTime:0.0280s ]
SQL: SELECT * FROM `sp_users` WHERE `id` = 1 LIMIT 1   [ RunTime:0.0010s ]
INFO: [ app_end ] --START--
INFO: Run Behavior\ShowPageTraceBehavior [ RunTime:0.002000s ]
INFO: [ app_end ] --END-- [ RunTime:0.002000s ]

[ 2017-06-12T21:02:34+08:00 ] 127.0.0.1 /servers/index.php/Admin/Index/info
INFO: [ app_init ] --START--
INFO: Run Behavior\BuildLiteBehavior [ RunTime:0.000000s ]
INFO: [ app_init ] --END-- [ RunTime:0.001000s ]
INFO: [ app_begin ] --START--
INFO: Run Behavior\ReadHtmlCacheBehavior [ RunTime:0.002000s ]
INFO: [ app_begin ] --END-- [ RunTime:0.003000s ]
SQL: SHOW COLUMNS FROM `sp_users` [ RunTime:0.0260s ]
SQL: SELECT * FROM `sp_users` WHERE `id` = 1 LIMIT 1   [ RunTime:0.0010s ]
INFO: [ app_end ] --START--
INFO: Run Behavior\ShowPageTraceBehavior [ RunTime:0.001000s ]
INFO: [ app_end ] --END-- [ RunTime:0.002000s ]

[ 2017-06-12T21:03:14+08:00 ] 127.0.0.1 /servers/index.php/Admin/Menu/index/menuid/297
INFO: [ app_init ] --START--
INFO: Run Behavior\BuildLiteBehavior [ RunTime:0.000000s ]
INFO: [ app_init ] --END-- [ RunTime:0.002000s ]
INFO: [ app_begin ] --START--
INFO: Run Behavior\ReadHtmlCacheBehavior [ RunTime:0.001000s ]
INFO: [ app_begin ] --END-- [ RunTime:0.003000s ]
SQL: SHOW COLUMNS FROM `sp_users` [ RunTime:0.0230s ]
SQL: SELECT * FROM `sp_users` WHERE `id` = 1 LIMIT 1   [ RunTime:0.0010s ]
SQL: SHOW COLUMNS FROM `sp_menu` [ RunTime:0.0100s ]
SQL: SELECT * FROM `sp_menu` ORDER BY `listorder` DESC  [ RunTime:0.0020s ]
INFO: [ view_parse ] --START--
INFO: [ template_filter ] --START--
INFO: Run Behavior\ContentReplaceBehavior [ RunTime:0.000000s ]
INFO: [ template_filter ] --END-- [ RunTime:0.002000s ]
INFO: Run Behavior\ParseTemplateBehavior [ RunTime:0.079005s ]
INFO: [ view_parse ] --END-- [ RunTime:0.081005s ]
INFO: [ view_filter ] --START--
INFO: Run Behavior\WriteHtmlCacheBehavior [ RunTime:0.001000s ]
INFO: [ view_filter ] --END-- [ RunTime:0.003000s ]
INFO: [ app_end ] --START--
INFO: Run Behavior\ShowPageTraceBehavior [ RunTime:0.001000s ]
INFO: [ app_end ] --END-- [ RunTime:0.002000s ]

[ 2017-06-12T21:03:36+08:00 ] 127.0.0.1 /servers/index.php/Admin/menu/add
INFO: [ app_init ] --START--
INFO: Run Behavior\BuildLiteBehavior [ RunTime:0.000000s ]
INFO: [ app_init ] --END-- [ RunTime:0.002000s ]
INFO: [ app_begin ] --START--
INFO: Run Behavior\ReadHtmlCacheBehavior [ RunTime:0.001000s ]
INFO: [ app_begin ] --END-- [ RunTime:0.002000s ]
SQL: SHOW COLUMNS FROM `sp_users` [ RunTime:0.0270s ]
SQL: SELECT * FROM `sp_users` WHERE `id` = 1 LIMIT 1   [ RunTime:0.0010s ]
SQL: SHOW COLUMNS FROM `sp_menu` [ RunTime:0.0110s ]
SQL: SELECT * FROM `sp_menu` ORDER BY `listorder` DESC  [ RunTime:0.0020s ]
INFO: [ view_parse ] --START--
INFO: [ template_filter ] --START--
INFO: Run Behavior\ContentReplaceBehavior [ RunTime:0.001000s ]
INFO: [ template_filter ] --END-- [ RunTime:0.002000s ]
INFO: Run Behavior\ParseTemplateBehavior [ RunTime:0.055003s ]
INFO: [ view_parse ] --END-- [ RunTime:0.055003s ]
INFO: [ view_filter ] --START--
INFO: Run Behavior\WriteHtmlCacheBehavior [ RunTime:0.001000s ]
INFO: [ view_filter ] --END-- [ RunTime:0.002000s ]
INFO: [ app_end ] --START--
INFO: Run Behavior\ShowPageTraceBehavior [ RunTime:0.001000s ]
INFO: [ app_end ] --END-- [ RunTime:0.002000s ]

[ 2017-06-12T21:03:37+08:00 ] 127.0.0.1 /servers/index.php/Admin/menu/lists
INFO: [ app_init ] --START--
INFO: Run Behavior\BuildLiteBehavior [ RunTime:0.000000s ]
INFO: [ app_init ] --END-- [ RunTime:0.001000s ]
INFO: [ app_begin ] --START--
INFO: Run Behavior\ReadHtmlCacheBehavior [ RunTime:0.002000s ]
INFO: [ app_begin ] --END-- [ RunTime:0.003000s ]
SQL: SHOW COLUMNS FROM `sp_users` [ RunTime:0.0280s ]
SQL: SELECT * FROM `sp_users` WHERE `id` = 1 LIMIT 1   [ RunTime:0.0020s ]
SQL: SHOW COLUMNS FROM `sp_menu` [ RunTime:0.0170s ]
SQL: SELECT * FROM `sp_menu` ORDER BY `app` ASC,`model` ASC,`action` ASC  [ RunTime:0.0020s ]
INFO: [ view_parse ] --START--
INFO: [ template_filter ] --START--
INFO: Run Behavior\ContentReplaceBehavior [ RunTime:0.000000s ]
INFO: [ template_filter ] --END-- [ RunTime:0.002000s ]
INFO: Run Behavior\ParseTemplateBehavior [ RunTime:0.216013s ]
INFO: [ view_parse ] --END-- [ RunTime:0.218013s ]
INFO: [ view_filter ] --START--
INFO: Run Behavior\WriteHtmlCacheBehavior [ RunTime:0.001000s ]
INFO: [ view_filter ] --END-- [ RunTime:0.002000s ]
INFO: [ app_end ] --START--
INFO: Run Behavior\ShowPageTraceBehavior [ RunTime:0.001000s ]
INFO: [ app_end ] --END-- [ RunTime:0.003000s ]

[ 2017-06-12T21:03:42+08:00 ] 127.0.0.1 /servers/index.php/Admin/menu/index
INFO: [ app_init ] --START--
INFO: Run Behavior\BuildLiteBehavior [ RunTime:0.001001s ]
INFO: [ app_init ] --END-- [ RunTime:0.004001s ]
INFO: [ app_begin ] --START--
INFO: Run Behavior\ReadHtmlCacheBehavior [ RunTime:0.002001s ]
INFO: [ app_begin ] --END-- [ RunTime:0.004001s ]
SQL: SHOW COLUMNS FROM `sp_users` [ RunTime:0.0290s ]
SQL: SELECT * FROM `sp_users` WHERE `id` = 1 LIMIT 1   [ RunTime:0.0020s ]
SQL: SHOW COLUMNS FROM `sp_menu` [ RunTime:0.0130s ]
SQL: SELECT * FROM `sp_menu` ORDER BY `listorder` DESC  [ RunTime:0.0020s ]
NOTIC: [8] Undefined index: menuid D:\phpStudy\WWW\servers\Application\Admin\Controller\MenuController.class.php 第 20 行.
NOTIC: [8] Undefined index: menuid D:\phpStudy\WWW\servers\Application\Admin\Controller\MenuController.class.php 第 20 行.
NOTIC: [8] Undefined index: menuid D:\phpStudy\WWW\servers\Application\Admin\Controller\MenuController.class.php 第 20 行.
NOTIC: [8] Undefined index: menuid D:\phpStudy\WWW\servers\Application\Admin\Controller\MenuController.class.php 第 20 行.
NOTIC: [8] Undefined index: menuid D:\phpStudy\WWW\servers\Application\Admin\Controller\MenuController.class.php 第 20 行.
NOTIC: [8] Undefined index: menuid D:\phpStudy\WWW\servers\Application\Admin\Controller\MenuController.class.php 第 20 行.
NOTIC: [8] Undefined index: menuid D:\phpStudy\WWW\servers\Application\Admin\Controller\MenuController.class.php 第 20 行.
NOTIC: [8] Undefined index: menuid D:\phpStudy\WWW\servers\Application\Admin\Controller\MenuController.class.php 第 20 行.
NOTIC: [8] Undefined index: menuid D:\phpStudy\WWW\servers\Application\Admin\Controller\MenuController.class.php 第 20 行.
NOTIC: [8] Undefined index: menuid D:\phpStudy\WWW\servers\Application\Admin\Controller\MenuController.class.php 第 20 行.
NOTIC: [8] Undefined index: menuid D:\phpStudy\WWW\servers\Application\Admin\Controller\MenuController.class.php 第 20 行.
NOTIC: [8] Undefined index: menuid D:\phpStudy\WWW\servers\Application\Admin\Controller\MenuController.class.php 第 20 行.
NOTIC: [8] Undefined index: menuid D:\phpStudy\WWW\servers\Application\Admin\Controller\MenuController.class.php 第 20 行.
NOTIC: [8] Undefined index: menuid D:\phpStudy\WWW\servers\Application\Admin\Controller\MenuController.class.php 第 20 行.
NOTIC: [8] Undefined index: menuid D:\phpStudy\WWW\servers\Application\Admin\Controller\MenuController.class.php 第 20 行.
NOTIC: [8] Undefined index: menuid D:\phpStudy\WWW\servers\Application\Admin\Controller\MenuController.class.php 第 20 行.
NOTIC: [8] Undefined index: menuid D:\phpStudy\WWW\servers\Application\Admin\Controller\MenuController.class.php 第 20 行.
NOTIC: [8] Undefined index: menuid D:\phpStudy\WWW\servers\Application\Admin\Controller\MenuController.class.php 第 20 行.
NOTIC: [8] Undefined index: menuid D:\phpStudy\WWW\servers\Application\Admin\Controller\MenuController.class.php 第 20 行.
NOTIC: [8] Undefined index: menuid D:\phpStudy\WWW\servers\Application\Admin\Controller\MenuController.class.php 第 20 行.
NOTIC: [8] Undefined index: menuid D:\phpStudy\WWW\servers\Application\Admin\Controller\MenuController.class.php 第 20 行.
NOTIC: [8] Undefined index: menuid D:\phpStudy\WWW\servers\Application\Admin\Controller\MenuController.class.php 第 20 行.
NOTIC: [8] Undefined index: menuid D:\phpStudy\WWW\servers\Application\Admin\Controller\MenuController.class.php 第 20 行.
NOTIC: [8] Undefined index: menuid D:\phpStudy\WWW\servers\Application\Admin\Controller\MenuController.class.php 第 20 行.
NOTIC: [8] Undefined index: menuid D:\phpStudy\WWW\servers\Application\Admin\Controller\MenuController.class.php 第 20 行.
NOTIC: [8] Undefined index: menuid D:\phpStudy\WWW\servers\Application\Admin\Controller\MenuController.class.php 第 20 行.
NOTIC: [8] Undefined index: menuid D:\phpStudy\WWW\servers\Application\Admin\Controller\MenuController.class.php 第 20 行.
NOTIC: [8] Undefined index: menuid D:\phpStudy\WWW\servers\Application\Admin\Controller\MenuController.class.php 第 20 行.
NOTIC: [8] Undefined index: menuid D:\phpStudy\WWW\servers\Application\Admin\Controller\MenuController.class.php 第 20 行.
NOTIC: [8] Undefined index: menuid D:\phpStudy\WWW\servers\Application\Admin\Controller\MenuController.class.php 第 20 行.
NOTIC: [8] Undefined index: menuid D:\phpStudy\WWW\servers\Application\Admin\Controller\MenuController.class.php 第 20 行.
NOTIC: [8] Undefined index: menuid D:\phpStudy\WWW\servers\Application\Admin\Controller\MenuController.class.php 第 20 行.
NOTIC: [8] Undefined index: menuid D:\phpStudy\WWW\servers\Application\Admin\Controller\MenuController.class.php 第 20 行.
NOTIC: [8] Undefined index: menuid D:\phpStudy\WWW\servers\Application\Admin\Controller\MenuController.class.php 第 20 行.
NOTIC: [8] Undefined index: menuid D:\phpStudy\WWW\servers\Application\Admin\Controller\MenuController.class.php 第 20 行.
NOTIC: [8] Undefined index: menuid D:\phpStudy\WWW\servers\Application\Admin\Controller\MenuController.class.php 第 20 行.
NOTIC: [8] Undefined index: menuid D:\phpStudy\WWW\servers\Application\Admin\Controller\MenuController.class.php 第 20 行.
NOTIC: [8] Undefined index: menuid D:\phpStudy\WWW\servers\Application\Admin\Controller\MenuController.class.php 第 20 行.
NOTIC: [8] Undefined index: menuid D:\phpStudy\WWW\servers\Application\Admin\Controller\MenuController.class.php 第 20 行.
NOTIC: [8] Undefined index: menuid D:\phpStudy\WWW\servers\Application\Admin\Controller\MenuController.class.php 第 20 行.
NOTIC: [8] Undefined index: menuid D:\phpStudy\WWW\servers\Application\Admin\Controller\MenuController.class.php 第 20 行.
NOTIC: [8] Undefined index: menuid D:\phpStudy\WWW\servers\Application\Admin\Controller\MenuController.class.php 第 20 行.
NOTIC: [8] Undefined index: menuid D:\phpStudy\WWW\servers\Application\Admin\Controller\MenuController.class.php 第 20 行.
NOTIC: [8] Undefined index: menuid D:\phpStudy\WWW\servers\Application\Admin\Controller\MenuController.class.php 第 20 行.
NOTIC: [8] Undefined index: menuid D:\phpStudy\WWW\servers\Application\Admin\Controller\MenuController.class.php 第 20 行.
NOTIC: [8] Undefined index: menuid D:\phpStudy\WWW\servers\Application\Admin\Controller\MenuController.class.php 第 20 行.
NOTIC: [8] Undefined index: menuid D:\phpStudy\WWW\servers\Application\Admin\Controller\MenuController.class.php 第 20 行.
NOTIC: [8] Undefined index: menuid D:\phpStudy\WWW\servers\Application\Admin\Controller\MenuController.class.php 第 20 行.
NOTIC: [8] Undefined index: menuid D:\phpStudy\WWW\servers\Application\Admin\Controller\MenuController.class.php 第 20 行.
NOTIC: [8] Undefined index: menuid D:\phpStudy\WWW\servers\Application\Admin\Controller\MenuController.class.php 第 20 行.
NOTIC: [8] Undefined index: menuid D:\phpStudy\WWW\servers\Application\Admin\Controller\MenuController.class.php 第 20 行.
NOTIC: [8] Undefined index: menuid D:\phpStudy\WWW\servers\Application\Admin\Controller\MenuController.class.php 第 20 行.
NOTIC: [8] Undefined index: menuid D:\phpStudy\WWW\servers\Application\Admin\Controller\MenuController.class.php 第 20 行.
NOTIC: [8] Undefined index: menuid D:\phpStudy\WWW\servers\Application\Admin\Controller\MenuController.class.php 第 20 行.
NOTIC: [8] Undefined index: menuid D:\phpStudy\WWW\servers\Application\Admin\Controller\MenuController.class.php 第 20 行.
NOTIC: [8] Undefined index: menuid D:\phpStudy\WWW\servers\Application\Admin\Controller\MenuController.class.php 第 20 行.
NOTIC: [8] Undefined index: menuid D:\phpStudy\WWW\servers\Application\Admin\Controller\MenuController.class.php 第 20 行.
NOTIC: [8] Undefined index: menuid D:\phpStudy\WWW\servers\Application\Admin\Controller\MenuController.class.php 第 20 行.
NOTIC: [8] Undefined index: menuid D:\phpStudy\WWW\servers\Application\Admin\Controller\MenuController.class.php 第 20 行.
NOTIC: [8] Undefined index: menuid D:\phpStudy\WWW\servers\Application\Admin\Controller\MenuController.class.php 第 20 行.
NOTIC: [8] Undefined index: menuid D:\phpStudy\WWW\servers\Application\Admin\Controller\MenuController.class.php 第 20 行.
NOTIC: [8] Undefined index: menuid D:\phpStudy\WWW\servers\Application\Admin\Controller\MenuController.class.php 第 20 行.
NOTIC: [8] Undefined index: menuid D:\phpStudy\WWW\servers\Application\Admin\Controller\MenuController.class.php 第 20 行.
NOTIC: [8] Undefined index: menuid D:\phpStudy\WWW\servers\Application\Admin\Controller\MenuController.class.php 第 20 行.
NOTIC: [8] Undefined index: menuid D:\phpStudy\WWW\servers\Application\Admin\Controller\MenuController.class.php 第 20 行.
NOTIC: [8] Undefined index: menuid D:\phpStudy\WWW\servers\Application\Admin\Controller\MenuController.class.php 第 20 行.
NOTIC: [8] Undefined index: menuid D:\phpStudy\WWW\servers\Application\Admin\Controller\MenuController.class.php 第 20 行.
NOTIC: [8] Undefined index: menuid D:\phpStudy\WWW\servers\Application\Admin\Controller\MenuController.class.php 第 20 行.
NOTIC: [8] Undefined index: menuid D:\phpStudy\WWW\servers\Application\Admin\Controller\MenuController.class.php 第 20 行.
NOTIC: [8] Undefined index: menuid D:\phpStudy\WWW\servers\Application\Admin\Controller\MenuController.class.php 第 20 行.
INFO: [ view_parse ] --START--
INFO: [ template_filter ] --START--
INFO: Run Behavior\ContentReplaceBehavior [ RunTime:0.001000s ]
INFO: [ template_filter ] --END-- [ RunTime:0.002000s ]
INFO: Run Behavior\ParseTemplateBehavior [ RunTime:0.046003s ]
INFO: [ view_parse ] --END-- [ RunTime:0.047003s ]
INFO: [ view_filter ] --START--
INFO: Run Behavior\WriteHtmlCacheBehavior [ RunTime:0.000000s ]
INFO: [ view_filter ] --END-- [ RunTime:0.002000s ]
INFO: [ app_end ] --START--
INFO: Run Behavior\ShowPageTraceBehavior [ RunTime:0.001001s ]
INFO: [ app_end ] --END-- [ RunTime:0.002001s ]

[ 2017-06-12T21:03:47+08:00 ] 127.0.0.1 /servers/index.php/Admin/Rbac/index/menuid/291
INFO: [ app_init ] --START--
INFO: Run Behavior\BuildLiteBehavior [ RunTime:0.000000s ]
INFO: [ app_init ] --END-- [ RunTime:0.004001s ]
INFO: [ app_begin ] --START--
INFO: Run Behavior\ReadHtmlCacheBehavior [ RunTime:0.002000s ]
INFO: [ app_begin ] --END-- [ RunTime:0.004000s ]
SQL: SHOW COLUMNS FROM `sp_users` [ RunTime:0.0280s ]
SQL: SELECT * FROM `sp_users` WHERE `id` = 1 LIMIT 1   [ RunTime:0.0010s ]
SQL: SHOW COLUMNS FROM `sp_role` [ RunTime:0.0190s ]
SQL: SELECT * FROM `sp_role` ORDER BY `listorder` asc,`id` DESC  [ RunTime:0.0020s ]
INFO: [ view_parse ] --START--
INFO: [ template_filter ] --START--
INFO: Run Behavior\ContentReplaceBehavior [ RunTime:0.001001s ]
INFO: [ template_filter ] --END-- [ RunTime:0.002001s ]
INFO: Run Behavior\ParseTemplateBehavior [ RunTime:0.080004s ]
INFO: [ view_parse ] --END-- [ RunTime:0.081004s ]
INFO: [ view_filter ] --START--
INFO: Run Behavior\WriteHtmlCacheBehavior [ RunTime:0.001000s ]
INFO: [ view_filter ] --END-- [ RunTime:0.002000s ]
INFO: [ app_end ] --START--
INFO: Run Behavior\ShowPageTraceBehavior [ RunTime:0.001000s ]
INFO: [ app_end ] --END-- [ RunTime:0.003001s ]

[ 2017-06-12T21:03:51+08:00 ] 127.0.0.1 /servers/index.php/Admin/Rbac/roleedit/id/3
INFO: [ app_init ] --START--
INFO: Run Behavior\BuildLiteBehavior [ RunTime:0.000000s ]
INFO: [ app_init ] --END-- [ RunTime:0.003001s ]
INFO: [ app_begin ] --START--
INFO: Run Behavior\ReadHtmlCacheBehavior [ RunTime:0.002000s ]
INFO: [ app_begin ] --END-- [ RunTime:0.003000s ]
SQL: SHOW COLUMNS FROM `sp_users` [ RunTime:0.0170s ]
SQL: SELECT * FROM `sp_users` WHERE `id` = 1 LIMIT 1   [ RunTime:0.0010s ]
SQL: SHOW COLUMNS FROM `sp_role` [ RunTime:0.0120s ]
SQL: SELECT * FROM `sp_role` WHERE `id` = 3 LIMIT 1   [ RunTime:0.0010s ]
INFO: [ view_parse ] --START--
INFO: [ template_filter ] --START--
INFO: Run Behavior\ContentReplaceBehavior [ RunTime:0.001000s ]
INFO: [ template_filter ] --END-- [ RunTime:0.002000s ]
INFO: Run Behavior\ParseTemplateBehavior [ RunTime:0.047003s ]
INFO: [ view_parse ] --END-- [ RunTime:0.049003s ]
INFO: [ view_filter ] --START--
INFO: Run Behavior\WriteHtmlCacheBehavior [ RunTime:0.001000s ]
INFO: [ view_filter ] --END-- [ RunTime:0.002000s ]
INFO: [ app_end ] --START--
INFO: Run Behavior\ShowPageTraceBehavior [ RunTime:0.001000s ]
INFO: [ app_end ] --END-- [ RunTime:0.002000s ]

[ 2017-06-12T21:03:54+08:00 ] 127.0.0.1 /servers/index.php/Admin/User/index/menuid/292
INFO: [ app_init ] --START--
INFO: Run Behavior\BuildLiteBehavior [ RunTime:0.000000s ]
INFO: [ app_init ] --END-- [ RunTime:0.002000s ]
INFO: [ app_begin ] --START--
INFO: Run Behavior\ReadHtmlCacheBehavior [ RunTime:0.001000s ]
INFO: [ app_begin ] --END-- [ RunTime:0.002000s ]
SQL: SHOW COLUMNS FROM `sp_users` [ RunTime:0.0290s ]
SQL: SELECT * FROM `sp_users` WHERE `id` = 1 LIMIT 1   [ RunTime:0.0010s ]
SQL: SHOW COLUMNS FROM `sp_role` [ RunTime:0.0150s ]
SQL: SHOW COLUMNS FROM `sp_users` [ RunTime:0.0100s ]
SQL: SELECT users.* FROM sp_users users WHERE `role_id` <> -1  [ RunTime:0.0030s ]
SQL: SELECT * FROM `sp_role`  [ RunTime:0.0020s ]
INFO: [ view_parse ] --START--
INFO: [ template_filter ] --START--
INFO: Run Behavior\ContentReplaceBehavior [ RunTime:0.001000s ]
INFO: [ template_filter ] --END-- [ RunTime:0.003000s ]
INFO: Run Behavior\ParseTemplateBehavior [ RunTime:0.072004s ]
INFO: [ view_parse ] --END-- [ RunTime:0.074004s ]
INFO: [ view_filter ] --START--
INFO: Run Behavior\WriteHtmlCacheBehavior [ RunTime:0.001000s ]
INFO: [ view_filter ] --END-- [ RunTime:0.002000s ]
INFO: [ app_end ] --START--
INFO: Run Behavior\ShowPageTraceBehavior [ RunTime:0.001000s ]
INFO: [ app_end ] --END-- [ RunTime:0.003000s ]

[ 2017-06-12T21:04:07+08:00 ] 127.0.0.1 /servers/index.php/Admin/user/add
INFO: [ app_init ] --START--
INFO: Run Behavior\BuildLiteBehavior [ RunTime:0.000000s ]
INFO: [ app_init ] --END-- [ RunTime:0.002000s ]
INFO: [ app_begin ] --START--
INFO: Run Behavior\ReadHtmlCacheBehavior [ RunTime:0.001000s ]
INFO: [ app_begin ] --END-- [ RunTime:0.003000s ]
SQL: SHOW COLUMNS FROM `sp_users` [ RunTime:0.0320s ]
SQL: SELECT * FROM `sp_users` WHERE `id` = 1 LIMIT 1   [ RunTime:0.0020s ]
SQL: SHOW COLUMNS FROM `sp_role` [ RunTime:0.0130s ]
SQL: SELECT * FROM `sp_role` WHERE ( status=1 )  [ RunTime:0.0010s ]
INFO: [ view_parse ] --START--
INFO: [ template_filter ] --START--
INFO: Run Behavior\ContentReplaceBehavior [ RunTime:0.000000s ]
INFO: [ template_filter ] --END-- [ RunTime:0.002000s ]
INFO: Run Behavior\ParseTemplateBehavior [ RunTime:0.063003s ]
INFO: [ view_parse ] --END-- [ RunTime:0.064003s ]
INFO: [ view_filter ] --START--
INFO: Run Behavior\WriteHtmlCacheBehavior [ RunTime:0.001000s ]
INFO: [ view_filter ] --END-- [ RunTime:0.002000s ]
INFO: [ app_end ] --START--
INFO: Run Behavior\ShowPageTraceBehavior [ RunTime:0.001000s ]
INFO: [ app_end ] --END-- [ RunTime:0.002000s ]

[ 2017-06-12T21:04:30+08:00 ] 127.0.0.1 /servers/index.php/Admin/Train/id_list?__hash__=
INFO: [ app_init ] --START--
INFO: Run Behavior\BuildLiteBehavior [ RunTime:0.000000s ]
INFO: [ app_init ] --END-- [ RunTime:0.002000s ]
INFO: [ app_begin ] --START--
INFO: Run Behavior\ReadHtmlCacheBehavior [ RunTime:0.001000s ]
INFO: [ app_begin ] --END-- [ RunTime:0.003000s ]
ERR: 无法加载控制器:Train

[ 2017-06-12T21:04:37+08:00 ] 127.0.0.1 /servers/index.php/Admin/User/add_post
INFO: [ app_init ] --START--
INFO: Run Behavior\BuildLiteBehavior [ RunTime:0.000000s ]
INFO: [ app_init ] --END-- [ RunTime:0.002000s ]
INFO: [ app_begin ] --START--
INFO: Run Behavior\ReadHtmlCacheBehavior [ RunTime:0.001000s ]
INFO: [ app_begin ] --END-- [ RunTime:0.002000s ]
SQL: SHOW COLUMNS FROM `sp_users` [ RunTime:0.0290s ]
SQL: SELECT * FROM `sp_users` WHERE `id` = 1 LIMIT 1   [ RunTime:0.0010s ]
SQL: SHOW COLUMNS FROM `sp_role` [ RunTime:0.0130s ]
NOTIC: [8] Undefined index: validate D:\phpStudy\WWW\servers\ThinkPHP\Library\Think\Model.class.php 第 1185 行.
SQL: SELECT * FROM `sp_users` WHERE `user_login` = '任明明' LIMIT 1   [ RunTime:0.0020s ]
SQL: SELECT * FROM `sp_users` WHERE `user_email` = '2547977230@qq.com' LIMIT 1   [ RunTime:0.0010s ]

[ 2017-06-12T21:04:40+08:00 ] 127.0.0.1 /servers/index.php/Admin/Train/id_list?__hash__=
INFO: [ app_init ] --START--
INFO: Run Behavior\BuildLiteBehavior [ RunTime:0.000000s ]
INFO: [ app_init ] --END-- [ RunTime:0.002000s ]
INFO: [ app_begin ] --START--
INFO: Run Behavior\ReadHtmlCacheBehavior [ RunTime:0.001000s ]
INFO: [ app_begin ] --END-- [ RunTime:0.003000s ]
ERR: 无法加载控制器:Train

[ 2017-06-12T21:04:46+08:00 ] 127.0.0.1 /servers/index.php/Admin/User/add_post
INFO: [ app_init ] --START--
INFO: Run Behavior\BuildLiteBehavior [ RunTime:0.000000s ]
INFO: [ app_init ] --END-- [ RunTime:0.002000s ]
INFO: [ app_begin ] --START--
INFO: Run Behavior\ReadHtmlCacheBehavior [ RunTime:0.001000s ]
INFO: [ app_begin ] --END-- [ RunTime:0.002000s ]
SQL: SHOW COLUMNS FROM `sp_users` [ RunTime:0.0280s ]
SQL: SELECT * FROM `sp_users` WHERE `id` = 1 LIMIT 1   [ RunTime:0.0010s ]
SQL: SHOW COLUMNS FROM `sp_role` [ RunTime:0.0140s ]
NOTIC: [8] Undefined index: validate D:\phpStudy\WWW\servers\ThinkPHP\Library\Think\Model.class.php 第 1185 行.
SQL: SELECT * FROM `sp_users` WHERE `user_login` = '任明明' LIMIT 1   [ RunTime:0.0010s ]
SQL: SELECT * FROM `sp_users` WHERE `user_email` = '2547977230@qq.com' LIMIT 1   [ RunTime:0.0020s ]

[ 2017-06-12T21:06:01+08:00 ] 127.0.0.1 /servers/index.php/Admin/Index/index
INFO: [ app_init ] --START--
INFO: Run Behavior\BuildLiteBehavior [ RunTime:0.000000s ]
INFO: [ app_init ] --END-- [ RunTime:0.003000s ]
INFO: [ app_begin ] --START--
INFO: Run Behavior\ReadHtmlCacheBehavior [ RunTime:0.002000s ]
INFO: [ app_begin ] --END-- [ RunTime:0.004000s ]
SQL: SHOW COLUMNS FROM `sp_users` [ RunTime:0.0270s ]
SQL: SELECT * FROM `sp_users` WHERE `id` = 1 LIMIT 1   [ RunTime:0.0010s ]
SQL: SHOW COLUMNS FROM `sp_menu` [ RunTime:0.0130s ]
SQL: SELECT * FROM `sp_menu` WHERE `parentid` = 0 AND `status` = 1 ORDER BY `listorder` DESC  [ RunTime:0.0020s ]
SQL: SELECT * FROM `sp_menu` WHERE `parentid` = 239 AND `status` = 1 ORDER BY `listorder` DESC  [ RunTime:0.0010s ]
SQL: SELECT * FROM `sp_menu` WHERE `parentid` = 252 AND `status` = 1 ORDER BY `listorder` DESC  [ RunTime:0.0010s ]
SQL: SELECT * FROM `sp_menu` WHERE `parentid` = 253 AND `status` = 1 ORDER BY `listorder` DESC  [ RunTime:0.0010s ]
NOTIC: [8] Undefined variable: ret D:\phpStudy\WWW\servers\Application\Admin\Model\MenuModel.class.php 第 176 行.
SQL: SELECT * FROM `sp_menu` WHERE `parentid` = 254 AND `status` = 1 ORDER BY `listorder` DESC  [ RunTime:0.0010s ]
NOTIC: [8] Undefined variable: ret D:\phpStudy\WWW\servers\Application\Admin\Model\MenuModel.class.php 第 176 行.
SQL: SELECT * FROM `sp_menu` WHERE `parentid` = 286 AND `status` = 1 ORDER BY `listorder` DESC  [ RunTime:0.0010s ]
SQL: SELECT * FROM `sp_menu` WHERE `parentid` = 290 AND `status` = 1 ORDER BY `listorder` DESC  [ RunTime:0.0010s ]
SQL: SELECT * FROM `sp_menu` WHERE `parentid` = 291 AND `status` = 1 ORDER BY `listorder` DESC  [ RunTime:0.0020s ]
SQL: SELECT * FROM `sp_menu` WHERE `parentid` = 463 AND `status` = 1 ORDER BY `listorder` DESC  [ RunTime:0.0010s ]
NOTIC: [8] Undefined variable: ret D:\phpStudy\WWW\servers\Application\Admin\Model\MenuModel.class.php 第 176 行.
SQL: SELECT * FROM `sp_menu` WHERE `parentid` = 462 AND `status` = 1 ORDER BY `listorder` DESC  [ RunTime:0.0020s ]
NOTIC: [8] Undefined variable: ret D:\phpStudy\WWW\servers\Application\Admin\Model\MenuModel.class.php 第 176 行.
SQL: SELECT * FROM `sp_menu` WHERE `parentid` = 292 AND `status` = 1 ORDER BY `listorder` DESC  [ RunTime:0.0010s ]
NOTIC: [8] Undefined variable: ret D:\phpStudy\WWW\servers\Application\Admin\Model\MenuModel.class.php 第 176 行.
SQL: SELECT * FROM `sp_menu` WHERE `parentid` = 293 AND `status` = 1 ORDER BY `listorder` DESC  [ RunTime:0.0010s ]
SQL: SELECT * FROM `sp_menu` WHERE `parentid` = 297 AND `status` = 1 ORDER BY `listorder` DESC  [ RunTime:0.0020s ]
NOTIC: [8] Undefined variable: ret D:\phpStudy\WWW\servers\Application\Admin\Model\MenuModel.class.php 第 176 行.
INFO: [ view_parse ] --START--
INFO: [ template_filter ] --START--
INFO: Run Behavior\ContentReplaceBehavior [ RunTime:0.001001s ]
INFO: [ template_filter ] --END-- [ RunTime:0.003001s ]
INFO: Run Behavior\ParseTemplateBehavior [ RunTime:0.082005s ]
INFO: [ view_parse ] --END-- [ RunTime:0.083005s ]
INFO: [ view_filter ] --START--
INFO: Run Behavior\WriteHtmlCacheBehavior [ RunTime:0.001000s ]
INFO: [ view_filter ] --END-- [ RunTime:0.002000s ]
INFO: [ app_end ] --START--
INFO: Run Behavior\ShowPageTraceBehavior [ RunTime:0.002000s ]
INFO: [ app_end ] --END-- [ RunTime:0.003000s ]

[ 2017-06-12T21:06:01+08:00 ] 127.0.0.1 /servers/index.php/Admin/Index/info
INFO: [ app_init ] --START--
INFO: Run Behavior\BuildLiteBehavior [ RunTime:0.000000s ]
INFO: [ app_init ] --END-- [ RunTime:0.002000s ]
INFO: [ app_begin ] --START--
INFO: Run Behavior\ReadHtmlCacheBehavior [ RunTime:0.001000s ]
INFO: [ app_begin ] --END-- [ RunTime:0.002000s ]
SQL: SHOW COLUMNS FROM `sp_users` [ RunTime:0.0190s ]
SQL: SELECT * FROM `sp_users` WHERE `id` = 1 LIMIT 1   [ RunTime:0.0010s ]
INFO: [ app_end ] --START--
INFO: Run Behavior\ShowPageTraceBehavior [ RunTime:0.001000s ]
INFO: [ app_end ] --END-- [ RunTime:0.002000s ]

