[ 2017-06-19T09:21:25+08:00 ] 127.0.0.1 /ok/servers/index.php/Admin
INFO: [ app_init ] --START--
INFO: Run Behavior\BuildLiteBehavior [ RunTime:0.000000s ]
INFO: [ app_init ] --END-- [ RunTime:0.000000s ]
INFO: [ app_begin ] --START--
INFO: Run Behavior\ReadHtmlCacheBehavior [ RunTime:0.000000s ]
INFO: [ app_begin ] --END-- [ RunTime:0.000000s ]

[ 2017-06-19T09:21:25+08:00 ] 127.0.0.1 /ok/servers/index.php/Admin/Public/login
INFO: [ app_init ] --START--
INFO: Run Behavior\BuildLiteBehavior [ RunTime:0.000000s ]
INFO: [ app_init ] --END-- [ RunTime:0.000000s ]
INFO: [ app_begin ] --START--
INFO: Run Behavior\ReadHtmlCacheBehavior [ RunTime:0.000000s ]
INFO: [ app_begin ] --END-- [ RunTime:0.000000s ]
INFO: [ view_parse ] --START--
INFO: [ template_filter ] --START--
INFO: Run Behavior\ContentReplaceBehavior [ RunTime:0.000000s ]
INFO: [ template_filter ] --END-- [ RunTime:0.000000s ]
INFO: Run Behavior\ParseTemplateBehavior [ RunTime:0.062400s ]
INFO: [ view_parse ] --END-- [ RunTime:0.062400s ]
INFO: [ view_filter ] --START--
INFO: Run Behavior\WriteHtmlCacheBehavior [ RunTime:0.000000s ]
INFO: [ view_filter ] --END-- [ RunTime:0.000000s ]
INFO: [ app_end ] --START--
INFO: Run Behavior\ShowPageTraceBehavior [ RunTime:0.000000s ]
INFO: [ app_end ] --END-- [ RunTime:0.000000s ]

[ 2017-06-19T09:21:31+08:00 ] 127.0.0.1 /ok/servers/index.php/Admin/public/dologin
INFO: [ app_init ] --START--
INFO: Run Behavior\BuildLiteBehavior [ RunTime:0.000000s ]
INFO: [ app_init ] --END-- [ RunTime:0.000000s ]
INFO: [ app_begin ] --START--
INFO: Run Behavior\ReadHtmlCacheBehavior [ RunTime:0.000000s ]
INFO: [ app_begin ] --END-- [ RunTime:0.000000s ]
SQL: SHOW COLUMNS FROM `sp_users` [ RunTime:0.0312s ]
SQL: SELECT * FROM `sp_users` WHERE `user_login` = 'admin' LIMIT 1   [ RunTime:0.0000s ]
NOTIC: [8] Undefined index: org_id D:\phpStudy\WWW\ok\servers\Application\Admin\Controller\PublicController.class.php 第 76 行.
NOTIC: [8] Undefined index: org_id D:\phpStudy\WWW\ok\servers\Application\Admin\Controller\PublicController.class.php 第 77 行.
NOTIC: [8] Undefined index: org_id D:\phpStudy\WWW\ok\servers\Application\Admin\Controller\PublicController.class.php 第 79 行.
SQL: UPDATE `sp_users` SET `school_id`='0',`user_login`='admin',`user_pass`='21232f297a57a5a743894a0e4a801fc3',`user_nicename`='超级管理员',`user_email`='admin@163.com',`last_login_ip`='127.0.0.1',`last_login_time`='2017-06-19 09:21:31',`create_time`='2014-07-18 08:53:31',`user_activation_key`='',`user_status`='1',`role_id`='-1' WHERE `id` = 1 [ RunTime:0.0000s ]
INFO: [ view_parse ] --START--
INFO: [ template_filter ] --START--
INFO: Run Behavior\ContentReplaceBehavior [ RunTime:0.000000s ]
INFO: [ template_filter ] --END-- [ RunTime:0.000000s ]
INFO: Run Behavior\ParseTemplateBehavior [ RunTime:0.031200s ]
INFO: [ view_parse ] --END-- [ RunTime:0.031200s ]
INFO: [ view_filter ] --START--
INFO: Run Behavior\WriteHtmlCacheBehavior [ RunTime:0.000000s ]
INFO: [ view_filter ] --END-- [ RunTime:0.000000s ]
INFO: [ app_end ] --START--
INFO: Run Behavior\ShowPageTraceBehavior [ RunTime:0.000000s ]
INFO: [ app_end ] --END-- [ RunTime:0.000000s ]

[ 2017-06-19T09:21:33+08:00 ] 127.0.0.1 /ok/servers/index.php/Admin/Index/index
INFO: [ app_init ] --START--
INFO: Run Behavior\BuildLiteBehavior [ RunTime:0.000000s ]
INFO: [ app_init ] --END-- [ RunTime:0.000000s ]
INFO: [ app_begin ] --START--
INFO: Run Behavior\ReadHtmlCacheBehavior [ RunTime:0.000000s ]
INFO: [ app_begin ] --END-- [ RunTime:0.000000s ]
SQL: SHOW COLUMNS FROM `sp_users` [ RunTime:0.0312s ]
SQL: SELECT * FROM `sp_users` WHERE `id` = 1 LIMIT 1   [ RunTime:0.0000s ]
SQL: SHOW COLUMNS FROM `sp_menu` [ RunTime:0.0468s ]
SQL: SELECT * FROM `sp_menu` WHERE `parentid` = 0 AND `status` = 1 ORDER BY `listorder` DESC  [ RunTime:0.0000s ]
SQL: SELECT * FROM `sp_menu` WHERE `parentid` = 239 AND `status` = 1 ORDER BY `listorder` DESC  [ RunTime:0.0000s ]
SQL: SELECT * FROM `sp_menu` WHERE `parentid` = 252 AND `status` = 1 ORDER BY `listorder` DESC  [ RunTime:0.0000s ]
SQL: SELECT * FROM `sp_menu` WHERE `parentid` = 253 AND `status` = 1 ORDER BY `listorder` DESC  [ RunTime:0.0000s ]
NOTIC: [8] Undefined variable: ret D:\phpStudy\WWW\ok\servers\Application\Admin\Model\MenuModel.class.php 第 176 行.
SQL: SELECT * FROM `sp_menu` WHERE `parentid` = 254 AND `status` = 1 ORDER BY `listorder` DESC  [ RunTime:0.0000s ]
NOTIC: [8] Undefined variable: ret D:\phpStudy\WWW\ok\servers\Application\Admin\Model\MenuModel.class.php 第 176 行.
SQL: SELECT * FROM `sp_menu` WHERE `parentid` = 286 AND `status` = 1 ORDER BY `listorder` DESC  [ RunTime:0.0000s ]
SQL: SELECT * FROM `sp_menu` WHERE `parentid` = 290 AND `status` = 1 ORDER BY `listorder` DESC  [ RunTime:0.0000s ]
SQL: SELECT * FROM `sp_menu` WHERE `parentid` = 291 AND `status` = 1 ORDER BY `listorder` DESC  [ RunTime:0.0000s ]
SQL: SELECT * FROM `sp_menu` WHERE `parentid` = 463 AND `status` = 1 ORDER BY `listorder` DESC  [ RunTime:0.0000s ]
NOTIC: [8] Undefined variable: ret D:\phpStudy\WWW\ok\servers\Application\Admin\Model\MenuModel.class.php 第 176 行.
SQL: SELECT * FROM `sp_menu` WHERE `parentid` = 462 AND `status` = 1 ORDER BY `listorder` DESC  [ RunTime:0.0000s ]
NOTIC: [8] Undefined variable: ret D:\phpStudy\WWW\ok\servers\Application\Admin\Model\MenuModel.class.php 第 176 行.
SQL: SELECT * FROM `sp_menu` WHERE `parentid` = 292 AND `status` = 1 ORDER BY `listorder` DESC  [ RunTime:0.0156s ]
NOTIC: [8] Undefined variable: ret D:\phpStudy\WWW\ok\servers\Application\Admin\Model\MenuModel.class.php 第 176 行.
SQL: SELECT * FROM `sp_menu` WHERE `parentid` = 293 AND `status` = 1 ORDER BY `listorder` DESC  [ RunTime:0.0000s ]
SQL: SELECT * FROM `sp_menu` WHERE `parentid` = 297 AND `status` = 1 ORDER BY `listorder` DESC  [ RunTime:0.0000s ]
NOTIC: [8] Undefined variable: ret D:\phpStudy\WWW\ok\servers\Application\Admin\Model\MenuModel.class.php 第 176 行.
SQL: SELECT * FROM `sp_menu` WHERE `parentid` = 553 AND `status` = 1 ORDER BY `listorder` DESC  [ RunTime:0.0000s ]
SQL: SELECT * FROM `sp_menu` WHERE `parentid` = 554 AND `status` = 1 ORDER BY `listorder` DESC  [ RunTime:0.0000s ]
NOTIC: [8] Undefined variable: ret D:\phpStudy\WWW\ok\servers\Application\Admin\Model\MenuModel.class.php 第 176 行.
SQL: SELECT * FROM `sp_menu` WHERE `parentid` = 556 AND `status` = 1 ORDER BY `listorder` DESC  [ RunTime:0.0000s ]
NOTIC: [8] Undefined variable: ret D:\phpStudy\WWW\ok\servers\Application\Admin\Model\MenuModel.class.php 第 176 行.
SQL: SELECT * FROM `sp_menu` WHERE `parentid` = 561 AND `status` = 1 ORDER BY `listorder` DESC  [ RunTime:0.0000s ]
NOTIC: [8] Undefined variable: ret D:\phpStudy\WWW\ok\servers\Application\Admin\Model\MenuModel.class.php 第 176 行.
SQL: SELECT * FROM `sp_menu` WHERE `parentid` = 552 AND `status` = 1 ORDER BY `listorder` DESC  [ RunTime:0.0156s ]
NOTIC: [8] Undefined variable: ret D:\phpStudy\WWW\ok\servers\Application\Admin\Model\MenuModel.class.php 第 176 行.
SQL: SELECT * FROM `sp_menu` WHERE `parentid` = 557 AND `status` = 1 ORDER BY `listorder` DESC  [ RunTime:0.0000s ]
NOTIC: [8] Undefined variable: ret D:\phpStudy\WWW\ok\servers\Application\Admin\Model\MenuModel.class.php 第 176 行.
SQL: SELECT * FROM `sp_menu` WHERE `parentid` = 558 AND `status` = 1 ORDER BY `listorder` DESC  [ RunTime:0.0000s ]
SQL: SELECT * FROM `sp_menu` WHERE `parentid` = 559 AND `status` = 1 ORDER BY `listorder` DESC  [ RunTime:0.0000s ]
NOTIC: [8] Undefined variable: ret D:\phpStudy\WWW\ok\servers\Application\Admin\Model\MenuModel.class.php 第 176 行.
SQL: SELECT * FROM `sp_menu` WHERE `parentid` = 560 AND `status` = 1 ORDER BY `listorder` DESC  [ RunTime:0.0000s ]
NOTIC: [8] Undefined variable: ret D:\phpStudy\WWW\ok\servers\Application\Admin\Model\MenuModel.class.php 第 176 行.
SQL: SELECT * FROM `sp_menu` WHERE `parentid` = 562 AND `status` = 1 ORDER BY `listorder` DESC  [ RunTime:0.0000s ]
NOTIC: [8] Undefined variable: ret D:\phpStudy\WWW\ok\servers\Application\Admin\Model\MenuModel.class.php 第 176 行.
SQL: SELECT * FROM `sp_menu` WHERE `parentid` = 563 AND `status` = 1 ORDER BY `listorder` DESC  [ RunTime:0.0000s ]
SQL: SELECT * FROM `sp_menu` WHERE `parentid` = 564 AND `status` = 1 ORDER BY `listorder` DESC  [ RunTime:0.0000s ]
NOTIC: [8] Undefined variable: ret D:\phpStudy\WWW\ok\servers\Application\Admin\Model\MenuModel.class.php 第 176 行.
SQL: SELECT * FROM `sp_menu` WHERE `parentid` = 565 AND `status` = 1 ORDER BY `listorder` DESC  [ RunTime:0.0000s ]
NOTIC: [8] Undefined variable: ret D:\phpStudy\WWW\ok\servers\Application\Admin\Model\MenuModel.class.php 第 176 行.
INFO: [ view_parse ] --START--
INFO: [ template_filter ] --START--
INFO: Run Behavior\ContentReplaceBehavior [ RunTime:0.000000s ]
INFO: [ template_filter ] --END-- [ RunTime:0.000000s ]
INFO: Run Behavior\ParseTemplateBehavior [ RunTime:0.124800s ]
INFO: [ view_parse ] --END-- [ RunTime:0.124800s ]
INFO: [ view_filter ] --START--
INFO: Run Behavior\WriteHtmlCacheBehavior [ RunTime:0.000000s ]
INFO: [ view_filter ] --END-- [ RunTime:0.000000s ]
INFO: [ app_end ] --START--
INFO: Run Behavior\ShowPageTraceBehavior [ RunTime:0.000000s ]
INFO: [ app_end ] --END-- [ RunTime:0.000000s ]

[ 2017-06-19T09:21:33+08:00 ] 127.0.0.1 /ok/servers/index.php/Admin/Index/info
INFO: [ app_init ] --START--
INFO: Run Behavior\BuildLiteBehavior [ RunTime:0.000000s ]
INFO: [ app_init ] --END-- [ RunTime:0.000000s ]
INFO: [ app_begin ] --START--
INFO: Run Behavior\ReadHtmlCacheBehavior [ RunTime:0.000000s ]
INFO: [ app_begin ] --END-- [ RunTime:0.000000s ]
SQL: SHOW COLUMNS FROM `sp_users` [ RunTime:0.0468s ]
SQL: SELECT * FROM `sp_users` WHERE `id` = 1 LIMIT 1   [ RunTime:0.0000s ]
INFO: [ app_end ] --START--
INFO: Run Behavior\ShowPageTraceBehavior [ RunTime:0.000000s ]
INFO: [ app_end ] --END-- [ RunTime:0.000000s ]

[ 2017-06-19T09:21:39+08:00 ] 127.0.0.1 /ok/servers/index.php/Admin/Attr/attr_show/menuid/562
INFO: [ app_init ] --START--
INFO: Run Behavior\BuildLiteBehavior [ RunTime:0.000000s ]
INFO: [ app_init ] --END-- [ RunTime:0.000000s ]
INFO: [ app_begin ] --START--
INFO: Run Behavior\ReadHtmlCacheBehavior [ RunTime:0.000000s ]
INFO: [ app_begin ] --END-- [ RunTime:0.000000s ]
SQL: SHOW COLUMNS FROM `sp_users` [ RunTime:0.0312s ]
SQL: SELECT * FROM `sp_users` WHERE `id` = 1 LIMIT 1   [ RunTime:0.0000s ]
SQL: SHOW COLUMNS FROM `sp_goods_attr` [ RunTime:0.0312s ]
SQL: SELECT * FROM `sp_goods_attr`  [ RunTime:0.0000s ]
INFO: [ view_parse ] --START--
INFO: [ template_filter ] --START--
INFO: Run Behavior\ContentReplaceBehavior [ RunTime:0.015600s ]
INFO: [ template_filter ] --END-- [ RunTime:0.015600s ]
INFO: Run Behavior\ParseTemplateBehavior [ RunTime:0.062400s ]
INFO: [ view_parse ] --END-- [ RunTime:0.062400s ]
INFO: [ view_filter ] --START--
INFO: Run Behavior\WriteHtmlCacheBehavior [ RunTime:0.000000s ]
INFO: [ view_filter ] --END-- [ RunTime:0.000000s ]
INFO: [ app_end ] --START--
INFO: Run Behavior\ShowPageTraceBehavior [ RunTime:0.000000s ]
INFO: [ app_end ] --END-- [ RunTime:0.000000s ]

[ 2017-06-19T09:21:43+08:00 ] 127.0.0.1 /ok/servers/index.php/Admin/Attr/attr_index
INFO: [ app_init ] --START--
INFO: Run Behavior\BuildLiteBehavior [ RunTime:0.000000s ]
INFO: [ app_init ] --END-- [ RunTime:0.000000s ]
INFO: [ app_begin ] --START--
INFO: Run Behavior\ReadHtmlCacheBehavior [ RunTime:0.000000s ]
INFO: [ app_begin ] --END-- [ RunTime:0.000000s ]
SQL: SHOW COLUMNS FROM `sp_users` [ RunTime:0.0312s ]
SQL: SELECT * FROM `sp_users` WHERE `id` = 1 LIMIT 1   [ RunTime:0.0000s ]
INFO: [ view_parse ] --START--
INFO: [ template_filter ] --START--
INFO: Run Behavior\ContentReplaceBehavior [ RunTime:0.000000s ]
INFO: [ template_filter ] --END-- [ RunTime:0.000000s ]
INFO: Run Behavior\ParseTemplateBehavior [ RunTime:0.046800s ]
INFO: [ view_parse ] --END-- [ RunTime:0.046800s ]
INFO: [ view_filter ] --START--
INFO: Run Behavior\WriteHtmlCacheBehavior [ RunTime:0.000000s ]
INFO: [ view_filter ] --END-- [ RunTime:0.000000s ]
INFO: [ app_end ] --START--
INFO: Run Behavior\ShowPageTraceBehavior [ RunTime:0.000000s ]
INFO: [ app_end ] --END-- [ RunTime:0.015601s ]

[ 2017-06-19T09:22:08+08:00 ] 127.0.0.1 /ok/servers/index.php/Admin/Attr/attr_index
INFO: [ app_init ] --START--
INFO: Run Behavior\BuildLiteBehavior [ RunTime:0.000000s ]
INFO: [ app_init ] --END-- [ RunTime:0.000000s ]
INFO: [ app_begin ] --START--
INFO: Run Behavior\ReadHtmlCacheBehavior [ RunTime:0.000000s ]
INFO: [ app_begin ] --END-- [ RunTime:0.000000s ]
SQL: SHOW COLUMNS FROM `sp_users` [ RunTime:0.0312s ]
SQL: SELECT * FROM `sp_users` WHERE `id` = 1 LIMIT 1   [ RunTime:0.0000s ]
INFO: [ view_parse ] --START--
INFO: [ template_filter ] --START--
INFO: Run Behavior\ContentReplaceBehavior [ RunTime:0.000000s ]
INFO: [ template_filter ] --END-- [ RunTime:0.000000s ]
INFO: Run Behavior\ParseTemplateBehavior [ RunTime:0.015600s ]
INFO: [ view_parse ] --END-- [ RunTime:0.015600s ]
INFO: [ view_filter ] --START--
INFO: Run Behavior\WriteHtmlCacheBehavior [ RunTime:0.000000s ]
INFO: [ view_filter ] --END-- [ RunTime:0.000000s ]
INFO: [ app_end ] --START--
INFO: Run Behavior\ShowPageTraceBehavior [ RunTime:0.000000s ]
INFO: [ app_end ] --END-- [ RunTime:0.000000s ]

[ 2017-06-19T09:22:33+08:00 ] 127.0.0.1 /ok/servers/index.php/Admin/Attr/attr_index
INFO: [ app_init ] --START--
INFO: Run Behavior\BuildLiteBehavior [ RunTime:0.000000s ]
INFO: [ app_init ] --END-- [ RunTime:0.000000s ]
INFO: [ app_begin ] --START--
INFO: Run Behavior\ReadHtmlCacheBehavior [ RunTime:0.000000s ]
INFO: [ app_begin ] --END-- [ RunTime:0.000000s ]
SQL: SHOW COLUMNS FROM `sp_users` [ RunTime:0.0312s ]
SQL: SELECT * FROM `sp_users` WHERE `id` = 1 LIMIT 1   [ RunTime:0.0000s ]
INFO: [ view_parse ] --START--
INFO: [ template_filter ] --START--
INFO: Run Behavior\ContentReplaceBehavior [ RunTime:0.000000s ]
INFO: [ template_filter ] --END-- [ RunTime:0.000000s ]
INFO: Run Behavior\ParseTemplateBehavior [ RunTime:0.015600s ]
INFO: [ view_parse ] --END-- [ RunTime:0.015600s ]
INFO: [ view_filter ] --START--
INFO: Run Behavior\WriteHtmlCacheBehavior [ RunTime:0.000000s ]
INFO: [ view_filter ] --END-- [ RunTime:0.015600s ]
INFO: [ app_end ] --START--
INFO: Run Behavior\ShowPageTraceBehavior [ RunTime:0.000000s ]
INFO: [ app_end ] --END-- [ RunTime:0.000000s ]

[ 2017-06-19T09:22:35+08:00 ] 127.0.0.1 /ok/servers/index.php/Admin/Attr/attr_show
INFO: [ app_init ] --START--
INFO: Run Behavior\BuildLiteBehavior [ RunTime:0.000000s ]
INFO: [ app_init ] --END-- [ RunTime:0.000000s ]
INFO: [ app_begin ] --START--
INFO: Run Behavior\ReadHtmlCacheBehavior [ RunTime:0.015600s ]
INFO: [ app_begin ] --END-- [ RunTime:0.015600s ]
SQL: SHOW COLUMNS FROM `sp_users` [ RunTime:0.0312s ]
SQL: SELECT * FROM `sp_users` WHERE `id` = 1 LIMIT 1   [ RunTime:0.0000s ]
SQL: SHOW COLUMNS FROM `sp_goods_attr` [ RunTime:0.0312s ]
SQL: SELECT * FROM `sp_goods_attr`  [ RunTime:0.0000s ]
INFO: [ view_parse ] --START--
INFO: [ template_filter ] --START--
INFO: Run Behavior\ContentReplaceBehavior [ RunTime:0.015601s ]
INFO: [ template_filter ] --END-- [ RunTime:0.015601s ]
INFO: Run Behavior\ParseTemplateBehavior [ RunTime:0.046801s ]
INFO: [ view_parse ] --END-- [ RunTime:0.046801s ]
INFO: [ view_filter ] --START--
INFO: Run Behavior\WriteHtmlCacheBehavior [ RunTime:0.015600s ]
INFO: [ view_filter ] --END-- [ RunTime:0.015600s ]
INFO: [ app_end ] --START--
INFO: Run Behavior\ShowPageTraceBehavior [ RunTime:0.000000s ]
INFO: [ app_end ] --END-- [ RunTime:0.000000s ]

[ 2017-06-19T09:22:50+08:00 ] 127.0.0.1 /ok/servers/index.php/Admin/Index/index
INFO: [ app_init ] --START--
INFO: Run Behavior\BuildLiteBehavior [ RunTime:0.000000s ]
INFO: [ app_init ] --END-- [ RunTime:0.000000s ]
INFO: [ app_begin ] --START--
INFO: Run Behavior\ReadHtmlCacheBehavior [ RunTime:0.000000s ]
INFO: [ app_begin ] --END-- [ RunTime:0.015600s ]
SQL: SHOW COLUMNS FROM `sp_users` [ RunTime:0.0468s ]
SQL: SELECT * FROM `sp_users` WHERE `id` = 1 LIMIT 1   [ RunTime:0.0000s ]
SQL: SHOW COLUMNS FROM `sp_menu` [ RunTime:0.0156s ]
SQL: SELECT * FROM `sp_menu` WHERE `parentid` = 0 AND `status` = 1 ORDER BY `listorder` DESC  [ RunTime:0.0000s ]
SQL: SELECT * FROM `sp_menu` WHERE `parentid` = 239 AND `status` = 1 ORDER BY `listorder` DESC  [ RunTime:0.0000s ]
SQL: SELECT * FROM `sp_menu` WHERE `parentid` = 252 AND `status` = 1 ORDER BY `listorder` DESC  [ RunTime:0.0156s ]
SQL: SELECT * FROM `sp_menu` WHERE `parentid` = 253 AND `status` = 1 ORDER BY `listorder` DESC  [ RunTime:0.0000s ]
NOTIC: [8] Undefined variable: ret D:\phpStudy\WWW\ok\servers\Application\Admin\Model\MenuModel.class.php 第 176 行.
SQL: SELECT * FROM `sp_menu` WHERE `parentid` = 254 AND `status` = 1 ORDER BY `listorder` DESC  [ RunTime:0.0000s ]
NOTIC: [8] Undefined variable: ret D:\phpStudy\WWW\ok\servers\Application\Admin\Model\MenuModel.class.php 第 176 行.
SQL: SELECT * FROM `sp_menu` WHERE `parentid` = 286 AND `status` = 1 ORDER BY `listorder` DESC  [ RunTime:0.0000s ]
SQL: SELECT * FROM `sp_menu` WHERE `parentid` = 290 AND `status` = 1 ORDER BY `listorder` DESC  [ RunTime:0.0000s ]
SQL: SELECT * FROM `sp_menu` WHERE `parentid` = 291 AND `status` = 1 ORDER BY `listorder` DESC  [ RunTime:0.0000s ]
SQL: SELECT * FROM `sp_menu` WHERE `parentid` = 463 AND `status` = 1 ORDER BY `listorder` DESC  [ RunTime:0.0156s ]
NOTIC: [8] Undefined variable: ret D:\phpStudy\WWW\ok\servers\Application\Admin\Model\MenuModel.class.php 第 176 行.
SQL: SELECT * FROM `sp_menu` WHERE `parentid` = 462 AND `status` = 1 ORDER BY `listorder` DESC  [ RunTime:0.0000s ]
NOTIC: [8] Undefined variable: ret D:\phpStudy\WWW\ok\servers\Application\Admin\Model\MenuModel.class.php 第 176 行.
SQL: SELECT * FROM `sp_menu` WHERE `parentid` = 292 AND `status` = 1 ORDER BY `listorder` DESC  [ RunTime:0.0000s ]
NOTIC: [8] Undefined variable: ret D:\phpStudy\WWW\ok\servers\Application\Admin\Model\MenuModel.class.php 第 176 行.
SQL: SELECT * FROM `sp_menu` WHERE `parentid` = 293 AND `status` = 1 ORDER BY `listorder` DESC  [ RunTime:0.0000s ]
SQL: SELECT * FROM `sp_menu` WHERE `parentid` = 297 AND `status` = 1 ORDER BY `listorder` DESC  [ RunTime:0.0000s ]
NOTIC: [8] Undefined variable: ret D:\phpStudy\WWW\ok\servers\Application\Admin\Model\MenuModel.class.php 第 176 行.
SQL: SELECT * FROM `sp_menu` WHERE `parentid` = 553 AND `status` = 1 ORDER BY `listorder` DESC  [ RunTime:0.0000s ]
SQL: SELECT * FROM `sp_menu` WHERE `parentid` = 554 AND `status` = 1 ORDER BY `listorder` DESC  [ RunTime:0.0000s ]
NOTIC: [8] Undefined variable: ret D:\phpStudy\WWW\ok\servers\Application\Admin\Model\MenuModel.class.php 第 176 行.
SQL: SELECT * FROM `sp_menu` WHERE `parentid` = 556 AND `status` = 1 ORDER BY `listorder` DESC  [ RunTime:0.0000s ]
NOTIC: [8] Undefined variable: ret D:\phpStudy\WWW\ok\servers\Application\Admin\Model\MenuModel.class.php 第 176 行.
SQL: SELECT * FROM `sp_menu` WHERE `parentid` = 561 AND `status` = 1 ORDER BY `listorder` DESC  [ RunTime:0.0000s ]
NOTIC: [8] Undefined variable: ret D:\phpStudy\WWW\ok\servers\Application\Admin\Model\MenuModel.class.php 第 176 行.
SQL: SELECT * FROM `sp_menu` WHERE `parentid` = 552 AND `status` = 1 ORDER BY `listorder` DESC  [ RunTime:0.0000s ]
NOTIC: [8] Undefined variable: ret D:\phpStudy\WWW\ok\servers\Application\Admin\Model\MenuModel.class.php 第 176 行.
SQL: SELECT * FROM `sp_menu` WHERE `parentid` = 557 AND `status` = 1 ORDER BY `listorder` DESC  [ RunTime:0.0000s ]
NOTIC: [8] Undefined variable: ret D:\phpStudy\WWW\ok\servers\Application\Admin\Model\MenuModel.class.php 第 176 行.
SQL: SELECT * FROM `sp_menu` WHERE `parentid` = 558 AND `status` = 1 ORDER BY `listorder` DESC  [ RunTime:0.0000s ]
SQL: SELECT * FROM `sp_menu` WHERE `parentid` = 559 AND `status` = 1 ORDER BY `listorder` DESC  [ RunTime:0.0000s ]
NOTIC: [8] Undefined variable: ret D:\phpStudy\WWW\ok\servers\Application\Admin\Model\MenuModel.class.php 第 176 行.
SQL: SELECT * FROM `sp_menu` WHERE `parentid` = 560 AND `status` = 1 ORDER BY `listorder` DESC  [ RunTime:0.0000s ]
NOTIC: [8] Undefined variable: ret D:\phpStudy\WWW\ok\servers\Application\Admin\Model\MenuModel.class.php 第 176 行.
SQL: SELECT * FROM `sp_menu` WHERE `parentid` = 562 AND `status` = 1 ORDER BY `listorder` DESC  [ RunTime:0.0000s ]
NOTIC: [8] Undefined variable: ret D:\phpStudy\WWW\ok\servers\Application\Admin\Model\MenuModel.class.php 第 176 行.
SQL: SELECT * FROM `sp_menu` WHERE `parentid` = 563 AND `status` = 1 ORDER BY `listorder` DESC  [ RunTime:0.0000s ]
SQL: SELECT * FROM `sp_menu` WHERE `parentid` = 564 AND `status` = 1 ORDER BY `listorder` DESC  [ RunTime:0.0000s ]
NOTIC: [8] Undefined variable: ret D:\phpStudy\WWW\ok\servers\Application\Admin\Model\MenuModel.class.php 第 176 行.
SQL: SELECT * FROM `sp_menu` WHERE `parentid` = 565 AND `status` = 1 ORDER BY `listorder` DESC  [ RunTime:0.0000s ]
NOTIC: [8] Undefined variable: ret D:\phpStudy\WWW\ok\servers\Application\Admin\Model\MenuModel.class.php 第 176 行.
INFO: [ view_parse ] --START--
INFO: [ template_filter ] --START--
INFO: Run Behavior\ContentReplaceBehavior [ RunTime:0.000000s ]
INFO: [ template_filter ] --END-- [ RunTime:0.000000s ]
INFO: Run Behavior\ParseTemplateBehavior [ RunTime:0.078000s ]
INFO: [ view_parse ] --END-- [ RunTime:0.078000s ]
INFO: [ view_filter ] --START--
INFO: Run Behavior\WriteHtmlCacheBehavior [ RunTime:0.000000s ]
INFO: [ view_filter ] --END-- [ RunTime:0.000000s ]
INFO: [ app_end ] --START--
INFO: Run Behavior\ShowPageTraceBehavior [ RunTime:0.000000s ]
INFO: [ app_end ] --END-- [ RunTime:0.000000s ]

[ 2017-06-19T09:22:50+08:00 ] 127.0.0.1 /ok/servers/index.php/Admin/Index/info
INFO: [ app_init ] --START--
INFO: Run Behavior\BuildLiteBehavior [ RunTime:0.000000s ]
INFO: [ app_init ] --END-- [ RunTime:0.000000s ]
INFO: [ app_begin ] --START--
INFO: Run Behavior\ReadHtmlCacheBehavior [ RunTime:0.000000s ]
INFO: [ app_begin ] --END-- [ RunTime:0.000000s ]
SQL: SHOW COLUMNS FROM `sp_users` [ RunTime:0.0156s ]
SQL: SELECT * FROM `sp_users` WHERE `id` = 1 LIMIT 1   [ RunTime:0.0000s ]
INFO: [ app_end ] --START--
INFO: Run Behavior\ShowPageTraceBehavior [ RunTime:0.000000s ]
INFO: [ app_end ] --END-- [ RunTime:0.000000s ]

[ 2017-06-19T09:22:53+08:00 ] 127.0.0.1 /ok/servers/index.php/Admin/Attr/attr_show/menuid/562
INFO: [ app_init ] --START--
INFO: Run Behavior\BuildLiteBehavior [ RunTime:0.000000s ]
INFO: [ app_init ] --END-- [ RunTime:0.000000s ]
INFO: [ app_begin ] --START--
INFO: Run Behavior\ReadHtmlCacheBehavior [ RunTime:0.000000s ]
INFO: [ app_begin ] --END-- [ RunTime:0.000000s ]
SQL: SHOW COLUMNS FROM `sp_users` [ RunTime:0.0312s ]
SQL: SELECT * FROM `sp_users` WHERE `id` = 1 LIMIT 1   [ RunTime:0.0156s ]
SQL: SHOW COLUMNS FROM `sp_goods_attr` [ RunTime:0.0312s ]
SQL: SELECT * FROM `sp_goods_attr`  [ RunTime:0.0000s ]
INFO: [ view_parse ] --START--
INFO: [ template_filter ] --START--
INFO: Run Behavior\ContentReplaceBehavior [ RunTime:0.000000s ]
INFO: [ template_filter ] --END-- [ RunTime:0.000000s ]
INFO: Run Behavior\ParseTemplateBehavior [ RunTime:0.062400s ]
INFO: [ view_parse ] --END-- [ RunTime:0.062400s ]
INFO: [ view_filter ] --START--
INFO: Run Behavior\WriteHtmlCacheBehavior [ RunTime:0.000000s ]
INFO: [ view_filter ] --END-- [ RunTime:0.015600s ]
INFO: [ app_end ] --START--
INFO: Run Behavior\ShowPageTraceBehavior [ RunTime:0.000000s ]
INFO: [ app_end ] --END-- [ RunTime:0.000000s ]

[ 2017-06-19T09:22:55+08:00 ] 127.0.0.1 /ok/servers/index.php/Admin/Attr/attr_values/attr_id/1
INFO: [ app_init ] --START--
INFO: Run Behavior\BuildLiteBehavior [ RunTime:0.000000s ]
INFO: [ app_init ] --END-- [ RunTime:0.000000s ]
INFO: [ app_begin ] --START--
INFO: Run Behavior\ReadHtmlCacheBehavior [ RunTime:0.000000s ]
INFO: [ app_begin ] --END-- [ RunTime:0.000000s ]
SQL: SHOW COLUMNS FROM `sp_users` [ RunTime:0.0312s ]
SQL: SELECT * FROM `sp_users` WHERE `id` = 1 LIMIT 1   [ RunTime:0.0000s ]
SQL: SHOW COLUMNS FROM `sp_goods_attr` [ RunTime:0.0156s ]
SQL: SELECT * FROM `sp_goods_attr` WHERE `goods_type_id` = 0  [ RunTime:0.0156s ]
SQL: SHOW COLUMNS FROM `sp_goods_type` [ RunTime:0.0156s ]
SQL: SELECT * FROM `sp_goods_type` WHERE `goods_type_id` = 0 LIMIT 1   [ RunTime:0.0156s ]
SQL: SHOW COLUMNS FROM `sp_goods_attr_value` [ RunTime:0.0156s ]
NOTIC: [8] Undefined index: attr_id D:\phpStudy\WWW\ok\servers\Application\Admin\Controller\AttrController.class.php 第 63 行.
SQL: SELECT * FROM `sp_goods_attr_value` WHERE `attr_id` = null  [ RunTime:0.0000s ]
INFO: [ view_parse ] --START--
INFO: [ template_filter ] --START--
INFO: Run Behavior\ContentReplaceBehavior [ RunTime:0.000000s ]
INFO: [ template_filter ] --END-- [ RunTime:0.000000s ]
INFO: Run Behavior\ParseTemplateBehavior [ RunTime:0.015600s ]
INFO: [ view_parse ] --END-- [ RunTime:0.015600s ]
INFO: [ view_filter ] --START--
INFO: Run Behavior\WriteHtmlCacheBehavior [ RunTime:0.000000s ]
INFO: [ view_filter ] --END-- [ RunTime:0.015600s ]
INFO: [ app_end ] --START--
INFO: Run Behavior\ShowPageTraceBehavior [ RunTime:0.000000s ]
INFO: [ app_end ] --END-- [ RunTime:0.000000s ]

[ 2017-06-19T09:22:59+08:00 ] 127.0.0.1 /ok/servers/index.php/Admin/Attr/attr_values_add/goods_type_id/
INFO: [ app_init ] --START--
INFO: Run Behavior\BuildLiteBehavior [ RunTime:0.000000s ]
INFO: [ app_init ] --END-- [ RunTime:0.000000s ]
INFO: [ app_begin ] --START--
INFO: Run Behavior\ReadHtmlCacheBehavior [ RunTime:0.000000s ]
INFO: [ app_begin ] --END-- [ RunTime:0.000000s ]
SQL: SHOW COLUMNS FROM `sp_users` [ RunTime:0.0468s ]
SQL: SELECT * FROM `sp_users` WHERE `id` = 1 LIMIT 1   [ RunTime:0.0000s ]
NOTIC: [8] Undefined index: goods_type_id D:\phpStudy\WWW\ok\servers\Application\Admin\Controller\AttrController.class.php 第 94 行.
SQL: SHOW COLUMNS FROM `sp_goods_type` [ RunTime:0.0312s ]
SQL: SELECT * FROM `sp_goods_type`  [ RunTime:0.0000s ]
INFO: [ view_parse ] --START--
INFO: [ template_filter ] --START--
INFO: Run Behavior\ContentReplaceBehavior [ RunTime:0.000000s ]
INFO: [ template_filter ] --END-- [ RunTime:0.015600s ]
INFO: Run Behavior\ParseTemplateBehavior [ RunTime:0.031200s ]
INFO: [ view_parse ] --END-- [ RunTime:0.031200s ]
INFO: [ view_filter ] --START--
INFO: Run Behavior\WriteHtmlCacheBehavior [ RunTime:0.000000s ]
INFO: [ view_filter ] --END-- [ RunTime:0.000000s ]
INFO: [ app_end ] --START--
INFO: Run Behavior\ShowPageTraceBehavior [ RunTime:0.000000s ]
INFO: [ app_end ] --END-- [ RunTime:0.000000s ]

[ 2017-06-19T09:23:00+08:00 ] 127.0.0.1 /ok/servers/index.php/Admin/Attr/attr_values_add/goods_type_id/
INFO: [ app_init ] --START--
INFO: Run Behavior\BuildLiteBehavior [ RunTime:0.000000s ]
INFO: [ app_init ] --END-- [ RunTime:0.000000s ]
INFO: [ app_begin ] --START--
INFO: Run Behavior\ReadHtmlCacheBehavior [ RunTime:0.000000s ]
INFO: [ app_begin ] --END-- [ RunTime:0.000000s ]
SQL: SHOW COLUMNS FROM `sp_users` [ RunTime:0.0156s ]
SQL: SELECT * FROM `sp_users` WHERE `id` = 1 LIMIT 1   [ RunTime:0.0000s ]
NOTIC: [8] Undefined index: goods_type_id D:\phpStudy\WWW\ok\servers\Application\Admin\Controller\AttrController.class.php 第 94 行.
SQL: SHOW COLUMNS FROM `sp_goods_type` [ RunTime:0.0156s ]
SQL: SELECT * FROM `sp_goods_type`  [ RunTime:0.0000s ]
INFO: [ view_parse ] --START--
INFO: [ template_filter ] --START--
INFO: Run Behavior\ContentReplaceBehavior [ RunTime:0.000000s ]
INFO: [ template_filter ] --END-- [ RunTime:0.000000s ]
INFO: Run Behavior\ParseTemplateBehavior [ RunTime:0.015600s ]
INFO: [ view_parse ] --END-- [ RunTime:0.015600s ]
INFO: [ view_filter ] --START--
INFO: Run Behavior\WriteHtmlCacheBehavior [ RunTime:0.000000s ]
INFO: [ view_filter ] --END-- [ RunTime:0.000000s ]
INFO: [ app_end ] --START--
INFO: Run Behavior\ShowPageTraceBehavior [ RunTime:0.015600s ]
INFO: [ app_end ] --END-- [ RunTime:0.015600s ]

[ 2017-06-19T09:23:09+08:00 ] 127.0.0.1 /ok/servers/index.php/Admin/Carousel/Carousel_show/menuid/565
INFO: [ app_init ] --START--
INFO: Run Behavior\BuildLiteBehavior [ RunTime:0.000000s ]
INFO: [ app_init ] --END-- [ RunTime:0.000000s ]
INFO: [ app_begin ] --START--
INFO: Run Behavior\ReadHtmlCacheBehavior [ RunTime:0.000000s ]
INFO: [ app_begin ] --END-- [ RunTime:0.000000s ]
SQL: SHOW COLUMNS FROM `sp_users` [ RunTime:0.0312s ]
SQL: SELECT * FROM `sp_users` WHERE `id` = 1 LIMIT 1   [ RunTime:0.0000s ]
SQL: SHOW COLUMNS FROM `sp_carousel` [ RunTime:0.0312s ]
SQL: SELECT * FROM `sp_carousel` WHERE `carousel_status` > 0  [ RunTime:0.0000s ]
SQL: SELECT * FROM `sp_carousel` WHERE `carousel_status` > 0 LIMIT 0,3   [ RunTime:0.0000s ]
INFO: [ view_parse ] --START--
INFO: [ template_filter ] --START--
INFO: Run Behavior\ContentReplaceBehavior [ RunTime:0.000000s ]
INFO: [ template_filter ] --END-- [ RunTime:0.000000s ]
NOTIC: [8] Undefined index: brand_time D:\phpStudy\WWW\ok\servers\Application\Runtime\Cache\Admin\dfd396d28dc5adcabc3c141ca3f0b729.php 第 98 行.
INFO: Run Behavior\ParseTemplateBehavior [ RunTime:0.093600s ]
INFO: [ view_parse ] --END-- [ RunTime:0.093600s ]
INFO: [ view_filter ] --START--
INFO: Run Behavior\WriteHtmlCacheBehavior [ RunTime:0.000000s ]
INFO: [ view_filter ] --END-- [ RunTime:0.000000s ]
INFO: [ app_end ] --START--
INFO: Run Behavior\ShowPageTraceBehavior [ RunTime:0.015600s ]
INFO: [ app_end ] --END-- [ RunTime:0.015600s ]

[ 2017-06-19T09:23:11+08:00 ] 127.0.0.1 /ok/servers/index.php/Admin/Index/info
INFO: [ app_init ] --START--
INFO: Run Behavior\BuildLiteBehavior [ RunTime:0.000000s ]
INFO: [ app_init ] --END-- [ RunTime:0.000000s ]
INFO: [ app_begin ] --START--
INFO: Run Behavior\ReadHtmlCacheBehavior [ RunTime:0.000000s ]
INFO: [ app_begin ] --END-- [ RunTime:0.000000s ]
SQL: SHOW COLUMNS FROM `sp_users` [ RunTime:0.0312s ]
SQL: SELECT * FROM `sp_users` WHERE `id` = 1 LIMIT 1   [ RunTime:0.0000s ]
INFO: [ app_end ] --START--
INFO: Run Behavior\ShowPageTraceBehavior [ RunTime:0.000000s ]
INFO: [ app_end ] --END-- [ RunTime:0.000000s ]

[ 2017-06-19T09:23:14+08:00 ] 127.0.0.1 /ok/servers/index.php/Admin/Brand/add/menuid/559
INFO: [ app_init ] --START--
INFO: Run Behavior\BuildLiteBehavior [ RunTime:0.000000s ]
INFO: [ app_init ] --END-- [ RunTime:0.000000s ]
INFO: [ app_begin ] --START--
INFO: Run Behavior\ReadHtmlCacheBehavior [ RunTime:0.000000s ]
INFO: [ app_begin ] --END-- [ RunTime:0.000000s ]
NOTIC: [2048] Declaration of Admin\Controller\BrandController::show() should be compatible with Think\Controller::show($content, $charset = '', $contentType = '', $prefix = '') D:\phpStudy\WWW\ok\servers\Application\Admin\Controller\BrandController.class.php 第 7 行.
SQL: SHOW COLUMNS FROM `sp_users` [ RunTime:0.0312s ]
SQL: SELECT * FROM `sp_users` WHERE `id` = 1 LIMIT 1   [ RunTime:0.0000s ]
SQL: SHOW COLUMNS FROM `sp_brand` [ RunTime:0.0312s ]
SQL: SHOW COLUMNS FROM `sp_goods` [ RunTime:0.0312s ]
INFO: [ view_parse ] --START--
INFO: [ template_filter ] --START--
INFO: Run Behavior\ContentReplaceBehavior [ RunTime:0.000000s ]
INFO: [ template_filter ] --END-- [ RunTime:0.000000s ]
INFO: Run Behavior\ParseTemplateBehavior [ RunTime:0.046800s ]
INFO: [ view_parse ] --END-- [ RunTime:0.046800s ]
INFO: [ view_filter ] --START--
INFO: Run Behavior\WriteHtmlCacheBehavior [ RunTime:0.000000s ]
INFO: [ view_filter ] --END-- [ RunTime:0.000000s ]
INFO: [ app_end ] --START--
INFO: Run Behavior\ShowPageTraceBehavior [ RunTime:0.000000s ]
INFO: [ app_end ] --END-- [ RunTime:0.015600s ]

[ 2017-06-19T09:23:17+08:00 ] 127.0.0.1 /ok/servers/index.php/Admin/Index/index
INFO: [ app_init ] --START--
INFO: Run Behavior\BuildLiteBehavior [ RunTime:0.000000s ]
INFO: [ app_init ] --END-- [ RunTime:0.000000s ]
INFO: [ app_begin ] --START--
INFO: Run Behavior\ReadHtmlCacheBehavior [ RunTime:0.000000s ]
INFO: [ app_begin ] --END-- [ RunTime:0.000000s ]
SQL: SHOW COLUMNS FROM `sp_users` [ RunTime:0.0312s ]
SQL: SELECT * FROM `sp_users` WHERE `id` = 1 LIMIT 1   [ RunTime:0.0000s ]
SQL: SHOW COLUMNS FROM `sp_menu` [ RunTime:0.0312s ]
SQL: SELECT * FROM `sp_menu` WHERE `parentid` = 0 AND `status` = 1 ORDER BY `listorder` DESC  [ RunTime:0.0000s ]
SQL: SELECT * FROM `sp_menu` WHERE `parentid` = 239 AND `status` = 1 ORDER BY `listorder` DESC  [ RunTime:0.0000s ]
SQL: SELECT * FROM `sp_menu` WHERE `parentid` = 252 AND `status` = 1 ORDER BY `listorder` DESC  [ RunTime:0.0000s ]
SQL: SELECT * FROM `sp_menu` WHERE `parentid` = 253 AND `status` = 1 ORDER BY `listorder` DESC  [ RunTime:0.0000s ]
NOTIC: [8] Undefined variable: ret D:\phpStudy\WWW\ok\servers\Application\Admin\Model\MenuModel.class.php 第 176 行.
SQL: SELECT * FROM `sp_menu` WHERE `parentid` = 254 AND `status` = 1 ORDER BY `listorder` DESC  [ RunTime:0.0156s ]
NOTIC: [8] Undefined variable: ret D:\phpStudy\WWW\ok\servers\Application\Admin\Model\MenuModel.class.php 第 176 行.
SQL: SELECT * FROM `sp_menu` WHERE `parentid` = 286 AND `status` = 1 ORDER BY `listorder` DESC  [ RunTime:0.0000s ]
SQL: SELECT * FROM `sp_menu` WHERE `parentid` = 290 AND `status` = 1 ORDER BY `listorder` DESC  [ RunTime:0.0000s ]
SQL: SELECT * FROM `sp_menu` WHERE `parentid` = 291 AND `status` = 1 ORDER BY `listorder` DESC  [ RunTime:0.0000s ]
SQL: SELECT * FROM `sp_menu` WHERE `parentid` = 463 AND `status` = 1 ORDER BY `listorder` DESC  [ RunTime:0.0000s ]
NOTIC: [8] Undefined variable: ret D:\phpStudy\WWW\ok\servers\Application\Admin\Model\MenuModel.class.php 第 176 行.
SQL: SELECT * FROM `sp_menu` WHERE `parentid` = 462 AND `status` = 1 ORDER BY `listorder` DESC  [ RunTime:0.0000s ]
NOTIC: [8] Undefined variable: ret D:\phpStudy\WWW\ok\servers\Application\Admin\Model\MenuModel.class.php 第 176 行.
SQL: SELECT * FROM `sp_menu` WHERE `parentid` = 292 AND `status` = 1 ORDER BY `listorder` DESC  [ RunTime:0.0000s ]
NOTIC: [8] Undefined variable: ret D:\phpStudy\WWW\ok\servers\Application\Admin\Model\MenuModel.class.php 第 176 行.
SQL: SELECT * FROM `sp_menu` WHERE `parentid` = 293 AND `status` = 1 ORDER BY `listorder` DESC  [ RunTime:0.0000s ]
SQL: SELECT * FROM `sp_menu` WHERE `parentid` = 297 AND `status` = 1 ORDER BY `listorder` DESC  [ RunTime:0.0000s ]
NOTIC: [8] Undefined variable: ret D:\phpStudy\WWW\ok\servers\Application\Admin\Model\MenuModel.class.php 第 176 行.
SQL: SELECT * FROM `sp_menu` WHERE `parentid` = 553 AND `status` = 1 ORDER BY `listorder` DESC  [ RunTime:0.0156s ]
SQL: SELECT * FROM `sp_menu` WHERE `parentid` = 554 AND `status` = 1 ORDER BY `listorder` DESC  [ RunTime:0.0000s ]
NOTIC: [8] Undefined variable: ret D:\phpStudy\WWW\ok\servers\Application\Admin\Model\MenuModel.class.php 第 176 行.
SQL: SELECT * FROM `sp_menu` WHERE `parentid` = 556 AND `status` = 1 ORDER BY `listorder` DESC  [ RunTime:0.0156s ]
NOTIC: [8] Undefined variable: ret D:\phpStudy\WWW\ok\servers\Application\Admin\Model\MenuModel.class.php 第 176 行.
SQL: SELECT * FROM `sp_menu` WHERE `parentid` = 561 AND `status` = 1 ORDER BY `listorder` DESC  [ RunTime:0.0000s ]
NOTIC: [8] Undefined variable: ret D:\phpStudy\WWW\ok\servers\Application\Admin\Model\MenuModel.class.php 第 176 行.
SQL: SELECT * FROM `sp_menu` WHERE `parentid` = 552 AND `status` = 1 ORDER BY `listorder` DESC  [ RunTime:0.0000s ]
NOTIC: [8] Undefined variable: ret D:\phpStudy\WWW\ok\servers\Application\Admin\Model\MenuModel.class.php 第 176 行.
SQL: SELECT * FROM `sp_menu` WHERE `parentid` = 557 AND `status` = 1 ORDER BY `listorder` DESC  [ RunTime:0.0000s ]
NOTIC: [8] Undefined variable: ret D:\phpStudy\WWW\ok\servers\Application\Admin\Model\MenuModel.class.php 第 176 行.
SQL: SELECT * FROM `sp_menu` WHERE `parentid` = 558 AND `status` = 1 ORDER BY `listorder` DESC  [ RunTime:0.0000s ]
SQL: SELECT * FROM `sp_menu` WHERE `parentid` = 559 AND `status` = 1 ORDER BY `listorder` DESC  [ RunTime:0.0000s ]
NOTIC: [8] Undefined variable: ret D:\phpStudy\WWW\ok\servers\Application\Admin\Model\MenuModel.class.php 第 176 行.
SQL: SELECT * FROM `sp_menu` WHERE `parentid` = 560 AND `status` = 1 ORDER BY `listorder` DESC  [ RunTime:0.0000s ]
NOTIC: [8] Undefined variable: ret D:\phpStudy\WWW\ok\servers\Application\Admin\Model\MenuModel.class.php 第 176 行.
SQL: SELECT * FROM `sp_menu` WHERE `parentid` = 562 AND `status` = 1 ORDER BY `listorder` DESC  [ RunTime:0.0000s ]
NOTIC: [8] Undefined variable: ret D:\phpStudy\WWW\ok\servers\Application\Admin\Model\MenuModel.class.php 第 176 行.
SQL: SELECT * FROM `sp_menu` WHERE `parentid` = 563 AND `status` = 1 ORDER BY `listorder` DESC  [ RunTime:0.0000s ]
SQL: SELECT * FROM `sp_menu` WHERE `parentid` = 564 AND `status` = 1 ORDER BY `listorder` DESC  [ RunTime:0.0000s ]
NOTIC: [8] Undefined variable: ret D:\phpStudy\WWW\ok\servers\Application\Admin\Model\MenuModel.class.php 第 176 行.
SQL: SELECT * FROM `sp_menu` WHERE `parentid` = 565 AND `status` = 1 ORDER BY `listorder` DESC  [ RunTime:0.0000s ]
NOTIC: [8] Undefined variable: ret D:\phpStudy\WWW\ok\servers\Application\Admin\Model\MenuModel.class.php 第 176 行.
INFO: [ view_parse ] --START--
INFO: [ template_filter ] --START--
INFO: Run Behavior\ContentReplaceBehavior [ RunTime:0.000000s ]
INFO: [ template_filter ] --END-- [ RunTime:0.000000s ]
INFO: Run Behavior\ParseTemplateBehavior [ RunTime:0.078000s ]
INFO: [ view_parse ] --END-- [ RunTime:0.078000s ]
INFO: [ view_filter ] --START--
INFO: Run Behavior\WriteHtmlCacheBehavior [ RunTime:0.000000s ]
INFO: [ view_filter ] --END-- [ RunTime:0.000000s ]
INFO: [ app_end ] --START--
INFO: Run Behavior\ShowPageTraceBehavior [ RunTime:0.000000s ]
INFO: [ app_end ] --END-- [ RunTime:0.000000s ]

[ 2017-06-19T09:23:18+08:00 ] 127.0.0.1 /ok/servers/index.php/Admin/Index/info
INFO: [ app_init ] --START--
INFO: Run Behavior\BuildLiteBehavior [ RunTime:0.000000s ]
INFO: [ app_init ] --END-- [ RunTime:0.000000s ]
INFO: [ app_begin ] --START--
INFO: Run Behavior\ReadHtmlCacheBehavior [ RunTime:0.000000s ]
INFO: [ app_begin ] --END-- [ RunTime:0.000000s ]
SQL: SHOW COLUMNS FROM `sp_users` [ RunTime:0.0156s ]
SQL: SELECT * FROM `sp_users` WHERE `id` = 1 LIMIT 1   [ RunTime:0.0000s ]
INFO: [ app_end ] --START--
INFO: Run Behavior\ShowPageTraceBehavior [ RunTime:0.000000s ]
INFO: [ app_end ] --END-- [ RunTime:0.000000s ]

[ 2017-06-19T09:23:20+08:00 ] 127.0.0.1 /ok/servers/index.php/Admin/Goods/sort/menuid/557
INFO: [ app_init ] --START--
INFO: Run Behavior\BuildLiteBehavior [ RunTime:0.000000s ]
INFO: [ app_init ] --END-- [ RunTime:0.000000s ]
INFO: [ app_begin ] --START--
INFO: Run Behavior\ReadHtmlCacheBehavior [ RunTime:0.015600s ]
INFO: [ app_begin ] --END-- [ RunTime:0.015600s ]
ERR: 无法加载控制器:Goods

[ 2017-06-19T09:23:30+08:00 ] 127.0.0.1 /ok/servers/index.php/Admin/Order/shows/menuid/552
INFO: [ app_init ] --START--
INFO: Run Behavior\BuildLiteBehavior [ RunTime:0.000000s ]
INFO: [ app_init ] --END-- [ RunTime:0.000000s ]
INFO: [ app_begin ] --START--
INFO: Run Behavior\ReadHtmlCacheBehavior [ RunTime:0.000000s ]
INFO: [ app_begin ] --END-- [ RunTime:0.000000s ]
SQL: SHOW COLUMNS FROM `sp_users` [ RunTime:0.0468s ]
SQL: SELECT * FROM `sp_users` WHERE `id` = 1 LIMIT 1   [ RunTime:0.0000s ]
SQL: SHOW COLUMNS FROM `sp_order` [ RunTime:0.0156s ]
SQL: SELECT * FROM `sp_order` WHERE ( addtime>=1497196800 )  [ RunTime:0.0000s ]
SQL: SHOW COLUMNS FROM `sp_user` [ RunTime:0.0312s ]
SQL: SELECT `user_id`,`usertelno` FROM `sp_user`  [ RunTime:0.0000s ]
INFO: [ view_parse ] --START--
INFO: [ template_filter ] --START--
INFO: Run Behavior\ContentReplaceBehavior [ RunTime:0.000000s ]
INFO: [ template_filter ] --END-- [ RunTime:0.000000s ]
INFO: Run Behavior\ParseTemplateBehavior [ RunTime:0.062400s ]
INFO: [ view_parse ] --END-- [ RunTime:0.062400s ]
INFO: [ view_filter ] --START--
INFO: Run Behavior\WriteHtmlCacheBehavior [ RunTime:0.000000s ]
INFO: [ view_filter ] --END-- [ RunTime:0.000000s ]
INFO: [ app_end ] --START--
INFO: Run Behavior\ShowPageTraceBehavior [ RunTime:0.000000s ]
INFO: [ app_end ] --END-- [ RunTime:0.000000s ]

[ 2017-06-19T09:23:31+08:00 ] 127.0.0.1 /ok/servers/index.php/Admin/Type/type_index/menuid/561
INFO: [ app_init ] --START--
INFO: Run Behavior\BuildLiteBehavior [ RunTime:0.000000s ]
INFO: [ app_init ] --END-- [ RunTime:0.015600s ]
INFO: [ app_begin ] --START--
INFO: Run Behavior\ReadHtmlCacheBehavior [ RunTime:0.000000s ]
INFO: [ app_begin ] --END-- [ RunTime:0.015600s ]
ERR: 无法加载控制器:Type

[ 2017-06-19T09:23:37+08:00 ] 127.0.0.1 /ok/servers/index.php/Admin/Goods/add/menuid/554
INFO: [ app_init ] --START--
INFO: Run Behavior\BuildLiteBehavior [ RunTime:0.000000s ]
INFO: [ app_init ] --END-- [ RunTime:0.000000s ]
INFO: [ app_begin ] --START--
INFO: Run Behavior\ReadHtmlCacheBehavior [ RunTime:0.000000s ]
INFO: [ app_begin ] --END-- [ RunTime:0.000000s ]
ERR: 无法加载控制器:Goods

[ 2017-06-19T09:23:40+08:00 ] 127.0.0.1 /ok/servers/index.php/Admin/Index/index
INFO: [ app_init ] --START--
INFO: Run Behavior\BuildLiteBehavior [ RunTime:0.000000s ]
INFO: [ app_init ] --END-- [ RunTime:0.015600s ]
INFO: [ app_begin ] --START--
INFO: Run Behavior\ReadHtmlCacheBehavior [ RunTime:0.015600s ]
INFO: [ app_begin ] --END-- [ RunTime:0.015600s ]
SQL: SHOW COLUMNS FROM `sp_users` [ RunTime:0.0468s ]
SQL: SELECT * FROM `sp_users` WHERE `id` = 1 LIMIT 1   [ RunTime:0.0000s ]
SQL: SHOW COLUMNS FROM `sp_menu` [ RunTime:0.0156s ]
SQL: SELECT * FROM `sp_menu` WHERE `parentid` = 0 AND `status` = 1 ORDER BY `listorder` DESC  [ RunTime:0.0000s ]
SQL: SELECT * FROM `sp_menu` WHERE `parentid` = 239 AND `status` = 1 ORDER BY `listorder` DESC  [ RunTime:0.0000s ]
SQL: SELECT * FROM `sp_menu` WHERE `parentid` = 252 AND `status` = 1 ORDER BY `listorder` DESC  [ RunTime:0.0000s ]
SQL: SELECT * FROM `sp_menu` WHERE `parentid` = 253 AND `status` = 1 ORDER BY `listorder` DESC  [ RunTime:0.0000s ]
NOTIC: [8] Undefined variable: ret D:\phpStudy\WWW\ok\servers\Application\Admin\Model\MenuModel.class.php 第 176 行.
SQL: SELECT * FROM `sp_menu` WHERE `parentid` = 254 AND `status` = 1 ORDER BY `listorder` DESC  [ RunTime:0.0000s ]
NOTIC: [8] Undefined variable: ret D:\phpStudy\WWW\ok\servers\Application\Admin\Model\MenuModel.class.php 第 176 行.
SQL: SELECT * FROM `sp_menu` WHERE `parentid` = 286 AND `status` = 1 ORDER BY `listorder` DESC  [ RunTime:0.0000s ]
SQL: SELECT * FROM `sp_menu` WHERE `parentid` = 290 AND `status` = 1 ORDER BY `listorder` DESC  [ RunTime:0.0000s ]
SQL: SELECT * FROM `sp_menu` WHERE `parentid` = 291 AND `status` = 1 ORDER BY `listorder` DESC  [ RunTime:0.0156s ]
SQL: SELECT * FROM `sp_menu` WHERE `parentid` = 463 AND `status` = 1 ORDER BY `listorder` DESC  [ RunTime:0.0000s ]
NOTIC: [8] Undefined variable: ret D:\phpStudy\WWW\ok\servers\Application\Admin\Model\MenuModel.class.php 第 176 行.
SQL: SELECT * FROM `sp_menu` WHERE `parentid` = 462 AND `status` = 1 ORDER BY `listorder` DESC  [ RunTime:0.0156s ]
NOTIC: [8] Undefined variable: ret D:\phpStudy\WWW\ok\servers\Application\Admin\Model\MenuModel.class.php 第 176 行.
SQL: SELECT * FROM `sp_menu` WHERE `parentid` = 292 AND `status` = 1 ORDER BY `listorder` DESC  [ RunTime:0.0000s ]
NOTIC: [8] Undefined variable: ret D:\phpStudy\WWW\ok\servers\Application\Admin\Model\MenuModel.class.php 第 176 行.
SQL: SELECT * FROM `sp_menu` WHERE `parentid` = 293 AND `status` = 1 ORDER BY `listorder` DESC  [ RunTime:0.0000s ]
SQL: SELECT * FROM `sp_menu` WHERE `parentid` = 297 AND `status` = 1 ORDER BY `listorder` DESC  [ RunTime:0.0000s ]
NOTIC: [8] Undefined variable: ret D:\phpStudy\WWW\ok\servers\Application\Admin\Model\MenuModel.class.php 第 176 行.
SQL: SELECT * FROM `sp_menu` WHERE `parentid` = 553 AND `status` = 1 ORDER BY `listorder` DESC  [ RunTime:0.0000s ]
SQL: SELECT * FROM `sp_menu` WHERE `parentid` = 554 AND `status` = 1 ORDER BY `listorder` DESC  [ RunTime:0.0000s ]
NOTIC: [8] Undefined variable: ret D:\phpStudy\WWW\ok\servers\Application\Admin\Model\MenuModel.class.php 第 176 行.
SQL: SELECT * FROM `sp_menu` WHERE `parentid` = 556 AND `status` = 1 ORDER BY `listorder` DESC  [ RunTime:0.0000s ]
NOTIC: [8] Undefined variable: ret D:\phpStudy\WWW\ok\servers\Application\Admin\Model\MenuModel.class.php 第 176 行.
SQL: SELECT * FROM `sp_menu` WHERE `parentid` = 561 AND `status` = 1 ORDER BY `listorder` DESC  [ RunTime:0.0000s ]
NOTIC: [8] Undefined variable: ret D:\phpStudy\WWW\ok\servers\Application\Admin\Model\MenuModel.class.php 第 176 行.
SQL: SELECT * FROM `sp_menu` WHERE `parentid` = 552 AND `status` = 1 ORDER BY `listorder` DESC  [ RunTime:0.0000s ]
NOTIC: [8] Undefined variable: ret D:\phpStudy\WWW\ok\servers\Application\Admin\Model\MenuModel.class.php 第 176 行.
SQL: SELECT * FROM `sp_menu` WHERE `parentid` = 557 AND `status` = 1 ORDER BY `listorder` DESC  [ RunTime:0.0000s ]
NOTIC: [8] Undefined variable: ret D:\phpStudy\WWW\ok\servers\Application\Admin\Model\MenuModel.class.php 第 176 行.
SQL: SELECT * FROM `sp_menu` WHERE `parentid` = 558 AND `status` = 1 ORDER BY `listorder` DESC  [ RunTime:0.0000s ]
SQL: SELECT * FROM `sp_menu` WHERE `parentid` = 559 AND `status` = 1 ORDER BY `listorder` DESC  [ RunTime:0.0000s ]
NOTIC: [8] Undefined variable: ret D:\phpStudy\WWW\ok\servers\Application\Admin\Model\MenuModel.class.php 第 176 行.
SQL: SELECT * FROM `sp_menu` WHERE `parentid` = 560 AND `status` = 1 ORDER BY `listorder` DESC  [ RunTime:0.0000s ]
NOTIC: [8] Undefined variable: ret D:\phpStudy\WWW\ok\servers\Application\Admin\Model\MenuModel.class.php 第 176 行.
SQL: SELECT * FROM `sp_menu` WHERE `parentid` = 562 AND `status` = 1 ORDER BY `listorder` DESC  [ RunTime:0.0156s ]
NOTIC: [8] Undefined variable: ret D:\phpStudy\WWW\ok\servers\Application\Admin\Model\MenuModel.class.php 第 176 行.
SQL: SELECT * FROM `sp_menu` WHERE `parentid` = 563 AND `status` = 1 ORDER BY `listorder` DESC  [ RunTime:0.0000s ]
SQL: SELECT * FROM `sp_menu` WHERE `parentid` = 564 AND `status` = 1 ORDER BY `listorder` DESC  [ RunTime:0.0000s ]
NOTIC: [8] Undefined variable: ret D:\phpStudy\WWW\ok\servers\Application\Admin\Model\MenuModel.class.php 第 176 行.
SQL: SELECT * FROM `sp_menu` WHERE `parentid` = 565 AND `status` = 1 ORDER BY `listorder` DESC  [ RunTime:0.0000s ]
NOTIC: [8] Undefined variable: ret D:\phpStudy\WWW\ok\servers\Application\Admin\Model\MenuModel.class.php 第 176 行.
INFO: [ view_parse ] --START--
INFO: [ template_filter ] --START--
INFO: Run Behavior\ContentReplaceBehavior [ RunTime:0.000000s ]
INFO: [ template_filter ] --END-- [ RunTime:0.000000s ]
INFO: Run Behavior\ParseTemplateBehavior [ RunTime:0.078000s ]
INFO: [ view_parse ] --END-- [ RunTime:0.078000s ]
INFO: [ view_filter ] --START--
INFO: Run Behavior\WriteHtmlCacheBehavior [ RunTime:0.015600s ]
INFO: [ view_filter ] --END-- [ RunTime:0.015600s ]
INFO: [ app_end ] --START--
INFO: Run Behavior\ShowPageTraceBehavior [ RunTime:0.000000s ]
INFO: [ app_end ] --END-- [ RunTime:0.000000s ]

[ 2017-06-19T09:23:41+08:00 ] 127.0.0.1 /ok/servers/index.php/Admin/Index/info
INFO: [ app_init ] --START--
INFO: Run Behavior\BuildLiteBehavior [ RunTime:0.000000s ]
INFO: [ app_init ] --END-- [ RunTime:0.000000s ]
INFO: [ app_begin ] --START--
INFO: Run Behavior\ReadHtmlCacheBehavior [ RunTime:0.000000s ]
INFO: [ app_begin ] --END-- [ RunTime:0.000000s ]
SQL: SHOW COLUMNS FROM `sp_users` [ RunTime:0.0000s ]
SQL: SELECT * FROM `sp_users` WHERE `id` = 1 LIMIT 1   [ RunTime:0.0000s ]
INFO: [ app_end ] --START--
INFO: Run Behavior\ShowPageTraceBehavior [ RunTime:0.000000s ]
INFO: [ app_end ] --END-- [ RunTime:0.000000s ]

[ 2017-06-19T09:23:44+08:00 ] 127.0.0.1 /ok/servers/index.php/Admin/Index/index
INFO: [ app_init ] --START--
INFO: Run Behavior\BuildLiteBehavior [ RunTime:0.000000s ]
INFO: [ app_init ] --END-- [ RunTime:0.000000s ]
INFO: [ app_begin ] --START--
INFO: Run Behavior\ReadHtmlCacheBehavior [ RunTime:0.000000s ]
INFO: [ app_begin ] --END-- [ RunTime:0.000000s ]
SQL: SHOW COLUMNS FROM `sp_users` [ RunTime:0.0312s ]
SQL: SELECT * FROM `sp_users` WHERE `id` = 1 LIMIT 1   [ RunTime:0.0000s ]
SQL: SHOW COLUMNS FROM `sp_menu` [ RunTime:0.0312s ]
SQL: SELECT * FROM `sp_menu` WHERE `parentid` = 0 AND `status` = 1 ORDER BY `listorder` DESC  [ RunTime:0.0000s ]
SQL: SELECT * FROM `sp_menu` WHERE `parentid` = 239 AND `status` = 1 ORDER BY `listorder` DESC  [ RunTime:0.0000s ]
SQL: SELECT * FROM `sp_menu` WHERE `parentid` = 252 AND `status` = 1 ORDER BY `listorder` DESC  [ RunTime:0.0000s ]
SQL: SELECT * FROM `sp_menu` WHERE `parentid` = 253 AND `status` = 1 ORDER BY `listorder` DESC  [ RunTime:0.0000s ]
NOTIC: [8] Undefined variable: ret D:\phpStudy\WWW\ok\servers\Application\Admin\Model\MenuModel.class.php 第 176 行.
SQL: SELECT * FROM `sp_menu` WHERE `parentid` = 254 AND `status` = 1 ORDER BY `listorder` DESC  [ RunTime:0.0000s ]
NOTIC: [8] Undefined variable: ret D:\phpStudy\WWW\ok\servers\Application\Admin\Model\MenuModel.class.php 第 176 行.
SQL: SELECT * FROM `sp_menu` WHERE `parentid` = 286 AND `status` = 1 ORDER BY `listorder` DESC  [ RunTime:0.0000s ]
SQL: SELECT * FROM `sp_menu` WHERE `parentid` = 290 AND `status` = 1 ORDER BY `listorder` DESC  [ RunTime:0.0156s ]
SQL: SELECT * FROM `sp_menu` WHERE `parentid` = 291 AND `status` = 1 ORDER BY `listorder` DESC  [ RunTime:0.0000s ]
SQL: SELECT * FROM `sp_menu` WHERE `parentid` = 463 AND `status` = 1 ORDER BY `listorder` DESC  [ RunTime:0.0000s ]
NOTIC: [8] Undefined variable: ret D:\phpStudy\WWW\ok\servers\Application\Admin\Model\MenuModel.class.php 第 176 行.
SQL: SELECT * FROM `sp_menu` WHERE `parentid` = 462 AND `status` = 1 ORDER BY `listorder` DESC  [ RunTime:0.0000s ]
NOTIC: [8] Undefined variable: ret D:\phpStudy\WWW\ok\servers\Application\Admin\Model\MenuModel.class.php 第 176 行.
SQL: SELECT * FROM `sp_menu` WHERE `parentid` = 292 AND `status` = 1 ORDER BY `listorder` DESC  [ RunTime:0.0000s ]
NOTIC: [8] Undefined variable: ret D:\phpStudy\WWW\ok\servers\Application\Admin\Model\MenuModel.class.php 第 176 行.
SQL: SELECT * FROM `sp_menu` WHERE `parentid` = 293 AND `status` = 1 ORDER BY `listorder` DESC  [ RunTime:0.0000s ]
SQL: SELECT * FROM `sp_menu` WHERE `parentid` = 297 AND `status` = 1 ORDER BY `listorder` DESC  [ RunTime:0.0000s ]
NOTIC: [8] Undefined variable: ret D:\phpStudy\WWW\ok\servers\Application\Admin\Model\MenuModel.class.php 第 176 行.
SQL: SELECT * FROM `sp_menu` WHERE `parentid` = 553 AND `status` = 1 ORDER BY `listorder` DESC  [ RunTime:0.0000s ]
SQL: SELECT * FROM `sp_menu` WHERE `parentid` = 554 AND `status` = 1 ORDER BY `listorder` DESC  [ RunTime:0.0000s ]
NOTIC: [8] Undefined variable: ret D:\phpStudy\WWW\ok\servers\Application\Admin\Model\MenuModel.class.php 第 176 行.
SQL: SELECT * FROM `sp_menu` WHERE `parentid` = 556 AND `status` = 1 ORDER BY `listorder` DESC  [ RunTime:0.0156s ]
NOTIC: [8] Undefined variable: ret D:\phpStudy\WWW\ok\servers\Application\Admin\Model\MenuModel.class.php 第 176 行.
SQL: SELECT * FROM `sp_menu` WHERE `parentid` = 561 AND `status` = 1 ORDER BY `listorder` DESC  [ RunTime:0.0000s ]
NOTIC: [8] Undefined variable: ret D:\phpStudy\WWW\ok\servers\Application\Admin\Model\MenuModel.class.php 第 176 行.
SQL: SELECT * FROM `sp_menu` WHERE `parentid` = 552 AND `status` = 1 ORDER BY `listorder` DESC  [ RunTime:0.0000s ]
NOTIC: [8] Undefined variable: ret D:\phpStudy\WWW\ok\servers\Application\Admin\Model\MenuModel.class.php 第 176 行.
SQL: SELECT * FROM `sp_menu` WHERE `parentid` = 557 AND `status` = 1 ORDER BY `listorder` DESC  [ RunTime:0.0000s ]
NOTIC: [8] Undefined variable: ret D:\phpStudy\WWW\ok\servers\Application\Admin\Model\MenuModel.class.php 第 176 行.
SQL: SELECT * FROM `sp_menu` WHERE `parentid` = 558 AND `status` = 1 ORDER BY `listorder` DESC  [ RunTime:0.0000s ]
SQL: SELECT * FROM `sp_menu` WHERE `parentid` = 559 AND `status` = 1 ORDER BY `listorder` DESC  [ RunTime:0.0000s ]
NOTIC: [8] Undefined variable: ret D:\phpStudy\WWW\ok\servers\Application\Admin\Model\MenuModel.class.php 第 176 行.
SQL: SELECT * FROM `sp_menu` WHERE `parentid` = 560 AND `status` = 1 ORDER BY `listorder` DESC  [ RunTime:0.0000s ]
NOTIC: [8] Undefined variable: ret D:\phpStudy\WWW\ok\servers\Application\Admin\Model\MenuModel.class.php 第 176 行.
SQL: SELECT * FROM `sp_menu` WHERE `parentid` = 562 AND `status` = 1 ORDER BY `listorder` DESC  [ RunTime:0.0000s ]
NOTIC: [8] Undefined variable: ret D:\phpStudy\WWW\ok\servers\Application\Admin\Model\MenuModel.class.php 第 176 行.
SQL: SELECT * FROM `sp_menu` WHERE `parentid` = 563 AND `status` = 1 ORDER BY `listorder` DESC  [ RunTime:0.0000s ]
SQL: SELECT * FROM `sp_menu` WHERE `parentid` = 564 AND `status` = 1 ORDER BY `listorder` DESC  [ RunTime:0.0000s ]
NOTIC: [8] Undefined variable: ret D:\phpStudy\WWW\ok\servers\Application\Admin\Model\MenuModel.class.php 第 176 行.
SQL: SELECT * FROM `sp_menu` WHERE `parentid` = 565 AND `status` = 1 ORDER BY `listorder` DESC  [ RunTime:0.0000s ]
NOTIC: [8] Undefined variable: ret D:\phpStudy\WWW\ok\servers\Application\Admin\Model\MenuModel.class.php 第 176 行.
INFO: [ view_parse ] --START--
INFO: [ template_filter ] --START--
INFO: Run Behavior\ContentReplaceBehavior [ RunTime:0.000000s ]
INFO: [ template_filter ] --END-- [ RunTime:0.000000s ]
INFO: Run Behavior\ParseTemplateBehavior [ RunTime:0.078001s ]
INFO: [ view_parse ] --END-- [ RunTime:0.093601s ]
INFO: [ view_filter ] --START--
INFO: Run Behavior\WriteHtmlCacheBehavior [ RunTime:0.000000s ]
INFO: [ view_filter ] --END-- [ RunTime:0.000000s ]
INFO: [ app_end ] --START--
INFO: Run Behavior\ShowPageTraceBehavior [ RunTime:0.000000s ]
INFO: [ app_end ] --END-- [ RunTime:0.000000s ]

[ 2017-06-19T09:23:44+08:00 ] 127.0.0.1 /ok/servers/index.php/Admin/Index/info
INFO: [ app_init ] --START--
INFO: Run Behavior\BuildLiteBehavior [ RunTime:0.000000s ]
INFO: [ app_init ] --END-- [ RunTime:0.000000s ]
INFO: [ app_begin ] --START--
INFO: Run Behavior\ReadHtmlCacheBehavior [ RunTime:0.000000s ]
INFO: [ app_begin ] --END-- [ RunTime:0.000000s ]
SQL: SHOW COLUMNS FROM `sp_users` [ RunTime:0.0312s ]
SQL: SELECT * FROM `sp_users` WHERE `id` = 1 LIMIT 1   [ RunTime:0.0000s ]
INFO: [ app_end ] --START--
INFO: Run Behavior\ShowPageTraceBehavior [ RunTime:0.000000s ]
INFO: [ app_end ] --END-- [ RunTime:0.015600s ]

[ 2017-06-19T09:23:49+08:00 ] 127.0.0.1 /ok/servers/index.php/Admin/User/index/menuid/292
INFO: [ app_init ] --START--
INFO: Run Behavior\BuildLiteBehavior [ RunTime:0.000000s ]
INFO: [ app_init ] --END-- [ RunTime:0.015600s ]
INFO: [ app_begin ] --START--
INFO: Run Behavior\ReadHtmlCacheBehavior [ RunTime:0.000000s ]
INFO: [ app_begin ] --END-- [ RunTime:0.000000s ]
SQL: SHOW COLUMNS FROM `sp_users` [ RunTime:0.0468s ]
SQL: SELECT * FROM `sp_users` WHERE `id` = 1 LIMIT 1   [ RunTime:0.0000s ]
SQL: SHOW COLUMNS FROM `sp_role` [ RunTime:0.0624s ]
SQL: SHOW COLUMNS FROM `sp_users` [ RunTime:0.0156s ]
SQL: SELECT users.* FROM sp_users users WHERE `role_id` <> -1  [ RunTime:0.0000s ]
SQL: SELECT * FROM `sp_role`  [ RunTime:0.0156s ]
INFO: [ view_parse ] --START--
INFO: [ template_filter ] --START--
INFO: Run Behavior\ContentReplaceBehavior [ RunTime:0.015600s ]
INFO: [ template_filter ] --END-- [ RunTime:0.015600s ]
INFO: Run Behavior\ParseTemplateBehavior [ RunTime:0.062400s ]
INFO: [ view_parse ] --END-- [ RunTime:0.062400s ]
INFO: [ view_filter ] --START--
INFO: Run Behavior\WriteHtmlCacheBehavior [ RunTime:0.000000s ]
INFO: [ view_filter ] --END-- [ RunTime:0.000000s ]
INFO: [ app_end ] --START--
INFO: Run Behavior\ShowPageTraceBehavior [ RunTime:0.000000s ]
INFO: [ app_end ] --END-- [ RunTime:0.000000s ]

[ 2017-06-19T09:23:52+08:00 ] 127.0.0.1 /ok/servers/index.php/Admin/Index/index
INFO: [ app_init ] --START--
INFO: Run Behavior\BuildLiteBehavior [ RunTime:0.000000s ]
INFO: [ app_init ] --END-- [ RunTime:0.000000s ]
INFO: [ app_begin ] --START--
INFO: Run Behavior\ReadHtmlCacheBehavior [ RunTime:0.000000s ]
INFO: [ app_begin ] --END-- [ RunTime:0.000000s ]
SQL: SHOW COLUMNS FROM `sp_users` [ RunTime:0.0156s ]
SQL: SELECT * FROM `sp_users` WHERE `id` = 1 LIMIT 1   [ RunTime:0.0000s ]
SQL: SHOW COLUMNS FROM `sp_menu` [ RunTime:0.0156s ]
SQL: SELECT * FROM `sp_menu` WHERE `parentid` = 0 AND `status` = 1 ORDER BY `listorder` DESC  [ RunTime:0.0000s ]
SQL: SELECT * FROM `sp_menu` WHERE `parentid` = 239 AND `status` = 1 ORDER BY `listorder` DESC  [ RunTime:0.0156s ]
SQL: SELECT * FROM `sp_menu` WHERE `parentid` = 252 AND `status` = 1 ORDER BY `listorder` DESC  [ RunTime:0.0000s ]
SQL: SELECT * FROM `sp_menu` WHERE `parentid` = 253 AND `status` = 1 ORDER BY `listorder` DESC  [ RunTime:0.0000s ]
NOTIC: [8] Undefined variable: ret D:\phpStudy\WWW\ok\servers\Application\Admin\Model\MenuModel.class.php 第 176 行.
SQL: SELECT * FROM `sp_menu` WHERE `parentid` = 254 AND `status` = 1 ORDER BY `listorder` DESC  [ RunTime:0.0000s ]
NOTIC: [8] Undefined variable: ret D:\phpStudy\WWW\ok\servers\Application\Admin\Model\MenuModel.class.php 第 176 行.
SQL: SELECT * FROM `sp_menu` WHERE `parentid` = 286 AND `status` = 1 ORDER BY `listorder` DESC  [ RunTime:0.0000s ]
SQL: SELECT * FROM `sp_menu` WHERE `parentid` = 290 AND `status` = 1 ORDER BY `listorder` DESC  [ RunTime:0.0000s ]
SQL: SELECT * FROM `sp_menu` WHERE `parentid` = 291 AND `status` = 1 ORDER BY `listorder` DESC  [ RunTime:0.0000s ]
SQL: SELECT * FROM `sp_menu` WHERE `parentid` = 463 AND `status` = 1 ORDER BY `listorder` DESC  [ RunTime:0.0000s ]
NOTIC: [8] Undefined variable: ret D:\phpStudy\WWW\ok\servers\Application\Admin\Model\MenuModel.class.php 第 176 行.
SQL: SELECT * FROM `sp_menu` WHERE `parentid` = 462 AND `status` = 1 ORDER BY `listorder` DESC  [ RunTime:0.0000s ]
NOTIC: [8] Undefined variable: ret D:\phpStudy\WWW\ok\servers\Application\Admin\Model\MenuModel.class.php 第 176 行.
SQL: SELECT * FROM `sp_menu` WHERE `parentid` = 292 AND `status` = 1 ORDER BY `listorder` DESC  [ RunTime:0.0000s ]
NOTIC: [8] Undefined variable: ret D:\phpStudy\WWW\ok\servers\Application\Admin\Model\MenuModel.class.php 第 176 行.
SQL: SELECT * FROM `sp_menu` WHERE `parentid` = 293 AND `status` = 1 ORDER BY `listorder` DESC  [ RunTime:0.0000s ]
SQL: SELECT * FROM `sp_menu` WHERE `parentid` = 297 AND `status` = 1 ORDER BY `listorder` DESC  [ RunTime:0.0000s ]
NOTIC: [8] Undefined variable: ret D:\phpStudy\WWW\ok\servers\Application\Admin\Model\MenuModel.class.php 第 176 行.
SQL: SELECT * FROM `sp_menu` WHERE `parentid` = 553 AND `status` = 1 ORDER BY `listorder` DESC  [ RunTime:0.0000s ]
SQL: SELECT * FROM `sp_menu` WHERE `parentid` = 554 AND `status` = 1 ORDER BY `listorder` DESC  [ RunTime:0.0156s ]
NOTIC: [8] Undefined variable: ret D:\phpStudy\WWW\ok\servers\Application\Admin\Model\MenuModel.class.php 第 176 行.
SQL: SELECT * FROM `sp_menu` WHERE `parentid` = 556 AND `status` = 1 ORDER BY `listorder` DESC  [ RunTime:0.0000s ]
NOTIC: [8] Undefined variable: ret D:\phpStudy\WWW\ok\servers\Application\Admin\Model\MenuModel.class.php 第 176 行.
SQL: SELECT * FROM `sp_menu` WHERE `parentid` = 561 AND `status` = 1 ORDER BY `listorder` DESC  [ RunTime:0.0000s ]
NOTIC: [8] Undefined variable: ret D:\phpStudy\WWW\ok\servers\Application\Admin\Model\MenuModel.class.php 第 176 行.
SQL: SELECT * FROM `sp_menu` WHERE `parentid` = 552 AND `status` = 1 ORDER BY `listorder` DESC  [ RunTime:0.0000s ]
NOTIC: [8] Undefined variable: ret D:\phpStudy\WWW\ok\servers\Application\Admin\Model\MenuModel.class.php 第 176 行.
SQL: SELECT * FROM `sp_menu` WHERE `parentid` = 557 AND `status` = 1 ORDER BY `listorder` DESC  [ RunTime:0.0000s ]
NOTIC: [8] Undefined variable: ret D:\phpStudy\WWW\ok\servers\Application\Admin\Model\MenuModel.class.php 第 176 行.
SQL: SELECT * FROM `sp_menu` WHERE `parentid` = 558 AND `status` = 1 ORDER BY `listorder` DESC  [ RunTime:0.0000s ]
SQL: SELECT * FROM `sp_menu` WHERE `parentid` = 559 AND `status` = 1 ORDER BY `listorder` DESC  [ RunTime:0.0000s ]
NOTIC: [8] Undefined variable: ret D:\phpStudy\WWW\ok\servers\Application\Admin\Model\MenuModel.class.php 第 176 行.
SQL: SELECT * FROM `sp_menu` WHERE `parentid` = 560 AND `status` = 1 ORDER BY `listorder` DESC  [ RunTime:0.0000s ]
NOTIC: [8] Undefined variable: ret D:\phpStudy\WWW\ok\servers\Application\Admin\Model\MenuModel.class.php 第 176 行.
SQL: SELECT * FROM `sp_menu` WHERE `parentid` = 562 AND `status` = 1 ORDER BY `listorder` DESC  [ RunTime:0.0000s ]
NOTIC: [8] Undefined variable: ret D:\phpStudy\WWW\ok\servers\Application\Admin\Model\MenuModel.class.php 第 176 行.
SQL: SELECT * FROM `sp_menu` WHERE `parentid` = 563 AND `status` = 1 ORDER BY `listorder` DESC  [ RunTime:0.0000s ]
SQL: SELECT * FROM `sp_menu` WHERE `parentid` = 564 AND `status` = 1 ORDER BY `listorder` DESC  [ RunTime:0.0000s ]
NOTIC: [8] Undefined variable: ret D:\phpStudy\WWW\ok\servers\Application\Admin\Model\MenuModel.class.php 第 176 行.
SQL: SELECT * FROM `sp_menu` WHERE `parentid` = 565 AND `status` = 1 ORDER BY `listorder` DESC  [ RunTime:0.0156s ]
NOTIC: [8] Undefined variable: ret D:\phpStudy\WWW\ok\servers\Application\Admin\Model\MenuModel.class.php 第 176 行.
INFO: [ view_parse ] --START--
INFO: [ template_filter ] --START--
INFO: Run Behavior\ContentReplaceBehavior [ RunTime:0.000000s ]
INFO: [ template_filter ] --END-- [ RunTime:0.000000s ]
INFO: Run Behavior\ParseTemplateBehavior [ RunTime:0.078000s ]
INFO: [ view_parse ] --END-- [ RunTime:0.078000s ]
INFO: [ view_filter ] --START--
INFO: Run Behavior\WriteHtmlCacheBehavior [ RunTime:0.000000s ]
INFO: [ view_filter ] --END-- [ RunTime:0.000000s ]
INFO: [ app_end ] --START--
INFO: Run Behavior\ShowPageTraceBehavior [ RunTime:0.000000s ]
INFO: [ app_end ] --END-- [ RunTime:0.000000s ]

[ 2017-06-19T09:23:52+08:00 ] 127.0.0.1 /ok/servers/index.php/Admin/Index/info
INFO: [ app_init ] --START--
INFO: Run Behavior\BuildLiteBehavior [ RunTime:0.000000s ]
INFO: [ app_init ] --END-- [ RunTime:0.000000s ]
INFO: [ app_begin ] --START--
INFO: Run Behavior\ReadHtmlCacheBehavior [ RunTime:0.000000s ]
INFO: [ app_begin ] --END-- [ RunTime:0.000000s ]
SQL: SHOW COLUMNS FROM `sp_users` [ RunTime:0.0156s ]
SQL: SELECT * FROM `sp_users` WHERE `id` = 1 LIMIT 1   [ RunTime:0.0000s ]
INFO: [ app_end ] --START--
INFO: Run Behavior\ShowPageTraceBehavior [ RunTime:0.000000s ]
INFO: [ app_end ] --END-- [ RunTime:0.000000s ]

[ 2017-06-19T09:23:57+08:00 ] 127.0.0.1 /ok/servers/index.php/Admin/Menu/index/menuid/297
INFO: [ app_init ] --START--
INFO: Run Behavior\BuildLiteBehavior [ RunTime:0.000000s ]
INFO: [ app_init ] --END-- [ RunTime:0.000000s ]
INFO: [ app_begin ] --START--
INFO: Run Behavior\ReadHtmlCacheBehavior [ RunTime:0.000000s ]
INFO: [ app_begin ] --END-- [ RunTime:0.000000s ]
SQL: SHOW COLUMNS FROM `sp_users` [ RunTime:0.0468s ]
SQL: SELECT * FROM `sp_users` WHERE `id` = 1 LIMIT 1   [ RunTime:0.0156s ]
SQL: SHOW COLUMNS FROM `sp_menu` [ RunTime:0.0156s ]
SQL: SELECT * FROM `sp_menu` ORDER BY `listorder` DESC  [ RunTime:0.0000s ]
INFO: [ view_parse ] --START--
INFO: [ template_filter ] --START--
INFO: Run Behavior\ContentReplaceBehavior [ RunTime:0.000000s ]
INFO: [ template_filter ] --END-- [ RunTime:0.015600s ]
INFO: Run Behavior\ParseTemplateBehavior [ RunTime:0.062400s ]
INFO: [ view_parse ] --END-- [ RunTime:0.078000s ]
INFO: [ view_filter ] --START--
INFO: Run Behavior\WriteHtmlCacheBehavior [ RunTime:0.000000s ]
INFO: [ view_filter ] --END-- [ RunTime:0.000000s ]
INFO: [ app_end ] --START--
INFO: Run Behavior\ShowPageTraceBehavior [ RunTime:0.000000s ]
INFO: [ app_end ] --END-- [ RunTime:0.000000s ]

[ 2017-06-19T09:24:05+08:00 ] 127.0.0.1 /ok/servers/index.php/Admin/Goods/add/menuid/554
INFO: [ app_init ] --START--
INFO: Run Behavior\BuildLiteBehavior [ RunTime:0.000000s ]
INFO: [ app_init ] --END-- [ RunTime:0.000000s ]
INFO: [ app_begin ] --START--
INFO: Run Behavior\ReadHtmlCacheBehavior [ RunTime:0.000000s ]
INFO: [ app_begin ] --END-- [ RunTime:0.000000s ]
ERR: 无法加载控制器:Goods

[ 2017-06-19T09:24:19+08:00 ] 127.0.0.1 /ok/servers/index.php/Admin/Goods/lists/menuid/556
INFO: [ app_init ] --START--
INFO: Run Behavior\BuildLiteBehavior [ RunTime:0.000000s ]
INFO: [ app_init ] --END-- [ RunTime:0.000000s ]
INFO: [ app_begin ] --START--
INFO: Run Behavior\ReadHtmlCacheBehavior [ RunTime:0.000000s ]
INFO: [ app_begin ] --END-- [ RunTime:0.000000s ]
ERR: 无法加载控制器:Goods

[ 2017-06-19T09:24:24+08:00 ] 127.0.0.1 /ok/servers/index.php/Admin/Type/type_index/menuid/561
INFO: [ app_init ] --START--
INFO: Run Behavior\BuildLiteBehavior [ RunTime:0.000000s ]
INFO: [ app_init ] --END-- [ RunTime:0.015600s ]
INFO: [ app_begin ] --START--
INFO: Run Behavior\ReadHtmlCacheBehavior [ RunTime:0.015600s ]
INFO: [ app_begin ] --END-- [ RunTime:0.015600s ]
ERR: 无法加载控制器:Type

[ 2017-06-19T09:24:27+08:00 ] 127.0.0.1 /ok/servers/index.php/Admin/Goods/sort/menuid/557
INFO: [ app_init ] --START--
INFO: Run Behavior\BuildLiteBehavior [ RunTime:0.000000s ]
INFO: [ app_init ] --END-- [ RunTime:0.000000s ]
INFO: [ app_begin ] --START--
INFO: Run Behavior\ReadHtmlCacheBehavior [ RunTime:0.000000s ]
INFO: [ app_begin ] --END-- [ RunTime:0.000000s ]
ERR: 无法加载控制器:Goods

[ 2017-06-19T09:25:03+08:00 ] 127.0.0.1 /ok/servers/index.php/Admin/Index/index
INFO: [ app_init ] --START--
INFO: Run Behavior\BuildLiteBehavior [ RunTime:0.000000s ]
INFO: [ app_init ] --END-- [ RunTime:0.000000s ]
INFO: [ app_begin ] --START--
INFO: Run Behavior\ReadHtmlCacheBehavior [ RunTime:0.000000s ]
INFO: [ app_begin ] --END-- [ RunTime:0.000000s ]
SQL: SHOW COLUMNS FROM `sp_users` [ RunTime:0.0468s ]
SQL: SELECT * FROM `sp_users` WHERE `id` = 1 LIMIT 1   [ RunTime:0.0000s ]
SQL: SHOW COLUMNS FROM `sp_menu` [ RunTime:0.0156s ]
SQL: SELECT * FROM `sp_menu` WHERE `parentid` = 0 AND `status` = 1 ORDER BY `listorder` DESC  [ RunTime:0.0000s ]
SQL: SELECT * FROM `sp_menu` WHERE `parentid` = 239 AND `status` = 1 ORDER BY `listorder` DESC  [ RunTime:0.0156s ]
SQL: SELECT * FROM `sp_menu` WHERE `parentid` = 252 AND `status` = 1 ORDER BY `listorder` DESC  [ RunTime:0.0000s ]
SQL: SELECT * FROM `sp_menu` WHERE `parentid` = 253 AND `status` = 1 ORDER BY `listorder` DESC  [ RunTime:0.0156s ]
NOTIC: [8] Undefined variable: ret D:\phpStudy\WWW\ok\servers\Application\Admin\Model\MenuModel.class.php 第 176 行.
SQL: SELECT * FROM `sp_menu` WHERE `parentid` = 254 AND `status` = 1 ORDER BY `listorder` DESC  [ RunTime:0.0000s ]
NOTIC: [8] Undefined variable: ret D:\phpStudy\WWW\ok\servers\Application\Admin\Model\MenuModel.class.php 第 176 行.
SQL: SELECT * FROM `sp_menu` WHERE `parentid` = 286 AND `status` = 1 ORDER BY `listorder` DESC  [ RunTime:0.0000s ]
SQL: SELECT * FROM `sp_menu` WHERE `parentid` = 290 AND `status` = 1 ORDER BY `listorder` DESC  [ RunTime:0.0000s ]
SQL: SELECT * FROM `sp_menu` WHERE `parentid` = 291 AND `status` = 1 ORDER BY `listorder` DESC  [ RunTime:0.0000s ]
SQL: SELECT * FROM `sp_menu` WHERE `parentid` = 463 AND `status` = 1 ORDER BY `listorder` DESC  [ RunTime:0.0000s ]
NOTIC: [8] Undefined variable: ret D:\phpStudy\WWW\ok\servers\Application\Admin\Model\MenuModel.class.php 第 176 行.
SQL: SELECT * FROM `sp_menu` WHERE `parentid` = 462 AND `status` = 1 ORDER BY `listorder` DESC  [ RunTime:0.0000s ]
NOTIC: [8] Undefined variable: ret D:\phpStudy\WWW\ok\servers\Application\Admin\Model\MenuModel.class.php 第 176 行.
SQL: SELECT * FROM `sp_menu` WHERE `parentid` = 292 AND `status` = 1 ORDER BY `listorder` DESC  [ RunTime:0.0000s ]
NOTIC: [8] Undefined variable: ret D:\phpStudy\WWW\ok\servers\Application\Admin\Model\MenuModel.class.php 第 176 行.
SQL: SELECT * FROM `sp_menu` WHERE `parentid` = 293 AND `status` = 1 ORDER BY `listorder` DESC  [ RunTime:0.0000s ]
SQL: SELECT * FROM `sp_menu` WHERE `parentid` = 297 AND `status` = 1 ORDER BY `listorder` DESC  [ RunTime:0.0000s ]
NOTIC: [8] Undefined variable: ret D:\phpStudy\WWW\ok\servers\Application\Admin\Model\MenuModel.class.php 第 176 行.
SQL: SELECT * FROM `sp_menu` WHERE `parentid` = 553 AND `status` = 1 ORDER BY `listorder` DESC  [ RunTime:0.0000s ]
SQL: SELECT * FROM `sp_menu` WHERE `parentid` = 554 AND `status` = 1 ORDER BY `listorder` DESC  [ RunTime:0.0000s ]
NOTIC: [8] Undefined variable: ret D:\phpStudy\WWW\ok\servers\Application\Admin\Model\MenuModel.class.php 第 176 行.
SQL: SELECT * FROM `sp_menu` WHERE `parentid` = 556 AND `status` = 1 ORDER BY `listorder` DESC  [ RunTime:0.0000s ]
NOTIC: [8] Undefined variable: ret D:\phpStudy\WWW\ok\servers\Application\Admin\Model\MenuModel.class.php 第 176 行.
SQL: SELECT * FROM `sp_menu` WHERE `parentid` = 561 AND `status` = 1 ORDER BY `listorder` DESC  [ RunTime:0.0156s ]
NOTIC: [8] Undefined variable: ret D:\phpStudy\WWW\ok\servers\Application\Admin\Model\MenuModel.class.php 第 176 行.
SQL: SELECT * FROM `sp_menu` WHERE `parentid` = 552 AND `status` = 1 ORDER BY `listorder` DESC  [ RunTime:0.0000s ]
NOTIC: [8] Undefined variable: ret D:\phpStudy\WWW\ok\servers\Application\Admin\Model\MenuModel.class.php 第 176 行.
SQL: SELECT * FROM `sp_menu` WHERE `parentid` = 557 AND `status` = 1 ORDER BY `listorder` DESC  [ RunTime:0.0000s ]
NOTIC: [8] Undefined variable: ret D:\phpStudy\WWW\ok\servers\Application\Admin\Model\MenuModel.class.php 第 176 行.
SQL: SELECT * FROM `sp_menu` WHERE `parentid` = 558 AND `status` = 1 ORDER BY `listorder` DESC  [ RunTime:0.0000s ]
SQL: SELECT * FROM `sp_menu` WHERE `parentid` = 559 AND `status` = 1 ORDER BY `listorder` DESC  [ RunTime:0.0000s ]
NOTIC: [8] Undefined variable: ret D:\phpStudy\WWW\ok\servers\Application\Admin\Model\MenuModel.class.php 第 176 行.
SQL: SELECT * FROM `sp_menu` WHERE `parentid` = 560 AND `status` = 1 ORDER BY `listorder` DESC  [ RunTime:0.0000s ]
NOTIC: [8] Undefined variable: ret D:\phpStudy\WWW\ok\servers\Application\Admin\Model\MenuModel.class.php 第 176 行.
SQL: SELECT * FROM `sp_menu` WHERE `parentid` = 562 AND `status` = 1 ORDER BY `listorder` DESC  [ RunTime:0.0000s ]
NOTIC: [8] Undefined variable: ret D:\phpStudy\WWW\ok\servers\Application\Admin\Model\MenuModel.class.php 第 176 行.
SQL: SELECT * FROM `sp_menu` WHERE `parentid` = 563 AND `status` = 1 ORDER BY `listorder` DESC  [ RunTime:0.0000s ]
SQL: SELECT * FROM `sp_menu` WHERE `parentid` = 564 AND `status` = 1 ORDER BY `listorder` DESC  [ RunTime:0.0000s ]
NOTIC: [8] Undefined variable: ret D:\phpStudy\WWW\ok\servers\Application\Admin\Model\MenuModel.class.php 第 176 行.
SQL: SELECT * FROM `sp_menu` WHERE `parentid` = 565 AND `status` = 1 ORDER BY `listorder` DESC  [ RunTime:0.0000s ]
NOTIC: [8] Undefined variable: ret D:\phpStudy\WWW\ok\servers\Application\Admin\Model\MenuModel.class.php 第 176 行.
INFO: [ view_parse ] --START--
INFO: [ template_filter ] --START--
INFO: Run Behavior\ContentReplaceBehavior [ RunTime:0.000000s ]
INFO: [ template_filter ] --END-- [ RunTime:0.000000s ]
INFO: Run Behavior\ParseTemplateBehavior [ RunTime:0.078000s ]
INFO: [ view_parse ] --END-- [ RunTime:0.078000s ]
INFO: [ view_filter ] --START--
INFO: Run Behavior\WriteHtmlCacheBehavior [ RunTime:0.000000s ]
INFO: [ view_filter ] --END-- [ RunTime:0.000000s ]
INFO: [ app_end ] --START--
INFO: Run Behavior\ShowPageTraceBehavior [ RunTime:0.000000s ]
INFO: [ app_end ] --END-- [ RunTime:0.000000s ]

[ 2017-06-19T09:25:03+08:00 ] 127.0.0.1 /ok/servers/index.php/Admin/Index/info
INFO: [ app_init ] --START--
INFO: Run Behavior\BuildLiteBehavior [ RunTime:0.000000s ]
INFO: [ app_init ] --END-- [ RunTime:0.000000s ]
INFO: [ app_begin ] --START--
INFO: Run Behavior\ReadHtmlCacheBehavior [ RunTime:0.000000s ]
INFO: [ app_begin ] --END-- [ RunTime:0.000000s ]
SQL: SHOW COLUMNS FROM `sp_users` [ RunTime:0.0468s ]
SQL: SELECT * FROM `sp_users` WHERE `id` = 1 LIMIT 1   [ RunTime:0.0000s ]
INFO: [ app_end ] --START--
INFO: Run Behavior\ShowPageTraceBehavior [ RunTime:0.000000s ]
INFO: [ app_end ] --END-- [ RunTime:0.000000s ]

