[ 2017-06-13T09:31:32+08:00 ] 192.168.1.60 /index.php/Admin
INFO: [ app_init ] --START--
INFO: Run Behavior\BuildLiteBehavior [ RunTime:0.000014s ]
INFO: [ app_init ] --END-- [ RunTime:0.000113s ]
INFO: [ app_begin ] --START--
INFO: Run Behavior\ReadHtmlCacheBehavior [ RunTime:0.000114s ]
INFO: [ app_begin ] --END-- [ RunTime:0.000193s ]

[ 2017-06-13T09:31:32+08:00 ] 192.168.1.60 /index.php/Admin/Public/login
INFO: [ app_init ] --START--
INFO: Run Behavior\BuildLiteBehavior [ RunTime:0.000013s ]
INFO: [ app_init ] --END-- [ RunTime:0.000092s ]
INFO: [ app_begin ] --START--
INFO: Run Behavior\ReadHtmlCacheBehavior [ RunTime:0.000080s ]
INFO: [ app_begin ] --END-- [ RunTime:0.000137s ]
INFO: [ view_parse ] --START--
INFO: [ template_filter ] --START--
INFO: Run Behavior\ContentReplaceBehavior [ RunTime:0.001401s ]
INFO: [ template_filter ] --END-- [ RunTime:0.001479s ]
NOTIC: [8] Undefined index: admin_username F:\sp\ok\servers\Application\Runtime\Cache\Admin\3c5566b2bfbf6ef00ac5366ba47246fe.php 第 55 行.
INFO: Run Behavior\ParseTemplateBehavior [ RunTime:0.166613s ]
INFO: [ view_parse ] --END-- [ RunTime:0.166710s ]
INFO: [ view_filter ] --START--
INFO: Run Behavior\WriteHtmlCacheBehavior [ RunTime:0.000184s ]
INFO: [ view_filter ] --END-- [ RunTime:0.000251s ]
INFO: [ app_end ] --START--
INFO: Run Behavior\ShowPageTraceBehavior [ RunTime:0.000213s ]
INFO: [ app_end ] --END-- [ RunTime:0.000327s ]

[ 2017-06-13T09:31:38+08:00 ] 192.168.1.60 /index.php/Admin/public/dologin
INFO: [ app_init ] --START--
INFO: Run Behavior\BuildLiteBehavior [ RunTime:0.000016s ]
INFO: [ app_init ] --END-- [ RunTime:0.000184s ]
INFO: [ app_begin ] --START--
INFO: Run Behavior\ReadHtmlCacheBehavior [ RunTime:0.000387s ]
INFO: [ app_begin ] --END-- [ RunTime:0.000478s ]
ERR: SQLSTATE[HY000] [1045] Access denied for user 'root'@'localhost' (using password: NO)

[ 2017-06-13T09:32:54+08:00 ] 192.168.1.60 /index.php/Admin/public/dologin
INFO: [ app_init ] --START--
INFO: Run Behavior\BuildLiteBehavior [ RunTime:0.000015s ]
INFO: [ app_init ] --END-- [ RunTime:0.000185s ]
INFO: [ app_begin ] --START--
INFO: Run Behavior\ReadHtmlCacheBehavior [ RunTime:0.000383s ]
INFO: [ app_begin ] --END-- [ RunTime:0.000484s ]
SQL: SHOW COLUMNS FROM `sp_users` [ RunTime:0.0215s ]
SQL: SELECT * FROM `sp_users` WHERE `user_login` = 'admin' LIMIT 1   [ RunTime:0.0004s ]
NOTIC: [8] Undefined index: org_id F:\sp\ok\servers\Application\Admin\Controller\PublicController.class.php 第 76 行.
NOTIC: [8] Undefined index: org_id F:\sp\ok\servers\Application\Admin\Controller\PublicController.class.php 第 77 行.
NOTIC: [8] Undefined index: org_id F:\sp\ok\servers\Application\Admin\Controller\PublicController.class.php 第 79 行.
SQL: UPDATE `sp_users` SET `school_id`='0',`user_login`='admin',`user_pass`='21232f297a57a5a743894a0e4a801fc3',`user_nicename`='超级管理员',`user_email`='admin@163.com',`last_login_ip`='192.168.1.60',`last_login_time`='2017-06-13 09:32:54',`create_time`='2014-07-18 08:53:31',`user_activation_key`='',`user_status`='1',`role_id`='-1' WHERE `id` = 1 [ RunTime:0.0004s ]
INFO: [ view_parse ] --START--
INFO: [ template_filter ] --START--
INFO: Run Behavior\ContentReplaceBehavior [ RunTime:0.000070s ]
INFO: [ template_filter ] --END-- [ RunTime:0.000134s ]
INFO: Run Behavior\ParseTemplateBehavior [ RunTime:0.033705s ]
INFO: [ view_parse ] --END-- [ RunTime:0.033778s ]
INFO: [ view_filter ] --START--
INFO: Run Behavior\WriteHtmlCacheBehavior [ RunTime:0.000251s ]
INFO: [ view_filter ] --END-- [ RunTime:0.000295s ]
INFO: [ app_end ] --START--
INFO: Run Behavior\ShowPageTraceBehavior [ RunTime:0.000227s ]
INFO: [ app_end ] --END-- [ RunTime:0.000270s ]

[ 2017-06-13T09:32:55+08:00 ] 192.168.1.60 /index.php/Admin/Index/index
INFO: [ app_init ] --START--
INFO: Run Behavior\BuildLiteBehavior [ RunTime:0.000029s ]
INFO: [ app_init ] --END-- [ RunTime:0.000203s ]
INFO: [ app_begin ] --START--
INFO: Run Behavior\ReadHtmlCacheBehavior [ RunTime:0.000212s ]
INFO: [ app_begin ] --END-- [ RunTime:0.000356s ]
SQL: SHOW COLUMNS FROM `sp_users` [ RunTime:0.0147s ]
SQL: SELECT * FROM `sp_users` WHERE `id` = 1 LIMIT 1   [ RunTime:0.0004s ]
SQL: SHOW COLUMNS FROM `sp_menu` [ RunTime:0.0106s ]
SQL: SELECT * FROM `sp_menu` WHERE `parentid` = 0 AND `status` = 1 ORDER BY `listorder` DESC  [ RunTime:0.0010s ]
SQL: SELECT * FROM `sp_menu` WHERE `parentid` = 239 AND `status` = 1 ORDER BY `listorder` DESC  [ RunTime:0.0003s ]
SQL: SELECT * FROM `sp_menu` WHERE `parentid` = 252 AND `status` = 1 ORDER BY `listorder` DESC  [ RunTime:0.0003s ]
SQL: SELECT * FROM `sp_menu` WHERE `parentid` = 253 AND `status` = 1 ORDER BY `listorder` DESC  [ RunTime:0.0003s ]
NOTIC: [8] Undefined variable: ret F:\sp\ok\servers\Application\Admin\Model\MenuModel.class.php 第 176 行.
SQL: SELECT * FROM `sp_menu` WHERE `parentid` = 254 AND `status` = 1 ORDER BY `listorder` DESC  [ RunTime:0.0004s ]
NOTIC: [8] Undefined variable: ret F:\sp\ok\servers\Application\Admin\Model\MenuModel.class.php 第 176 行.
SQL: SELECT * FROM `sp_menu` WHERE `parentid` = 286 AND `status` = 1 ORDER BY `listorder` DESC  [ RunTime:0.0003s ]
SQL: SELECT * FROM `sp_menu` WHERE `parentid` = 290 AND `status` = 1 ORDER BY `listorder` DESC  [ RunTime:0.0003s ]
SQL: SELECT * FROM `sp_menu` WHERE `parentid` = 291 AND `status` = 1 ORDER BY `listorder` DESC  [ RunTime:0.0009s ]
SQL: SELECT * FROM `sp_menu` WHERE `parentid` = 463 AND `status` = 1 ORDER BY `listorder` DESC  [ RunTime:0.0003s ]
NOTIC: [8] Undefined variable: ret F:\sp\ok\servers\Application\Admin\Model\MenuModel.class.php 第 176 行.
SQL: SELECT * FROM `sp_menu` WHERE `parentid` = 462 AND `status` = 1 ORDER BY `listorder` DESC  [ RunTime:0.0003s ]
NOTIC: [8] Undefined variable: ret F:\sp\ok\servers\Application\Admin\Model\MenuModel.class.php 第 176 行.
SQL: SELECT * FROM `sp_menu` WHERE `parentid` = 292 AND `status` = 1 ORDER BY `listorder` DESC  [ RunTime:0.0003s ]
NOTIC: [8] Undefined variable: ret F:\sp\ok\servers\Application\Admin\Model\MenuModel.class.php 第 176 行.
SQL: SELECT * FROM `sp_menu` WHERE `parentid` = 293 AND `status` = 1 ORDER BY `listorder` DESC  [ RunTime:0.0003s ]
SQL: SELECT * FROM `sp_menu` WHERE `parentid` = 297 AND `status` = 1 ORDER BY `listorder` DESC  [ RunTime:0.0008s ]
NOTIC: [8] Undefined variable: ret F:\sp\ok\servers\Application\Admin\Model\MenuModel.class.php 第 176 行.
SQL: SELECT * FROM `sp_menu` WHERE `parentid` = 549 AND `status` = 1 ORDER BY `listorder` DESC  [ RunTime:0.0003s ]
NOTIC: [8] Undefined variable: ret F:\sp\ok\servers\Application\Admin\Model\MenuModel.class.php 第 176 行.
INFO: [ view_parse ] --START--
INFO: [ template_filter ] --START--
INFO: Run Behavior\ContentReplaceBehavior [ RunTime:0.000161s ]
INFO: [ template_filter ] --END-- [ RunTime:0.000229s ]
INFO: Run Behavior\ParseTemplateBehavior [ RunTime:0.094907s ]
INFO: [ view_parse ] --END-- [ RunTime:0.094984s ]
INFO: [ view_filter ] --START--
INFO: Run Behavior\WriteHtmlCacheBehavior [ RunTime:0.000124s ]
INFO: [ view_filter ] --END-- [ RunTime:0.000168s ]
INFO: [ app_end ] --START--
INFO: Run Behavior\ShowPageTraceBehavior [ RunTime:0.000105s ]
INFO: [ app_end ] --END-- [ RunTime:0.000152s ]

[ 2017-06-13T09:32:56+08:00 ] 192.168.1.60 /index.php/Admin/Index/info
INFO: [ app_init ] --START--
INFO: Run Behavior\BuildLiteBehavior [ RunTime:0.000015s ]
INFO: [ app_init ] --END-- [ RunTime:0.000102s ]
INFO: [ app_begin ] --START--
INFO: Run Behavior\ReadHtmlCacheBehavior [ RunTime:0.000234s ]
INFO: [ app_begin ] --END-- [ RunTime:0.000311s ]
SQL: SHOW COLUMNS FROM `sp_users` [ RunTime:0.0217s ]
SQL: SELECT * FROM `sp_users` WHERE `id` = 1 LIMIT 1   [ RunTime:0.0004s ]
INFO: [ app_end ] --START--
INFO: Run Behavior\ShowPageTraceBehavior [ RunTime:0.000279s ]
INFO: [ app_end ] --END-- [ RunTime:0.000334s ]

[ 2017-06-13T09:33:03+08:00 ] 192.168.1.60 /index.php/Admin/Rbac/index/menuid/291
INFO: [ app_init ] --START--
INFO: Run Behavior\BuildLiteBehavior [ RunTime:0.000027s ]
INFO: [ app_init ] --END-- [ RunTime:0.000684s ]
INFO: [ app_begin ] --START--
INFO: Run Behavior\ReadHtmlCacheBehavior [ RunTime:0.000165s ]
INFO: [ app_begin ] --END-- [ RunTime:0.000263s ]
SQL: SHOW COLUMNS FROM `sp_users` [ RunTime:0.0162s ]
SQL: SELECT * FROM `sp_users` WHERE `id` = 1 LIMIT 1   [ RunTime:0.0006s ]
SQL: SHOW COLUMNS FROM `sp_role` [ RunTime:0.0185s ]
SQL: SELECT * FROM `sp_role` ORDER BY `listorder` asc,`id` DESC  [ RunTime:0.0004s ]
INFO: [ view_parse ] --START--
INFO: [ template_filter ] --START--
INFO: Run Behavior\ContentReplaceBehavior [ RunTime:0.000125s ]
INFO: [ template_filter ] --END-- [ RunTime:0.000207s ]
INFO: Run Behavior\ParseTemplateBehavior [ RunTime:0.078364s ]
INFO: [ view_parse ] --END-- [ RunTime:0.078434s ]
INFO: [ view_filter ] --START--
INFO: Run Behavior\WriteHtmlCacheBehavior [ RunTime:0.000110s ]
INFO: [ view_filter ] --END-- [ RunTime:0.000152s ]
INFO: [ app_end ] --START--
INFO: Run Behavior\ShowPageTraceBehavior [ RunTime:0.000093s ]
INFO: [ app_end ] --END-- [ RunTime:0.000133s ]

[ 2017-06-13T09:33:13+08:00 ] 192.168.1.60 /index.php/Admin/Menu/index/menuid/297
INFO: [ app_init ] --START--
INFO: Run Behavior\BuildLiteBehavior [ RunTime:0.000035s ]
INFO: [ app_init ] --END-- [ RunTime:0.000658s ]
INFO: [ app_begin ] --START--
INFO: Run Behavior\ReadHtmlCacheBehavior [ RunTime:0.000177s ]
INFO: [ app_begin ] --END-- [ RunTime:0.000277s ]
SQL: SHOW COLUMNS FROM `sp_users` [ RunTime:0.0175s ]
SQL: SELECT * FROM `sp_users` WHERE `id` = 1 LIMIT 1   [ RunTime:0.0004s ]
SQL: SHOW COLUMNS FROM `sp_menu` [ RunTime:0.0123s ]
SQL: SELECT * FROM `sp_menu` ORDER BY `listorder` DESC  [ RunTime:0.0007s ]
INFO: [ view_parse ] --START--
INFO: [ template_filter ] --START--
INFO: Run Behavior\ContentReplaceBehavior [ RunTime:0.000114s ]
INFO: [ template_filter ] --END-- [ RunTime:0.000185s ]
INFO: Run Behavior\ParseTemplateBehavior [ RunTime:0.047336s ]
INFO: [ view_parse ] --END-- [ RunTime:0.047415s ]
INFO: [ view_filter ] --START--
INFO: Run Behavior\WriteHtmlCacheBehavior [ RunTime:0.000114s ]
INFO: [ view_filter ] --END-- [ RunTime:0.000160s ]
INFO: [ app_end ] --START--
INFO: Run Behavior\ShowPageTraceBehavior [ RunTime:0.000408s ]
INFO: [ app_end ] --END-- [ RunTime:0.000567s ]

[ 2017-06-13T09:33:55+08:00 ] 192.168.1.60 /index.php/Admin/menu/add
INFO: [ app_init ] --START--
INFO: Run Behavior\BuildLiteBehavior [ RunTime:0.000016s ]
INFO: [ app_init ] --END-- [ RunTime:0.000126s ]
INFO: [ app_begin ] --START--
INFO: Run Behavior\ReadHtmlCacheBehavior [ RunTime:0.000099s ]
INFO: [ app_begin ] --END-- [ RunTime:0.000165s ]
SQL: SHOW COLUMNS FROM `sp_users` [ RunTime:0.0257s ]
SQL: SELECT * FROM `sp_users` WHERE `id` = 1 LIMIT 1   [ RunTime:0.0004s ]
SQL: SHOW COLUMNS FROM `sp_menu` [ RunTime:0.0108s ]
SQL: SELECT * FROM `sp_menu` ORDER BY `listorder` DESC  [ RunTime:0.0007s ]
INFO: [ view_parse ] --START--
INFO: [ template_filter ] --START--
INFO: Run Behavior\ContentReplaceBehavior [ RunTime:0.000126s ]
INFO: [ template_filter ] --END-- [ RunTime:0.000184s ]
INFO: Run Behavior\ParseTemplateBehavior [ RunTime:0.040636s ]
INFO: [ view_parse ] --END-- [ RunTime:0.040714s ]
INFO: [ view_filter ] --START--
INFO: Run Behavior\WriteHtmlCacheBehavior [ RunTime:0.000141s ]
INFO: [ view_filter ] --END-- [ RunTime:0.000191s ]
INFO: [ app_end ] --START--
INFO: Run Behavior\ShowPageTraceBehavior [ RunTime:0.000217s ]
INFO: [ app_end ] --END-- [ RunTime:0.000315s ]

[ 2017-06-13T09:35:29+08:00 ] 192.168.1.60 /index.php/Admin/menu/lists
INFO: [ app_init ] --START--
INFO: Run Behavior\BuildLiteBehavior [ RunTime:0.000024s ]
INFO: [ app_init ] --END-- [ RunTime:0.000502s ]
INFO: [ app_begin ] --START--
INFO: Run Behavior\ReadHtmlCacheBehavior [ RunTime:0.000307s ]
INFO: [ app_begin ] --END-- [ RunTime:0.000398s ]
SQL: SHOW COLUMNS FROM `sp_users` [ RunTime:0.0249s ]
SQL: SELECT * FROM `sp_users` WHERE `id` = 1 LIMIT 1   [ RunTime:0.0005s ]
SQL: SHOW COLUMNS FROM `sp_menu` [ RunTime:0.0182s ]
SQL: SELECT * FROM `sp_menu` ORDER BY `app` ASC,`model` ASC,`action` ASC  [ RunTime:0.0011s ]
INFO: [ view_parse ] --START--
INFO: [ template_filter ] --START--
INFO: Run Behavior\ContentReplaceBehavior [ RunTime:0.000252s ]
INFO: [ template_filter ] --END-- [ RunTime:0.000362s ]
INFO: Run Behavior\ParseTemplateBehavior [ RunTime:0.077649s ]
INFO: [ view_parse ] --END-- [ RunTime:0.077838s ]
INFO: [ view_filter ] --START--
INFO: Run Behavior\WriteHtmlCacheBehavior [ RunTime:0.000391s ]
INFO: [ view_filter ] --END-- [ RunTime:0.000464s ]
INFO: [ app_end ] --START--
INFO: Run Behavior\ShowPageTraceBehavior [ RunTime:0.001146s ]
INFO: [ app_end ] --END-- [ RunTime:0.001282s ]

[ 2017-06-13T09:35:33+08:00 ] 192.168.1.60 /index.php/Admin/menu/edit/id/549
INFO: [ app_init ] --START--
INFO: Run Behavior\BuildLiteBehavior [ RunTime:0.000024s ]
INFO: [ app_init ] --END-- [ RunTime:0.000195s ]
INFO: [ app_begin ] --START--
INFO: Run Behavior\ReadHtmlCacheBehavior [ RunTime:0.000163s ]
INFO: [ app_begin ] --END-- [ RunTime:0.000269s ]
SQL: SHOW COLUMNS FROM `sp_users` [ RunTime:0.0386s ]
SQL: SELECT * FROM `sp_users` WHERE `id` = 1 LIMIT 1   [ RunTime:0.0005s ]
SQL: SHOW COLUMNS FROM `sp_menu` [ RunTime:0.0143s ]
SQL: SELECT * FROM `sp_menu` WHERE `id` = 549 LIMIT 1   [ RunTime:0.0003s ]
SQL: SELECT * FROM `sp_menu` ORDER BY `listorder` DESC  [ RunTime:0.0007s ]
INFO: [ view_parse ] --START--
INFO: [ template_filter ] --START--
INFO: Run Behavior\ContentReplaceBehavior [ RunTime:0.000158s ]
INFO: [ template_filter ] --END-- [ RunTime:0.000243s ]
INFO: Run Behavior\ParseTemplateBehavior [ RunTime:0.053249s ]
INFO: [ view_parse ] --END-- [ RunTime:0.053320s ]
INFO: [ view_filter ] --START--
INFO: Run Behavior\WriteHtmlCacheBehavior [ RunTime:0.000111s ]
INFO: [ view_filter ] --END-- [ RunTime:0.000153s ]
INFO: [ app_end ] --START--
INFO: Run Behavior\ShowPageTraceBehavior [ RunTime:0.000429s ]
INFO: [ app_end ] --END-- [ RunTime:0.000509s ]

[ 2017-06-13T09:35:41+08:00 ] 192.168.1.60 /index.php/Admin/menu/add
INFO: [ app_init ] --START--
INFO: Run Behavior\BuildLiteBehavior [ RunTime:0.000015s ]
INFO: [ app_init ] --END-- [ RunTime:0.000123s ]
INFO: [ app_begin ] --START--
INFO: Run Behavior\ReadHtmlCacheBehavior [ RunTime:0.000097s ]
INFO: [ app_begin ] --END-- [ RunTime:0.000158s ]
SQL: SHOW COLUMNS FROM `sp_users` [ RunTime:0.0252s ]
SQL: SELECT * FROM `sp_users` WHERE `id` = 1 LIMIT 1   [ RunTime:0.0004s ]
SQL: SHOW COLUMNS FROM `sp_menu` [ RunTime:0.0101s ]
SQL: SELECT * FROM `sp_menu` ORDER BY `listorder` DESC  [ RunTime:0.0007s ]
INFO: [ view_parse ] --START--
INFO: [ template_filter ] --START--
INFO: Run Behavior\ContentReplaceBehavior [ RunTime:0.000131s ]
INFO: [ template_filter ] --END-- [ RunTime:0.000194s ]
INFO: Run Behavior\ParseTemplateBehavior [ RunTime:0.006076s ]
INFO: [ view_parse ] --END-- [ RunTime:0.006151s ]
INFO: [ view_filter ] --START--
INFO: Run Behavior\WriteHtmlCacheBehavior [ RunTime:0.000107s ]
INFO: [ view_filter ] --END-- [ RunTime:0.000151s ]
INFO: [ app_end ] --START--
INFO: Run Behavior\ShowPageTraceBehavior [ RunTime:0.000433s ]
INFO: [ app_end ] --END-- [ RunTime:0.000522s ]

[ 2017-06-13T09:36:26+08:00 ] 192.168.1.60 /index.php/Admin/Menu/add_post
INFO: [ app_init ] --START--
INFO: Run Behavior\BuildLiteBehavior [ RunTime:0.000021s ]
INFO: [ app_init ] --END-- [ RunTime:0.000188s ]
INFO: [ app_begin ] --START--
INFO: Run Behavior\ReadHtmlCacheBehavior [ RunTime:0.000232s ]
INFO: [ app_begin ] --END-- [ RunTime:0.000856s ]
SQL: SHOW COLUMNS FROM `sp_users` [ RunTime:0.0310s ]
SQL: SELECT * FROM `sp_users` WHERE `id` = 1 LIMIT 1   [ RunTime:0.0009s ]
SQL: SHOW COLUMNS FROM `sp_menu` [ RunTime:0.0132s ]
NOTIC: [8] Undefined index: validate F:\sp\ok\servers\ThinkPHP\Library\Think\Model.class.php 第 1185 行.
SQL: SELECT * FROM `sp_menu` WHERE `app` = 'admin' AND `model` = 'admin/goods' AND `action` = 'goods_add' LIMIT 1   [ RunTime:0.0004s ]
NOTIC: [8] Undefined index: auto F:\sp\ok\servers\ThinkPHP\Library\Think\Model.class.php 第 1128 行.
SQL: INSERT INTO `sp_menu` (`parentid`,`name`,`app`,`model`,`action`,`data`,`icon`,`remark`,`status`,`type`) VALUES ('0','商品管理','admin','admin/goods','goods_add','','','','1','1') [ RunTime:0.0006s ]

[ 2017-06-13T09:36:26+08:00 ] 192.168.1.60 /index.php/Admin/%22Menu/lists
INFO: [ app_init ] --START--
INFO: Run Behavior\BuildLiteBehavior [ RunTime:0.000023s ]
INFO: [ app_init ] --END-- [ RunTime:0.000182s ]
INFO: [ app_begin ] --START--
INFO: Run Behavior\ReadHtmlCacheBehavior [ RunTime:0.000381s ]
INFO: [ app_begin ] --END-- [ RunTime:0.000490s ]
ERR: 无法加载控制器:"Menu

[ 2017-06-13T10:26:46+08:00 ] 192.168.1.60 /index.php/Admin/Menu/index/menuid/297
INFO: [ app_init ] --START--
INFO: Run Behavior\BuildLiteBehavior [ RunTime:0.000021s ]
INFO: [ app_init ] --END-- [ RunTime:0.000421s ]
INFO: [ app_begin ] --START--
INFO: Run Behavior\ReadHtmlCacheBehavior [ RunTime:0.000495s ]
INFO: [ app_begin ] --END-- [ RunTime:0.000649s ]
SQL: SHOW COLUMNS FROM `sp_users` [ RunTime:0.0269s ]
SQL: SELECT * FROM `sp_users` WHERE `id` = 1 LIMIT 1   [ RunTime:0.0004s ]
SQL: SHOW COLUMNS FROM `sp_menu` [ RunTime:0.0105s ]
SQL: SELECT * FROM `sp_menu` ORDER BY `listorder` DESC  [ RunTime:0.0012s ]
INFO: [ view_parse ] --START--
INFO: [ template_filter ] --START--
INFO: Run Behavior\ContentReplaceBehavior [ RunTime:0.000110s ]
INFO: [ template_filter ] --END-- [ RunTime:0.000167s ]
INFO: Run Behavior\ParseTemplateBehavior [ RunTime:0.005840s ]
INFO: [ view_parse ] --END-- [ RunTime:0.005918s ]
INFO: [ view_filter ] --START--
INFO: Run Behavior\WriteHtmlCacheBehavior [ RunTime:0.000622s ]
INFO: [ view_filter ] --END-- [ RunTime:0.000741s ]
INFO: [ app_end ] --START--
INFO: Run Behavior\ShowPageTraceBehavior [ RunTime:0.000383s ]
INFO: [ app_end ] --END-- [ RunTime:0.000485s ]

[ 2017-06-13T10:26:52+08:00 ] 192.168.1.60 /index.php/Admin/menu/add
INFO: [ app_init ] --START--
INFO: Run Behavior\BuildLiteBehavior [ RunTime:0.000015s ]
INFO: [ app_init ] --END-- [ RunTime:0.000117s ]
INFO: [ app_begin ] --START--
INFO: Run Behavior\ReadHtmlCacheBehavior [ RunTime:0.000106s ]
INFO: [ app_begin ] --END-- [ RunTime:0.000173s ]
SQL: SHOW COLUMNS FROM `sp_users` [ RunTime:0.0261s ]
SQL: SELECT * FROM `sp_users` WHERE `id` = 1 LIMIT 1   [ RunTime:0.0004s ]
SQL: SHOW COLUMNS FROM `sp_menu` [ RunTime:0.0104s ]
SQL: SELECT * FROM `sp_menu` ORDER BY `listorder` DESC  [ RunTime:0.0007s ]
INFO: [ view_parse ] --START--
INFO: [ template_filter ] --START--
INFO: Run Behavior\ContentReplaceBehavior [ RunTime:0.000123s ]
INFO: [ template_filter ] --END-- [ RunTime:0.000177s ]
INFO: Run Behavior\ParseTemplateBehavior [ RunTime:0.032917s ]
INFO: [ view_parse ] --END-- [ RunTime:0.032991s ]
INFO: [ view_filter ] --START--
INFO: Run Behavior\WriteHtmlCacheBehavior [ RunTime:0.000108s ]
INFO: [ view_filter ] --END-- [ RunTime:0.000152s ]
INFO: [ app_end ] --START--
INFO: Run Behavior\ShowPageTraceBehavior [ RunTime:0.000167s ]
INFO: [ app_end ] --END-- [ RunTime:0.000252s ]

[ 2017-06-13T11:31:43+08:00 ] 192.168.1.60 /index.php/Admin/Public/logout
INFO: [ app_init ] --START--
INFO: Run Behavior\BuildLiteBehavior [ RunTime:0.000018s ]
INFO: [ app_init ] --END-- [ RunTime:0.000185s ]
INFO: [ app_begin ] --START--
INFO: Run Behavior\ReadHtmlCacheBehavior [ RunTime:0.000367s ]
INFO: [ app_begin ] --END-- [ RunTime:0.000431s ]

[ 2017-06-13T11:31:43+08:00 ] 192.168.1.60 /index.php/Admin/public/login
INFO: [ app_init ] --START--
INFO: Run Behavior\BuildLiteBehavior [ RunTime:0.000013s ]
INFO: [ app_init ] --END-- [ RunTime:0.000090s ]
INFO: [ app_begin ] --START--
INFO: Run Behavior\ReadHtmlCacheBehavior [ RunTime:0.000248s ]
INFO: [ app_begin ] --END-- [ RunTime:0.000312s ]
INFO: [ view_parse ] --START--
INFO: [ template_filter ] --START--
INFO: Run Behavior\ContentReplaceBehavior [ RunTime:0.000073s ]
INFO: [ template_filter ] --END-- [ RunTime:0.000133s ]
INFO: Run Behavior\ParseTemplateBehavior [ RunTime:0.032792s ]
INFO: [ view_parse ] --END-- [ RunTime:0.032863s ]
INFO: [ view_filter ] --START--
INFO: Run Behavior\WriteHtmlCacheBehavior [ RunTime:0.000361s ]
INFO: [ view_filter ] --END-- [ RunTime:0.000404s ]
INFO: [ app_end ] --START--
INFO: Run Behavior\ShowPageTraceBehavior [ RunTime:0.000308s ]
INFO: [ app_end ] --END-- [ RunTime:0.000352s ]

[ 2017-06-13T11:32:00+08:00 ] 192.168.1.60 /index.php/Admin/public/login
INFO: [ app_init ] --START--
INFO: Run Behavior\BuildLiteBehavior [ RunTime:0.000020s ]
INFO: [ app_init ] --END-- [ RunTime:0.000244s ]
INFO: [ app_begin ] --START--
INFO: Run Behavior\ReadHtmlCacheBehavior [ RunTime:0.000411s ]
INFO: [ app_begin ] --END-- [ RunTime:0.000500s ]
INFO: [ view_parse ] --START--
INFO: [ template_filter ] --START--
INFO: Run Behavior\ContentReplaceBehavior [ RunTime:0.000102s ]
INFO: [ template_filter ] --END-- [ RunTime:0.000183s ]
INFO: Run Behavior\ParseTemplateBehavior [ RunTime:0.007771s ]
INFO: [ view_parse ] --END-- [ RunTime:0.007880s ]
INFO: [ view_filter ] --START--
INFO: Run Behavior\WriteHtmlCacheBehavior [ RunTime:0.000459s ]
INFO: [ view_filter ] --END-- [ RunTime:0.000520s ]
INFO: [ app_end ] --START--
INFO: Run Behavior\ShowPageTraceBehavior [ RunTime:0.000427s ]
INFO: [ app_end ] --END-- [ RunTime:0.000488s ]

[ 2017-06-13T11:32:03+08:00 ] 192.168.1.60 /index.php/Admin/public/dologin
INFO: [ app_init ] --START--
INFO: Run Behavior\BuildLiteBehavior [ RunTime:0.000039s ]
INFO: [ app_init ] --END-- [ RunTime:0.000401s ]
INFO: [ app_begin ] --START--
INFO: Run Behavior\ReadHtmlCacheBehavior [ RunTime:0.000306s ]
INFO: [ app_begin ] --END-- [ RunTime:0.000369s ]
SQL: SHOW COLUMNS FROM `sp_users` [ RunTime:0.0254s ]
SQL: SELECT * FROM `sp_users` WHERE `user_login` = 'admin' LIMIT 1   [ RunTime:0.0004s ]
NOTIC: [8] Undefined index: org_id F:\sp\ok\servers\Application\Admin\Controller\PublicController.class.php 第 76 行.
NOTIC: [8] Undefined index: org_id F:\sp\ok\servers\Application\Admin\Controller\PublicController.class.php 第 77 行.
NOTIC: [8] Undefined index: org_id F:\sp\ok\servers\Application\Admin\Controller\PublicController.class.php 第 79 行.
SQL: UPDATE `sp_users` SET `school_id`='0',`user_login`='admin',`user_pass`='21232f297a57a5a743894a0e4a801fc3',`user_nicename`='超级管理员',`user_email`='admin@163.com',`last_login_ip`='192.168.1.60',`last_login_time`='2017-06-13 11:32:03',`create_time`='2014-07-18 08:53:31',`user_activation_key`='',`user_status`='1',`role_id`='-1' WHERE `id` = 1 [ RunTime:0.0004s ]
INFO: [ view_parse ] --START--
INFO: [ template_filter ] --START--
INFO: Run Behavior\ContentReplaceBehavior [ RunTime:0.000068s ]
INFO: [ template_filter ] --END-- [ RunTime:0.000123s ]
INFO: Run Behavior\ParseTemplateBehavior [ RunTime:0.005653s ]
INFO: [ view_parse ] --END-- [ RunTime:0.005727s ]
INFO: [ view_filter ] --START--
INFO: Run Behavior\WriteHtmlCacheBehavior [ RunTime:0.000333s ]
INFO: [ view_filter ] --END-- [ RunTime:0.000379s ]
INFO: [ app_end ] --START--
INFO: Run Behavior\ShowPageTraceBehavior [ RunTime:0.000315s ]
INFO: [ app_end ] --END-- [ RunTime:0.000358s ]

[ 2017-06-13T11:32:04+08:00 ] 192.168.1.60 /index.php/Admin/Index/index
INFO: [ app_init ] --START--
INFO: Run Behavior\BuildLiteBehavior [ RunTime:0.000032s ]
INFO: [ app_init ] --END-- [ RunTime:0.000254s ]
INFO: [ app_begin ] --START--
INFO: Run Behavior\ReadHtmlCacheBehavior [ RunTime:0.000365s ]
INFO: [ app_begin ] --END-- [ RunTime:0.000458s ]
SQL: SHOW COLUMNS FROM `sp_users` [ RunTime:0.0320s ]
SQL: SELECT * FROM `sp_users` WHERE `id` = 1 LIMIT 1   [ RunTime:0.0005s ]

[ 2017-06-13T11:32:07+08:00 ] 192.168.1.60 /index.php/Admin/Index/index
INFO: [ app_init ] --START--
INFO: Run Behavior\BuildLiteBehavior [ RunTime:0.000142s ]
INFO: [ app_init ] --END-- [ RunTime:0.000839s ]
INFO: [ app_begin ] --START--
INFO: Run Behavior\ReadHtmlCacheBehavior [ RunTime:0.000736s ]
INFO: [ app_begin ] --END-- [ RunTime:0.000882s ]
SQL: SHOW COLUMNS FROM `sp_users` [ RunTime:0.0273s ]
SQL: SELECT * FROM `sp_users` WHERE `id` = 1 LIMIT 1   [ RunTime:0.0012s ]

[ 2017-06-13T11:32:17+08:00 ] 192.168.1.60 /index.php/Admin/Index/index
INFO: [ app_init ] --START--
INFO: Run Behavior\BuildLiteBehavior [ RunTime:0.000021s ]
INFO: [ app_init ] --END-- [ RunTime:0.000227s ]
INFO: [ app_begin ] --START--
INFO: Run Behavior\ReadHtmlCacheBehavior [ RunTime:0.000580s ]
INFO: [ app_begin ] --END-- [ RunTime:0.000690s ]
SQL: SHOW COLUMNS FROM `sp_users` [ RunTime:0.0232s ]
SQL: SELECT * FROM `sp_users` WHERE `id` = 1 LIMIT 1   [ RunTime:0.0004s ]
SQL: SHOW COLUMNS FROM `sp_menu` [ RunTime:0.0137s ]
SQL: SELECT * FROM `sp_menu` WHERE `parentid` = 0 AND `status` = 1 ORDER BY `listorder` DESC  [ RunTime:0.0014s ]
SQL: SELECT * FROM `sp_menu` WHERE `parentid` = 239 AND `status` = 1 ORDER BY `listorder` DESC  [ RunTime:0.0005s ]
SQL: SELECT * FROM `sp_menu` WHERE `parentid` = 252 AND `status` = 1 ORDER BY `listorder` DESC  [ RunTime:0.0004s ]
SQL: SELECT * FROM `sp_menu` WHERE `parentid` = 253 AND `status` = 1 ORDER BY `listorder` DESC  [ RunTime:0.0003s ]
NOTIC: [8] Undefined variable: ret F:\sp\ok\servers\Application\Admin\Model\MenuModel.class.php 第 176 行.
SQL: SELECT * FROM `sp_menu` WHERE `parentid` = 254 AND `status` = 1 ORDER BY `listorder` DESC  [ RunTime:0.0004s ]
NOTIC: [8] Undefined variable: ret F:\sp\ok\servers\Application\Admin\Model\MenuModel.class.php 第 176 行.
SQL: SELECT * FROM `sp_menu` WHERE `parentid` = 286 AND `status` = 1 ORDER BY `listorder` DESC  [ RunTime:0.0004s ]
SQL: SELECT * FROM `sp_menu` WHERE `parentid` = 290 AND `status` = 1 ORDER BY `listorder` DESC  [ RunTime:0.0005s ]
SQL: SELECT * FROM `sp_menu` WHERE `parentid` = 291 AND `status` = 1 ORDER BY `listorder` DESC  [ RunTime:0.0011s ]
SQL: SELECT * FROM `sp_menu` WHERE `parentid` = 463 AND `status` = 1 ORDER BY `listorder` DESC  [ RunTime:0.0005s ]
NOTIC: [8] Undefined variable: ret F:\sp\ok\servers\Application\Admin\Model\MenuModel.class.php 第 176 行.
SQL: SELECT * FROM `sp_menu` WHERE `parentid` = 462 AND `status` = 1 ORDER BY `listorder` DESC  [ RunTime:0.0005s ]
NOTIC: [8] Undefined variable: ret F:\sp\ok\servers\Application\Admin\Model\MenuModel.class.php 第 176 行.
SQL: SELECT * FROM `sp_menu` WHERE `parentid` = 292 AND `status` = 1 ORDER BY `listorder` DESC  [ RunTime:0.0003s ]
NOTIC: [8] Undefined variable: ret F:\sp\ok\servers\Application\Admin\Model\MenuModel.class.php 第 176 行.
SQL: SELECT * FROM `sp_menu` WHERE `parentid` = 293 AND `status` = 1 ORDER BY `listorder` DESC  [ RunTime:0.0003s ]
SQL: SELECT * FROM `sp_menu` WHERE `parentid` = 297 AND `status` = 1 ORDER BY `listorder` DESC  [ RunTime:0.0009s ]
NOTIC: [8] Undefined variable: ret F:\sp\ok\servers\Application\Admin\Model\MenuModel.class.php 第 176 行.
SQL: SELECT * FROM `sp_menu` WHERE `parentid` = 553 AND `status` = 1 ORDER BY `listorder` DESC  [ RunTime:0.0003s ]
NOTIC: [8] Undefined variable: ret F:\sp\ok\servers\Application\Admin\Model\MenuModel.class.php 第 176 行.
SQL: SELECT * FROM `sp_menu` WHERE `parentid` = 552 AND `status` = 1 ORDER BY `listorder` DESC  [ RunTime:0.0003s ]
NOTIC: [8] Undefined variable: ret F:\sp\ok\servers\Application\Admin\Model\MenuModel.class.php 第 176 行.
INFO: [ view_parse ] --START--
INFO: [ template_filter ] --START--
INFO: Run Behavior\ContentReplaceBehavior [ RunTime:0.000156s ]
INFO: [ template_filter ] --END-- [ RunTime:0.000220s ]
INFO: Run Behavior\ParseTemplateBehavior [ RunTime:0.089406s ]
INFO: [ view_parse ] --END-- [ RunTime:0.089487s ]
INFO: [ view_filter ] --START--
INFO: Run Behavior\WriteHtmlCacheBehavior [ RunTime:0.000410s ]
INFO: [ view_filter ] --END-- [ RunTime:0.000464s ]
INFO: [ app_end ] --START--
INFO: Run Behavior\ShowPageTraceBehavior [ RunTime:0.000660s ]
INFO: [ app_end ] --END-- [ RunTime:0.000769s ]

[ 2017-06-13T11:32:17+08:00 ] 192.168.1.60 /index.php/Admin/Index/info
INFO: [ app_init ] --START--
INFO: Run Behavior\BuildLiteBehavior [ RunTime:0.000026s ]
INFO: [ app_init ] --END-- [ RunTime:0.000164s ]
INFO: [ app_begin ] --START--
INFO: Run Behavior\ReadHtmlCacheBehavior [ RunTime:0.000327s ]
INFO: [ app_begin ] --END-- [ RunTime:0.000421s ]
SQL: SHOW COLUMNS FROM `sp_users` [ RunTime:0.0135s ]
SQL: SELECT * FROM `sp_users` WHERE `id` = 1 LIMIT 1   [ RunTime:0.0007s ]
INFO: [ app_end ] --START--
INFO: Run Behavior\ShowPageTraceBehavior [ RunTime:0.000371s ]
INFO: [ app_end ] --END-- [ RunTime:0.000458s ]

