[ 2017-06-14T11:38:12+08:00 ] 127.0.0.1 /client/index.php/User/User/edit_birthday.html?birthday=2017-06-14&redirect_url=B2b2c%2Fuser%2Findex
INFO: [ app_init ] --START--
INFO: Run Behavior\BuildLiteBehavior [ RunTime:0.000000s ]
INFO: [ app_init ] --END-- [ RunTime:0.002000s ]
ERR: 无法加载模块:User

[ 2017-06-14T15:03:05+08:00 ] 127.0.0.1 /client/index.php/User/User/edit_birthday.html?birthday=2017-07-14&redirect_url=B2b2c%2Fuser%2Findex
INFO: [ app_init ] --START--
INFO: Run Behavior\BuildLiteBehavior [ RunTime:0.000000s ]
INFO: [ app_init ] --END-- [ RunTime:0.003000s ]
ERR: 无法加载模块:User

[ 2017-06-14T15:13:33+08:00 ] 127.0.0.1 /client/index.php/User/User/edit_birthday.html?birthday=2007-07-14&redirect_url=B2b2c%2Fuser%2Findex
INFO: [ app_init ] --START--
INFO: Run Behavior\BuildLiteBehavior [ RunTime:0.001000s ]
INFO: [ app_init ] --END-- [ RunTime:0.002000s ]
ERR: 无法加载模块:User

[ 2017-06-14T16:47:53+08:00 ] 127.0.0.1 /client/index.php/User/User/edit_birthday.html?birthday=2007-07-14&redirect_url=B2b2c%2Fuser%2Findex
INFO: [ app_init ] --START--
INFO: Run Behavior\BuildLiteBehavior [ RunTime:0.001000s ]
INFO: [ app_init ] --END-- [ RunTime:0.004000s ]
ERR: 无法加载模块:User

[ 2017-06-14T16:59:44+08:00 ] 127.0.0.1 /client/index.php/User/User/edit_birthday.html
INFO: [ app_init ] --START--
INFO: Run Behavior\BuildLiteBehavior [ RunTime:0.000000s ]
INFO: [ app_init ] --END-- [ RunTime:0.002000s ]
ERR: 无法加载模块:User

[ 2017-06-14T16:59:50+08:00 ] 127.0.0.1 /client/index.php/User/User/index
INFO: [ app_init ] --START--
INFO: Run Behavior\BuildLiteBehavior [ RunTime:0.001000s ]
INFO: [ app_init ] --END-- [ RunTime:0.004000s ]
ERR: 无法加载模块:User

