[ 2017-06-16T08:43:25+08:00 ] 127.0.0.1 /ok/client/index.php/B2b2c/index/login
INFO: [ app_init ] --START--
INFO: Run Behavior\BuildLiteBehavior [ RunTime:0.000000s ]
INFO: [ app_init ] --END-- [ RunTime:0.002001s ]
INFO: [ app_begin ] --START--
INFO: Run Behavior\ReadHtmlCacheBehavior [ RunTime:0.002000s ]
INFO: [ app_begin ] --END-- [ RunTime:0.003000s ]
INFO: [ view_parse ] --START--
INFO: [ template_filter ] --START--
INFO: Run Behavior\ContentReplaceBehavior [ RunTime:0.000000s ]
INFO: [ template_filter ] --END-- [ RunTime:0.002000s ]
INFO: Run Behavior\ParseTemplateBehavior [ RunTime:0.067003s ]
INFO: [ view_parse ] --END-- [ RunTime:0.068003s ]
INFO: [ view_filter ] --START--
INFO: Run Behavior\WriteHtmlCacheBehavior [ RunTime:0.014001s ]
INFO: [ view_filter ] --END-- [ RunTime:0.015001s ]
INFO: [ app_end ] --START--
INFO: Run Behavior\ShowPageTraceBehavior [ RunTime:0.014001s ]
INFO: [ app_end ] --END-- [ RunTime:0.015001s ]

[ 2017-06-16T08:45:30+08:00 ] 127.0.0.1 /ok/client/index.php/B2b2c/index/login
INFO: [ app_init ] --START--
INFO: Run Behavior\BuildLiteBehavior [ RunTime:0.000000s ]
INFO: [ app_init ] --END-- [ RunTime:0.001001s ]
INFO: [ app_begin ] --START--
INFO: Run Behavior\ReadHtmlCacheBehavior [ RunTime:0.001000s ]
INFO: [ app_begin ] --END-- [ RunTime:0.002000s ]
INFO: [ view_parse ] --START--
INFO: [ template_filter ] --START--
INFO: Run Behavior\ContentReplaceBehavior [ RunTime:0.001000s ]
INFO: [ template_filter ] --END-- [ RunTime:0.002001s ]
INFO: Run Behavior\ParseTemplateBehavior [ RunTime:0.040002s ]
INFO: [ view_parse ] --END-- [ RunTime:0.040002s ]
INFO: [ view_filter ] --START--
INFO: Run Behavior\WriteHtmlCacheBehavior [ RunTime:0.001000s ]
INFO: [ view_filter ] --END-- [ RunTime:0.003000s ]
INFO: [ app_end ] --START--
INFO: Run Behavior\ShowPageTraceBehavior [ RunTime:0.001000s ]
INFO: [ app_end ] --END-- [ RunTime:0.002000s ]

[ 2017-06-16T08:45:35+08:00 ] 127.0.0.1 /ok/client/index.php/B2b2c/Index/login
INFO: [ app_init ] --START--
INFO: Run Behavior\BuildLiteBehavior [ RunTime:0.001000s ]
INFO: [ app_init ] --END-- [ RunTime:0.005000s ]
INFO: [ app_begin ] --START--
INFO: Run Behavior\ReadHtmlCacheBehavior [ RunTime:0.001000s ]
INFO: [ app_begin ] --END-- [ RunTime:0.002000s ]
NOTIC: [8] Undefined index: usertelno D:\phpStudy\WWW\ok\client\Application\B2b2c\Controller\IndexController.class.php 第 124 行.
NOTIC: [8] Undefined index: user_id D:\phpStudy\WWW\ok\client\Application\B2b2c\Controller\IndexController.class.php 第 126 行.
NOTIC: [8] Undefined index: user_type D:\phpStudy\WWW\ok\client\Application\B2b2c\Controller\IndexController.class.php 第 127 行.
INFO: [ app_end ] --START--
INFO: Run Behavior\ShowPageTraceBehavior [ RunTime:0.001000s ]
INFO: [ app_end ] --END-- [ RunTime:0.002000s ]

[ 2017-06-16T08:45:36+08:00 ] 127.0.0.1 /ok/client/index.php/B2b2c/Index/login
INFO: [ app_init ] --START--
INFO: Run Behavior\BuildLiteBehavior [ RunTime:0.001000s ]
INFO: [ app_init ] --END-- [ RunTime:0.004000s ]
INFO: [ app_begin ] --START--
INFO: Run Behavior\ReadHtmlCacheBehavior [ RunTime:0.002000s ]
INFO: [ app_begin ] --END-- [ RunTime:0.004000s ]
NOTIC: [8] Undefined index: usertelno D:\phpStudy\WWW\ok\client\Application\B2b2c\Controller\IndexController.class.php 第 124 行.
NOTIC: [8] Undefined index: user_id D:\phpStudy\WWW\ok\client\Application\B2b2c\Controller\IndexController.class.php 第 126 行.
NOTIC: [8] Undefined index: user_type D:\phpStudy\WWW\ok\client\Application\B2b2c\Controller\IndexController.class.php 第 127 行.
INFO: [ app_end ] --START--
INFO: Run Behavior\ShowPageTraceBehavior [ RunTime:0.001000s ]
INFO: [ app_end ] --END-- [ RunTime:0.002000s ]

[ 2017-06-16T08:45:38+08:00 ] 127.0.0.1 /ok/client/index.php/B2b2c/Index/index
INFO: [ app_init ] --START--
INFO: Run Behavior\BuildLiteBehavior [ RunTime:0.000000s ]
INFO: [ app_init ] --END-- [ RunTime:0.002000s ]
INFO: [ app_begin ] --START--
INFO: Run Behavior\ReadHtmlCacheBehavior [ RunTime:0.002001s ]
INFO: [ app_begin ] --END-- [ RunTime:0.003001s ]
NOTIC: [8] Undefined index: id D:\phpStudy\WWW\ok\client\Application\B2b2c\Controller\IndexController.class.php 第 66 行.
NOTIC: [8] Undefined index: child D:\phpStudy\WWW\ok\client\Application\B2b2c\Controller\IndexController.class.php 第 70 行.
NOTIC: [2] Invalid argument supplied for foreach() D:\phpStudy\WWW\ok\client\Application\B2b2c\Controller\IndexController.class.php 第 70 行.
INFO: [ view_parse ] --START--
INFO: [ template_filter ] --START--
INFO: Run Behavior\ContentReplaceBehavior [ RunTime:0.001000s ]
INFO: [ template_filter ] --END-- [ RunTime:0.002000s ]
NOTIC: [8] Undefined index: image D:\phpStudy\WWW\ok\client\Application\Runtime\Cache\B2b2c\52dde266f831b800e7113f69fca68917.php 第 63 行.
NOTIC: [8] Undefined index: url D:\phpStudy\WWW\ok\client\Application\Runtime\Cache\B2b2c\52dde266f831b800e7113f69fca68917.php 第 63 行.
NOTIC: [8] Undefined index: id D:\phpStudy\WWW\ok\client\Application\Runtime\Cache\B2b2c\52dde266f831b800e7113f69fca68917.php 第 88 行.
NOTIC: [8] Undefined index: id D:\phpStudy\WWW\ok\client\Application\Runtime\Cache\B2b2c\52dde266f831b800e7113f69fca68917.php 第 88 行.
NOTIC: [8] Undefined index: image D:\phpStudy\WWW\ok\client\Application\Runtime\Cache\B2b2c\52dde266f831b800e7113f69fca68917.php 第 89 行.
NOTIC: [8] Undefined index: name D:\phpStudy\WWW\ok\client\Application\Runtime\Cache\B2b2c\52dde266f831b800e7113f69fca68917.php 第 90 行.
NOTIC: [8] Undefined index: id D:\phpStudy\WWW\ok\client\Application\Runtime\Cache\B2b2c\52dde266f831b800e7113f69fca68917.php 第 95 行.
NOTIC: [8] Undefined index: child D:\phpStudy\WWW\ok\client\Application\Runtime\Cache\B2b2c\52dde266f831b800e7113f69fca68917.php 第 97 行.
INFO: Run Behavior\ParseTemplateBehavior [ RunTime:0.131008s ]
INFO: [ view_parse ] --END-- [ RunTime:0.132008s ]
INFO: [ view_filter ] --START--
INFO: Run Behavior\WriteHtmlCacheBehavior [ RunTime:0.001000s ]
INFO: [ view_filter ] --END-- [ RunTime:0.002000s ]
INFO: [ app_end ] --START--
INFO: Run Behavior\ShowPageTraceBehavior [ RunTime:0.001000s ]
INFO: [ app_end ] --END-- [ RunTime:0.003000s ]

[ 2017-06-16T08:45:41+08:00 ] 127.0.0.1 /ok/client/index.php/B2b2c/User/home.html
INFO: [ app_init ] --START--
INFO: Run Behavior\BuildLiteBehavior [ RunTime:0.000000s ]
INFO: [ app_init ] --END-- [ RunTime:0.002000s ]
INFO: [ app_begin ] --START--
INFO: Run Behavior\ReadHtmlCacheBehavior [ RunTime:0.002000s ]
INFO: [ app_begin ] --END-- [ RunTime:0.002000s ]

[ 2017-06-16T08:45:41+08:00 ] 127.0.0.1 /ok/client/index.php/B2b2c/Index/login.html
INFO: [ app_init ] --START--
INFO: Run Behavior\BuildLiteBehavior [ RunTime:0.000000s ]
INFO: [ app_init ] --END-- [ RunTime:0.003000s ]
INFO: [ app_begin ] --START--
INFO: Run Behavior\ReadHtmlCacheBehavior [ RunTime:0.002000s ]
INFO: [ app_begin ] --END-- [ RunTime:0.004001s ]
INFO: [ view_parse ] --START--
INFO: [ template_filter ] --START--
INFO: Run Behavior\ContentReplaceBehavior [ RunTime:0.001000s ]
INFO: [ template_filter ] --END-- [ RunTime:0.003001s ]
INFO: Run Behavior\ParseTemplateBehavior [ RunTime:0.063004s ]
INFO: [ view_parse ] --END-- [ RunTime:0.065004s ]
INFO: [ view_filter ] --START--
INFO: Run Behavior\WriteHtmlCacheBehavior [ RunTime:0.001000s ]
INFO: [ view_filter ] --END-- [ RunTime:0.003000s ]
INFO: [ app_end ] --START--
INFO: Run Behavior\ShowPageTraceBehavior [ RunTime:0.002000s ]
INFO: [ app_end ] --END-- [ RunTime:0.002000s ]

[ 2017-06-16T08:45:53+08:00 ] 127.0.0.1 /ok/client/index.php/B2b2c/Index/login
INFO: [ app_init ] --START--
INFO: Run Behavior\BuildLiteBehavior [ RunTime:0.000000s ]
INFO: [ app_init ] --END-- [ RunTime:0.002000s ]
INFO: [ app_begin ] --START--
INFO: Run Behavior\ReadHtmlCacheBehavior [ RunTime:0.001000s ]
INFO: [ app_begin ] --END-- [ RunTime:0.002000s ]
NOTIC: [8] Undefined index: usertelno D:\phpStudy\WWW\ok\client\Application\B2b2c\Controller\IndexController.class.php 第 124 行.
NOTIC: [8] Undefined index: user_id D:\phpStudy\WWW\ok\client\Application\B2b2c\Controller\IndexController.class.php 第 126 行.
NOTIC: [8] Undefined index: user_type D:\phpStudy\WWW\ok\client\Application\B2b2c\Controller\IndexController.class.php 第 127 行.
INFO: [ app_end ] --START--
INFO: Run Behavior\ShowPageTraceBehavior [ RunTime:0.001000s ]
INFO: [ app_end ] --END-- [ RunTime:0.002000s ]

[ 2017-06-16T08:45:55+08:00 ] 127.0.0.1 /ok/client/index.php/B2b2c/Index/index
INFO: [ app_init ] --START--
INFO: Run Behavior\BuildLiteBehavior [ RunTime:0.000000s ]
INFO: [ app_init ] --END-- [ RunTime:0.002000s ]
INFO: [ app_begin ] --START--
INFO: Run Behavior\ReadHtmlCacheBehavior [ RunTime:0.001000s ]
INFO: [ app_begin ] --END-- [ RunTime:0.003000s ]
NOTIC: [8] Undefined index: id D:\phpStudy\WWW\ok\client\Application\B2b2c\Controller\IndexController.class.php 第 66 行.
NOTIC: [8] Undefined index: child D:\phpStudy\WWW\ok\client\Application\B2b2c\Controller\IndexController.class.php 第 70 行.
NOTIC: [2] Invalid argument supplied for foreach() D:\phpStudy\WWW\ok\client\Application\B2b2c\Controller\IndexController.class.php 第 70 行.
INFO: [ view_parse ] --START--
INFO: [ template_filter ] --START--
INFO: Run Behavior\ContentReplaceBehavior [ RunTime:0.001001s ]
INFO: [ template_filter ] --END-- [ RunTime:0.002001s ]
NOTIC: [8] Undefined index: image D:\phpStudy\WWW\ok\client\Application\Runtime\Cache\B2b2c\52dde266f831b800e7113f69fca68917.php 第 63 行.
NOTIC: [8] Undefined index: url D:\phpStudy\WWW\ok\client\Application\Runtime\Cache\B2b2c\52dde266f831b800e7113f69fca68917.php 第 63 行.
NOTIC: [8] Undefined index: id D:\phpStudy\WWW\ok\client\Application\Runtime\Cache\B2b2c\52dde266f831b800e7113f69fca68917.php 第 88 行.
NOTIC: [8] Undefined index: id D:\phpStudy\WWW\ok\client\Application\Runtime\Cache\B2b2c\52dde266f831b800e7113f69fca68917.php 第 88 行.
NOTIC: [8] Undefined index: image D:\phpStudy\WWW\ok\client\Application\Runtime\Cache\B2b2c\52dde266f831b800e7113f69fca68917.php 第 89 行.
NOTIC: [8] Undefined index: name D:\phpStudy\WWW\ok\client\Application\Runtime\Cache\B2b2c\52dde266f831b800e7113f69fca68917.php 第 90 行.
NOTIC: [8] Undefined index: id D:\phpStudy\WWW\ok\client\Application\Runtime\Cache\B2b2c\52dde266f831b800e7113f69fca68917.php 第 95 行.
NOTIC: [8] Undefined index: child D:\phpStudy\WWW\ok\client\Application\Runtime\Cache\B2b2c\52dde266f831b800e7113f69fca68917.php 第 97 行.
INFO: Run Behavior\ParseTemplateBehavior [ RunTime:0.110006s ]
INFO: [ view_parse ] --END-- [ RunTime:0.112006s ]
INFO: [ view_filter ] --START--
INFO: Run Behavior\WriteHtmlCacheBehavior [ RunTime:0.001000s ]
INFO: [ view_filter ] --END-- [ RunTime:0.003000s ]
INFO: [ app_end ] --START--
INFO: Run Behavior\ShowPageTraceBehavior [ RunTime:0.001000s ]
INFO: [ app_end ] --END-- [ RunTime:0.002001s ]

[ 2017-06-16T08:46:00+08:00 ] 127.0.0.1 /ok/client/index.php/B2b2c/User/home.html
INFO: [ app_init ] --START--
INFO: Run Behavior\BuildLiteBehavior [ RunTime:0.001000s ]
INFO: [ app_init ] --END-- [ RunTime:0.003000s ]
INFO: [ app_begin ] --START--
INFO: Run Behavior\ReadHtmlCacheBehavior [ RunTime:0.001000s ]
INFO: [ app_begin ] --END-- [ RunTime:0.002001s ]

[ 2017-06-16T08:46:00+08:00 ] 127.0.0.1 /ok/client/index.php/B2b2c/Index/login.html
INFO: [ app_init ] --START--
INFO: Run Behavior\BuildLiteBehavior [ RunTime:0.000000s ]
INFO: [ app_init ] --END-- [ RunTime:0.002000s ]
INFO: [ app_begin ] --START--
INFO: Run Behavior\ReadHtmlCacheBehavior [ RunTime:0.002000s ]
INFO: [ app_begin ] --END-- [ RunTime:0.003000s ]
INFO: [ view_parse ] --START--
INFO: [ template_filter ] --START--
INFO: Run Behavior\ContentReplaceBehavior [ RunTime:0.001000s ]
INFO: [ template_filter ] --END-- [ RunTime:0.002000s ]
INFO: Run Behavior\ParseTemplateBehavior [ RunTime:0.039002s ]
INFO: [ view_parse ] --END-- [ RunTime:0.041003s ]
INFO: [ view_filter ] --START--
INFO: Run Behavior\WriteHtmlCacheBehavior [ RunTime:0.001000s ]
INFO: [ view_filter ] --END-- [ RunTime:0.003000s ]
INFO: [ app_end ] --START--
INFO: Run Behavior\ShowPageTraceBehavior [ RunTime:0.001000s ]
INFO: [ app_end ] --END-- [ RunTime:0.003000s ]

[ 2017-06-16T08:46:23+08:00 ] 127.0.0.1 /ok/client/index.php/B2b2c/Index/login.html
INFO: [ app_init ] --START--
INFO: Run Behavior\BuildLiteBehavior [ RunTime:0.001000s ]
INFO: [ app_init ] --END-- [ RunTime:0.004001s ]
INFO: [ app_begin ] --START--
INFO: Run Behavior\ReadHtmlCacheBehavior [ RunTime:0.002000s ]
INFO: [ app_begin ] --END-- [ RunTime:0.003000s ]
INFO: [ view_parse ] --START--
INFO: [ template_filter ] --START--
INFO: Run Behavior\ContentReplaceBehavior [ RunTime:0.001000s ]
INFO: [ template_filter ] --END-- [ RunTime:0.002000s ]
INFO: Run Behavior\ParseTemplateBehavior [ RunTime:0.050003s ]
INFO: [ view_parse ] --END-- [ RunTime:0.052003s ]
INFO: [ view_filter ] --START--
INFO: Run Behavior\WriteHtmlCacheBehavior [ RunTime:0.001000s ]
INFO: [ view_filter ] --END-- [ RunTime:0.002000s ]
INFO: [ app_end ] --START--
INFO: Run Behavior\ShowPageTraceBehavior [ RunTime:0.001000s ]
INFO: [ app_end ] --END-- [ RunTime:0.003000s ]

[ 2017-06-16T08:46:26+08:00 ] 127.0.0.1 /ok/client/index.php/B2b2c/Index/login
INFO: [ app_init ] --START--
INFO: Run Behavior\BuildLiteBehavior [ RunTime:0.000000s ]
INFO: [ app_init ] --END-- [ RunTime:0.002000s ]
INFO: [ app_begin ] --START--
INFO: Run Behavior\ReadHtmlCacheBehavior [ RunTime:0.001000s ]
INFO: [ app_begin ] --END-- [ RunTime:0.002000s ]
INFO: [ app_end ] --START--
INFO: Run Behavior\ShowPageTraceBehavior [ RunTime:0.001000s ]
INFO: [ app_end ] --END-- [ RunTime:0.002000s ]

[ 2017-06-16T08:46:28+08:00 ] 127.0.0.1 /ok/client/index.php/B2b2c/Index/index
INFO: [ app_init ] --START--
INFO: Run Behavior\BuildLiteBehavior [ RunTime:0.000000s ]
INFO: [ app_init ] --END-- [ RunTime:0.002000s ]
INFO: [ app_begin ] --START--
INFO: Run Behavior\ReadHtmlCacheBehavior [ RunTime:0.001000s ]
INFO: [ app_begin ] --END-- [ RunTime:0.003000s ]
NOTIC: [8] Undefined index: id D:\phpStudy\WWW\ok\client\Application\B2b2c\Controller\IndexController.class.php 第 66 行.
NOTIC: [8] Undefined index: child D:\phpStudy\WWW\ok\client\Application\B2b2c\Controller\IndexController.class.php 第 70 行.
NOTIC: [2] Invalid argument supplied for foreach() D:\phpStudy\WWW\ok\client\Application\B2b2c\Controller\IndexController.class.php 第 70 行.
INFO: [ view_parse ] --START--
INFO: [ template_filter ] --START--
INFO: Run Behavior\ContentReplaceBehavior [ RunTime:0.001000s ]
INFO: [ template_filter ] --END-- [ RunTime:0.002000s ]
NOTIC: [8] Undefined index: image D:\phpStudy\WWW\ok\client\Application\Runtime\Cache\B2b2c\52dde266f831b800e7113f69fca68917.php 第 63 行.
NOTIC: [8] Undefined index: url D:\phpStudy\WWW\ok\client\Application\Runtime\Cache\B2b2c\52dde266f831b800e7113f69fca68917.php 第 63 行.
NOTIC: [8] Undefined index: id D:\phpStudy\WWW\ok\client\Application\Runtime\Cache\B2b2c\52dde266f831b800e7113f69fca68917.php 第 88 行.
NOTIC: [8] Undefined index: id D:\phpStudy\WWW\ok\client\Application\Runtime\Cache\B2b2c\52dde266f831b800e7113f69fca68917.php 第 88 行.
NOTIC: [8] Undefined index: image D:\phpStudy\WWW\ok\client\Application\Runtime\Cache\B2b2c\52dde266f831b800e7113f69fca68917.php 第 89 行.
NOTIC: [8] Undefined index: name D:\phpStudy\WWW\ok\client\Application\Runtime\Cache\B2b2c\52dde266f831b800e7113f69fca68917.php 第 90 行.
NOTIC: [8] Undefined index: id D:\phpStudy\WWW\ok\client\Application\Runtime\Cache\B2b2c\52dde266f831b800e7113f69fca68917.php 第 95 行.
NOTIC: [8] Undefined index: child D:\phpStudy\WWW\ok\client\Application\Runtime\Cache\B2b2c\52dde266f831b800e7113f69fca68917.php 第 97 行.
INFO: Run Behavior\ParseTemplateBehavior [ RunTime:0.108006s ]
INFO: [ view_parse ] --END-- [ RunTime:0.110006s ]
INFO: [ view_filter ] --START--
INFO: Run Behavior\WriteHtmlCacheBehavior [ RunTime:0.001000s ]
INFO: [ view_filter ] --END-- [ RunTime:0.003000s ]
INFO: [ app_end ] --START--
INFO: Run Behavior\ShowPageTraceBehavior [ RunTime:0.001000s ]
INFO: [ app_end ] --END-- [ RunTime:0.002001s ]

[ 2017-06-16T08:46:31+08:00 ] 127.0.0.1 /ok/client/index.php/B2b2c/User/home.html
INFO: [ app_init ] --START--
INFO: Run Behavior\BuildLiteBehavior [ RunTime:0.001001s ]
INFO: [ app_init ] --END-- [ RunTime:0.001001s ]
INFO: [ app_begin ] --START--
INFO: Run Behavior\ReadHtmlCacheBehavior [ RunTime:0.002000s ]
INFO: [ app_begin ] --END-- [ RunTime:0.002000s ]
INFO: [ view_parse ] --START--
INFO: [ template_filter ] --START--
INFO: Run Behavior\ContentReplaceBehavior [ RunTime:0.001000s ]
INFO: [ template_filter ] --END-- [ RunTime:0.002000s ]
NOTIC: [8] Undefined index: portrait_url D:\phpStudy\WWW\ok\client\Application\Runtime\Cache\B2b2c\0a3b0d648002f6da36e4de2c6c30bb89.php 第 69 行.
NOTIC: [8] Undefined index: telno D:\phpStudy\WWW\ok\client\Application\Runtime\Cache\B2b2c\0a3b0d648002f6da36e4de2c6c30bb89.php 第 73 行.
INFO: Run Behavior\ParseTemplateBehavior [ RunTime:0.068004s ]
INFO: [ view_parse ] --END-- [ RunTime:0.069004s ]
INFO: [ view_filter ] --START--
INFO: Run Behavior\WriteHtmlCacheBehavior [ RunTime:0.001000s ]
INFO: [ view_filter ] --END-- [ RunTime:0.002000s ]
INFO: [ app_end ] --START--
INFO: Run Behavior\ShowPageTraceBehavior [ RunTime:0.001000s ]
INFO: [ app_end ] --END-- [ RunTime:0.003000s ]

[ 2017-06-16T08:46:33+08:00 ] 127.0.0.1 /ok/client/index.php/B2b2c/user/index.html
INFO: [ app_init ] --START--
INFO: Run Behavior\BuildLiteBehavior [ RunTime:0.000000s ]
INFO: [ app_init ] --END-- [ RunTime:0.002000s ]
INFO: [ app_begin ] --START--
INFO: Run Behavior\ReadHtmlCacheBehavior [ RunTime:0.002000s ]
INFO: [ app_begin ] --END-- [ RunTime:0.003000s ]
INFO: [ view_parse ] --START--
INFO: [ template_filter ] --START--
INFO: Run Behavior\ContentReplaceBehavior [ RunTime:0.000000s ]
INFO: [ template_filter ] --END-- [ RunTime:0.002000s ]
NOTIC: [8] Undefined index: portrait D:\phpStudy\WWW\ok\client\Application\Runtime\Cache\B2b2c\ac4c33400f43a668e9842dc3b8e6959a.php 第 72 行.
NOTIC: [8] Undefined index: nickname D:\phpStudy\WWW\ok\client\Application\Runtime\Cache\B2b2c\ac4c33400f43a668e9842dc3b8e6959a.php 第 82 行.
NOTIC: [8] Undefined index: gender D:\phpStudy\WWW\ok\client\Application\Runtime\Cache\B2b2c\ac4c33400f43a668e9842dc3b8e6959a.php 第 91 行.
NOTIC: [8] Undefined index: realname D:\phpStudy\WWW\ok\client\Application\Runtime\Cache\B2b2c\ac4c33400f43a668e9842dc3b8e6959a.php 第 98 行.
NOTIC: [8] Undefined index: telno D:\phpStudy\WWW\ok\client\Application\Runtime\Cache\B2b2c\ac4c33400f43a668e9842dc3b8e6959a.php 第 117 行.
INFO: Run Behavior\ParseTemplateBehavior [ RunTime:0.113006s ]
INFO: [ view_parse ] --END-- [ RunTime:0.114006s ]
INFO: [ view_filter ] --START--
INFO: Run Behavior\WriteHtmlCacheBehavior [ RunTime:0.001000s ]
INFO: [ view_filter ] --END-- [ RunTime:0.002000s ]
INFO: [ app_end ] --START--
INFO: Run Behavior\ShowPageTraceBehavior [ RunTime:0.001000s ]
INFO: [ app_end ] --END-- [ RunTime:0.002000s ]

[ 2017-06-16T08:47:05+08:00 ] 127.0.0.1 /ok/client/index.php/B2b2c/user/index.html
INFO: [ app_init ] --START--
INFO: Run Behavior\BuildLiteBehavior [ RunTime:0.000000s ]
INFO: [ app_init ] --END-- [ RunTime:0.002000s ]
INFO: [ app_begin ] --START--
INFO: Run Behavior\ReadHtmlCacheBehavior [ RunTime:0.001000s ]
INFO: [ app_begin ] --END-- [ RunTime:0.003001s ]
INFO: [ view_parse ] --START--
INFO: [ template_filter ] --START--
INFO: Run Behavior\ContentReplaceBehavior [ RunTime:0.001000s ]
INFO: [ template_filter ] --END-- [ RunTime:0.002000s ]
NOTIC: [8] Undefined index: portrait D:\phpStudy\WWW\ok\client\Application\Runtime\Cache\B2b2c\ac4c33400f43a668e9842dc3b8e6959a.php 第 72 行.
NOTIC: [8] Undefined index: nickname D:\phpStudy\WWW\ok\client\Application\Runtime\Cache\B2b2c\ac4c33400f43a668e9842dc3b8e6959a.php 第 82 行.
NOTIC: [8] Undefined index: gender D:\phpStudy\WWW\ok\client\Application\Runtime\Cache\B2b2c\ac4c33400f43a668e9842dc3b8e6959a.php 第 91 行.
NOTIC: [8] Undefined index: realname D:\phpStudy\WWW\ok\client\Application\Runtime\Cache\B2b2c\ac4c33400f43a668e9842dc3b8e6959a.php 第 98 行.
NOTIC: [8] Undefined index: telno D:\phpStudy\WWW\ok\client\Application\Runtime\Cache\B2b2c\ac4c33400f43a668e9842dc3b8e6959a.php 第 117 行.
INFO: Run Behavior\ParseTemplateBehavior [ RunTime:0.058003s ]
INFO: [ view_parse ] --END-- [ RunTime:0.058003s ]
INFO: [ view_filter ] --START--
INFO: Run Behavior\WriteHtmlCacheBehavior [ RunTime:0.001000s ]
INFO: [ view_filter ] --END-- [ RunTime:0.002000s ]
INFO: [ app_end ] --START--
INFO: Run Behavior\ShowPageTraceBehavior [ RunTime:0.002000s ]
INFO: [ app_end ] --END-- [ RunTime:0.003000s ]

[ 2017-06-16T08:47:10+08:00 ] 127.0.0.1 /ok/client/index.php/B2b2c/User/edit_gender
INFO: [ app_init ] --START--
INFO: Run Behavior\BuildLiteBehavior [ RunTime:0.001000s ]
INFO: [ app_init ] --END-- [ RunTime:0.004000s ]
INFO: [ app_begin ] --START--
INFO: Run Behavior\ReadHtmlCacheBehavior [ RunTime:0.001000s ]
INFO: [ app_begin ] --END-- [ RunTime:0.002000s ]
NOTIC: [8] Undefined offset: 20003 D:\phpStudy\WWW\ok\client\Application\Common\Common\function.php 第 123 行.
INFO: [ app_end ] --START--
INFO: Run Behavior\ShowPageTraceBehavior [ RunTime:0.004000s ]
INFO: [ app_end ] --END-- [ RunTime:0.008000s ]

[ 2017-06-16T08:47:18+08:00 ] 127.0.0.1 /ok/client/index.php/B2b2c/User/edit_gender
INFO: [ app_init ] --START--
INFO: Run Behavior\BuildLiteBehavior [ RunTime:0.001000s ]
INFO: [ app_init ] --END-- [ RunTime:0.002000s ]
INFO: [ app_begin ] --START--
INFO: Run Behavior\ReadHtmlCacheBehavior [ RunTime:0.001000s ]
INFO: [ app_begin ] --END-- [ RunTime:0.002000s ]
NOTIC: [8] Undefined index: user_id D:\phpStudy\WWW\ok\client\Application\B2b2c\Controller\UserController.class.php 第 139 行.
INFO: [ app_end ] --START--
INFO: Run Behavior\ShowPageTraceBehavior [ RunTime:0.004001s ]
INFO: [ app_end ] --END-- [ RunTime:0.008001s ]

[ 2017-06-16T08:47:26+08:00 ] 127.0.0.1 /ok/client/index.php/B2b2c/User/edit_gender
INFO: [ app_init ] --START--
INFO: Run Behavior\BuildLiteBehavior [ RunTime:0.001000s ]
INFO: [ app_init ] --END-- [ RunTime:0.003000s ]
INFO: [ app_begin ] --START--
INFO: Run Behavior\ReadHtmlCacheBehavior [ RunTime:0.001000s ]
INFO: [ app_begin ] --END-- [ RunTime:0.003000s ]
NOTIC: [8] Undefined index: user_id D:\phpStudy\WWW\ok\client\Application\B2b2c\Controller\UserController.class.php 第 139 行.
INFO: [ app_end ] --START--
INFO: Run Behavior\ShowPageTraceBehavior [ RunTime:0.001000s ]
INFO: [ app_end ] --END-- [ RunTime:0.003000s ]

[ 2017-06-16T09:01:35+08:00 ] 127.0.0.1 /ok/client/index.php/B2b2c/user/index.html
INFO: [ app_init ] --START--
INFO: Run Behavior\BuildLiteBehavior [ RunTime:0.000000s ]
INFO: [ app_init ] --END-- [ RunTime:0.002000s ]
INFO: [ app_begin ] --START--
INFO: Run Behavior\ReadHtmlCacheBehavior [ RunTime:0.002000s ]
INFO: [ app_begin ] --END-- [ RunTime:0.004000s ]
INFO: [ view_parse ] --START--
INFO: [ template_filter ] --START--
INFO: Run Behavior\ContentReplaceBehavior [ RunTime:0.000000s ]
INFO: [ template_filter ] --END-- [ RunTime:0.002000s ]
NOTIC: [8] Undefined index: portrait D:\phpStudy\WWW\ok\client\Application\Runtime\Cache\B2b2c\ac4c33400f43a668e9842dc3b8e6959a.php 第 72 行.
NOTIC: [8] Undefined index: nickname D:\phpStudy\WWW\ok\client\Application\Runtime\Cache\B2b2c\ac4c33400f43a668e9842dc3b8e6959a.php 第 82 行.
NOTIC: [8] Undefined index: realname D:\phpStudy\WWW\ok\client\Application\Runtime\Cache\B2b2c\ac4c33400f43a668e9842dc3b8e6959a.php 第 98 行.
INFO: Run Behavior\ParseTemplateBehavior [ RunTime:0.054003s ]
INFO: [ view_parse ] --END-- [ RunTime:0.055003s ]
INFO: [ view_filter ] --START--
INFO: Run Behavior\WriteHtmlCacheBehavior [ RunTime:0.001000s ]
INFO: [ view_filter ] --END-- [ RunTime:0.002001s ]
INFO: [ app_end ] --START--
INFO: Run Behavior\ShowPageTraceBehavior [ RunTime:0.002000s ]
INFO: [ app_end ] --END-- [ RunTime:0.003000s ]

