[ 2017-06-09T15:01:14+08:00 ] 127.0.0.1 /client/index.php/B2b2c/index/index.html
INFO: [ app_init ] --START--
INFO: Run Behavior\BuildLiteBehavior [ RunTime:0.000000s ]
INFO: [ app_init ] --END-- [ RunTime:0.000000s ]
INFO: [ app_begin ] --START--
INFO: Run Behavior\ReadHtmlCacheBehavior [ RunTime:0.000000s ]
INFO: [ app_begin ] --END-- [ RunTime:0.000000s ]
INFO: [ view_parse ] --START--
INFO: [ template_filter ] --START--
INFO: Run Behavior\ContentReplaceBehavior [ RunTime:0.000000s ]
INFO: [ template_filter ] --END-- [ RunTime:0.000000s ]
NOTIC: [8] Undefined index: active E:\wamp\www\client\Application\Runtime\Cache\B2b2c\52dde266f831b800e7113f69fca68917.php 第 88 行.
NOTIC: [8] Undefined index: active E:\wamp\www\client\Application\Runtime\Cache\B2b2c\52dde266f831b800e7113f69fca68917.php 第 88 行.
NOTIC: [8] Undefined index: active E:\wamp\www\client\Application\Runtime\Cache\B2b2c\52dde266f831b800e7113f69fca68917.php 第 95 行.
NOTIC: [8] Uninitialized string offset: 0 E:\wamp\www\client\Application\Runtime\Cache\B2b2c\52dde266f831b800e7113f69fca68917.php 第 99 行.
NOTIC: [8] Uninitialized string offset: 0 E:\wamp\www\client\Application\Runtime\Cache\B2b2c\52dde266f831b800e7113f69fca68917.php 第 99 行.
NOTIC: [8] Uninitialized string offset: 0 E:\wamp\www\client\Application\Runtime\Cache\B2b2c\52dde266f831b800e7113f69fca68917.php 第 99 行.
NOTIC: [8] Uninitialized string offset: 0 E:\wamp\www\client\Application\Runtime\Cache\B2b2c\52dde266f831b800e7113f69fca68917.php 第 99 行.
NOTIC: [8] Undefined index: active E:\wamp\www\client\Application\Runtime\Cache\B2b2c\52dde266f831b800e7113f69fca68917.php 第 95 行.
INFO: Run Behavior\ParseTemplateBehavior [ RunTime:0.046800s ]
INFO: [ view_parse ] --END-- [ RunTime:0.046800s ]
INFO: [ view_filter ] --START--
INFO: Run Behavior\WriteHtmlCacheBehavior [ RunTime:0.000000s ]
INFO: [ view_filter ] --END-- [ RunTime:0.000000s ]
INFO: [ app_end ] --START--
INFO: Run Behavior\ShowPageTraceBehavior [ RunTime:0.000000s ]
INFO: [ app_end ] --END-- [ RunTime:0.000000s ]

[ 2017-06-09T15:01:24+08:00 ] 127.0.0.1 /client/index.php/B2b2c/index/index.html
INFO: [ app_init ] --START--
INFO: Run Behavior\BuildLiteBehavior [ RunTime:0.000000s ]
INFO: [ app_init ] --END-- [ RunTime:0.000000s ]
INFO: [ app_begin ] --START--
INFO: Run Behavior\ReadHtmlCacheBehavior [ RunTime:0.000000s ]
INFO: [ app_begin ] --END-- [ RunTime:0.000000s ]
INFO: [ view_parse ] --START--
INFO: [ template_filter ] --START--
INFO: Run Behavior\ContentReplaceBehavior [ RunTime:0.000000s ]
INFO: [ template_filter ] --END-- [ RunTime:0.000000s ]
NOTIC: [8] Undefined index: active E:\wamp\www\client\Application\Runtime\Cache\B2b2c\52dde266f831b800e7113f69fca68917.php 第 88 行.
NOTIC: [8] Undefined index: active E:\wamp\www\client\Application\Runtime\Cache\B2b2c\52dde266f831b800e7113f69fca68917.php 第 88 行.
NOTIC: [8] Undefined index: active E:\wamp\www\client\Application\Runtime\Cache\B2b2c\52dde266f831b800e7113f69fca68917.php 第 95 行.
NOTIC: [8] Uninitialized string offset: 0 E:\wamp\www\client\Application\Runtime\Cache\B2b2c\52dde266f831b800e7113f69fca68917.php 第 99 行.
NOTIC: [8] Uninitialized string offset: 0 E:\wamp\www\client\Application\Runtime\Cache\B2b2c\52dde266f831b800e7113f69fca68917.php 第 99 行.
NOTIC: [8] Uninitialized string offset: 0 E:\wamp\www\client\Application\Runtime\Cache\B2b2c\52dde266f831b800e7113f69fca68917.php 第 99 行.
NOTIC: [8] Uninitialized string offset: 0 E:\wamp\www\client\Application\Runtime\Cache\B2b2c\52dde266f831b800e7113f69fca68917.php 第 99 行.
NOTIC: [8] Undefined index: active E:\wamp\www\client\Application\Runtime\Cache\B2b2c\52dde266f831b800e7113f69fca68917.php 第 95 行.
INFO: Run Behavior\ParseTemplateBehavior [ RunTime:0.046800s ]
INFO: [ view_parse ] --END-- [ RunTime:0.046800s ]
INFO: [ view_filter ] --START--
INFO: Run Behavior\WriteHtmlCacheBehavior [ RunTime:0.000000s ]
INFO: [ view_filter ] --END-- [ RunTime:0.000000s ]
INFO: [ app_end ] --START--
INFO: Run Behavior\ShowPageTraceBehavior [ RunTime:0.000000s ]
INFO: [ app_end ] --END-- [ RunTime:0.000000s ]

[ 2017-06-09T15:06:58+08:00 ] 127.0.0.1 /client/index.php/B2b2c/User/home.html
INFO: [ app_init ] --START--
INFO: Run Behavior\BuildLiteBehavior [ RunTime:0.000000s ]
INFO: [ app_init ] --END-- [ RunTime:0.000000s ]
INFO: [ app_begin ] --START--
INFO: Run Behavior\ReadHtmlCacheBehavior [ RunTime:0.000000s ]
INFO: [ app_begin ] --END-- [ RunTime:0.000000s ]

[ 2017-06-09T15:06:58+08:00 ] 127.0.0.1 /client/index.php/B2b2c/Index/login.html
INFO: [ app_init ] --START--
INFO: Run Behavior\BuildLiteBehavior [ RunTime:0.000000s ]
INFO: [ app_init ] --END-- [ RunTime:0.000000s ]
INFO: [ app_begin ] --START--
INFO: Run Behavior\ReadHtmlCacheBehavior [ RunTime:0.000000s ]
INFO: [ app_begin ] --END-- [ RunTime:0.000000s ]
INFO: [ view_parse ] --START--
INFO: [ template_filter ] --START--
INFO: Run Behavior\ContentReplaceBehavior [ RunTime:0.000000s ]
INFO: [ template_filter ] --END-- [ RunTime:0.000000s ]
INFO: Run Behavior\ParseTemplateBehavior [ RunTime:0.015600s ]
INFO: [ view_parse ] --END-- [ RunTime:0.015600s ]
INFO: [ view_filter ] --START--
INFO: Run Behavior\WriteHtmlCacheBehavior [ RunTime:0.000000s ]
INFO: [ view_filter ] --END-- [ RunTime:0.000000s ]
INFO: [ app_end ] --START--
INFO: Run Behavior\ShowPageTraceBehavior [ RunTime:0.000000s ]
INFO: [ app_end ] --END-- [ RunTime:0.000000s ]

[ 2017-06-09T15:07:18+08:00 ] 127.0.0.1 /client/index.php/B2b2c/index/index.html
INFO: [ app_init ] --START--
INFO: Run Behavior\BuildLiteBehavior [ RunTime:0.000000s ]
INFO: [ app_init ] --END-- [ RunTime:0.000000s ]
INFO: [ app_begin ] --START--
INFO: Run Behavior\ReadHtmlCacheBehavior [ RunTime:0.000000s ]
INFO: [ app_begin ] --END-- [ RunTime:0.000000s ]
INFO: [ view_parse ] --START--
INFO: [ template_filter ] --START--
INFO: Run Behavior\ContentReplaceBehavior [ RunTime:0.000000s ]
INFO: [ template_filter ] --END-- [ RunTime:0.000000s ]
NOTIC: [8] Undefined index: active E:\wamp\www\client\Application\Runtime\Cache\B2b2c\52dde266f831b800e7113f69fca68917.php 第 88 行.
NOTIC: [8] Undefined index: active E:\wamp\www\client\Application\Runtime\Cache\B2b2c\52dde266f831b800e7113f69fca68917.php 第 88 行.
NOTIC: [8] Undefined index: active E:\wamp\www\client\Application\Runtime\Cache\B2b2c\52dde266f831b800e7113f69fca68917.php 第 95 行.
NOTIC: [8] Uninitialized string offset: 0 E:\wamp\www\client\Application\Runtime\Cache\B2b2c\52dde266f831b800e7113f69fca68917.php 第 99 行.
NOTIC: [8] Uninitialized string offset: 0 E:\wamp\www\client\Application\Runtime\Cache\B2b2c\52dde266f831b800e7113f69fca68917.php 第 99 行.
NOTIC: [8] Uninitialized string offset: 0 E:\wamp\www\client\Application\Runtime\Cache\B2b2c\52dde266f831b800e7113f69fca68917.php 第 99 行.
NOTIC: [8] Uninitialized string offset: 0 E:\wamp\www\client\Application\Runtime\Cache\B2b2c\52dde266f831b800e7113f69fca68917.php 第 99 行.
NOTIC: [8] Undefined index: active E:\wamp\www\client\Application\Runtime\Cache\B2b2c\52dde266f831b800e7113f69fca68917.php 第 95 行.
INFO: Run Behavior\ParseTemplateBehavior [ RunTime:0.031200s ]
INFO: [ view_parse ] --END-- [ RunTime:0.031200s ]
INFO: [ view_filter ] --START--
INFO: Run Behavior\WriteHtmlCacheBehavior [ RunTime:0.000000s ]
INFO: [ view_filter ] --END-- [ RunTime:0.000000s ]
INFO: [ app_end ] --START--
INFO: Run Behavior\ShowPageTraceBehavior [ RunTime:0.000000s ]
INFO: [ app_end ] --END-- [ RunTime:0.000000s ]

[ 2017-06-09T15:07:23+08:00 ] 127.0.0.1 /client/index.php/B2b2c/Index/goodspointinfo/goods_id/223.html
INFO: [ app_init ] --START--
INFO: Run Behavior\BuildLiteBehavior [ RunTime:0.000000s ]
INFO: [ app_init ] --END-- [ RunTime:0.000000s ]
INFO: [ app_begin ] --START--
INFO: Run Behavior\ReadHtmlCacheBehavior [ RunTime:0.000000s ]
INFO: [ app_begin ] --END-- [ RunTime:0.000000s ]
INFO: [ view_parse ] --START--
INFO: [ template_filter ] --START--
INFO: Run Behavior\ContentReplaceBehavior [ RunTime:0.000000s ]
INFO: [ template_filter ] --END-- [ RunTime:0.000000s ]
INFO: Run Behavior\ParseTemplateBehavior [ RunTime:0.093600s ]
INFO: [ view_parse ] --END-- [ RunTime:0.093600s ]
INFO: [ view_filter ] --START--
INFO: Run Behavior\WriteHtmlCacheBehavior [ RunTime:0.000000s ]
INFO: [ view_filter ] --END-- [ RunTime:0.000000s ]
INFO: [ app_end ] --START--
INFO: Run Behavior\ShowPageTraceBehavior [ RunTime:0.000000s ]
INFO: [ app_end ] --END-- [ RunTime:0.000000s ]

[ 2017-06-09T15:07:27+08:00 ] 127.0.0.1 /client/index.php/B2b2c/Index/product?goods_id=223&product_id=265&rfs=b2b2cf.goods_info_select_product_callback();&
INFO: [ app_init ] --START--
INFO: Run Behavior\BuildLiteBehavior [ RunTime:0.000000s ]
INFO: [ app_init ] --END-- [ RunTime:0.000000s ]
INFO: [ app_begin ] --START--
INFO: Run Behavior\ReadHtmlCacheBehavior [ RunTime:0.000000s ]
INFO: [ app_begin ] --END-- [ RunTime:0.000000s ]
INFO: [ view_parse ] --START--
INFO: [ template_filter ] --START--
INFO: Run Behavior\ContentReplaceBehavior [ RunTime:0.000000s ]
INFO: [ template_filter ] --END-- [ RunTime:0.000000s ]
NOTIC: [8] Undefined variable: product_url E:\wamp\www\client\Application\Runtime\Cache\B2b2c\8dadb629b47719c284e25d1f503c43e8.php 第 98 行.
INFO: Run Behavior\ParseTemplateBehavior [ RunTime:0.015600s ]
INFO: [ view_parse ] --END-- [ RunTime:0.031200s ]
INFO: [ view_filter ] --START--
INFO: Run Behavior\WriteHtmlCacheBehavior [ RunTime:0.000000s ]
INFO: [ view_filter ] --END-- [ RunTime:0.000000s ]
INFO: [ app_end ] --START--
INFO: Run Behavior\ShowPageTraceBehavior [ RunTime:0.000000s ]
INFO: [ app_end ] --END-- [ RunTime:0.015600s ]

[ 2017-06-09T15:08:19+08:00 ] 127.0.0.1 /client/index.php/B2b2c/User/order_confirm_goodsdetail/product_id/265/product_count/1
INFO: [ app_init ] --START--
INFO: Run Behavior\BuildLiteBehavior [ RunTime:0.000000s ]
INFO: [ app_init ] --END-- [ RunTime:0.000000s ]
INFO: [ app_begin ] --START--
INFO: Run Behavior\ReadHtmlCacheBehavior [ RunTime:0.000000s ]
INFO: [ app_begin ] --END-- [ RunTime:0.000000s ]

[ 2017-06-09T15:08:19+08:00 ] 127.0.0.1 /client/index.php/B2b2c/Index/login.html
INFO: [ app_init ] --START--
INFO: Run Behavior\BuildLiteBehavior [ RunTime:0.000000s ]
INFO: [ app_init ] --END-- [ RunTime:0.000000s ]
INFO: [ app_begin ] --START--
INFO: Run Behavior\ReadHtmlCacheBehavior [ RunTime:0.000000s ]
INFO: [ app_begin ] --END-- [ RunTime:0.000000s ]
INFO: [ view_parse ] --START--
INFO: [ template_filter ] --START--
INFO: Run Behavior\ContentReplaceBehavior [ RunTime:0.000000s ]
INFO: [ template_filter ] --END-- [ RunTime:0.000000s ]
INFO: Run Behavior\ParseTemplateBehavior [ RunTime:0.015600s ]
INFO: [ view_parse ] --END-- [ RunTime:0.015600s ]
INFO: [ view_filter ] --START--
INFO: Run Behavior\WriteHtmlCacheBehavior [ RunTime:0.015600s ]
INFO: [ view_filter ] --END-- [ RunTime:0.015600s ]
INFO: [ app_end ] --START--
INFO: Run Behavior\ShowPageTraceBehavior [ RunTime:0.000000s ]
INFO: [ app_end ] --END-- [ RunTime:0.000000s ]

[ 2017-06-09T15:08:23+08:00 ] 127.0.0.1 /client/index.php/B2b2c/Index/product?goods_id=223&product_id=265&rfs=b2b2cf.goods_info_select_product_callback();&
INFO: [ app_init ] --START--
INFO: Run Behavior\BuildLiteBehavior [ RunTime:0.000000s ]
INFO: [ app_init ] --END-- [ RunTime:0.000000s ]
INFO: [ app_begin ] --START--
INFO: Run Behavior\ReadHtmlCacheBehavior [ RunTime:0.000000s ]
INFO: [ app_begin ] --END-- [ RunTime:0.000000s ]
INFO: [ view_parse ] --START--
INFO: [ template_filter ] --START--
INFO: Run Behavior\ContentReplaceBehavior [ RunTime:0.000000s ]
INFO: [ template_filter ] --END-- [ RunTime:0.000000s ]
NOTIC: [8] Undefined variable: product_url E:\wamp\www\client\Application\Runtime\Cache\B2b2c\8dadb629b47719c284e25d1f503c43e8.php 第 98 行.
INFO: Run Behavior\ParseTemplateBehavior [ RunTime:0.031200s ]
INFO: [ view_parse ] --END-- [ RunTime:0.031200s ]
INFO: [ view_filter ] --START--
INFO: Run Behavior\WriteHtmlCacheBehavior [ RunTime:0.000000s ]
INFO: [ view_filter ] --END-- [ RunTime:0.000000s ]
INFO: [ app_end ] --START--
INFO: Run Behavior\ShowPageTraceBehavior [ RunTime:0.000000s ]
INFO: [ app_end ] --END-- [ RunTime:0.000000s ]

[ 2017-06-09T15:08:25+08:00 ] 127.0.0.1 /client/index.php/B2b2c/Index/product?goods_id=223&product_id=265&rfs=b2b2cf.goods_info_select_product_callback()%3B
INFO: [ app_init ] --START--
INFO: Run Behavior\BuildLiteBehavior [ RunTime:0.000000s ]
INFO: [ app_init ] --END-- [ RunTime:0.000000s ]
INFO: [ app_begin ] --START--
INFO: Run Behavior\ReadHtmlCacheBehavior [ RunTime:0.000000s ]
INFO: [ app_begin ] --END-- [ RunTime:0.000000s ]
INFO: [ view_parse ] --START--
INFO: [ template_filter ] --START--
INFO: Run Behavior\ContentReplaceBehavior [ RunTime:0.000000s ]
INFO: [ template_filter ] --END-- [ RunTime:0.000000s ]
NOTIC: [8] Undefined variable: product_url E:\wamp\www\client\Application\Runtime\Cache\B2b2c\8dadb629b47719c284e25d1f503c43e8.php 第 98 行.
INFO: Run Behavior\ParseTemplateBehavior [ RunTime:0.015600s ]
INFO: [ view_parse ] --END-- [ RunTime:0.015600s ]
INFO: [ view_filter ] --START--
INFO: Run Behavior\WriteHtmlCacheBehavior [ RunTime:0.000000s ]
INFO: [ view_filter ] --END-- [ RunTime:0.000000s ]
INFO: [ app_end ] --START--
INFO: Run Behavior\ShowPageTraceBehavior [ RunTime:0.000000s ]
INFO: [ app_end ] --END-- [ RunTime:0.000000s ]

[ 2017-06-09T15:08:41+08:00 ] 127.0.0.1 /client/index.php/B2b2c/User/get_cart_list.html
INFO: [ app_init ] --START--
INFO: Run Behavior\BuildLiteBehavior [ RunTime:0.000000s ]
INFO: [ app_init ] --END-- [ RunTime:0.000000s ]
INFO: [ app_begin ] --START--
INFO: Run Behavior\ReadHtmlCacheBehavior [ RunTime:0.000000s ]
INFO: [ app_begin ] --END-- [ RunTime:0.000000s ]

[ 2017-06-09T15:08:41+08:00 ] 127.0.0.1 /client/index.php/B2b2c/Index/login.html
INFO: [ app_init ] --START--
INFO: Run Behavior\BuildLiteBehavior [ RunTime:0.000000s ]
INFO: [ app_init ] --END-- [ RunTime:0.000000s ]
INFO: [ app_begin ] --START--
INFO: Run Behavior\ReadHtmlCacheBehavior [ RunTime:0.000000s ]
INFO: [ app_begin ] --END-- [ RunTime:0.000000s ]
INFO: [ view_parse ] --START--
INFO: [ template_filter ] --START--
INFO: Run Behavior\ContentReplaceBehavior [ RunTime:0.000000s ]
INFO: [ template_filter ] --END-- [ RunTime:0.000000s ]
INFO: Run Behavior\ParseTemplateBehavior [ RunTime:0.015600s ]
INFO: [ view_parse ] --END-- [ RunTime:0.015600s ]
INFO: [ view_filter ] --START--
INFO: Run Behavior\WriteHtmlCacheBehavior [ RunTime:0.000000s ]
INFO: [ view_filter ] --END-- [ RunTime:0.000000s ]
INFO: [ app_end ] --START--
INFO: Run Behavior\ShowPageTraceBehavior [ RunTime:0.000000s ]
INFO: [ app_end ] --END-- [ RunTime:0.000000s ]

[ 2017-06-09T15:09:10+08:00 ] 127.0.0.1 /client/index.php/B2b2c/Index/index.html
INFO: [ app_init ] --START--
INFO: Run Behavior\BuildLiteBehavior [ RunTime:0.000000s ]
INFO: [ app_init ] --END-- [ RunTime:0.000000s ]
INFO: [ app_begin ] --START--
INFO: Run Behavior\ReadHtmlCacheBehavior [ RunTime:0.000000s ]
INFO: [ app_begin ] --END-- [ RunTime:0.000000s ]
INFO: [ view_parse ] --START--
INFO: [ template_filter ] --START--
INFO: Run Behavior\ContentReplaceBehavior [ RunTime:0.000000s ]
INFO: [ template_filter ] --END-- [ RunTime:0.000000s ]
NOTIC: [8] Undefined index: active E:\wamp\www\client\Application\Runtime\Cache\B2b2c\52dde266f831b800e7113f69fca68917.php 第 88 行.
NOTIC: [8] Undefined index: active E:\wamp\www\client\Application\Runtime\Cache\B2b2c\52dde266f831b800e7113f69fca68917.php 第 88 行.
NOTIC: [8] Undefined index: active E:\wamp\www\client\Application\Runtime\Cache\B2b2c\52dde266f831b800e7113f69fca68917.php 第 95 行.
NOTIC: [8] Uninitialized string offset: 0 E:\wamp\www\client\Application\Runtime\Cache\B2b2c\52dde266f831b800e7113f69fca68917.php 第 99 行.
NOTIC: [8] Uninitialized string offset: 0 E:\wamp\www\client\Application\Runtime\Cache\B2b2c\52dde266f831b800e7113f69fca68917.php 第 99 行.
NOTIC: [8] Uninitialized string offset: 0 E:\wamp\www\client\Application\Runtime\Cache\B2b2c\52dde266f831b800e7113f69fca68917.php 第 99 行.
NOTIC: [8] Uninitialized string offset: 0 E:\wamp\www\client\Application\Runtime\Cache\B2b2c\52dde266f831b800e7113f69fca68917.php 第 99 行.
NOTIC: [8] Undefined index: active E:\wamp\www\client\Application\Runtime\Cache\B2b2c\52dde266f831b800e7113f69fca68917.php 第 95 行.
INFO: Run Behavior\ParseTemplateBehavior [ RunTime:0.031200s ]
INFO: [ view_parse ] --END-- [ RunTime:0.031200s ]
INFO: [ view_filter ] --START--
INFO: Run Behavior\WriteHtmlCacheBehavior [ RunTime:0.000000s ]
INFO: [ view_filter ] --END-- [ RunTime:0.000000s ]
INFO: [ app_end ] --START--
INFO: Run Behavior\ShowPageTraceBehavior [ RunTime:0.000000s ]
INFO: [ app_end ] --END-- [ RunTime:0.000000s ]

[ 2017-06-09T15:18:34+08:00 ] 127.0.0.1 /client/index.php/B2b2c/Index/index.html
INFO: [ app_init ] --START--
INFO: Run Behavior\BuildLiteBehavior [ RunTime:0.000000s ]
INFO: [ app_init ] --END-- [ RunTime:0.000000s ]
INFO: [ app_begin ] --START--
INFO: Run Behavior\ReadHtmlCacheBehavior [ RunTime:0.000000s ]
INFO: [ app_begin ] --END-- [ RunTime:0.000000s ]

[ 2017-06-09T15:18:36+08:00 ] 127.0.0.1 /client/index.php/B2b2c/Index/index.html
INFO: [ app_init ] --START--
INFO: Run Behavior\BuildLiteBehavior [ RunTime:0.000000s ]
INFO: [ app_init ] --END-- [ RunTime:0.000000s ]
INFO: [ app_begin ] --START--
INFO: Run Behavior\ReadHtmlCacheBehavior [ RunTime:0.000000s ]
INFO: [ app_begin ] --END-- [ RunTime:0.000000s ]

[ 2017-06-09T15:18:39+08:00 ] 127.0.0.1 /client/index.php/B2b2c/Index/index.html
INFO: [ app_init ] --START--
INFO: Run Behavior\BuildLiteBehavior [ RunTime:0.000000s ]
INFO: [ app_init ] --END-- [ RunTime:0.000000s ]
INFO: [ app_begin ] --START--
INFO: Run Behavior\ReadHtmlCacheBehavior [ RunTime:0.000000s ]
INFO: [ app_begin ] --END-- [ RunTime:0.000000s ]

[ 2017-06-09T15:19:17+08:00 ] 127.0.0.1 /client/index.php/B2b2c/Index/index.html
INFO: [ app_init ] --START--
INFO: Run Behavior\BuildLiteBehavior [ RunTime:0.000000s ]
INFO: [ app_init ] --END-- [ RunTime:0.000000s ]
INFO: [ app_begin ] --START--
INFO: Run Behavior\ReadHtmlCacheBehavior [ RunTime:0.000000s ]
INFO: [ app_begin ] --END-- [ RunTime:0.000000s ]

[ 2017-06-09T15:21:54+08:00 ] 127.0.0.1 /client/index.php/B2b2c/Index/index.html
INFO: [ app_init ] --START--
INFO: Run Behavior\BuildLiteBehavior [ RunTime:0.000000s ]
INFO: [ app_init ] --END-- [ RunTime:0.000000s ]
INFO: [ app_begin ] --START--
INFO: Run Behavior\ReadHtmlCacheBehavior [ RunTime:0.015601s ]
INFO: [ app_begin ] --END-- [ RunTime:0.015601s ]

[ 2017-06-09T15:21:56+08:00 ] 127.0.0.1 /client/index.php/B2b2c/Index/index.html
INFO: [ app_init ] --START--
INFO: Run Behavior\BuildLiteBehavior [ RunTime:0.000000s ]
INFO: [ app_init ] --END-- [ RunTime:0.000000s ]
INFO: [ app_begin ] --START--
INFO: Run Behavior\ReadHtmlCacheBehavior [ RunTime:0.000000s ]
INFO: [ app_begin ] --END-- [ RunTime:0.000000s ]

[ 2017-06-09T15:22:26+08:00 ] 127.0.0.1 /client/index.php/B2b2c/Index/index.html
INFO: [ app_init ] --START--
INFO: Run Behavior\BuildLiteBehavior [ RunTime:0.000000s ]
INFO: [ app_init ] --END-- [ RunTime:0.000000s ]
INFO: [ app_begin ] --START--
INFO: Run Behavior\ReadHtmlCacheBehavior [ RunTime:0.000000s ]
INFO: [ app_begin ] --END-- [ RunTime:0.000000s ]
NOTIC: [8] Undefined variable: params E:\wamp\www\client\Application\B2b2c\Controller\IndexController.class.php 第 41 行.
NOTIC: [8] Array to string conversion E:\wamp\www\client\Application\B2b2c\Controller\IndexController.class.php 第 44 行.

[ 2017-06-09T15:22:39+08:00 ] 127.0.0.1 /client/index.php/B2b2c/Index/index.html
INFO: [ app_init ] --START--
INFO: Run Behavior\BuildLiteBehavior [ RunTime:0.000000s ]
INFO: [ app_init ] --END-- [ RunTime:0.000000s ]
INFO: [ app_begin ] --START--
INFO: Run Behavior\ReadHtmlCacheBehavior [ RunTime:0.000000s ]
INFO: [ app_begin ] --END-- [ RunTime:0.000000s ]
NOTIC: [8] Undefined variable: params E:\wamp\www\client\Application\B2b2c\Controller\IndexController.class.php 第 41 行.

[ 2017-06-09T15:25:15+08:00 ] 127.0.0.1 /client/index.php/B2b2c/Index/index.html
INFO: [ app_init ] --START--
INFO: Run Behavior\BuildLiteBehavior [ RunTime:0.000000s ]
INFO: [ app_init ] --END-- [ RunTime:0.000000s ]
INFO: [ app_begin ] --START--
INFO: Run Behavior\ReadHtmlCacheBehavior [ RunTime:0.000000s ]
INFO: [ app_begin ] --END-- [ RunTime:0.000000s ]
NOTIC: [8] Undefined variable: params E:\wamp\www\client\Application\B2b2c\Controller\IndexController.class.php 第 41 行.

[ 2017-06-09T15:25:18+08:00 ] 127.0.0.1 /client/index.php/B2b2c/Index/index.html
INFO: [ app_init ] --START--
INFO: Run Behavior\BuildLiteBehavior [ RunTime:0.000000s ]
INFO: [ app_init ] --END-- [ RunTime:0.000000s ]
INFO: [ app_begin ] --START--
INFO: Run Behavior\ReadHtmlCacheBehavior [ RunTime:0.000000s ]
INFO: [ app_begin ] --END-- [ RunTime:0.000000s ]
NOTIC: [8] Undefined variable: params E:\wamp\www\client\Application\B2b2c\Controller\IndexController.class.php 第 41 行.

[ 2017-06-09T15:25:36+08:00 ] 127.0.0.1 /client/index.php/B2b2c/Index/index.html
INFO: [ app_init ] --START--
INFO: Run Behavior\BuildLiteBehavior [ RunTime:0.000000s ]
INFO: [ app_init ] --END-- [ RunTime:0.000000s ]
INFO: [ app_begin ] --START--
INFO: Run Behavior\ReadHtmlCacheBehavior [ RunTime:0.000000s ]
INFO: [ app_begin ] --END-- [ RunTime:0.000000s ]

[ 2017-06-09T15:25:39+08:00 ] 127.0.0.1 /client/index.php/B2b2c/Index/index.html
INFO: [ app_init ] --START--
INFO: Run Behavior\BuildLiteBehavior [ RunTime:0.000000s ]
INFO: [ app_init ] --END-- [ RunTime:0.000000s ]
INFO: [ app_begin ] --START--
INFO: Run Behavior\ReadHtmlCacheBehavior [ RunTime:0.000000s ]
INFO: [ app_begin ] --END-- [ RunTime:0.000000s ]

[ 2017-06-09T15:28:22+08:00 ] 127.0.0.1 /client/index.php/B2b2c/Index/index.html
INFO: [ app_init ] --START--
INFO: Run Behavior\BuildLiteBehavior [ RunTime:0.000000s ]
INFO: [ app_init ] --END-- [ RunTime:0.000000s ]
INFO: [ app_begin ] --START--
INFO: Run Behavior\ReadHtmlCacheBehavior [ RunTime:0.000000s ]
INFO: [ app_begin ] --END-- [ RunTime:0.000000s ]

[ 2017-06-09T15:28:38+08:00 ] 127.0.0.1 /client/index.php/B2b2c/Index/index.html
INFO: [ app_init ] --START--
INFO: Run Behavior\BuildLiteBehavior [ RunTime:0.000000s ]
INFO: [ app_init ] --END-- [ RunTime:0.000000s ]
INFO: [ app_begin ] --START--
INFO: Run Behavior\ReadHtmlCacheBehavior [ RunTime:0.000000s ]
INFO: [ app_begin ] --END-- [ RunTime:0.000000s ]

[ 2017-06-09T16:00:43+08:00 ] 127.0.0.1 /client/index.php/b2b2c/index/index
INFO: [ app_init ] --START--
INFO: Run Behavior\BuildLiteBehavior [ RunTime:0.000000s ]
INFO: [ app_init ] --END-- [ RunTime:0.002000s ]
INFO: [ app_begin ] --START--
INFO: Run Behavior\ReadHtmlCacheBehavior [ RunTime:0.001000s ]
INFO: [ app_begin ] --END-- [ RunTime:0.002000s ]

[ 2017-06-09T16:01:06+08:00 ] 127.0.0.1 /client/index.php/b2b2c/index/index
INFO: [ app_init ] --START--
INFO: Run Behavior\BuildLiteBehavior [ RunTime:0.000000s ]
INFO: [ app_init ] --END-- [ RunTime:0.002000s ]
INFO: [ app_begin ] --START--
INFO: Run Behavior\ReadHtmlCacheBehavior [ RunTime:0.001000s ]
INFO: [ app_begin ] --END-- [ RunTime:0.002000s ]

[ 2017-06-09T16:01:24+08:00 ] 127.0.0.1 /client/index.php/b2b2c/index/index
INFO: [ app_init ] --START--
INFO: Run Behavior\BuildLiteBehavior [ RunTime:0.000000s ]
INFO: [ app_init ] --END-- [ RunTime:0.003000s ]
INFO: [ app_begin ] --START--
INFO: Run Behavior\ReadHtmlCacheBehavior [ RunTime:0.002000s ]
INFO: [ app_begin ] --END-- [ RunTime:0.004000s ]

[ 2017-06-09T16:12:14+08:00 ] 127.0.0.1 /client/index.php/b2b2c/index/login
INFO: [ app_init ] --START--
INFO: Run Behavior\BuildLiteBehavior [ RunTime:0.000000s ]
INFO: [ app_init ] --END-- [ RunTime:0.087005s ]
INFO: [ app_begin ] --START--
INFO: Run Behavior\ReadHtmlCacheBehavior [ RunTime:0.009001s ]
INFO: [ app_begin ] --END-- [ RunTime:0.009001s ]
INFO: [ view_parse ] --START--
INFO: [ template_filter ] --START--
INFO: Run Behavior\ContentReplaceBehavior [ RunTime:0.033002s ]
INFO: [ template_filter ] --END-- [ RunTime:0.034002s ]
INFO: Run Behavior\ParseTemplateBehavior [ RunTime:0.298017s ]
INFO: [ view_parse ] --END-- [ RunTime:0.299017s ]
INFO: [ view_filter ] --START--
INFO: Run Behavior\WriteHtmlCacheBehavior [ RunTime:0.014001s ]
INFO: [ view_filter ] --END-- [ RunTime:0.015001s ]
INFO: [ app_end ] --START--
INFO: Run Behavior\ShowPageTraceBehavior [ RunTime:0.008000s ]
INFO: [ app_end ] --END-- [ RunTime:0.009000s ]

[ 2017-06-09T16:12:33+08:00 ] 127.0.0.1 /client/index.php/B2b2c/Index/forgetpassword.html
INFO: [ app_init ] --START--
INFO: Run Behavior\BuildLiteBehavior [ RunTime:0.000000s ]
INFO: [ app_init ] --END-- [ RunTime:0.001000s ]
INFO: [ app_begin ] --START--
INFO: Run Behavior\ReadHtmlCacheBehavior [ RunTime:0.001000s ]
INFO: [ app_begin ] --END-- [ RunTime:0.003000s ]
INFO: [ view_parse ] --START--
INFO: [ template_filter ] --START--
INFO: Run Behavior\ContentReplaceBehavior [ RunTime:0.001001s ]
INFO: [ template_filter ] --END-- [ RunTime:0.001001s ]
INFO: Run Behavior\ParseTemplateBehavior [ RunTime:0.089005s ]
INFO: [ view_parse ] --END-- [ RunTime:0.091005s ]
INFO: [ view_filter ] --START--
INFO: Run Behavior\WriteHtmlCacheBehavior [ RunTime:0.001000s ]
INFO: [ view_filter ] --END-- [ RunTime:0.002000s ]
INFO: [ app_end ] --START--
INFO: Run Behavior\ShowPageTraceBehavior [ RunTime:0.002000s ]
INFO: [ app_end ] --END-- [ RunTime:0.004000s ]

[ 2017-06-09T16:12:42+08:00 ] 127.0.0.1 /client/index.php/B2b2c/Index/register.html
INFO: [ app_init ] --START--
INFO: Run Behavior\BuildLiteBehavior [ RunTime:0.000000s ]
INFO: [ app_init ] --END-- [ RunTime:0.003000s ]
INFO: [ app_begin ] --START--
INFO: Run Behavior\ReadHtmlCacheBehavior [ RunTime:0.002000s ]
INFO: [ app_begin ] --END-- [ RunTime:0.002000s ]
INFO: [ view_parse ] --START--
INFO: [ template_filter ] --START--
INFO: Run Behavior\ContentReplaceBehavior [ RunTime:0.001000s ]
INFO: [ template_filter ] --END-- [ RunTime:0.004000s ]
INFO: Run Behavior\ParseTemplateBehavior [ RunTime:0.063003s ]
INFO: [ view_parse ] --END-- [ RunTime:0.064003s ]
INFO: [ view_filter ] --START--
INFO: Run Behavior\WriteHtmlCacheBehavior [ RunTime:0.001000s ]
INFO: [ view_filter ] --END-- [ RunTime:0.003000s ]
INFO: [ app_end ] --START--
INFO: Run Behavior\ShowPageTraceBehavior [ RunTime:0.001000s ]
INFO: [ app_end ] --END-- [ RunTime:0.002000s ]

[ 2017-06-09T16:13:09+08:00 ] 127.0.0.1 /client/index.php/b2b2c/index/index
INFO: [ app_init ] --START--
INFO: Run Behavior\BuildLiteBehavior [ RunTime:0.000000s ]
INFO: [ app_init ] --END-- [ RunTime:0.001000s ]
INFO: [ app_begin ] --START--
INFO: Run Behavior\ReadHtmlCacheBehavior [ RunTime:0.001000s ]
INFO: [ app_begin ] --END-- [ RunTime:0.002000s ]

[ 2017-06-09T16:13:44+08:00 ] 127.0.0.1 /client/index.php/b2b2c/index/goods_list
INFO: [ app_init ] --START--
INFO: Run Behavior\BuildLiteBehavior [ RunTime:0.000000s ]
INFO: [ app_init ] --END-- [ RunTime:0.004000s ]
INFO: [ app_begin ] --START--
INFO: Run Behavior\ReadHtmlCacheBehavior [ RunTime:0.002000s ]
INFO: [ app_begin ] --END-- [ RunTime:0.002000s ]
NOTIC: [8] Undefined index: brand_id D:\1503phpB\client\Application\B2b2c\Controller\IndexController.class.php 第 254 行.
NOTIC: [8] Undefined index: is_import D:\1503phpB\client\Application\B2b2c\Controller\IndexController.class.php 第 255 行.
NOTIC: [8] Undefined index: price_from D:\1503phpB\client\Application\B2b2c\Controller\IndexController.class.php 第 256 行.
NOTIC: [8] Undefined index: price_to D:\1503phpB\client\Application\B2b2c\Controller\IndexController.class.php 第 257 行.
NOTIC: [2] Invalid argument supplied for foreach() D:\1503phpB\client\Application\B2b2c\Controller\IndexController.class.php 第 259 行.
NOTIC: [8] Undefined index: goods_keyword D:\1503phpB\client\Application\B2b2c\Controller\IndexController.class.php 第 284 行.
INFO: [ view_parse ] --START--
INFO: [ template_filter ] --START--
INFO: Run Behavior\ContentReplaceBehavior [ RunTime:0.001000s ]
INFO: [ template_filter ] --END-- [ RunTime:0.001000s ]
INFO: Run Behavior\ParseTemplateBehavior [ RunTime:0.136008s ]
INFO: [ view_parse ] --END-- [ RunTime:0.138008s ]
INFO: [ view_filter ] --START--
INFO: Run Behavior\WriteHtmlCacheBehavior [ RunTime:0.002000s ]
INFO: [ view_filter ] --END-- [ RunTime:0.004000s ]
INFO: [ app_end ] --START--
INFO: Run Behavior\ShowPageTraceBehavior [ RunTime:0.002000s ]
INFO: [ app_end ] --END-- [ RunTime:0.003000s ]

[ 2017-06-09T16:13:45+08:00 ] 127.0.0.1 /client/index.php/B2b2c/Public/curls?url=B2b2cPublic%2FGetGoodsBySearch&type=get&data%5Bterminal_type%5D=2&data%5Blast_goods_index%5D=&data%5Btype%5D=0&data%5Bgoods_keyword%5D=&data%5Bsort%5D=&data%5Bis_import%5D=&data%5Bprice_from%5D=&data%5Bprice_to%5D=&data%5Bbrand_id%5D=
INFO: [ app_init ] --START--
INFO: Run Behavior\BuildLiteBehavior [ RunTime:0.001000s ]
INFO: [ app_init ] --END-- [ RunTime:0.003000s ]
INFO: [ app_begin ] --START--
INFO: Run Behavior\ReadHtmlCacheBehavior [ RunTime:0.002000s ]
INFO: [ app_begin ] --END-- [ RunTime:0.003000s ]
INFO: [ app_end ] --START--
INFO: Run Behavior\ShowPageTraceBehavior [ RunTime:0.003000s ]
INFO: [ app_end ] --END-- [ RunTime:0.003000s ]

[ 2017-06-09T16:14:51+08:00 ] 127.0.0.1 /client/index.php/b2b2c/index/goodspointinfo
INFO: [ app_init ] --START--
INFO: Run Behavior\BuildLiteBehavior [ RunTime:0.001000s ]
INFO: [ app_init ] --END-- [ RunTime:0.003000s ]
INFO: [ app_begin ] --START--
INFO: Run Behavior\ReadHtmlCacheBehavior [ RunTime:0.003000s ]
INFO: [ app_begin ] --END-- [ RunTime:0.004000s ]
NOTIC: [8] Undefined index: data D:\1503phpB\client\Application\B2b2c\Controller\IndexController.class.php 第 363 行.
NOTIC: [8] Undefined index: data D:\1503phpB\client\Application\B2b2c\Controller\IndexController.class.php 第 364 行.
INFO: [ view_parse ] --START--
INFO: [ template_filter ] --START--
INFO: Run Behavior\ContentReplaceBehavior [ RunTime:0.001000s ]
INFO: [ template_filter ] --END-- [ RunTime:0.002000s ]
NOTIC: [8] Undefined offset: 0 D:\1503phpB\client\Application\Runtime\Cache\B2b2c\892a2d46f7ea2bcee0765b23568fbc1d.php 第 103 行.
NOTIC: [8] Undefined offset: 0 D:\1503phpB\client\Application\Runtime\Cache\B2b2c\892a2d46f7ea2bcee0765b23568fbc1d.php 第 104 行.
NOTIC: [8] Undefined offset: 0 D:\1503phpB\client\Application\Runtime\Cache\B2b2c\892a2d46f7ea2bcee0765b23568fbc1d.php 第 115 行.
NOTIC: [8] Undefined index: logo D:\1503phpB\client\Application\Runtime\Cache\B2b2c\892a2d46f7ea2bcee0765b23568fbc1d.php 第 134 行.
NOTIC: [8] Undefined index: shop_name D:\1503phpB\client\Application\Runtime\Cache\B2b2c\892a2d46f7ea2bcee0765b23568fbc1d.php 第 136 行.
NOTIC: [8] Undefined index: shop_grade_class_name D:\1503phpB\client\Application\Runtime\Cache\B2b2c\892a2d46f7ea2bcee0765b23568fbc1d.php 第 137 行.
NOTIC: [8] Undefined index: shop_score D:\1503phpB\client\Application\Runtime\Cache\B2b2c\892a2d46f7ea2bcee0765b23568fbc1d.php 第 142 行.
NOTIC: [8] Undefined index: tel D:\1503phpB\client\Application\Runtime\Cache\B2b2c\892a2d46f7ea2bcee0765b23568fbc1d.php 第 148 行.
NOTIC: [8] Undefined offset: 0 D:\1503phpB\client\Application\Runtime\Cache\B2b2c\892a2d46f7ea2bcee0765b23568fbc1d.php 第 261 行.
NOTIC: [8] Undefined offset: 0 D:\1503phpB\client\Application\Runtime\Cache\B2b2c\892a2d46f7ea2bcee0765b23568fbc1d.php 第 277 行.
INFO: Run Behavior\ParseTemplateBehavior [ RunTime:0.208012s ]
INFO: [ view_parse ] --END-- [ RunTime:0.210012s ]
INFO: [ view_filter ] --START--
INFO: Run Behavior\WriteHtmlCacheBehavior [ RunTime:0.001000s ]
INFO: [ view_filter ] --END-- [ RunTime:0.003000s ]
INFO: [ app_end ] --START--
INFO: Run Behavior\ShowPageTraceBehavior [ RunTime:0.002000s ]
INFO: [ app_end ] --END-- [ RunTime:0.004000s ]

[ 2017-06-09T16:15:43+08:00 ] 127.0.0.1 /client/index.php/B2b2c/Public/curls?url=B2b2cPublic%2FCheckAreaIsDistribution&type=get&data%5Barea_id%5D=120100&data%5Bproduct_list%5D%5B0%5D%5Bproduct_id%5D=&data%5Bproduct_list%5D%5B0%5D%5Bcount%5D=1
INFO: [ app_init ] --START--
INFO: Run Behavior\BuildLiteBehavior [ RunTime:0.000000s ]
INFO: [ app_init ] --END-- [ RunTime:0.001000s ]
INFO: [ app_begin ] --START--
INFO: Run Behavior\ReadHtmlCacheBehavior [ RunTime:0.001000s ]
INFO: [ app_begin ] --END-- [ RunTime:0.002000s ]
INFO: [ app_end ] --START--
INFO: Run Behavior\ShowPageTraceBehavior [ RunTime:0.001001s ]
INFO: [ app_end ] --END-- [ RunTime:0.002001s ]

[ 2017-06-09T19:04:18+08:00 ] 127.0.0.1 /client/index.php/B2b2c/Index/index.html
INFO: [ app_init ] --START--
INFO: Run Behavior\BuildLiteBehavior [ RunTime:0.000000s ]
INFO: [ app_init ] --END-- [ RunTime:0.003000s ]
INFO: [ app_begin ] --START--
INFO: Run Behavior\ReadHtmlCacheBehavior [ RunTime:0.008000s ]
INFO: [ app_begin ] --END-- [ RunTime:0.013000s ]

[ 2017-06-09T19:51:03+08:00 ] 127.0.0.1 /client/index.php/B2b2c/Index
INFO: [ app_init ] --START--
INFO: Run Behavior\BuildLiteBehavior [ RunTime:0.000000s ]
INFO: [ app_init ] --END-- [ RunTime:0.002000s ]
INFO: [ app_begin ] --START--
INFO: Run Behavior\ReadHtmlCacheBehavior [ RunTime:0.008000s ]
INFO: [ app_begin ] --END-- [ RunTime:0.010000s ]

[ 2017-06-09T19:52:00+08:00 ] 127.0.0.1 /client/index.php/B2b2c/Index/login
INFO: [ app_init ] --START--
INFO: Run Behavior\BuildLiteBehavior [ RunTime:0.001000s ]
INFO: [ app_init ] --END-- [ RunTime:0.002000s ]
INFO: [ app_begin ] --START--
INFO: Run Behavior\ReadHtmlCacheBehavior [ RunTime:0.002001s ]
INFO: [ app_begin ] --END-- [ RunTime:0.004001s ]
INFO: [ view_parse ] --START--
INFO: [ template_filter ] --START--
INFO: Run Behavior\ContentReplaceBehavior [ RunTime:0.067003s ]
INFO: [ template_filter ] --END-- [ RunTime:0.092006s ]
INFO: Run Behavior\ParseTemplateBehavior [ RunTime:0.689040s ]
INFO: [ view_parse ] --END-- [ RunTime:0.691040s ]
INFO: [ view_filter ] --START--
INFO: Run Behavior\WriteHtmlCacheBehavior [ RunTime:0.032002s ]
INFO: [ view_filter ] --END-- [ RunTime:0.034002s ]
INFO: [ app_end ] --START--
INFO: Run Behavior\ShowPageTraceBehavior [ RunTime:0.006001s ]
INFO: [ app_end ] --END-- [ RunTime:0.020001s ]

[ 2017-06-09T19:52:12+08:00 ] 127.0.0.1 /client/index.php/B2b2c/Index/login
INFO: [ app_init ] --START--
INFO: Run Behavior\BuildLiteBehavior [ RunTime:0.000000s ]
INFO: [ app_init ] --END-- [ RunTime:0.002000s ]
INFO: [ app_begin ] --START--
INFO: Run Behavior\ReadHtmlCacheBehavior [ RunTime:0.001000s ]
INFO: [ app_begin ] --END-- [ RunTime:0.002000s ]
INFO: [ app_end ] --START--
INFO: Run Behavior\ShowPageTraceBehavior [ RunTime:0.001000s ]
INFO: [ app_end ] --END-- [ RunTime:0.001000s ]

[ 2017-06-09T19:52:14+08:00 ] 127.0.0.1 /client/index.php/B2b2c/Index/index
INFO: [ app_init ] --START--
INFO: Run Behavior\BuildLiteBehavior [ RunTime:0.000000s ]
INFO: [ app_init ] --END-- [ RunTime:0.002000s ]
INFO: [ app_begin ] --START--
INFO: Run Behavior\ReadHtmlCacheBehavior [ RunTime:0.001000s ]
INFO: [ app_begin ] --END-- [ RunTime:0.002000s ]

[ 2017-06-09T19:52:21+08:00 ] 127.0.0.1 /client/index.php/B2b2c/Index/login
INFO: [ app_init ] --START--
INFO: Run Behavior\BuildLiteBehavior [ RunTime:0.000000s ]
INFO: [ app_init ] --END-- [ RunTime:0.003000s ]
INFO: [ app_begin ] --START--
INFO: Run Behavior\ReadHtmlCacheBehavior [ RunTime:0.002001s ]
INFO: [ app_begin ] --END-- [ RunTime:0.002001s ]
INFO: [ view_parse ] --START--
INFO: [ template_filter ] --START--
INFO: Run Behavior\ContentReplaceBehavior [ RunTime:0.001000s ]
INFO: [ template_filter ] --END-- [ RunTime:0.003000s ]
INFO: Run Behavior\ParseTemplateBehavior [ RunTime:0.073004s ]
INFO: [ view_parse ] --END-- [ RunTime:0.074004s ]
INFO: [ view_filter ] --START--
INFO: Run Behavior\WriteHtmlCacheBehavior [ RunTime:0.001000s ]
INFO: [ view_filter ] --END-- [ RunTime:0.003001s ]
INFO: [ app_end ] --START--
INFO: Run Behavior\ShowPageTraceBehavior [ RunTime:0.002000s ]
INFO: [ app_end ] --END-- [ RunTime:0.002000s ]

[ 2017-06-09T19:52:23+08:00 ] 127.0.0.1 /client/index.php/B2b2c/Index/register.html
INFO: [ app_init ] --START--
INFO: Run Behavior\BuildLiteBehavior [ RunTime:0.001000s ]
INFO: [ app_init ] --END-- [ RunTime:0.001000s ]
INFO: [ app_begin ] --START--
INFO: Run Behavior\ReadHtmlCacheBehavior [ RunTime:0.002000s ]
INFO: [ app_begin ] --END-- [ RunTime:0.004000s ]
INFO: [ view_parse ] --START--
INFO: [ template_filter ] --START--
INFO: Run Behavior\ContentReplaceBehavior [ RunTime:0.001000s ]
INFO: [ template_filter ] --END-- [ RunTime:0.001000s ]
INFO: Run Behavior\ParseTemplateBehavior [ RunTime:0.070004s ]
INFO: [ view_parse ] --END-- [ RunTime:0.071004s ]
INFO: [ view_filter ] --START--
INFO: Run Behavior\WriteHtmlCacheBehavior [ RunTime:0.001000s ]
INFO: [ view_filter ] --END-- [ RunTime:0.002000s ]
INFO: [ app_end ] --START--
INFO: Run Behavior\ShowPageTraceBehavior [ RunTime:0.001000s ]
INFO: [ app_end ] --END-- [ RunTime:0.003000s ]

[ 2017-06-09T19:52:29+08:00 ] 127.0.0.1 /client/index.php/B2b2c/Index/forgetpassword.html
INFO: [ app_init ] --START--
INFO: Run Behavior\BuildLiteBehavior [ RunTime:0.000000s ]
INFO: [ app_init ] --END-- [ RunTime:0.001000s ]
INFO: [ app_begin ] --START--
INFO: Run Behavior\ReadHtmlCacheBehavior [ RunTime:0.011001s ]
INFO: [ app_begin ] --END-- [ RunTime:0.012001s ]
INFO: [ view_parse ] --START--
INFO: [ template_filter ] --START--
INFO: Run Behavior\ContentReplaceBehavior [ RunTime:0.001000s ]
INFO: [ template_filter ] --END-- [ RunTime:0.003000s ]
INFO: Run Behavior\ParseTemplateBehavior [ RunTime:0.075004s ]
INFO: [ view_parse ] --END-- [ RunTime:0.075004s ]
INFO: [ view_filter ] --START--
INFO: Run Behavior\WriteHtmlCacheBehavior [ RunTime:0.001000s ]
INFO: [ view_filter ] --END-- [ RunTime:0.002000s ]
INFO: [ app_end ] --START--
INFO: Run Behavior\ShowPageTraceBehavior [ RunTime:0.001000s ]
INFO: [ app_end ] --END-- [ RunTime:0.003000s ]

[ 2017-06-09T19:52:32+08:00 ] 127.0.0.1 /client/index.php/B2b2c/Index
INFO: [ app_init ] --START--
INFO: Run Behavior\BuildLiteBehavior [ RunTime:0.000000s ]
INFO: [ app_init ] --END-- [ RunTime:0.002000s ]
INFO: [ app_begin ] --START--
INFO: Run Behavior\ReadHtmlCacheBehavior [ RunTime:0.002000s ]
INFO: [ app_begin ] --END-- [ RunTime:0.002000s ]

[ 2017-06-09T19:52:54+08:00 ] 127.0.0.1 /client/index.php/B2b2c/Index
INFO: [ app_init ] --START--
INFO: Run Behavior\BuildLiteBehavior [ RunTime:0.000000s ]
INFO: [ app_init ] --END-- [ RunTime:0.003000s ]
INFO: [ app_begin ] --START--
INFO: Run Behavior\ReadHtmlCacheBehavior [ RunTime:0.001000s ]
INFO: [ app_begin ] --END-- [ RunTime:0.003000s ]
NOTIC: [8] Undefined index: id D:\1503phpB\client\Application\B2b2c\Controller\IndexController.class.php 第 67 行.
NOTIC: [8] Undefined index: child D:\1503phpB\client\Application\B2b2c\Controller\IndexController.class.php 第 71 行.
NOTIC: [2] Invalid argument supplied for foreach() D:\1503phpB\client\Application\B2b2c\Controller\IndexController.class.php 第 71 行.
INFO: [ view_parse ] --START--
INFO: [ template_filter ] --START--
INFO: Run Behavior\ContentReplaceBehavior [ RunTime:0.001000s ]
INFO: [ template_filter ] --END-- [ RunTime:0.001000s ]
NOTIC: [8] Undefined index: image D:\1503phpB\client\Application\Runtime\Cache\B2b2c\52dde266f831b800e7113f69fca68917.php 第 63 行.
NOTIC: [8] Undefined index: url D:\1503phpB\client\Application\Runtime\Cache\B2b2c\52dde266f831b800e7113f69fca68917.php 第 63 行.
NOTIC: [8] Undefined index: id D:\1503phpB\client\Application\Runtime\Cache\B2b2c\52dde266f831b800e7113f69fca68917.php 第 88 行.
NOTIC: [8] Undefined index: id D:\1503phpB\client\Application\Runtime\Cache\B2b2c\52dde266f831b800e7113f69fca68917.php 第 88 行.
NOTIC: [8] Undefined index: image D:\1503phpB\client\Application\Runtime\Cache\B2b2c\52dde266f831b800e7113f69fca68917.php 第 89 行.
NOTIC: [8] Undefined index: name D:\1503phpB\client\Application\Runtime\Cache\B2b2c\52dde266f831b800e7113f69fca68917.php 第 90 行.
NOTIC: [8] Undefined index: id D:\1503phpB\client\Application\Runtime\Cache\B2b2c\52dde266f831b800e7113f69fca68917.php 第 95 行.
NOTIC: [8] Undefined index: child D:\1503phpB\client\Application\Runtime\Cache\B2b2c\52dde266f831b800e7113f69fca68917.php 第 97 行.
INFO: Run Behavior\ParseTemplateBehavior [ RunTime:0.306017s ]
INFO: [ view_parse ] --END-- [ RunTime:0.309017s ]
INFO: [ view_filter ] --START--
INFO: Run Behavior\WriteHtmlCacheBehavior [ RunTime:0.001000s ]
INFO: [ view_filter ] --END-- [ RunTime:0.002000s ]
INFO: [ app_end ] --START--
INFO: Run Behavior\ShowPageTraceBehavior [ RunTime:0.001000s ]
INFO: [ app_end ] --END-- [ RunTime:0.002000s ]

[ 2017-06-09T19:52:58+08:00 ] 127.0.0.1 /client/index.php/B2b2c/Index/goods_list/type/
INFO: [ app_init ] --START--
INFO: Run Behavior\BuildLiteBehavior [ RunTime:0.000000s ]
INFO: [ app_init ] --END-- [ RunTime:0.001000s ]
INFO: [ app_begin ] --START--
INFO: Run Behavior\ReadHtmlCacheBehavior [ RunTime:0.002000s ]
INFO: [ app_begin ] --END-- [ RunTime:0.002000s ]
NOTIC: [8] Undefined index: brand_id D:\1503phpB\client\Application\B2b2c\Controller\IndexController.class.php 第 254 行.
NOTIC: [8] Undefined index: is_import D:\1503phpB\client\Application\B2b2c\Controller\IndexController.class.php 第 255 行.
NOTIC: [8] Undefined index: price_from D:\1503phpB\client\Application\B2b2c\Controller\IndexController.class.php 第 256 行.
NOTIC: [8] Undefined index: price_to D:\1503phpB\client\Application\B2b2c\Controller\IndexController.class.php 第 257 行.
NOTIC: [2] Invalid argument supplied for foreach() D:\1503phpB\client\Application\B2b2c\Controller\IndexController.class.php 第 259 行.
NOTIC: [8] Undefined index: goods_keyword D:\1503phpB\client\Application\B2b2c\Controller\IndexController.class.php 第 284 行.
INFO: [ view_parse ] --START--
INFO: [ template_filter ] --START--
INFO: Run Behavior\ContentReplaceBehavior [ RunTime:0.001000s ]
INFO: [ template_filter ] --END-- [ RunTime:0.002000s ]
INFO: Run Behavior\ParseTemplateBehavior [ RunTime:0.178010s ]
INFO: [ view_parse ] --END-- [ RunTime:0.178010s ]
INFO: [ view_filter ] --START--
INFO: Run Behavior\WriteHtmlCacheBehavior [ RunTime:0.001000s ]
INFO: [ view_filter ] --END-- [ RunTime:0.002000s ]
INFO: [ app_end ] --START--
INFO: Run Behavior\ShowPageTraceBehavior [ RunTime:0.001001s ]
INFO: [ app_end ] --END-- [ RunTime:0.002001s ]

[ 2017-06-09T19:52:59+08:00 ] 127.0.0.1 /client/index.php/B2b2c/Public/curls?url=B2b2cPublic%2FGetGoodsBySearch&type=get&data%5Bterminal_type%5D=2&data%5Blast_goods_index%5D=&data%5Btype%5D=0&data%5Bgoods_keyword%5D=&data%5Bsort%5D=&data%5Bis_import%5D=&data%5Bprice_from%5D=&data%5Bprice_to%5D=&data%5Bbrand_id%5D=
INFO: [ app_init ] --START--
INFO: Run Behavior\BuildLiteBehavior [ RunTime:0.001000s ]
INFO: [ app_init ] --END-- [ RunTime:0.002000s ]
INFO: [ app_begin ] --START--
INFO: Run Behavior\ReadHtmlCacheBehavior [ RunTime:0.001000s ]
INFO: [ app_begin ] --END-- [ RunTime:0.031001s ]
INFO: [ app_end ] --START--
INFO: Run Behavior\ShowPageTraceBehavior [ RunTime:0.001000s ]
INFO: [ app_end ] --END-- [ RunTime:0.002000s ]

[ 2017-06-09T19:53:04+08:00 ] 127.0.0.1 /client/index.php/B2b2c/Index/goods_list/type/0/sort/2/v/1
INFO: [ app_init ] --START--
INFO: Run Behavior\BuildLiteBehavior [ RunTime:0.001000s ]
INFO: [ app_init ] --END-- [ RunTime:0.002000s ]
INFO: [ app_begin ] --START--
INFO: Run Behavior\ReadHtmlCacheBehavior [ RunTime:0.001000s ]
INFO: [ app_begin ] --END-- [ RunTime:0.003000s ]
NOTIC: [8] Undefined index: brand_id D:\1503phpB\client\Application\B2b2c\Controller\IndexController.class.php 第 254 行.
NOTIC: [8] Undefined index: is_import D:\1503phpB\client\Application\B2b2c\Controller\IndexController.class.php 第 255 行.
NOTIC: [8] Undefined index: price_from D:\1503phpB\client\Application\B2b2c\Controller\IndexController.class.php 第 256 行.
NOTIC: [8] Undefined index: price_to D:\1503phpB\client\Application\B2b2c\Controller\IndexController.class.php 第 257 行.
NOTIC: [2] Invalid argument supplied for foreach() D:\1503phpB\client\Application\B2b2c\Controller\IndexController.class.php 第 259 行.
NOTIC: [8] Undefined index: goods_keyword D:\1503phpB\client\Application\B2b2c\Controller\IndexController.class.php 第 284 行.
INFO: [ view_parse ] --START--
INFO: [ template_filter ] --START--
INFO: Run Behavior\ContentReplaceBehavior [ RunTime:0.001000s ]
INFO: [ template_filter ] --END-- [ RunTime:0.003000s ]
INFO: Run Behavior\ParseTemplateBehavior [ RunTime:0.142009s ]
INFO: [ view_parse ] --END-- [ RunTime:0.142009s ]
INFO: [ view_filter ] --START--
INFO: Run Behavior\WriteHtmlCacheBehavior [ RunTime:0.001000s ]
INFO: [ view_filter ] --END-- [ RunTime:0.002000s ]
INFO: [ app_end ] --START--
INFO: Run Behavior\ShowPageTraceBehavior [ RunTime:0.001000s ]
INFO: [ app_end ] --END-- [ RunTime:0.003000s ]

[ 2017-06-09T19:53:05+08:00 ] 127.0.0.1 /client/index.php/B2b2c/Public/curls?url=B2b2cPublic%2FGetGoodsBySearch&type=get&data%5Bterminal_type%5D=2&data%5Blast_goods_index%5D=&data%5Btype%5D=0&data%5Bgoods_keyword%5D=&data%5Bsort%5D=2&data%5Bis_import%5D=&data%5Bprice_from%5D=&data%5Bprice_to%5D=&data%5Bbrand_id%5D=
INFO: [ app_init ] --START--
INFO: Run Behavior\BuildLiteBehavior [ RunTime:0.000000s ]
INFO: [ app_init ] --END-- [ RunTime:0.003000s ]
INFO: [ app_begin ] --START--
INFO: Run Behavior\ReadHtmlCacheBehavior [ RunTime:0.001000s ]
INFO: [ app_begin ] --END-- [ RunTime:0.003000s ]
INFO: [ app_end ] --START--
INFO: Run Behavior\ShowPageTraceBehavior [ RunTime:0.001000s ]
INFO: [ app_end ] --END-- [ RunTime:0.002000s ]

[ 2017-06-09T19:53:06+08:00 ] 127.0.0.1 /client/index.php/B2b2c/Index/goods_list/type/0/sort/3/v/1
INFO: [ app_init ] --START--
INFO: Run Behavior\BuildLiteBehavior [ RunTime:0.001000s ]
INFO: [ app_init ] --END-- [ RunTime:0.003000s ]
INFO: [ app_begin ] --START--
INFO: Run Behavior\ReadHtmlCacheBehavior [ RunTime:0.002000s ]
INFO: [ app_begin ] --END-- [ RunTime:0.004000s ]
NOTIC: [8] Undefined index: brand_id D:\1503phpB\client\Application\B2b2c\Controller\IndexController.class.php 第 254 行.
NOTIC: [8] Undefined index: is_import D:\1503phpB\client\Application\B2b2c\Controller\IndexController.class.php 第 255 行.
NOTIC: [8] Undefined index: price_from D:\1503phpB\client\Application\B2b2c\Controller\IndexController.class.php 第 256 行.
NOTIC: [8] Undefined index: price_to D:\1503phpB\client\Application\B2b2c\Controller\IndexController.class.php 第 257 行.
NOTIC: [2] Invalid argument supplied for foreach() D:\1503phpB\client\Application\B2b2c\Controller\IndexController.class.php 第 259 行.
NOTIC: [8] Undefined index: goods_keyword D:\1503phpB\client\Application\B2b2c\Controller\IndexController.class.php 第 284 行.
INFO: [ view_parse ] --START--
INFO: [ template_filter ] --START--
INFO: Run Behavior\ContentReplaceBehavior [ RunTime:0.001000s ]
INFO: [ template_filter ] --END-- [ RunTime:0.001000s ]
INFO: Run Behavior\ParseTemplateBehavior [ RunTime:0.125007s ]
INFO: [ view_parse ] --END-- [ RunTime:0.126007s ]
INFO: [ view_filter ] --START--
INFO: Run Behavior\WriteHtmlCacheBehavior [ RunTime:0.001000s ]
INFO: [ view_filter ] --END-- [ RunTime:0.003000s ]
INFO: [ app_end ] --START--
INFO: Run Behavior\ShowPageTraceBehavior [ RunTime:0.002001s ]
INFO: [ app_end ] --END-- [ RunTime:0.002001s ]

[ 2017-06-09T19:53:07+08:00 ] 127.0.0.1 /client/index.php/B2b2c/Public/curls?url=B2b2cPublic%2FGetGoodsBySearch&type=get&data%5Bterminal_type%5D=2&data%5Blast_goods_index%5D=&data%5Btype%5D=0&data%5Bgoods_keyword%5D=&data%5Bsort%5D=3&data%5Bis_import%5D=&data%5Bprice_from%5D=&data%5Bprice_to%5D=&data%5Bbrand_id%5D=
INFO: [ app_init ] --START--
INFO: Run Behavior\BuildLiteBehavior [ RunTime:0.001000s ]
INFO: [ app_init ] --END-- [ RunTime:0.004000s ]
INFO: [ app_begin ] --START--
INFO: Run Behavior\ReadHtmlCacheBehavior [ RunTime:0.001000s ]
INFO: [ app_begin ] --END-- [ RunTime:0.004000s ]
INFO: [ app_end ] --START--
INFO: Run Behavior\ShowPageTraceBehavior [ RunTime:0.001000s ]
INFO: [ app_end ] --END-- [ RunTime:0.001000s ]

[ 2017-06-09T19:53:10+08:00 ] 127.0.0.1 /client/index.php/B2b2c/Index/goods_list/type/0/sort/1/v/1
INFO: [ app_init ] --START--
INFO: Run Behavior\BuildLiteBehavior [ RunTime:0.001000s ]
INFO: [ app_init ] --END-- [ RunTime:0.003000s ]
INFO: [ app_begin ] --START--
INFO: Run Behavior\ReadHtmlCacheBehavior [ RunTime:0.001000s ]
INFO: [ app_begin ] --END-- [ RunTime:0.003000s ]
NOTIC: [8] Undefined index: brand_id D:\1503phpB\client\Application\B2b2c\Controller\IndexController.class.php 第 254 行.
NOTIC: [8] Undefined index: is_import D:\1503phpB\client\Application\B2b2c\Controller\IndexController.class.php 第 255 行.
NOTIC: [8] Undefined index: price_from D:\1503phpB\client\Application\B2b2c\Controller\IndexController.class.php 第 256 行.
NOTIC: [8] Undefined index: price_to D:\1503phpB\client\Application\B2b2c\Controller\IndexController.class.php 第 257 行.
NOTIC: [2] Invalid argument supplied for foreach() D:\1503phpB\client\Application\B2b2c\Controller\IndexController.class.php 第 259 行.
NOTIC: [8] Undefined index: goods_keyword D:\1503phpB\client\Application\B2b2c\Controller\IndexController.class.php 第 284 行.
INFO: [ view_parse ] --START--
INFO: [ template_filter ] --START--
INFO: Run Behavior\ContentReplaceBehavior [ RunTime:0.001000s ]
INFO: [ template_filter ] --END-- [ RunTime:0.002000s ]
INFO: Run Behavior\ParseTemplateBehavior [ RunTime:0.148009s ]
INFO: [ view_parse ] --END-- [ RunTime:0.148009s ]
INFO: [ view_filter ] --START--
INFO: Run Behavior\WriteHtmlCacheBehavior [ RunTime:0.001000s ]
INFO: [ view_filter ] --END-- [ RunTime:0.002000s ]
INFO: [ app_end ] --START--
INFO: Run Behavior\ShowPageTraceBehavior [ RunTime:0.001000s ]
INFO: [ app_end ] --END-- [ RunTime:0.021001s ]

[ 2017-06-09T19:53:11+08:00 ] 127.0.0.1 /client/index.php/B2b2c/Public/curls?url=B2b2cPublic%2FGetGoodsBySearch&type=get&data%5Bterminal_type%5D=2&data%5Blast_goods_index%5D=&data%5Btype%5D=0&data%5Bgoods_keyword%5D=&data%5Bsort%5D=1&data%5Bis_import%5D=&data%5Bprice_from%5D=&data%5Bprice_to%5D=&data%5Bbrand_id%5D=
INFO: [ app_init ] --START--
INFO: Run Behavior\BuildLiteBehavior [ RunTime:0.000000s ]
INFO: [ app_init ] --END-- [ RunTime:0.004000s ]
INFO: [ app_begin ] --START--
INFO: Run Behavior\ReadHtmlCacheBehavior [ RunTime:0.002000s ]
INFO: [ app_begin ] --END-- [ RunTime:0.004000s ]
INFO: [ app_end ] --START--
INFO: Run Behavior\ShowPageTraceBehavior [ RunTime:0.002000s ]
INFO: [ app_end ] --END-- [ RunTime:0.003000s ]

[ 2017-06-09T19:53:11+08:00 ] 127.0.0.1 /client/index.php/B2b2c/Index/goods_list/type/0/sort/5/v/1
INFO: [ app_init ] --START--
INFO: Run Behavior\BuildLiteBehavior [ RunTime:0.000000s ]
INFO: [ app_init ] --END-- [ RunTime:0.004000s ]
INFO: [ app_begin ] --START--
INFO: Run Behavior\ReadHtmlCacheBehavior [ RunTime:0.002000s ]
INFO: [ app_begin ] --END-- [ RunTime:0.004001s ]
NOTIC: [8] Undefined index: brand_id D:\1503phpB\client\Application\B2b2c\Controller\IndexController.class.php 第 254 行.
NOTIC: [8] Undefined index: is_import D:\1503phpB\client\Application\B2b2c\Controller\IndexController.class.php 第 255 行.
NOTIC: [8] Undefined index: price_from D:\1503phpB\client\Application\B2b2c\Controller\IndexController.class.php 第 256 行.
NOTIC: [8] Undefined index: price_to D:\1503phpB\client\Application\B2b2c\Controller\IndexController.class.php 第 257 行.
NOTIC: [2] Invalid argument supplied for foreach() D:\1503phpB\client\Application\B2b2c\Controller\IndexController.class.php 第 259 行.
NOTIC: [8] Undefined index: goods_keyword D:\1503phpB\client\Application\B2b2c\Controller\IndexController.class.php 第 284 行.
INFO: [ view_parse ] --START--
INFO: [ template_filter ] --START--
INFO: Run Behavior\ContentReplaceBehavior [ RunTime:0.001000s ]
INFO: [ template_filter ] --END-- [ RunTime:0.002000s ]
INFO: Run Behavior\ParseTemplateBehavior [ RunTime:0.129008s ]
INFO: [ view_parse ] --END-- [ RunTime:0.131008s ]
INFO: [ view_filter ] --START--
INFO: Run Behavior\WriteHtmlCacheBehavior [ RunTime:0.001000s ]
INFO: [ view_filter ] --END-- [ RunTime:0.003000s ]
INFO: [ app_end ] --START--
INFO: Run Behavior\ShowPageTraceBehavior [ RunTime:0.001000s ]
INFO: [ app_end ] --END-- [ RunTime:0.003000s ]

[ 2017-06-09T19:53:12+08:00 ] 127.0.0.1 /client/index.php/B2b2c/Public/curls?url=B2b2cPublic%2FGetGoodsBySearch&type=get&data%5Bterminal_type%5D=2&data%5Blast_goods_index%5D=&data%5Btype%5D=0&data%5Bgoods_keyword%5D=&data%5Bsort%5D=5&data%5Bis_import%5D=&data%5Bprice_from%5D=&data%5Bprice_to%5D=&data%5Bbrand_id%5D=
INFO: [ app_init ] --START--
INFO: Run Behavior\BuildLiteBehavior [ RunTime:0.000000s ]
INFO: [ app_init ] --END-- [ RunTime:0.002000s ]
INFO: [ app_begin ] --START--
INFO: Run Behavior\ReadHtmlCacheBehavior [ RunTime:0.002000s ]
INFO: [ app_begin ] --END-- [ RunTime:0.003000s ]
INFO: [ app_end ] --START--
INFO: Run Behavior\ShowPageTraceBehavior [ RunTime:0.002000s ]
INFO: [ app_end ] --END-- [ RunTime:0.002000s ]

[ 2017-06-09T19:53:12+08:00 ] 127.0.0.1 /client/index.php/B2b2c/Index/goods_list/type/0/sort/6/v/1
INFO: [ app_init ] --START--
INFO: Run Behavior\BuildLiteBehavior [ RunTime:0.000000s ]
INFO: [ app_init ] --END-- [ RunTime:0.001000s ]
INFO: [ app_begin ] --START--
INFO: Run Behavior\ReadHtmlCacheBehavior [ RunTime:0.001000s ]
INFO: [ app_begin ] --END-- [ RunTime:0.002000s ]
NOTIC: [8] Undefined index: brand_id D:\1503phpB\client\Application\B2b2c\Controller\IndexController.class.php 第 254 行.
NOTIC: [8] Undefined index: is_import D:\1503phpB\client\Application\B2b2c\Controller\IndexController.class.php 第 255 行.
NOTIC: [8] Undefined index: price_from D:\1503phpB\client\Application\B2b2c\Controller\IndexController.class.php 第 256 行.
NOTIC: [8] Undefined index: price_to D:\1503phpB\client\Application\B2b2c\Controller\IndexController.class.php 第 257 行.
NOTIC: [2] Invalid argument supplied for foreach() D:\1503phpB\client\Application\B2b2c\Controller\IndexController.class.php 第 259 行.
NOTIC: [8] Undefined index: goods_keyword D:\1503phpB\client\Application\B2b2c\Controller\IndexController.class.php 第 284 行.
INFO: [ view_parse ] --START--
INFO: [ template_filter ] --START--
INFO: Run Behavior\ContentReplaceBehavior [ RunTime:0.001000s ]
INFO: [ template_filter ] --END-- [ RunTime:0.003000s ]
INFO: Run Behavior\ParseTemplateBehavior [ RunTime:0.115007s ]
INFO: [ view_parse ] --END-- [ RunTime:0.115007s ]
INFO: [ view_filter ] --START--
INFO: Run Behavior\WriteHtmlCacheBehavior [ RunTime:0.002000s ]
INFO: [ view_filter ] --END-- [ RunTime:0.003000s ]
INFO: [ app_end ] --START--
INFO: Run Behavior\ShowPageTraceBehavior [ RunTime:0.001000s ]
INFO: [ app_end ] --END-- [ RunTime:0.003000s ]

[ 2017-06-09T19:53:12+08:00 ] 127.0.0.1 /client/index.php/B2b2c/Public/curls?url=B2b2cPublic%2FGetGoodsBySearch&type=get&data%5Bterminal_type%5D=2&data%5Blast_goods_index%5D=&data%5Btype%5D=0&data%5Bgoods_keyword%5D=&data%5Bsort%5D=6&data%5Bis_import%5D=&data%5Bprice_from%5D=&data%5Bprice_to%5D=&data%5Bbrand_id%5D=
INFO: [ app_init ] --START--
INFO: Run Behavior\BuildLiteBehavior [ RunTime:0.000000s ]
INFO: [ app_init ] --END-- [ RunTime:0.002000s ]
INFO: [ app_begin ] --START--
INFO: Run Behavior\ReadHtmlCacheBehavior [ RunTime:0.001000s ]
INFO: [ app_begin ] --END-- [ RunTime:0.002001s ]
INFO: [ app_end ] --START--
INFO: Run Behavior\ShowPageTraceBehavior [ RunTime:0.002000s ]
INFO: [ app_end ] --END-- [ RunTime:0.004000s ]

[ 2017-06-09T19:53:18+08:00 ] 127.0.0.1 /client/index.php/B2b2c/index/index.html
INFO: [ app_init ] --START--
INFO: Run Behavior\BuildLiteBehavior [ RunTime:0.001000s ]
INFO: [ app_init ] --END-- [ RunTime:0.002000s ]
INFO: [ app_begin ] --START--
INFO: Run Behavior\ReadHtmlCacheBehavior [ RunTime:0.001000s ]
INFO: [ app_begin ] --END-- [ RunTime:0.002000s ]
NOTIC: [8] Undefined index: id D:\1503phpB\client\Application\B2b2c\Controller\IndexController.class.php 第 67 行.
NOTIC: [8] Undefined index: child D:\1503phpB\client\Application\B2b2c\Controller\IndexController.class.php 第 71 行.
NOTIC: [2] Invalid argument supplied for foreach() D:\1503phpB\client\Application\B2b2c\Controller\IndexController.class.php 第 71 行.
INFO: [ view_parse ] --START--
INFO: [ template_filter ] --START--
INFO: Run Behavior\ContentReplaceBehavior [ RunTime:0.000000s ]
INFO: [ template_filter ] --END-- [ RunTime:0.002000s ]
NOTIC: [8] Undefined index: image D:\1503phpB\client\Application\Runtime\Cache\B2b2c\52dde266f831b800e7113f69fca68917.php 第 63 行.
NOTIC: [8] Undefined index: url D:\1503phpB\client\Application\Runtime\Cache\B2b2c\52dde266f831b800e7113f69fca68917.php 第 63 行.
NOTIC: [8] Undefined index: id D:\1503phpB\client\Application\Runtime\Cache\B2b2c\52dde266f831b800e7113f69fca68917.php 第 88 行.
NOTIC: [8] Undefined index: id D:\1503phpB\client\Application\Runtime\Cache\B2b2c\52dde266f831b800e7113f69fca68917.php 第 88 行.
NOTIC: [8] Undefined index: image D:\1503phpB\client\Application\Runtime\Cache\B2b2c\52dde266f831b800e7113f69fca68917.php 第 89 行.
NOTIC: [8] Undefined index: name D:\1503phpB\client\Application\Runtime\Cache\B2b2c\52dde266f831b800e7113f69fca68917.php 第 90 行.
NOTIC: [8] Undefined index: id D:\1503phpB\client\Application\Runtime\Cache\B2b2c\52dde266f831b800e7113f69fca68917.php 第 95 行.
NOTIC: [8] Undefined index: child D:\1503phpB\client\Application\Runtime\Cache\B2b2c\52dde266f831b800e7113f69fca68917.php 第 97 行.
INFO: Run Behavior\ParseTemplateBehavior [ RunTime:0.124007s ]
INFO: [ view_parse ] --END-- [ RunTime:0.125007s ]
INFO: [ view_filter ] --START--
INFO: Run Behavior\WriteHtmlCacheBehavior [ RunTime:0.001000s ]
INFO: [ view_filter ] --END-- [ RunTime:0.002000s ]
INFO: [ app_end ] --START--
INFO: Run Behavior\ShowPageTraceBehavior [ RunTime:0.001000s ]
INFO: [ app_end ] --END-- [ RunTime:0.002000s ]

[ 2017-06-09T19:53:22+08:00 ] 127.0.0.1 /client/index.php/B2b2c/Index/goods_list/type/
INFO: [ app_init ] --START--
INFO: Run Behavior\BuildLiteBehavior [ RunTime:0.001000s ]
INFO: [ app_init ] --END-- [ RunTime:0.002000s ]
INFO: [ app_begin ] --START--
INFO: Run Behavior\ReadHtmlCacheBehavior [ RunTime:0.002000s ]
INFO: [ app_begin ] --END-- [ RunTime:0.003000s ]
NOTIC: [8] Undefined index: brand_id D:\1503phpB\client\Application\B2b2c\Controller\IndexController.class.php 第 254 行.
NOTIC: [8] Undefined index: is_import D:\1503phpB\client\Application\B2b2c\Controller\IndexController.class.php 第 255 行.
NOTIC: [8] Undefined index: price_from D:\1503phpB\client\Application\B2b2c\Controller\IndexController.class.php 第 256 行.
NOTIC: [8] Undefined index: price_to D:\1503phpB\client\Application\B2b2c\Controller\IndexController.class.php 第 257 行.
NOTIC: [2] Invalid argument supplied for foreach() D:\1503phpB\client\Application\B2b2c\Controller\IndexController.class.php 第 259 行.
NOTIC: [8] Undefined index: goods_keyword D:\1503phpB\client\Application\B2b2c\Controller\IndexController.class.php 第 284 行.
INFO: [ view_parse ] --START--
INFO: [ template_filter ] --START--
INFO: Run Behavior\ContentReplaceBehavior [ RunTime:0.000000s ]
INFO: [ template_filter ] --END-- [ RunTime:0.002000s ]
INFO: Run Behavior\ParseTemplateBehavior [ RunTime:0.111006s ]
INFO: [ view_parse ] --END-- [ RunTime:0.112006s ]
INFO: [ view_filter ] --START--
INFO: Run Behavior\WriteHtmlCacheBehavior [ RunTime:0.001000s ]
INFO: [ view_filter ] --END-- [ RunTime:0.002000s ]
INFO: [ app_end ] --START--
INFO: Run Behavior\ShowPageTraceBehavior [ RunTime:0.002000s ]
INFO: [ app_end ] --END-- [ RunTime:0.003000s ]

[ 2017-06-09T19:53:22+08:00 ] 127.0.0.1 /client/index.php/B2b2c/Public/curls?url=B2b2cPublic%2FGetGoodsBySearch&type=get&data%5Bterminal_type%5D=2&data%5Blast_goods_index%5D=&data%5Btype%5D=0&data%5Bgoods_keyword%5D=&data%5Bsort%5D=&data%5Bis_import%5D=&data%5Bprice_from%5D=&data%5Bprice_to%5D=&data%5Bbrand_id%5D=
INFO: [ app_init ] --START--
INFO: Run Behavior\BuildLiteBehavior [ RunTime:0.000000s ]
INFO: [ app_init ] --END-- [ RunTime:0.002000s ]
INFO: [ app_begin ] --START--
INFO: Run Behavior\ReadHtmlCacheBehavior [ RunTime:0.001000s ]
INFO: [ app_begin ] --END-- [ RunTime:0.002000s ]
INFO: [ app_end ] --START--
INFO: Run Behavior\ShowPageTraceBehavior [ RunTime:0.001000s ]
INFO: [ app_end ] --END-- [ RunTime:0.002000s ]

[ 2017-06-09T19:53:36+08:00 ] 127.0.0.1 /client/index.php/b2b2c/index/goodspointinfo
INFO: [ app_init ] --START--
INFO: Run Behavior\BuildLiteBehavior [ RunTime:0.000000s ]
INFO: [ app_init ] --END-- [ RunTime:0.002000s ]
INFO: [ app_begin ] --START--
INFO: Run Behavior\ReadHtmlCacheBehavior [ RunTime:0.001000s ]
INFO: [ app_begin ] --END-- [ RunTime:0.002000s ]
NOTIC: [8] Undefined index: data D:\1503phpB\client\Application\B2b2c\Controller\IndexController.class.php 第 363 行.
NOTIC: [8] Undefined index: data D:\1503phpB\client\Application\B2b2c\Controller\IndexController.class.php 第 364 行.
INFO: [ view_parse ] --START--
INFO: [ template_filter ] --START--
INFO: Run Behavior\ContentReplaceBehavior [ RunTime:0.001000s ]
INFO: [ template_filter ] --END-- [ RunTime:0.002000s ]
NOTIC: [8] Undefined offset: 0 D:\1503phpB\client\Application\Runtime\Cache\B2b2c\892a2d46f7ea2bcee0765b23568fbc1d.php 第 103 行.
NOTIC: [8] Undefined offset: 0 D:\1503phpB\client\Application\Runtime\Cache\B2b2c\892a2d46f7ea2bcee0765b23568fbc1d.php 第 104 行.
NOTIC: [8] Undefined offset: 0 D:\1503phpB\client\Application\Runtime\Cache\B2b2c\892a2d46f7ea2bcee0765b23568fbc1d.php 第 115 行.
NOTIC: [8] Undefined index: logo D:\1503phpB\client\Application\Runtime\Cache\B2b2c\892a2d46f7ea2bcee0765b23568fbc1d.php 第 134 行.
NOTIC: [8] Undefined index: shop_name D:\1503phpB\client\Application\Runtime\Cache\B2b2c\892a2d46f7ea2bcee0765b23568fbc1d.php 第 136 行.
NOTIC: [8] Undefined index: shop_grade_class_name D:\1503phpB\client\Application\Runtime\Cache\B2b2c\892a2d46f7ea2bcee0765b23568fbc1d.php 第 137 行.
NOTIC: [8] Undefined index: shop_score D:\1503phpB\client\Application\Runtime\Cache\B2b2c\892a2d46f7ea2bcee0765b23568fbc1d.php 第 142 行.
NOTIC: [8] Undefined index: tel D:\1503phpB\client\Application\Runtime\Cache\B2b2c\892a2d46f7ea2bcee0765b23568fbc1d.php 第 148 行.
NOTIC: [8] Undefined offset: 0 D:\1503phpB\client\Application\Runtime\Cache\B2b2c\892a2d46f7ea2bcee0765b23568fbc1d.php 第 261 行.
NOTIC: [8] Undefined offset: 0 D:\1503phpB\client\Application\Runtime\Cache\B2b2c\892a2d46f7ea2bcee0765b23568fbc1d.php 第 277 行.
INFO: Run Behavior\ParseTemplateBehavior [ RunTime:0.222013s ]
INFO: [ view_parse ] --END-- [ RunTime:0.223013s ]
INFO: [ view_filter ] --START--
INFO: Run Behavior\WriteHtmlCacheBehavior [ RunTime:0.001000s ]
INFO: [ view_filter ] --END-- [ RunTime:0.001000s ]
INFO: [ app_end ] --START--
INFO: Run Behavior\ShowPageTraceBehavior [ RunTime:0.002000s ]
INFO: [ app_end ] --END-- [ RunTime:0.004000s ]

[ 2017-06-09T19:56:25+08:00 ] 127.0.0.1 /client/index.php/B2b2c/Index/product?goods_id=&product_id=&rfs=b2b2cf.goods_info_select_product_callback();&
INFO: [ app_init ] --START--
INFO: Run Behavior\BuildLiteBehavior [ RunTime:0.000000s ]
INFO: [ app_init ] --END-- [ RunTime:0.002000s ]
INFO: [ app_begin ] --START--
INFO: Run Behavior\ReadHtmlCacheBehavior [ RunTime:0.001000s ]
INFO: [ app_begin ] --END-- [ RunTime:0.003000s ]
INFO: [ view_parse ] --START--
INFO: [ template_filter ] --START--
INFO: Run Behavior\ContentReplaceBehavior [ RunTime:0.001000s ]
INFO: [ template_filter ] --END-- [ RunTime:0.002000s ]
INFO: Run Behavior\ParseTemplateBehavior [ RunTime:0.081004s ]
INFO: [ view_parse ] --END-- [ RunTime:0.082004s ]
INFO: [ view_filter ] --START--
INFO: Run Behavior\WriteHtmlCacheBehavior [ RunTime:0.001000s ]
INFO: [ view_filter ] --END-- [ RunTime:0.002000s ]
INFO: [ app_end ] --START--
INFO: Run Behavior\ShowPageTraceBehavior [ RunTime:0.002000s ]
INFO: [ app_end ] --END-- [ RunTime:0.003000s ]

[ 2017-06-09T22:29:58+08:00 ] 127.0.0.1 /client/index.php/B2b2c/
INFO: [ app_init ] --START--
INFO: Run Behavior\BuildLiteBehavior [ RunTime:0.000000s ]
INFO: [ app_init ] --END-- [ RunTime:0.001000s ]
INFO: [ app_begin ] --START--
INFO: Run Behavior\ReadHtmlCacheBehavior [ RunTime:0.002000s ]
INFO: [ app_begin ] --END-- [ RunTime:0.019001s ]

[ 2017-06-09T22:38:36+08:00 ] 127.0.0.1 /client/index.php/B2b2c/login/login
INFO: [ app_init ] --START--
INFO: Run Behavior\BuildLiteBehavior [ RunTime:0.001000s ]
INFO: [ app_init ] --END-- [ RunTime:0.004000s ]
INFO: [ app_begin ] --START--
INFO: Run Behavior\ReadHtmlCacheBehavior [ RunTime:0.004000s ]
INFO: [ app_begin ] --END-- [ RunTime:0.006000s ]
ERR: 无法加载控制器:Login

[ 2017-06-09T22:39:20+08:00 ] 127.0.0.1 /client/index.php/B2b2c/login/login
INFO: [ app_init ] --START--
INFO: Run Behavior\BuildLiteBehavior [ RunTime:0.000000s ]
INFO: [ app_init ] --END-- [ RunTime:0.005000s ]
INFO: [ app_begin ] --START--
INFO: Run Behavior\ReadHtmlCacheBehavior [ RunTime:0.003000s ]
INFO: [ app_begin ] --END-- [ RunTime:0.006000s ]
ERR: 无法加载控制器:Login

[ 2017-06-09T22:41:20+08:00 ] 127.0.0.1 /client/index.php/B2b2c/login/login
INFO: [ app_init ] --START--
INFO: Run Behavior\BuildLiteBehavior [ RunTime:0.000000s ]
INFO: [ app_init ] --END-- [ RunTime:0.002000s ]
INFO: [ app_begin ] --START--
INFO: Run Behavior\ReadHtmlCacheBehavior [ RunTime:0.001000s ]
INFO: [ app_begin ] --END-- [ RunTime:0.002000s ]
ERR: 无法加载控制器:Login

[ 2017-06-09T22:41:23+08:00 ] 127.0.0.1 /client/index.php/B2b2c/login/login
INFO: [ app_init ] --START--
INFO: Run Behavior\BuildLiteBehavior [ RunTime:0.001000s ]
INFO: [ app_init ] --END-- [ RunTime:0.006001s ]
INFO: [ app_begin ] --START--
INFO: Run Behavior\ReadHtmlCacheBehavior [ RunTime:0.003000s ]
INFO: [ app_begin ] --END-- [ RunTime:0.006000s ]
ERR: 无法加载控制器:Login

[ 2017-06-09T22:41:39+08:00 ] 127.0.0.1 /client/index.php/B2b2c/Login/Login
INFO: [ app_init ] --START--
INFO: Run Behavior\BuildLiteBehavior [ RunTime:0.000000s ]
INFO: [ app_init ] --END-- [ RunTime:0.002000s ]
INFO: [ app_begin ] --START--
INFO: Run Behavior\ReadHtmlCacheBehavior [ RunTime:0.001001s ]
INFO: [ app_begin ] --END-- [ RunTime:0.002001s ]
ERR: 无法加载控制器:Login

[ 2017-06-09T22:41:42+08:00 ] 127.0.0.1 /client/index.php/B2b2c/Login/Login
INFO: [ app_init ] --START--
INFO: Run Behavior\BuildLiteBehavior [ RunTime:0.000000s ]
INFO: [ app_init ] --END-- [ RunTime:0.002000s ]
INFO: [ app_begin ] --START--
INFO: Run Behavior\ReadHtmlCacheBehavior [ RunTime:0.001000s ]
INFO: [ app_begin ] --END-- [ RunTime:0.002000s ]
ERR: 无法加载控制器:Login

[ 2017-06-09T22:42:18+08:00 ] 127.0.0.1 /client/index.php/B2b2c/Login/Logins
INFO: [ app_init ] --START--
INFO: Run Behavior\BuildLiteBehavior [ RunTime:0.000000s ]
INFO: [ app_init ] --END-- [ RunTime:0.001000s ]
INFO: [ app_begin ] --START--
INFO: Run Behavior\ReadHtmlCacheBehavior [ RunTime:0.001000s ]
INFO: [ app_begin ] --END-- [ RunTime:0.003000s ]
ERR: 无法加载控制器:Login

[ 2017-06-09T22:42:21+08:00 ] 127.0.0.1 /client/index.php/B2b2c/Login/Logins
INFO: [ app_init ] --START--
INFO: Run Behavior\BuildLiteBehavior [ RunTime:0.001000s ]
INFO: [ app_init ] --END-- [ RunTime:0.005000s ]
INFO: [ app_begin ] --START--
INFO: Run Behavior\ReadHtmlCacheBehavior [ RunTime:0.003000s ]
INFO: [ app_begin ] --END-- [ RunTime:0.006000s ]
ERR: 无法加载控制器:Login

[ 2017-06-09T22:42:52+08:00 ] 127.0.0.1 /client/index.php/B2b2c/Login/Login
INFO: [ app_init ] --START--
INFO: Run Behavior\BuildLiteBehavior [ RunTime:0.000000s ]
INFO: [ app_init ] --END-- [ RunTime:0.005000s ]
INFO: [ app_begin ] --START--
INFO: Run Behavior\ReadHtmlCacheBehavior [ RunTime:0.002000s ]
INFO: [ app_begin ] --END-- [ RunTime:0.002000s ]

[ 2017-06-09T22:43:14+08:00 ] 127.0.0.1 /client/index.php/B2b2c/Login/Login
INFO: [ app_init ] --START--
INFO: Run Behavior\BuildLiteBehavior [ RunTime:0.000000s ]
INFO: [ app_init ] --END-- [ RunTime:0.001000s ]
INFO: [ app_begin ] --START--
INFO: Run Behavior\ReadHtmlCacheBehavior [ RunTime:0.001000s ]
INFO: [ app_begin ] --END-- [ RunTime:0.002001s ]
ERR: 模板不存在:./Application/B2b2c/View/Login/Login.html

[ 2017-06-09T22:44:47+08:00 ] 127.0.0.1 /client/index.php/B2b2c/Login/Login
INFO: [ app_init ] --START--
INFO: Run Behavior\BuildLiteBehavior [ RunTime:0.001000s ]
INFO: [ app_init ] --END-- [ RunTime:0.004000s ]
INFO: [ app_begin ] --START--
INFO: Run Behavior\ReadHtmlCacheBehavior [ RunTime:0.004000s ]
INFO: [ app_begin ] --END-- [ RunTime:0.007000s ]
INFO: [ view_parse ] --START--
INFO: [ template_filter ] --START--
INFO: Run Behavior\ContentReplaceBehavior [ RunTime:0.002000s ]
INFO: [ template_filter ] --END-- [ RunTime:0.006001s ]
INFO: Run Behavior\ParseTemplateBehavior [ RunTime:0.102006s ]
INFO: [ view_parse ] --END-- [ RunTime:0.105006s ]
INFO: [ view_filter ] --START--
INFO: Run Behavior\WriteHtmlCacheBehavior [ RunTime:0.004000s ]
INFO: [ view_filter ] --END-- [ RunTime:0.007000s ]
INFO: [ app_end ] --START--
INFO: Run Behavior\ShowPageTraceBehavior [ RunTime:0.004000s ]
INFO: [ app_end ] --END-- [ RunTime:0.007001s ]

[ 2017-06-09T22:45:23+08:00 ] 127.0.0.1 /client/index.php/B2b2c/Login/Logins
INFO: [ app_init ] --START--
INFO: Run Behavior\BuildLiteBehavior [ RunTime:0.001000s ]
INFO: [ app_init ] --END-- [ RunTime:0.002001s ]
INFO: [ app_begin ] --START--
INFO: Run Behavior\ReadHtmlCacheBehavior [ RunTime:0.001000s ]
INFO: [ app_begin ] --END-- [ RunTime:0.002000s ]
ERR: 非法操作:Logins

[ 2017-06-09T22:45:29+08:00 ] 127.0.0.1 /client/index.php/B2b2c/Login/Login
INFO: [ app_init ] --START--
INFO: Run Behavior\BuildLiteBehavior [ RunTime:0.000000s ]
INFO: [ app_init ] --END-- [ RunTime:0.002000s ]
INFO: [ app_begin ] --START--
INFO: Run Behavior\ReadHtmlCacheBehavior [ RunTime:0.001000s ]
INFO: [ app_begin ] --END-- [ RunTime:0.002000s ]
INFO: [ view_parse ] --START--
INFO: [ template_filter ] --START--
INFO: Run Behavior\ContentReplaceBehavior [ RunTime:0.002000s ]
INFO: [ template_filter ] --END-- [ RunTime:0.002000s ]
INFO: Run Behavior\ParseTemplateBehavior [ RunTime:0.016001s ]
INFO: [ view_parse ] --END-- [ RunTime:0.016001s ]
INFO: [ view_filter ] --START--
INFO: Run Behavior\WriteHtmlCacheBehavior [ RunTime:0.001000s ]
INFO: [ view_filter ] --END-- [ RunTime:0.002000s ]
INFO: [ app_end ] --START--
INFO: Run Behavior\ShowPageTraceBehavior [ RunTime:0.001000s ]
INFO: [ app_end ] --END-- [ RunTime:0.002000s ]

[ 2017-06-09T22:45:57+08:00 ] 127.0.0.1 /client/index.php/B2b2c/Login/Logins
INFO: [ app_init ] --START--
INFO: Run Behavior\BuildLiteBehavior [ RunTime:0.001000s ]
INFO: [ app_init ] --END-- [ RunTime:0.005000s ]
INFO: [ app_begin ] --START--
INFO: Run Behavior\ReadHtmlCacheBehavior [ RunTime:0.003001s ]
INFO: [ app_begin ] --END-- [ RunTime:0.006001s ]
ERR: 模板不存在:./Application/B2b2c/View/Login/Logins.html

[ 2017-06-09T22:46:14+08:00 ] 127.0.0.1 /client/index.php/B2b2c/Login/Login
INFO: [ app_init ] --START--
INFO: Run Behavior\BuildLiteBehavior [ RunTime:0.000000s ]
INFO: [ app_init ] --END-- [ RunTime:0.002001s ]
INFO: [ app_begin ] --START--
INFO: Run Behavior\ReadHtmlCacheBehavior [ RunTime:0.001000s ]
INFO: [ app_begin ] --END-- [ RunTime:0.002000s ]
INFO: [ view_parse ] --START--
INFO: [ template_filter ] --START--
INFO: Run Behavior\ContentReplaceBehavior [ RunTime:0.001000s ]
INFO: [ template_filter ] --END-- [ RunTime:0.002000s ]
INFO: Run Behavior\ParseTemplateBehavior [ RunTime:0.014001s ]
INFO: [ view_parse ] --END-- [ RunTime:0.015001s ]
INFO: [ view_filter ] --START--
INFO: Run Behavior\WriteHtmlCacheBehavior [ RunTime:0.001000s ]
INFO: [ view_filter ] --END-- [ RunTime:0.002000s ]
INFO: [ app_end ] --START--
INFO: Run Behavior\ShowPageTraceBehavior [ RunTime:0.001001s ]
INFO: [ app_end ] --END-- [ RunTime:0.002001s ]

[ 2017-06-09T22:47:14+08:00 ] 127.0.0.1 /client/index.php/B2b2c/Login/Login
INFO: [ app_init ] --START--
INFO: Run Behavior\BuildLiteBehavior [ RunTime:0.001000s ]
INFO: [ app_init ] --END-- [ RunTime:0.002000s ]
INFO: [ app_begin ] --START--
INFO: Run Behavior\ReadHtmlCacheBehavior [ RunTime:0.001000s ]
INFO: [ app_begin ] --END-- [ RunTime:0.002000s ]
INFO: [ app_end ] --START--
INFO: Run Behavior\ShowPageTraceBehavior [ RunTime:0.001000s ]
INFO: [ app_end ] --END-- [ RunTime:0.002000s ]

[ 2017-06-09T22:47:41+08:00 ] 127.0.0.1 /client/index.php/B2b2c/Login/Login
INFO: [ app_init ] --START--
INFO: Run Behavior\BuildLiteBehavior [ RunTime:0.000000s ]
INFO: [ app_init ] --END-- [ RunTime:0.002000s ]
INFO: [ app_begin ] --START--
INFO: Run Behavior\ReadHtmlCacheBehavior [ RunTime:0.002000s ]
INFO: [ app_begin ] --END-- [ RunTime:0.002000s ]
INFO: [ app_end ] --START--
INFO: Run Behavior\ShowPageTraceBehavior [ RunTime:0.002000s ]
INFO: [ app_end ] --END-- [ RunTime:0.002000s ]

[ 2017-06-09T22:47:44+08:00 ] 127.0.0.1 /client/index.php/B2b2c/Login/Login
INFO: [ app_init ] --START--
INFO: Run Behavior\BuildLiteBehavior [ RunTime:0.001000s ]
INFO: [ app_init ] --END-- [ RunTime:0.002001s ]
INFO: [ app_begin ] --START--
INFO: Run Behavior\ReadHtmlCacheBehavior [ RunTime:0.001000s ]
INFO: [ app_begin ] --END-- [ RunTime:0.003000s ]
INFO: [ app_end ] --START--
INFO: Run Behavior\ShowPageTraceBehavior [ RunTime:0.001000s ]
INFO: [ app_end ] --END-- [ RunTime:0.002000s ]

[ 2017-06-09T22:52:16+08:00 ] 127.0.0.1 /client/index.php/B2b2c/Login/Login
INFO: [ app_init ] --START--
INFO: Run Behavior\BuildLiteBehavior [ RunTime:0.001000s ]
INFO: [ app_init ] --END-- [ RunTime:0.002000s ]
INFO: [ app_begin ] --START--
INFO: Run Behavior\ReadHtmlCacheBehavior [ RunTime:0.001000s ]
INFO: [ app_begin ] --END-- [ RunTime:0.002000s ]
INFO: [ view_parse ] --START--
INFO: [ template_filter ] --START--
INFO: Run Behavior\ContentReplaceBehavior [ RunTime:0.000000s ]
INFO: [ template_filter ] --END-- [ RunTime:0.002000s ]
INFO: Run Behavior\ParseTemplateBehavior [ RunTime:0.015001s ]
INFO: [ view_parse ] --END-- [ RunTime:0.016001s ]
INFO: [ view_filter ] --START--
INFO: Run Behavior\WriteHtmlCacheBehavior [ RunTime:0.001000s ]
INFO: [ view_filter ] --END-- [ RunTime:0.003000s ]
INFO: [ app_end ] --START--
INFO: Run Behavior\ShowPageTraceBehavior [ RunTime:0.001000s ]
INFO: [ app_end ] --END-- [ RunTime:0.002000s ]

