[ 2017-06-12T21:09:12+08:00 ] 127.0.0.1 /client/index.php/b2b2c/index/index
INFO: [ app_init ] --START--
INFO: Run Behavior\BuildLiteBehavior [ RunTime:0.000000s ]
INFO: [ app_init ] --END-- [ RunTime:0.002000s ]
INFO: [ app_begin ] --START--
INFO: Run Behavior\ReadHtmlCacheBehavior [ RunTime:0.001000s ]
INFO: [ app_begin ] --END-- [ RunTime:0.003001s ]

[ 2017-06-12T21:18:09+08:00 ] 127.0.0.1 /client/index.php/b2b2c/index/index
INFO: [ app_init ] --START--
INFO: Run Behavior\BuildLiteBehavior [ RunTime:0.000000s ]
INFO: [ app_init ] --END-- [ RunTime:0.002001s ]
INFO: [ app_begin ] --START--
INFO: Run Behavior\ReadHtmlCacheBehavior [ RunTime:0.001000s ]
INFO: [ app_begin ] --END-- [ RunTime:0.003000s ]
NOTIC: [8] Undefined index: id D:\phpStudy\WWW\client\Application\B2b2c\Controller\IndexController.class.php 第 66 行.
NOTIC: [8] Undefined index: child D:\phpStudy\WWW\client\Application\B2b2c\Controller\IndexController.class.php 第 70 行.
NOTIC: [2] Invalid argument supplied for foreach() D:\phpStudy\WWW\client\Application\B2b2c\Controller\IndexController.class.php 第 70 行.
INFO: [ view_parse ] --START--
INFO: [ template_filter ] --START--
INFO: Run Behavior\ContentReplaceBehavior [ RunTime:0.000000s ]
INFO: [ template_filter ] --END-- [ RunTime:0.002001s ]
NOTIC: [8] Undefined index: image D:\phpStudy\WWW\client\Application\Runtime\Cache\B2b2c\52dde266f831b800e7113f69fca68917.php 第 63 行.
NOTIC: [8] Undefined index: url D:\phpStudy\WWW\client\Application\Runtime\Cache\B2b2c\52dde266f831b800e7113f69fca68917.php 第 63 行.
NOTIC: [8] Undefined index: id D:\phpStudy\WWW\client\Application\Runtime\Cache\B2b2c\52dde266f831b800e7113f69fca68917.php 第 88 行.
NOTIC: [8] Undefined index: id D:\phpStudy\WWW\client\Application\Runtime\Cache\B2b2c\52dde266f831b800e7113f69fca68917.php 第 88 行.
NOTIC: [8] Undefined index: image D:\phpStudy\WWW\client\Application\Runtime\Cache\B2b2c\52dde266f831b800e7113f69fca68917.php 第 89 行.
NOTIC: [8] Undefined index: name D:\phpStudy\WWW\client\Application\Runtime\Cache\B2b2c\52dde266f831b800e7113f69fca68917.php 第 90 行.
NOTIC: [8] Undefined index: id D:\phpStudy\WWW\client\Application\Runtime\Cache\B2b2c\52dde266f831b800e7113f69fca68917.php 第 95 行.
NOTIC: [8] Undefined index: child D:\phpStudy\WWW\client\Application\Runtime\Cache\B2b2c\52dde266f831b800e7113f69fca68917.php 第 97 行.
INFO: Run Behavior\ParseTemplateBehavior [ RunTime:0.157009s ]
INFO: [ view_parse ] --END-- [ RunTime:0.158009s ]
INFO: [ view_filter ] --START--
INFO: Run Behavior\WriteHtmlCacheBehavior [ RunTime:0.001000s ]
INFO: [ view_filter ] --END-- [ RunTime:0.002000s ]
INFO: [ app_end ] --START--
INFO: Run Behavior\ShowPageTraceBehavior [ RunTime:0.001001s ]
INFO: [ app_end ] --END-- [ RunTime:0.003001s ]

[ 2017-06-12T21:18:18+08:00 ] 127.0.0.1 /client/index.php/b2b2c/index/index
INFO: [ app_init ] --START--
INFO: Run Behavior\BuildLiteBehavior [ RunTime:0.001000s ]
INFO: [ app_init ] --END-- [ RunTime:0.002000s ]
INFO: [ app_begin ] --START--
INFO: Run Behavior\ReadHtmlCacheBehavior [ RunTime:0.001000s ]
INFO: [ app_begin ] --END-- [ RunTime:0.003000s ]
NOTIC: [8] Undefined index: id D:\phpStudy\WWW\client\Application\B2b2c\Controller\IndexController.class.php 第 66 行.
NOTIC: [8] Undefined index: child D:\phpStudy\WWW\client\Application\B2b2c\Controller\IndexController.class.php 第 70 行.
NOTIC: [2] Invalid argument supplied for foreach() D:\phpStudy\WWW\client\Application\B2b2c\Controller\IndexController.class.php 第 70 行.
INFO: [ view_parse ] --START--
INFO: [ template_filter ] --START--
INFO: Run Behavior\ContentReplaceBehavior [ RunTime:0.000000s ]
INFO: [ template_filter ] --END-- [ RunTime:0.002000s ]
NOTIC: [8] Undefined index: image D:\phpStudy\WWW\client\Application\Runtime\Cache\B2b2c\52dde266f831b800e7113f69fca68917.php 第 63 行.
NOTIC: [8] Undefined index: url D:\phpStudy\WWW\client\Application\Runtime\Cache\B2b2c\52dde266f831b800e7113f69fca68917.php 第 63 行.
NOTIC: [8] Undefined index: id D:\phpStudy\WWW\client\Application\Runtime\Cache\B2b2c\52dde266f831b800e7113f69fca68917.php 第 88 行.
NOTIC: [8] Undefined index: id D:\phpStudy\WWW\client\Application\Runtime\Cache\B2b2c\52dde266f831b800e7113f69fca68917.php 第 88 行.
NOTIC: [8] Undefined index: image D:\phpStudy\WWW\client\Application\Runtime\Cache\B2b2c\52dde266f831b800e7113f69fca68917.php 第 89 行.
NOTIC: [8] Undefined index: name D:\phpStudy\WWW\client\Application\Runtime\Cache\B2b2c\52dde266f831b800e7113f69fca68917.php 第 90 行.
NOTIC: [8] Undefined index: id D:\phpStudy\WWW\client\Application\Runtime\Cache\B2b2c\52dde266f831b800e7113f69fca68917.php 第 95 行.
NOTIC: [8] Undefined index: child D:\phpStudy\WWW\client\Application\Runtime\Cache\B2b2c\52dde266f831b800e7113f69fca68917.php 第 97 行.
INFO: Run Behavior\ParseTemplateBehavior [ RunTime:0.112007s ]
INFO: [ view_parse ] --END-- [ RunTime:0.113007s ]
INFO: [ view_filter ] --START--
INFO: Run Behavior\WriteHtmlCacheBehavior [ RunTime:0.001000s ]
INFO: [ view_filter ] --END-- [ RunTime:0.002000s ]
INFO: [ app_end ] --START--
INFO: Run Behavior\ShowPageTraceBehavior [ RunTime:0.001000s ]
INFO: [ app_end ] --END-- [ RunTime:0.003000s ]

[ 2017-06-12T21:18:22+08:00 ] 127.0.0.1 /client/index.php/B2b2c/Index/goods_list/type/
INFO: [ app_init ] --START--
INFO: Run Behavior\BuildLiteBehavior [ RunTime:0.000000s ]
INFO: [ app_init ] --END-- [ RunTime:0.002000s ]
INFO: [ app_begin ] --START--
INFO: Run Behavior\ReadHtmlCacheBehavior [ RunTime:0.002000s ]
INFO: [ app_begin ] --END-- [ RunTime:0.004000s ]
NOTIC: [8] Undefined index: brand_id D:\phpStudy\WWW\client\Application\B2b2c\Controller\IndexController.class.php 第 253 行.
NOTIC: [8] Undefined index: is_import D:\phpStudy\WWW\client\Application\B2b2c\Controller\IndexController.class.php 第 254 行.
NOTIC: [8] Undefined index: price_from D:\phpStudy\WWW\client\Application\B2b2c\Controller\IndexController.class.php 第 255 行.
NOTIC: [8] Undefined index: price_to D:\phpStudy\WWW\client\Application\B2b2c\Controller\IndexController.class.php 第 256 行.
NOTIC: [2] Invalid argument supplied for foreach() D:\phpStudy\WWW\client\Application\B2b2c\Controller\IndexController.class.php 第 258 行.
NOTIC: [8] Undefined index: goods_keyword D:\phpStudy\WWW\client\Application\B2b2c\Controller\IndexController.class.php 第 283 行.
INFO: [ view_parse ] --START--
INFO: [ template_filter ] --START--
INFO: Run Behavior\ContentReplaceBehavior [ RunTime:0.001000s ]
INFO: [ template_filter ] --END-- [ RunTime:0.002000s ]
INFO: Run Behavior\ParseTemplateBehavior [ RunTime:0.120007s ]
INFO: [ view_parse ] --END-- [ RunTime:0.121007s ]
INFO: [ view_filter ] --START--
INFO: Run Behavior\WriteHtmlCacheBehavior [ RunTime:0.001000s ]
INFO: [ view_filter ] --END-- [ RunTime:0.002000s ]
INFO: [ app_end ] --START--
INFO: Run Behavior\ShowPageTraceBehavior [ RunTime:0.001000s ]
INFO: [ app_end ] --END-- [ RunTime:0.003000s ]

[ 2017-06-12T21:18:22+08:00 ] 127.0.0.1 /client/index.php/B2b2c/Public/curls?url=B2b2cPublic%2FGetGoodsBySearch&type=get&data%5Bterminal_type%5D=2&data%5Blast_goods_index%5D=&data%5Btype%5D=0&data%5Bgoods_keyword%5D=&data%5Bsort%5D=&data%5Bis_import%5D=&data%5Bprice_from%5D=&data%5Bprice_to%5D=&data%5Bbrand_id%5D=
INFO: [ app_init ] --START--
INFO: Run Behavior\BuildLiteBehavior [ RunTime:0.001000s ]
INFO: [ app_init ] --END-- [ RunTime:0.003000s ]
INFO: [ app_begin ] --START--
INFO: Run Behavior\ReadHtmlCacheBehavior [ RunTime:0.001001s ]
INFO: [ app_begin ] --END-- [ RunTime:0.003001s ]
INFO: [ app_end ] --START--
INFO: Run Behavior\ShowPageTraceBehavior [ RunTime:0.001000s ]
INFO: [ app_end ] --END-- [ RunTime:0.002000s ]

[ 2017-06-12T21:18:47+08:00 ] 127.0.0.1 /client/index.php/B2b2c/Index/login
INFO: [ app_init ] --START--
INFO: Run Behavior\BuildLiteBehavior [ RunTime:0.000000s ]
INFO: [ app_init ] --END-- [ RunTime:0.002000s ]
INFO: [ app_begin ] --START--
INFO: Run Behavior\ReadHtmlCacheBehavior [ RunTime:0.001000s ]
INFO: [ app_begin ] --END-- [ RunTime:0.003000s ]
INFO: [ view_parse ] --START--
INFO: [ template_filter ] --START--
INFO: Run Behavior\ContentReplaceBehavior [ RunTime:0.001000s ]
INFO: [ template_filter ] --END-- [ RunTime:0.002000s ]
INFO: Run Behavior\ParseTemplateBehavior [ RunTime:0.055003s ]
INFO: [ view_parse ] --END-- [ RunTime:0.056003s ]
INFO: [ view_filter ] --START--
INFO: Run Behavior\WriteHtmlCacheBehavior [ RunTime:0.001000s ]
INFO: [ view_filter ] --END-- [ RunTime:0.002000s ]
INFO: [ app_end ] --START--
INFO: Run Behavior\ShowPageTraceBehavior [ RunTime:0.002000s ]
INFO: [ app_end ] --END-- [ RunTime:0.002000s ]

[ 2017-06-12T21:18:53+08:00 ] 127.0.0.1 /client/index.php/B2b2c/Index/register.html
INFO: [ app_init ] --START--
INFO: Run Behavior\BuildLiteBehavior [ RunTime:0.000000s ]
INFO: [ app_init ] --END-- [ RunTime:0.003001s ]
INFO: [ app_begin ] --START--
INFO: Run Behavior\ReadHtmlCacheBehavior [ RunTime:0.002000s ]
INFO: [ app_begin ] --END-- [ RunTime:0.003000s ]
INFO: [ view_parse ] --START--
INFO: [ template_filter ] --START--
INFO: Run Behavior\ContentReplaceBehavior [ RunTime:0.001000s ]
INFO: [ template_filter ] --END-- [ RunTime:0.002000s ]
INFO: Run Behavior\ParseTemplateBehavior [ RunTime:0.045002s ]
INFO: [ view_parse ] --END-- [ RunTime:0.046002s ]
INFO: [ view_filter ] --START--
INFO: Run Behavior\WriteHtmlCacheBehavior [ RunTime:0.001000s ]
INFO: [ view_filter ] --END-- [ RunTime:0.003001s ]
INFO: [ app_end ] --START--
INFO: Run Behavior\ShowPageTraceBehavior [ RunTime:0.001000s ]
INFO: [ app_end ] --END-- [ RunTime:0.002000s ]

[ 2017-06-12T21:19:24+08:00 ] 127.0.0.1 /client/index.php/B2b2c/Index/login
INFO: [ app_init ] --START--
INFO: Run Behavior\BuildLiteBehavior [ RunTime:0.000000s ]
INFO: [ app_init ] --END-- [ RunTime:0.003000s ]
INFO: [ app_begin ] --START--
INFO: Run Behavior\ReadHtmlCacheBehavior [ RunTime:0.001000s ]
INFO: [ app_begin ] --END-- [ RunTime:0.002000s ]
INFO: [ app_end ] --START--
INFO: Run Behavior\ShowPageTraceBehavior [ RunTime:0.001000s ]
INFO: [ app_end ] --END-- [ RunTime:0.002000s ]

[ 2017-06-12T21:19:27+08:00 ] 127.0.0.1 /client/index.php/B2b2c/Index/index
INFO: [ app_init ] --START--
INFO: Run Behavior\BuildLiteBehavior [ RunTime:0.000000s ]
INFO: [ app_init ] --END-- [ RunTime:0.002001s ]
INFO: [ app_begin ] --START--
INFO: Run Behavior\ReadHtmlCacheBehavior [ RunTime:0.001000s ]
INFO: [ app_begin ] --END-- [ RunTime:0.002000s ]

[ 2017-06-12T21:20:16+08:00 ] 127.0.0.1 /client/index.php/B2b2c/Index/index
INFO: [ app_init ] --START--
INFO: Run Behavior\BuildLiteBehavior [ RunTime:0.000000s ]
INFO: [ app_init ] --END-- [ RunTime:0.002000s ]
INFO: [ app_begin ] --START--
INFO: Run Behavior\ReadHtmlCacheBehavior [ RunTime:0.001000s ]
INFO: [ app_begin ] --END-- [ RunTime:0.003000s ]
NOTIC: [8] Undefined index: id D:\phpStudy\WWW\client\Application\B2b2c\Controller\IndexController.class.php 第 66 行.
NOTIC: [8] Undefined index: child D:\phpStudy\WWW\client\Application\B2b2c\Controller\IndexController.class.php 第 70 行.
NOTIC: [2] Invalid argument supplied for foreach() D:\phpStudy\WWW\client\Application\B2b2c\Controller\IndexController.class.php 第 70 行.
INFO: [ view_parse ] --START--
INFO: [ template_filter ] --START--
INFO: Run Behavior\ContentReplaceBehavior [ RunTime:0.001000s ]
INFO: [ template_filter ] --END-- [ RunTime:0.002000s ]
NOTIC: [8] Undefined index: image D:\phpStudy\WWW\client\Application\Runtime\Cache\B2b2c\52dde266f831b800e7113f69fca68917.php 第 63 行.
NOTIC: [8] Undefined index: url D:\phpStudy\WWW\client\Application\Runtime\Cache\B2b2c\52dde266f831b800e7113f69fca68917.php 第 63 行.
NOTIC: [8] Undefined index: id D:\phpStudy\WWW\client\Application\Runtime\Cache\B2b2c\52dde266f831b800e7113f69fca68917.php 第 88 行.
NOTIC: [8] Undefined index: id D:\phpStudy\WWW\client\Application\Runtime\Cache\B2b2c\52dde266f831b800e7113f69fca68917.php 第 88 行.
NOTIC: [8] Undefined index: image D:\phpStudy\WWW\client\Application\Runtime\Cache\B2b2c\52dde266f831b800e7113f69fca68917.php 第 89 行.
NOTIC: [8] Undefined index: name D:\phpStudy\WWW\client\Application\Runtime\Cache\B2b2c\52dde266f831b800e7113f69fca68917.php 第 90 行.
NOTIC: [8] Undefined index: id D:\phpStudy\WWW\client\Application\Runtime\Cache\B2b2c\52dde266f831b800e7113f69fca68917.php 第 95 行.
NOTIC: [8] Undefined index: child D:\phpStudy\WWW\client\Application\Runtime\Cache\B2b2c\52dde266f831b800e7113f69fca68917.php 第 97 行.
INFO: Run Behavior\ParseTemplateBehavior [ RunTime:0.114007s ]
INFO: [ view_parse ] --END-- [ RunTime:0.116007s ]
INFO: [ view_filter ] --START--
INFO: Run Behavior\WriteHtmlCacheBehavior [ RunTime:0.001000s ]
INFO: [ view_filter ] --END-- [ RunTime:0.002000s ]
INFO: [ app_end ] --START--
INFO: Run Behavior\ShowPageTraceBehavior [ RunTime:0.001000s ]
INFO: [ app_end ] --END-- [ RunTime:0.003000s ]

[ 2017-06-12T21:20:33+08:00 ] 127.0.0.1 /client/index.php/B2b2c/Index/goods_list/type/
INFO: [ app_init ] --START--
INFO: Run Behavior\BuildLiteBehavior [ RunTime:0.000000s ]
INFO: [ app_init ] --END-- [ RunTime:0.002000s ]
INFO: [ app_begin ] --START--
INFO: Run Behavior\ReadHtmlCacheBehavior [ RunTime:0.002000s ]
INFO: [ app_begin ] --END-- [ RunTime:0.002000s ]
NOTIC: [8] Undefined index: brand_id D:\phpStudy\WWW\client\Application\B2b2c\Controller\IndexController.class.php 第 253 行.
NOTIC: [8] Undefined index: is_import D:\phpStudy\WWW\client\Application\B2b2c\Controller\IndexController.class.php 第 254 行.
NOTIC: [8] Undefined index: price_from D:\phpStudy\WWW\client\Application\B2b2c\Controller\IndexController.class.php 第 255 行.
NOTIC: [8] Undefined index: price_to D:\phpStudy\WWW\client\Application\B2b2c\Controller\IndexController.class.php 第 256 行.
NOTIC: [2] Invalid argument supplied for foreach() D:\phpStudy\WWW\client\Application\B2b2c\Controller\IndexController.class.php 第 258 行.
NOTIC: [8] Undefined index: goods_keyword D:\phpStudy\WWW\client\Application\B2b2c\Controller\IndexController.class.php 第 283 行.
INFO: [ view_parse ] --START--
INFO: [ template_filter ] --START--
INFO: Run Behavior\ContentReplaceBehavior [ RunTime:0.001000s ]
INFO: [ template_filter ] --END-- [ RunTime:0.002000s ]
INFO: Run Behavior\ParseTemplateBehavior [ RunTime:0.112007s ]
INFO: [ view_parse ] --END-- [ RunTime:0.114007s ]
INFO: [ view_filter ] --START--
INFO: Run Behavior\WriteHtmlCacheBehavior [ RunTime:0.002000s ]
INFO: [ view_filter ] --END-- [ RunTime:0.002000s ]
INFO: [ app_end ] --START--
INFO: Run Behavior\ShowPageTraceBehavior [ RunTime:0.002000s ]
INFO: [ app_end ] --END-- [ RunTime:0.002000s ]

[ 2017-06-12T21:20:33+08:00 ] 127.0.0.1 /client/index.php/B2b2c/Public/curls?url=B2b2cPublic%2FGetGoodsBySearch&type=get&data%5Bterminal_type%5D=2&data%5Blast_goods_index%5D=&data%5Btype%5D=0&data%5Bgoods_keyword%5D=&data%5Bsort%5D=&data%5Bis_import%5D=&data%5Bprice_from%5D=&data%5Bprice_to%5D=&data%5Bbrand_id%5D=
INFO: [ app_init ] --START--
INFO: Run Behavior\BuildLiteBehavior [ RunTime:0.001000s ]
INFO: [ app_init ] --END-- [ RunTime:0.003000s ]
INFO: [ app_begin ] --START--
INFO: Run Behavior\ReadHtmlCacheBehavior [ RunTime:0.002000s ]
INFO: [ app_begin ] --END-- [ RunTime:0.002000s ]
INFO: [ app_end ] --START--
INFO: Run Behavior\ShowPageTraceBehavior [ RunTime:0.002000s ]
INFO: [ app_end ] --END-- [ RunTime:0.003000s ]

[ 2017-06-12T21:20:36+08:00 ] 127.0.0.1 /client/index.php/B2b2c/Index/goods_list/type/0/sort/2/v/1
INFO: [ app_init ] --START--
INFO: Run Behavior\BuildLiteBehavior [ RunTime:0.000000s ]
INFO: [ app_init ] --END-- [ RunTime:0.003000s ]
INFO: [ app_begin ] --START--
INFO: Run Behavior\ReadHtmlCacheBehavior [ RunTime:0.001000s ]
INFO: [ app_begin ] --END-- [ RunTime:0.003000s ]
NOTIC: [8] Undefined index: brand_id D:\phpStudy\WWW\client\Application\B2b2c\Controller\IndexController.class.php 第 253 行.
NOTIC: [8] Undefined index: is_import D:\phpStudy\WWW\client\Application\B2b2c\Controller\IndexController.class.php 第 254 行.
NOTIC: [8] Undefined index: price_from D:\phpStudy\WWW\client\Application\B2b2c\Controller\IndexController.class.php 第 255 行.
NOTIC: [8] Undefined index: price_to D:\phpStudy\WWW\client\Application\B2b2c\Controller\IndexController.class.php 第 256 行.
NOTIC: [2] Invalid argument supplied for foreach() D:\phpStudy\WWW\client\Application\B2b2c\Controller\IndexController.class.php 第 258 行.
NOTIC: [8] Undefined index: goods_keyword D:\phpStudy\WWW\client\Application\B2b2c\Controller\IndexController.class.php 第 283 行.
INFO: [ view_parse ] --START--
INFO: [ template_filter ] --START--
INFO: Run Behavior\ContentReplaceBehavior [ RunTime:0.001000s ]
INFO: [ template_filter ] --END-- [ RunTime:0.003000s ]
INFO: Run Behavior\ParseTemplateBehavior [ RunTime:0.119007s ]
INFO: [ view_parse ] --END-- [ RunTime:0.120007s ]
INFO: [ view_filter ] --START--
INFO: Run Behavior\WriteHtmlCacheBehavior [ RunTime:0.001000s ]
INFO: [ view_filter ] --END-- [ RunTime:0.002000s ]
INFO: [ app_end ] --START--
INFO: Run Behavior\ShowPageTraceBehavior [ RunTime:0.003000s ]
INFO: [ app_end ] --END-- [ RunTime:0.003000s ]

[ 2017-06-12T21:20:37+08:00 ] 127.0.0.1 /client/index.php/B2b2c/Public/curls?url=B2b2cPublic%2FGetGoodsBySearch&type=get&data%5Bterminal_type%5D=2&data%5Blast_goods_index%5D=&data%5Btype%5D=0&data%5Bgoods_keyword%5D=&data%5Bsort%5D=2&data%5Bis_import%5D=&data%5Bprice_from%5D=&data%5Bprice_to%5D=&data%5Bbrand_id%5D=
INFO: [ app_init ] --START--
INFO: Run Behavior\BuildLiteBehavior [ RunTime:0.001000s ]
INFO: [ app_init ] --END-- [ RunTime:0.002000s ]
INFO: [ app_begin ] --START--
INFO: Run Behavior\ReadHtmlCacheBehavior [ RunTime:0.002000s ]
INFO: [ app_begin ] --END-- [ RunTime:0.002000s ]
INFO: [ app_end ] --START--
INFO: Run Behavior\ShowPageTraceBehavior [ RunTime:0.001000s ]
INFO: [ app_end ] --END-- [ RunTime:0.002000s ]

[ 2017-06-12T21:20:50+08:00 ] 127.0.0.1 /client/index.php/B2b2c/index/index.html
INFO: [ app_init ] --START--
INFO: Run Behavior\BuildLiteBehavior [ RunTime:0.000000s ]
INFO: [ app_init ] --END-- [ RunTime:0.003001s ]
INFO: [ app_begin ] --START--
INFO: Run Behavior\ReadHtmlCacheBehavior [ RunTime:0.003000s ]
INFO: [ app_begin ] --END-- [ RunTime:0.005001s ]
NOTIC: [8] Undefined index: id D:\phpStudy\WWW\client\Application\B2b2c\Controller\IndexController.class.php 第 66 行.
NOTIC: [8] Undefined index: child D:\phpStudy\WWW\client\Application\B2b2c\Controller\IndexController.class.php 第 70 行.
NOTIC: [2] Invalid argument supplied for foreach() D:\phpStudy\WWW\client\Application\B2b2c\Controller\IndexController.class.php 第 70 行.
INFO: [ view_parse ] --START--
INFO: [ template_filter ] --START--
INFO: Run Behavior\ContentReplaceBehavior [ RunTime:0.001000s ]
INFO: [ template_filter ] --END-- [ RunTime:0.002000s ]
NOTIC: [8] Undefined index: image D:\phpStudy\WWW\client\Application\Runtime\Cache\B2b2c\52dde266f831b800e7113f69fca68917.php 第 63 行.
NOTIC: [8] Undefined index: url D:\phpStudy\WWW\client\Application\Runtime\Cache\B2b2c\52dde266f831b800e7113f69fca68917.php 第 63 行.
NOTIC: [8] Undefined index: id D:\phpStudy\WWW\client\Application\Runtime\Cache\B2b2c\52dde266f831b800e7113f69fca68917.php 第 88 行.
NOTIC: [8] Undefined index: id D:\phpStudy\WWW\client\Application\Runtime\Cache\B2b2c\52dde266f831b800e7113f69fca68917.php 第 88 行.
NOTIC: [8] Undefined index: image D:\phpStudy\WWW\client\Application\Runtime\Cache\B2b2c\52dde266f831b800e7113f69fca68917.php 第 89 行.
NOTIC: [8] Undefined index: name D:\phpStudy\WWW\client\Application\Runtime\Cache\B2b2c\52dde266f831b800e7113f69fca68917.php 第 90 行.
NOTIC: [8] Undefined index: id D:\phpStudy\WWW\client\Application\Runtime\Cache\B2b2c\52dde266f831b800e7113f69fca68917.php 第 95 行.
NOTIC: [8] Undefined index: child D:\phpStudy\WWW\client\Application\Runtime\Cache\B2b2c\52dde266f831b800e7113f69fca68917.php 第 97 行.
INFO: Run Behavior\ParseTemplateBehavior [ RunTime:0.120007s ]
INFO: [ view_parse ] --END-- [ RunTime:0.120007s ]
INFO: [ view_filter ] --START--
INFO: Run Behavior\WriteHtmlCacheBehavior [ RunTime:0.001000s ]
INFO: [ view_filter ] --END-- [ RunTime:0.002000s ]
INFO: [ app_end ] --START--
INFO: Run Behavior\ShowPageTraceBehavior [ RunTime:0.002000s ]
INFO: [ app_end ] --END-- [ RunTime:0.004001s ]

[ 2017-06-12T21:20:53+08:00 ] 127.0.0.1 /client/index.php/B2b2c/Index/goods_list/type/
INFO: [ app_init ] --START--
INFO: Run Behavior\BuildLiteBehavior [ RunTime:0.000000s ]
INFO: [ app_init ] --END-- [ RunTime:0.002000s ]
INFO: [ app_begin ] --START--
INFO: Run Behavior\ReadHtmlCacheBehavior [ RunTime:0.001000s ]
INFO: [ app_begin ] --END-- [ RunTime:0.003001s ]
NOTIC: [8] Undefined index: brand_id D:\phpStudy\WWW\client\Application\B2b2c\Controller\IndexController.class.php 第 253 行.
NOTIC: [8] Undefined index: is_import D:\phpStudy\WWW\client\Application\B2b2c\Controller\IndexController.class.php 第 254 行.
NOTIC: [8] Undefined index: price_from D:\phpStudy\WWW\client\Application\B2b2c\Controller\IndexController.class.php 第 255 行.
NOTIC: [8] Undefined index: price_to D:\phpStudy\WWW\client\Application\B2b2c\Controller\IndexController.class.php 第 256 行.
NOTIC: [2] Invalid argument supplied for foreach() D:\phpStudy\WWW\client\Application\B2b2c\Controller\IndexController.class.php 第 258 行.
NOTIC: [8] Undefined index: goods_keyword D:\phpStudy\WWW\client\Application\B2b2c\Controller\IndexController.class.php 第 283 行.
INFO: [ view_parse ] --START--
INFO: [ template_filter ] --START--
INFO: Run Behavior\ContentReplaceBehavior [ RunTime:0.001000s ]
INFO: [ template_filter ] --END-- [ RunTime:0.003000s ]
INFO: Run Behavior\ParseTemplateBehavior [ RunTime:0.114007s ]
INFO: [ view_parse ] --END-- [ RunTime:0.116007s ]
INFO: [ view_filter ] --START--
INFO: Run Behavior\WriteHtmlCacheBehavior [ RunTime:0.001000s ]
INFO: [ view_filter ] --END-- [ RunTime:0.003000s ]
INFO: [ app_end ] --START--
INFO: Run Behavior\ShowPageTraceBehavior [ RunTime:0.001000s ]
INFO: [ app_end ] --END-- [ RunTime:0.003001s ]

[ 2017-06-12T21:20:54+08:00 ] 127.0.0.1 /client/index.php/B2b2c/Public/curls?url=B2b2cPublic%2FGetGoodsBySearch&type=get&data%5Bterminal_type%5D=2&data%5Blast_goods_index%5D=&data%5Btype%5D=0&data%5Bgoods_keyword%5D=&data%5Bsort%5D=&data%5Bis_import%5D=&data%5Bprice_from%5D=&data%5Bprice_to%5D=&data%5Bbrand_id%5D=
INFO: [ app_init ] --START--
INFO: Run Behavior\BuildLiteBehavior [ RunTime:0.001000s ]
INFO: [ app_init ] --END-- [ RunTime:0.002000s ]
INFO: [ app_begin ] --START--
INFO: Run Behavior\ReadHtmlCacheBehavior [ RunTime:0.001000s ]
INFO: [ app_begin ] --END-- [ RunTime:0.002001s ]
INFO: [ app_end ] --START--
INFO: Run Behavior\ShowPageTraceBehavior [ RunTime:0.001000s ]
INFO: [ app_end ] --END-- [ RunTime:0.002000s ]

[ 2017-06-12T21:27:35+08:00 ] 127.0.0.1 /client/index.php/B2b2c/Index/forgetpasd
INFO: [ app_init ] --START--
INFO: Run Behavior\BuildLiteBehavior [ RunTime:0.000000s ]
INFO: [ app_init ] --END-- [ RunTime:0.001000s ]
INFO: [ app_begin ] --START--
INFO: Run Behavior\ReadHtmlCacheBehavior [ RunTime:0.001001s ]
INFO: [ app_begin ] --END-- [ RunTime:0.003001s ]
ERR: 模板不存在:./Application/B2b2c/View/Index/forgetpasd.html

[ 2017-06-12T21:27:56+08:00 ] 127.0.0.1 /client/index.php/B2b2c/Index/forgetpasd
INFO: [ app_init ] --START--
INFO: Run Behavior\BuildLiteBehavior [ RunTime:0.000000s ]
INFO: [ app_init ] --END-- [ RunTime:0.003000s ]
INFO: [ app_begin ] --START--
INFO: Run Behavior\ReadHtmlCacheBehavior [ RunTime:0.001000s ]
INFO: [ app_begin ] --END-- [ RunTime:0.003000s ]
ERR: 模板不存在:./Application/B2b2c/View/Index/forgetpasd.html

[ 2017-06-12T21:28:21+08:00 ] 127.0.0.1 /client/index.php/B2b2c/Index/goods_list
INFO: [ app_init ] --START--
INFO: Run Behavior\BuildLiteBehavior [ RunTime:0.000000s ]
INFO: [ app_init ] --END-- [ RunTime:0.003000s ]
INFO: [ app_begin ] --START--
INFO: Run Behavior\ReadHtmlCacheBehavior [ RunTime:0.002000s ]
INFO: [ app_begin ] --END-- [ RunTime:0.003000s ]
NOTIC: [8] Undefined index: brand_id D:\phpStudy\WWW\client\Application\B2b2c\Controller\IndexController.class.php 第 253 行.
NOTIC: [8] Undefined index: is_import D:\phpStudy\WWW\client\Application\B2b2c\Controller\IndexController.class.php 第 254 行.
NOTIC: [8] Undefined index: price_from D:\phpStudy\WWW\client\Application\B2b2c\Controller\IndexController.class.php 第 255 行.
NOTIC: [8] Undefined index: price_to D:\phpStudy\WWW\client\Application\B2b2c\Controller\IndexController.class.php 第 256 行.
NOTIC: [2] Invalid argument supplied for foreach() D:\phpStudy\WWW\client\Application\B2b2c\Controller\IndexController.class.php 第 258 行.
NOTIC: [8] Undefined index: goods_keyword D:\phpStudy\WWW\client\Application\B2b2c\Controller\IndexController.class.php 第 283 行.
INFO: [ view_parse ] --START--
INFO: [ template_filter ] --START--
INFO: Run Behavior\ContentReplaceBehavior [ RunTime:0.001000s ]
INFO: [ template_filter ] --END-- [ RunTime:0.002001s ]
INFO: Run Behavior\ParseTemplateBehavior [ RunTime:0.113006s ]
INFO: [ view_parse ] --END-- [ RunTime:0.115006s ]
INFO: [ view_filter ] --START--
INFO: Run Behavior\WriteHtmlCacheBehavior [ RunTime:0.001000s ]
INFO: [ view_filter ] --END-- [ RunTime:0.003000s ]
INFO: [ app_end ] --START--
INFO: Run Behavior\ShowPageTraceBehavior [ RunTime:0.001000s ]
INFO: [ app_end ] --END-- [ RunTime:0.003001s ]

[ 2017-06-12T21:28:21+08:00 ] 127.0.0.1 /client/index.php/B2b2c/Public/curls?url=B2b2cPublic%2FGetGoodsBySearch&type=get&data%5Bterminal_type%5D=2&data%5Blast_goods_index%5D=&data%5Btype%5D=0&data%5Bgoods_keyword%5D=&data%5Bsort%5D=&data%5Bis_import%5D=&data%5Bprice_from%5D=&data%5Bprice_to%5D=&data%5Bbrand_id%5D=
INFO: [ app_init ] --START--
INFO: Run Behavior\BuildLiteBehavior [ RunTime:0.000000s ]
INFO: [ app_init ] --END-- [ RunTime:0.002000s ]
INFO: [ app_begin ] --START--
INFO: Run Behavior\ReadHtmlCacheBehavior [ RunTime:0.001000s ]
INFO: [ app_begin ] --END-- [ RunTime:0.003000s ]
INFO: [ app_end ] --START--
INFO: Run Behavior\ShowPageTraceBehavior [ RunTime:0.001000s ]
INFO: [ app_end ] --END-- [ RunTime:0.002000s ]

[ 2017-06-12T21:28:30+08:00 ] 127.0.0.1 /client/index.php/B2b2c/Index/goods_list/type/0/v/1
INFO: [ app_init ] --START--
INFO: Run Behavior\BuildLiteBehavior [ RunTime:0.000000s ]
INFO: [ app_init ] --END-- [ RunTime:0.001000s ]
INFO: [ app_begin ] --START--
INFO: Run Behavior\ReadHtmlCacheBehavior [ RunTime:0.001000s ]
INFO: [ app_begin ] --END-- [ RunTime:0.003000s ]
NOTIC: [8] Undefined index: brand_id D:\phpStudy\WWW\client\Application\B2b2c\Controller\IndexController.class.php 第 253 行.
NOTIC: [8] Undefined index: is_import D:\phpStudy\WWW\client\Application\B2b2c\Controller\IndexController.class.php 第 254 行.
NOTIC: [8] Undefined index: price_from D:\phpStudy\WWW\client\Application\B2b2c\Controller\IndexController.class.php 第 255 行.
NOTIC: [8] Undefined index: price_to D:\phpStudy\WWW\client\Application\B2b2c\Controller\IndexController.class.php 第 256 行.
NOTIC: [2] Invalid argument supplied for foreach() D:\phpStudy\WWW\client\Application\B2b2c\Controller\IndexController.class.php 第 258 行.
NOTIC: [8] Undefined index: goods_keyword D:\phpStudy\WWW\client\Application\B2b2c\Controller\IndexController.class.php 第 283 行.
INFO: [ view_parse ] --START--
INFO: [ template_filter ] --START--
INFO: Run Behavior\ContentReplaceBehavior [ RunTime:0.001000s ]
INFO: [ template_filter ] --END-- [ RunTime:0.002001s ]
INFO: Run Behavior\ParseTemplateBehavior [ RunTime:0.113006s ]
INFO: [ view_parse ] --END-- [ RunTime:0.114006s ]
INFO: [ view_filter ] --START--
INFO: Run Behavior\WriteHtmlCacheBehavior [ RunTime:0.002000s ]
INFO: [ view_filter ] --END-- [ RunTime:0.002000s ]
INFO: [ app_end ] --START--
INFO: Run Behavior\ShowPageTraceBehavior [ RunTime:0.001000s ]
INFO: [ app_end ] --END-- [ RunTime:0.003001s ]

[ 2017-06-12T21:28:30+08:00 ] 127.0.0.1 /client/index.php/B2b2c/Public/curls?url=B2b2cPublic%2FGetGoodsBySearch&type=get&data%5Bterminal_type%5D=2&data%5Blast_goods_index%5D=&data%5Btype%5D=0&data%5Bgoods_keyword%5D=&data%5Bsort%5D=&data%5Bis_import%5D=&data%5Bprice_from%5D=&data%5Bprice_to%5D=&data%5Bbrand_id%5D=
INFO: [ app_init ] --START--
INFO: Run Behavior\BuildLiteBehavior [ RunTime:0.000000s ]
INFO: [ app_init ] --END-- [ RunTime:0.002000s ]
INFO: [ app_begin ] --START--
INFO: Run Behavior\ReadHtmlCacheBehavior [ RunTime:0.001001s ]
INFO: [ app_begin ] --END-- [ RunTime:0.002001s ]
INFO: [ app_end ] --START--
INFO: Run Behavior\ShowPageTraceBehavior [ RunTime:0.001000s ]
INFO: [ app_end ] --END-- [ RunTime:0.002000s ]

[ 2017-06-12T21:28:44+08:00 ] 127.0.0.1 /client/index.php/B2b2c/Index/goodspointinfo
INFO: [ app_init ] --START--
INFO: Run Behavior\BuildLiteBehavior [ RunTime:0.001000s ]
INFO: [ app_init ] --END-- [ RunTime:0.003000s ]
INFO: [ app_begin ] --START--
INFO: Run Behavior\ReadHtmlCacheBehavior [ RunTime:0.002000s ]
INFO: [ app_begin ] --END-- [ RunTime:0.004000s ]
NOTIC: [8] Undefined index: data D:\phpStudy\WWW\client\Application\B2b2c\Controller\IndexController.class.php 第 362 行.
NOTIC: [8] Undefined index: data D:\phpStudy\WWW\client\Application\B2b2c\Controller\IndexController.class.php 第 363 行.
INFO: [ view_parse ] --START--
INFO: [ template_filter ] --START--
INFO: Run Behavior\ContentReplaceBehavior [ RunTime:0.001000s ]
INFO: [ template_filter ] --END-- [ RunTime:0.002000s ]
NOTIC: [8] Undefined offset: 0 D:\phpStudy\WWW\client\Application\Runtime\Cache\B2b2c\892a2d46f7ea2bcee0765b23568fbc1d.php 第 103 行.
NOTIC: [8] Undefined offset: 0 D:\phpStudy\WWW\client\Application\Runtime\Cache\B2b2c\892a2d46f7ea2bcee0765b23568fbc1d.php 第 104 行.
NOTIC: [8] Undefined offset: 0 D:\phpStudy\WWW\client\Application\Runtime\Cache\B2b2c\892a2d46f7ea2bcee0765b23568fbc1d.php 第 115 行.
NOTIC: [8] Undefined index: logo D:\phpStudy\WWW\client\Application\Runtime\Cache\B2b2c\892a2d46f7ea2bcee0765b23568fbc1d.php 第 134 行.
NOTIC: [8] Undefined index: shop_name D:\phpStudy\WWW\client\Application\Runtime\Cache\B2b2c\892a2d46f7ea2bcee0765b23568fbc1d.php 第 136 行.
NOTIC: [8] Undefined index: shop_grade_class_name D:\phpStudy\WWW\client\Application\Runtime\Cache\B2b2c\892a2d46f7ea2bcee0765b23568fbc1d.php 第 137 行.
NOTIC: [8] Undefined index: shop_score D:\phpStudy\WWW\client\Application\Runtime\Cache\B2b2c\892a2d46f7ea2bcee0765b23568fbc1d.php 第 142 行.
NOTIC: [8] Undefined index: tel D:\phpStudy\WWW\client\Application\Runtime\Cache\B2b2c\892a2d46f7ea2bcee0765b23568fbc1d.php 第 148 行.
NOTIC: [8] Undefined offset: 0 D:\phpStudy\WWW\client\Application\Runtime\Cache\B2b2c\892a2d46f7ea2bcee0765b23568fbc1d.php 第 261 行.
NOTIC: [8] Undefined offset: 0 D:\phpStudy\WWW\client\Application\Runtime\Cache\B2b2c\892a2d46f7ea2bcee0765b23568fbc1d.php 第 277 行.
INFO: Run Behavior\ParseTemplateBehavior [ RunTime:0.152008s ]
INFO: [ view_parse ] --END-- [ RunTime:0.152008s ]
INFO: [ view_filter ] --START--
INFO: Run Behavior\WriteHtmlCacheBehavior [ RunTime:0.001001s ]
INFO: [ view_filter ] --END-- [ RunTime:0.002001s ]
INFO: [ app_end ] --START--
INFO: Run Behavior\ShowPageTraceBehavior [ RunTime:0.001000s ]
INFO: [ app_end ] --END-- [ RunTime:0.002000s ]

[ 2017-06-12T21:28:52+08:00 ] 127.0.0.1 /client/index.php/B2b2c/Index/product?goods_id=&product_id=&rfs=b2b2cf.goods_info_select_product_callback();&
INFO: [ app_init ] --START--
INFO: Run Behavior\BuildLiteBehavior [ RunTime:0.000000s ]
INFO: [ app_init ] --END-- [ RunTime:0.002000s ]
INFO: [ app_begin ] --START--
INFO: Run Behavior\ReadHtmlCacheBehavior [ RunTime:0.001001s ]
INFO: [ app_begin ] --END-- [ RunTime:0.003001s ]
INFO: [ view_parse ] --START--
INFO: [ template_filter ] --START--
INFO: Run Behavior\ContentReplaceBehavior [ RunTime:0.000000s ]
INFO: [ template_filter ] --END-- [ RunTime:0.002001s ]
INFO: Run Behavior\ParseTemplateBehavior [ RunTime:0.063003s ]
INFO: [ view_parse ] --END-- [ RunTime:0.065003s ]
INFO: [ view_filter ] --START--
INFO: Run Behavior\WriteHtmlCacheBehavior [ RunTime:0.001000s ]
INFO: [ view_filter ] --END-- [ RunTime:0.003000s ]
INFO: [ app_end ] --START--
INFO: Run Behavior\ShowPageTraceBehavior [ RunTime:0.001000s ]
INFO: [ app_end ] --END-- [ RunTime:0.003000s ]

[ 2017-06-12T21:29:18+08:00 ] 127.0.0.1 /client/index.php/B2b2c/Index/product
INFO: [ app_init ] --START--
INFO: Run Behavior\BuildLiteBehavior [ RunTime:0.000000s ]
INFO: [ app_init ] --END-- [ RunTime:0.003001s ]
INFO: [ app_begin ] --START--
INFO: Run Behavior\ReadHtmlCacheBehavior [ RunTime:0.001000s ]
INFO: [ app_begin ] --END-- [ RunTime:0.002000s ]
INFO: [ view_parse ] --START--
INFO: [ template_filter ] --START--
INFO: Run Behavior\ContentReplaceBehavior [ RunTime:0.001000s ]
INFO: [ template_filter ] --END-- [ RunTime:0.002000s ]
INFO: Run Behavior\ParseTemplateBehavior [ RunTime:0.058003s ]
INFO: [ view_parse ] --END-- [ RunTime:0.059003s ]
INFO: [ view_filter ] --START--
INFO: Run Behavior\WriteHtmlCacheBehavior [ RunTime:0.001000s ]
INFO: [ view_filter ] --END-- [ RunTime:0.002000s ]
INFO: [ app_end ] --START--
INFO: Run Behavior\ShowPageTraceBehavior [ RunTime:0.001000s ]
INFO: [ app_end ] --END-- [ RunTime:0.003000s ]

